==========================================================================================
Information: 
Exchange parameters generated by TB2J 0.9.0.1
Generation time: 24/12/30 12:50:17
 Input from non-collinear Wannier90 data.
 Tight binding data from ./. 
 Prefix of wannier function files:wannier90.
Warning: Please check if the noise level of Wannier function Hamiltonian to make sure it is much smaller than the exchange values.
 The DMI component parallel to the spin orientation, the Jani which has the component of that orientation should be disregarded
 e.g. if the spins are along z, the xz, yz, zz, zx, zy components and the z component of DMI.
 If you need these component, try to do three calculations with spin along x, y, z,  or use structure with z rotated to x, y and z. And then use TB2J_merge.py to get the full set of parameters.


==========================================================================================
Cell (Angstrom):
7.04813221  -1.96699985  0.00000000
7.04813221  1.96699985  0.00000000
-3.29371449  0.00000000  5.96494050

==========================================================================================
Atoms:  
(Note: charge and magmoms only count the wannier functions.)
Atom_number        x             y             z       w_charge    M(x)      M(y)      M(z)   
Cr1             8.10685453   -0.00000000    4.31079817    4.8696   -0.0084    0.0018    3.8200
Cr2             2.69569539    0.00000000    1.65414234    4.8696   -0.0085    0.0019    3.8200
Cr3             0.00000000    0.00000000    0.00000000    4.9533    0.0110    0.0170    3.9392
Te1             5.08726221   -0.00000000    0.21072181    4.8508   -0.0026   -0.0023   -0.3017
Te2            10.65475049   -0.00000000    3.24495821    4.8032    0.0031    0.0005   -0.3901
Te3             5.71528771    0.00000000    5.75421869    4.8508   -0.0025   -0.0024   -0.3018
Te4             0.14779943   -0.00000000    2.71998230    4.8031    0.0030    0.0005   -0.3901
Total                                                    34.0004   -0.0048    0.0170   10.1954

==========================================================================================
Exchange: 
    i      j          R        J_iso(meV)          vector          distance(A) 
----------------------------------------------------------------------------------------
   Cr1   Cr3   (  1,   1,   1)  9.6398   ( 2.696,  0.000,  1.654)  3.163 
J_iso:  9.6398 
[Testing!] DMI: (-0.3870  0.5805  0.0203)
[Testing!]J_ani:
[[ -0.111   0.097  -0.131]
 [  0.097  -0.295  -0.074]
 [ -0.131  -0.074 -36.932]]
----------------------------------------------------------------------------------------
   Cr3   Cr1   ( -1,  -1,  -1)  9.6398   (-2.696, -0.000, -1.654)  3.163 
J_iso:  9.6398 
[Testing!] DMI: ( 0.3870 -0.5805 -0.0203)
[Testing!]J_ani:
[[ -0.111   0.097  -0.131]
 [  0.097  -0.295  -0.074]
 [ -0.131  -0.074 -36.932]]
----------------------------------------------------------------------------------------
   Cr2   Cr3   (  0,   0,   0)  9.6467   (-2.696, -0.000, -1.654)  3.163 
J_iso:  9.6467 
[Testing!] DMI: (-0.3835  0.5839  0.0135)
[Testing!]J_ani:
[[ -0.11    0.098  -0.133]
 [  0.098  -0.293  -0.065]
 [ -0.133  -0.065 -36.948]]
----------------------------------------------------------------------------------------
   Cr3   Cr2   (  0,   0,   0)  9.6467   ( 2.696,  0.000,  1.654)  3.163 
J_iso:  9.6467 
[Testing!] DMI: ( 0.3835 -0.5839 -0.0135)
[Testing!]J_ani:
[[ -0.11    0.098  -0.133]
 [  0.098  -0.293  -0.065]
 [ -0.133  -0.065 -36.948]]
----------------------------------------------------------------------------------------
   Cr2   Cr1   ( -1,   0,   0)  5.2654   (-1.637,  1.967,  2.657)  3.689 
J_iso:  5.2654 
[Testing!] DMI: (-0.0032 -0.0013  0.0053)
[Testing!]J_ani:
[[ -0.639   0.209   0.366]
 [  0.209  -0.101  -0.219]
 [  0.366  -0.219 -21.508]]
----------------------------------------------------------------------------------------
   Cr2   Cr1   (  0,  -1,   0)  5.0785   (-1.637, -1.967,  2.657)  3.689 
J_iso:  5.0785 
[Testing!] DMI: (-0.0053 -0.0011 -0.0004)
[Testing!]J_ani:
[[ -0.17   -0.125   0.243]
 [ -0.125  -0.296   0.754]
 [  0.243   0.754 -21.356]]
----------------------------------------------------------------------------------------
   Cr1   Cr2   (  0,   1,   0)  5.0785   ( 1.637,  1.967, -2.657)  3.689 
J_iso:  5.0785 
[Testing!] DMI: ( 0.0053  0.0011  0.0004)
[Testing!]J_ani:
[[ -0.17   -0.125   0.243]
 [ -0.125  -0.296   0.754]
 [  0.243   0.754 -21.356]]
----------------------------------------------------------------------------------------
   Cr1   Cr2   (  1,   0,   0)  5.2654   ( 1.637, -1.967, -2.657)  3.689 
J_iso:  5.2654 
[Testing!] DMI: ( 0.0032  0.0013 -0.0053)
[Testing!]J_ani:
[[ -0.639   0.209   0.366]
 [  0.209  -0.101  -0.219]
 [  0.366  -0.219 -21.508]]
----------------------------------------------------------------------------------------
   Cr1   Cr1   ( -1,   1,   0)  4.0819   ( 0.000,  3.934,  0.000)  3.934 
J_iso:  4.0819 
[Testing!] DMI: ( 0.1440  0.3216 -0.1756)
[Testing!]J_ani:
[[-0.135  0.034  0.245]
 [ 0.034 -0.16  -0.161]
 [ 0.245 -0.161 -9.987]]
----------------------------------------------------------------------------------------
   Cr2   Cr2   ( -1,   1,   0)  4.0822   ( 0.000,  3.934,  0.000)  3.934 
J_iso:  4.0822 
[Testing!] DMI: (-0.1466 -0.3200  0.1742)
[Testing!]J_ani:
[[-0.136  0.035  0.238]
 [ 0.035 -0.159 -0.164]
 [ 0.238 -0.164 -9.983]]
----------------------------------------------------------------------------------------
   Cr3   Cr3   ( -1,   1,   0) -1.4140   ( 0.000,  3.934,  0.000)  3.934 
J_iso: -1.4140 
[Testing!] DMI: ( 0.0046  0.0035 -0.0061)
[Testing!]J_ani:
[[-0.131 -0.071 -0.267]
 [-0.071 -0.006 -0.149]
 [-0.267 -0.149  2.992]]
----------------------------------------------------------------------------------------
   Cr1   Cr1   (  1,  -1,   0)  4.0819   ( 0.000, -3.934,  0.000)  3.934 
J_iso:  4.0819 
[Testing!] DMI: (-0.1440 -0.3216  0.1756)
[Testing!]J_ani:
[[-0.135  0.034  0.245]
 [ 0.034 -0.16  -0.161]
 [ 0.245 -0.161 -9.987]]
----------------------------------------------------------------------------------------
   Cr2   Cr2   (  1,  -1,   0)  4.0822   ( 0.000, -3.934,  0.000)  3.934 
J_iso:  4.0822 
[Testing!] DMI: ( 0.1466  0.3200 -0.1742)
[Testing!]J_ani:
[[-0.136  0.035  0.238]
 [ 0.035 -0.159 -0.164]
 [ 0.238 -0.164 -9.983]]
----------------------------------------------------------------------------------------
   Cr3   Cr3   (  1,  -1,   0) -1.4140   ( 0.000, -3.934,  0.000)  3.934 
J_iso: -1.4140 
[Testing!] DMI: (-0.0046 -0.0035  0.0061)
[Testing!]J_ani:
[[-0.131 -0.071 -0.267]
 [-0.071 -0.006 -0.149]
 [-0.267 -0.149  2.992]]
----------------------------------------------------------------------------------------
   Cr2   Cr1   ( -1,   0,  -1)  2.0289   ( 1.657,  1.967, -3.308)  4.190 
J_iso:  2.0289 
[Testing!] DMI: (-0.0022  0.0022 -0.0006)
[Testing!]J_ani:
[[-0.019 -0.034  0.266]
 [-0.034 -0.15   0.074]
 [ 0.266  0.074  1.792]]
----------------------------------------------------------------------------------------
   Cr2   Cr1   (  0,  -1,  -1)  1.8911   ( 1.657, -1.967, -3.308)  4.190 
J_iso:  1.8911 
[Testing!] DMI: ( 0.0036 -0.0013  0.0018)
[Testing!]J_ani:
[[-0.171  0.032 -0.267]
 [ 0.032 -0.035  0.347]
 [-0.267  0.347  2.057]]
----------------------------------------------------------------------------------------
   Cr1   Cr2   (  0,   1,   1)  1.8911   (-1.657,  1.967,  3.308)  4.190 
J_iso:  1.8911 
[Testing!] DMI: (-0.0036  0.0013 -0.0018)
[Testing!]J_ani:
[[-0.171  0.032 -0.267]
 [ 0.032 -0.035  0.347]
 [-0.267  0.347  2.057]]
----------------------------------------------------------------------------------------
   Cr1   Cr2   (  1,   0,   1)  2.0289   (-1.657, -1.967,  3.308)  4.190 
J_iso:  2.0289 
[Testing!] DMI: ( 0.0022 -0.0022  0.0006)
[Testing!]J_ani:
[[-0.019 -0.034  0.266]
 [-0.034 -0.15   0.074]
 [ 0.266  0.074  1.792]]
----------------------------------------------------------------------------------------
   Cr3   Cr2   ( -1,   0,  -1)  8.1513   (-1.059,  1.967, -4.311)  4.855 
J_iso:  8.1513 
[Testing!] DMI: ( 0.0319  0.1867  0.1679)
[Testing!]J_ani:
[[ -0.061  -0.005   0.276]
 [ -0.005  -0.102  -0.066]
 [  0.276  -0.066 -15.555]]
----------------------------------------------------------------------------------------
   Cr3   Cr2   (  0,  -1,  -1)  8.1925   (-1.059, -1.967, -4.311)  4.855 
J_iso:  8.1925 
[Testing!] DMI: ( 0.0473 -0.3496  0.6513)
[Testing!]J_ani:
[[ -0.065  -0.031   0.27 ]
 [ -0.031  -0.074   0.398]
 [  0.27    0.398 -15.502]]
----------------------------------------------------------------------------------------
   Cr2   Cr3   (  0,   1,   1)  8.1925   ( 1.059,  1.967,  4.311)  4.855 
J_iso:  8.1925 
[Testing!] DMI: (-0.0473  0.3496 -0.6513)
[Testing!]J_ani:
[[ -0.065  -0.031   0.27 ]
 [ -0.031  -0.074   0.398]
 [  0.27    0.398 -15.502]]
----------------------------------------------------------------------------------------
   Cr2   Cr3   (  1,   0,   1)  8.1513   ( 1.059, -1.967,  4.311)  4.855 
J_iso:  8.1513 
[Testing!] DMI: (-0.0319 -0.1867 -0.1679)
[Testing!]J_ani:
[[ -0.061  -0.005   0.276]
 [ -0.005  -0.102  -0.066]
 [  0.276  -0.066 -15.555]]
----------------------------------------------------------------------------------------
   Cr3   Cr1   ( -1,   0,   0)  8.1910   ( 1.059,  1.967,  4.311)  4.855 
J_iso:  8.1910 
[Testing!] DMI: ( 0.0447 -0.3490  0.6569)
[Testing!]J_ani:
[[ -0.065  -0.029   0.274]
 [ -0.029  -0.075   0.392]
 [  0.274   0.392 -15.501]]
----------------------------------------------------------------------------------------
   Cr3   Cr1   (  0,  -1,   0)  8.1542   ( 1.059, -1.967,  4.311)  4.855 
J_iso:  8.1542 
[Testing!] DMI: ( 0.0331  0.1788  0.1632)
[Testing!]J_ani:
[[ -0.059  -0.004   0.286]
 [ -0.004  -0.104  -0.071]
 [  0.286  -0.071 -15.556]]
----------------------------------------------------------------------------------------
   Cr1   Cr3   (  0,   1,   0)  8.1542   (-1.059,  1.967, -4.311)  4.855 
J_iso:  8.1542 
[Testing!] DMI: (-0.0331 -0.1788 -0.1632)
[Testing!]J_ani:
[[ -0.059  -0.004   0.286]
 [ -0.004  -0.104  -0.071]
 [  0.286  -0.071 -15.556]]
----------------------------------------------------------------------------------------
   Cr1   Cr3   (  1,   0,   0)  8.1910   (-1.059, -1.967, -4.311)  4.855 
J_iso:  8.1910 
[Testing!] DMI: (-0.0447  0.3490 -0.6569)
[Testing!]J_ani:
[[ -0.065  -0.029   0.274]
 [ -0.029  -0.075   0.392]
 [  0.274   0.392 -15.501]]
----------------------------------------------------------------------------------------
   Cr2   Cr3   ( -1,   1,   0)  6.6023   (-2.696,  3.934, -1.654)  5.048 
J_iso:  6.6023 
[Testing!] DMI: ( 0.1615  0.5477 -0.1982)
[Testing!]J_ani:
[[ -0.035  -0.006  -0.137]
 [ -0.006  -0.033  -0.15 ]
 [ -0.137  -0.15  -11.454]]
----------------------------------------------------------------------------------------
   Cr3   Cr2   ( -1,   1,   0)  6.5890   ( 2.696,  3.934,  1.654)  5.048 
J_iso:  6.5890 
[Testing!] DMI: ( 0.4543 -0.0583 -0.1785)
[Testing!]J_ani:
[[ -0.035   0.002  -0.032]
 [  0.002  -0.025  -0.049]
 [ -0.032  -0.049 -11.385]]
----------------------------------------------------------------------------------------
   Cr2   Cr3   (  1,  -1,   0)  6.5890   (-2.696, -3.934, -1.654)  5.048 
J_iso:  6.5890 
[Testing!] DMI: (-0.4543  0.0583  0.1785)
[Testing!]J_ani:
[[ -0.035   0.002  -0.032]
 [  0.002  -0.025  -0.049]
 [ -0.032  -0.049 -11.385]]
----------------------------------------------------------------------------------------
   Cr3   Cr2   (  1,  -1,   0)  6.6023   ( 2.696, -3.934,  1.654)  5.048 
J_iso:  6.6023 
[Testing!] DMI: (-0.1615 -0.5477  0.1982)
[Testing!]J_ani:
[[ -0.035  -0.006  -0.137]
 [ -0.006  -0.033  -0.15 ]
 [ -0.137  -0.15  -11.454]]
----------------------------------------------------------------------------------------
   Cr1   Cr3   (  0,   2,   1)  6.5887   ( 2.696,  3.934,  1.654)  5.048 
J_iso:  6.5887 
[Testing!] DMI: (-0.4573  0.0657  0.1827)
[Testing!]J_ani:
[[ -0.033   0.001  -0.036]
 [  0.001  -0.024  -0.056]
 [ -0.036  -0.056 -11.39 ]]
----------------------------------------------------------------------------------------
   Cr1   Cr3   (  2,   0,   1)  6.5971   ( 2.696, -3.934,  1.654)  5.048 
J_iso:  6.5971 
[Testing!] DMI: ( 0.1515  0.5521 -0.2022)
[Testing!]J_ani:
[[ -0.035  -0.005  -0.139]
 [ -0.005  -0.034  -0.163]
 [ -0.139  -0.163 -11.447]]
----------------------------------------------------------------------------------------
   Cr3   Cr1   ( -2,   0,  -1)  6.5971   (-2.696,  3.934, -1.654)  5.048 
J_iso:  6.5971 
[Testing!] DMI: (-0.1515 -0.5521  0.2022)
[Testing!]J_ani:
[[ -0.035  -0.005  -0.139]
 [ -0.005  -0.034  -0.163]
 [ -0.139  -0.163 -11.447]]
----------------------------------------------------------------------------------------
   Cr3   Cr1   (  0,  -2,  -1)  6.5887   (-2.696, -3.934, -1.654)  5.048 
J_iso:  6.5887 
[Testing!] DMI: ( 0.4573 -0.0657 -0.1827)
[Testing!]J_ani:
[[ -0.033   0.001  -0.036]
 [  0.001  -0.024  -0.056]
 [ -0.036  -0.056 -11.39 ]]
----------------------------------------------------------------------------------------
   Cr3   Cr2   ( -1,   0,   0)  4.2242   (-4.352,  1.967,  1.654)  5.055 
J_iso:  4.2242 
[Testing!] DMI: ( 0.1189  0.3397 -0.2610)
[Testing!]J_ani:
[[ 0.007 -0.012  0.303]
 [-0.012 -0.003 -0.213]
 [ 0.303 -0.213 -3.739]]
----------------------------------------------------------------------------------------
   Cr3   Cr2   (  0,  -1,   0)  4.2580   (-4.352, -1.967,  1.654)  5.055 
J_iso:  4.2580 
[Testing!] DMI: (-0.2609 -0.0861 -0.0812)
[Testing!]J_ani:
[[-0.036  0.003  0.158]
 [ 0.003  0.003  0.436]
 [ 0.158  0.436 -3.992]]
----------------------------------------------------------------------------------------
   Cr2   Cr3   (  0,   1,   0)  4.2580   ( 4.352,  1.967, -1.654)  5.055 
J_iso:  4.2580 
[Testing!] DMI: ( 0.2609  0.0861  0.0812)
[Testing!]J_ani:
[[-0.036  0.003  0.158]
 [ 0.003  0.003  0.436]
 [ 0.158  0.436 -3.992]]
----------------------------------------------------------------------------------------
   Cr2   Cr3   (  1,   0,   0)  4.2242   ( 4.352, -1.967, -1.654)  5.055 
J_iso:  4.2242 
[Testing!] DMI: (-0.1189 -0.3397  0.2610)
[Testing!]J_ani:
[[ 0.007 -0.012  0.303]
 [-0.012 -0.003 -0.213]
 [ 0.303 -0.213 -3.739]]
----------------------------------------------------------------------------------------
   Cr3   Cr1   ( -1,   0,  -1)  4.2564   ( 4.352,  1.967, -1.654)  5.055 
J_iso:  4.2564 
[Testing!] DMI: (-0.2619 -0.0810 -0.0838)
[Testing!]J_ani:
[[-0.038  0.003  0.143]
 [ 0.003  0.003  0.428]
 [ 0.143  0.428 -3.997]]
----------------------------------------------------------------------------------------
   Cr3   Cr1   (  0,  -1,  -1)  4.2219   ( 4.352, -1.967, -1.654)  5.055 
J_iso:  4.2219 
[Testing!] DMI: ( 0.1286  0.3446 -0.2646)
[Testing!]J_ani:
[[ 0.007 -0.012  0.306]
 [-0.012 -0.001 -0.207]
 [ 0.306 -0.207 -3.743]]
----------------------------------------------------------------------------------------
   Cr1   Cr3   (  0,   1,   1)  4.2219   (-4.352,  1.967,  1.654)  5.055 
J_iso:  4.2219 
[Testing!] DMI: (-0.1286 -0.3446  0.2646)
[Testing!]J_ani:
[[ 0.007 -0.012  0.306]
 [-0.012 -0.001 -0.207]
 [ 0.306 -0.207 -3.743]]
----------------------------------------------------------------------------------------
   Cr1   Cr3   (  1,   0,   1)  4.2564   (-4.352, -1.967,  1.654)  5.055 
J_iso:  4.2564 
[Testing!] DMI: ( 0.2619  0.0810  0.0838)
[Testing!]J_ani:
[[-0.038  0.003  0.143]
 [ 0.003  0.003  0.428]
 [ 0.143  0.428 -3.997]]
----------------------------------------------------------------------------------------
   Cr1   Cr2   (  0,   0,   0)  0.1503   (-5.411,  0.000, -2.657)  6.028 
J_iso:  0.1503 
[Testing!] DMI: ( 0.0020 -0.0007  0.0003)
[Testing!]J_ani:
[[ 0.036  0.037 -0.075]
 [ 0.037 -0.018 -0.048]
 [-0.075 -0.048  1.199]]
----------------------------------------------------------------------------------------
   Cr2   Cr1   (  0,   0,   0)  0.1503   ( 5.411, -0.000,  2.657)  6.028 
J_iso:  0.1503 
[Testing!] DMI: (-0.0020  0.0007 -0.0003)
[Testing!]J_ani:
[[ 0.036  0.037 -0.075]
 [ 0.037 -0.018 -0.048]
 [-0.075 -0.048  1.199]]
----------------------------------------------------------------------------------------
   Cr1   Cr2   (  1,   1,   1)  0.8618   ( 5.391,  0.000,  3.308)  6.325 
J_iso:  0.8618 
[Testing!] DMI: (-0.0005  0.0003 -0.0008)
[Testing!]J_ani:
[[-0.008  0.002 -0.066]
 [ 0.002 -0.01  -0.04 ]
 [-0.066 -0.04  -1.772]]
----------------------------------------------------------------------------------------
   Cr2   Cr1   ( -1,  -1,  -1)  0.8618   (-5.391, -0.000, -3.308)  6.325 
J_iso:  0.8618 
[Testing!] DMI: ( 0.0005 -0.0003  0.0008)
[Testing!]J_ani:
[[-0.008  0.002 -0.066]
 [ 0.002 -0.01  -0.04 ]
 [-0.066 -0.04  -1.772]]
----------------------------------------------------------------------------------------
   Cr1   Cr2   ( -1,   2,   0)  0.7835   ( 1.637,  5.901, -2.657)  6.675 
J_iso:  0.7835 
[Testing!] DMI: (-0.0007  0.0000  0.0016)
[Testing!]J_ani:
[[-0.021 -0.02   0.057]
 [-0.02  -0.027  0.007]
 [ 0.057  0.007 -1.517]]
----------------------------------------------------------------------------------------
   Cr1   Cr2   (  2,  -1,   0)  0.7926   ( 1.637, -5.901, -2.657)  6.675 
J_iso:  0.7926 
[Testing!] DMI: (-0.0007  0.0008  0.0000)
[Testing!]J_ani:
[[-0.068 -0.021 -0.075]
 [-0.021 -0.019 -0.024]
 [-0.075 -0.024 -1.53 ]]
----------------------------------------------------------------------------------------
   Cr2   Cr1   ( -2,   1,   0)  0.7926   (-1.637,  5.901,  2.657)  6.675 
J_iso:  0.7926 
[Testing!] DMI: ( 0.0007 -0.0008 -0.0000)
[Testing!]J_ani:
[[-0.068 -0.021 -0.075]
 [-0.021 -0.019 -0.024]
 [-0.075 -0.024 -1.53 ]]
----------------------------------------------------------------------------------------
   Cr2   Cr1   (  1,  -2,   0)  0.7835   (-1.637, -5.901,  2.657)  6.675 
J_iso:  0.7835 
[Testing!] DMI: ( 0.0007 -0.0000 -0.0016)
[Testing!]J_ani:
[[-0.021 -0.02   0.057]
 [-0.02  -0.027  0.007]
 [ 0.057  0.007 -1.517]]
----------------------------------------------------------------------------------------
   Cr1   Cr1   (  0,   0,  -1)  0.1303   ( 3.294,  0.000, -5.965)  6.814 
J_iso:  0.1303 
[Testing!] DMI: ( 0.0052 -0.0134 -0.0028)
[Testing!]J_ani:
[[-0.018 -0.008 -0.002]
 [-0.008 -0.023 -0.01 ]
 [-0.002 -0.01  -0.113]]
----------------------------------------------------------------------------------------
   Cr2   Cr2   (  0,   0,  -1)  0.1301   ( 3.294,  0.000, -5.965)  6.814 
J_iso:  0.1301 
[Testing!] DMI: (-0.0050  0.0148  0.0040)
[Testing!]J_ani:
[[-0.017 -0.008 -0.003]
 [-0.008 -0.023 -0.011]
 [-0.003 -0.011 -0.115]]
----------------------------------------------------------------------------------------
   Cr3   Cr3   (  0,   0,  -1) -0.1104   ( 3.294,  0.000, -5.965)  6.814 
J_iso: -0.1104 
[Testing!] DMI: (-0.0046  0.0010 -0.0023)
[Testing!]J_ani:
[[-0.003 -0.013  0.073]
 [-0.013 -0.02   0.044]
 [ 0.073  0.044  2.806]]
----------------------------------------------------------------------------------------
   Cr1   Cr1   (  0,   0,   1)  0.1303   (-3.294,  0.000,  5.965)  6.814 
J_iso:  0.1303 
[Testing!] DMI: (-0.0052  0.0134  0.0028)
[Testing!]J_ani:
[[-0.018 -0.008 -0.002]
 [-0.008 -0.023 -0.01 ]
 [-0.002 -0.01  -0.113]]
----------------------------------------------------------------------------------------
   Cr2   Cr2   (  0,   0,   1)  0.1301   (-3.294,  0.000,  5.965)  6.814 
J_iso:  0.1301 
[Testing!] DMI: ( 0.0050 -0.0148 -0.0040)
[Testing!]J_ani:
[[-0.017 -0.008 -0.003]
 [-0.008 -0.023 -0.011]
 [-0.003 -0.011 -0.115]]
----------------------------------------------------------------------------------------
   Cr3   Cr3   (  0,   0,   1) -0.1104   (-3.294,  0.000,  5.965)  6.814 
J_iso: -0.1104 
[Testing!] DMI: ( 0.0046 -0.0010  0.0023)
[Testing!]J_ani:
[[-0.003 -0.013  0.073]
 [-0.013 -0.02   0.044]
 [ 0.073  0.044  2.806]]
----------------------------------------------------------------------------------------
   Cr1   Cr2   ( -1,   2,   1)  0.0149   (-1.657,  5.901,  3.308)  6.965 
J_iso:  0.0149 
[Testing!] DMI: (-0.0007 -0.0003 -0.0016)
[Testing!]J_ani:
[[-0.    -0.001  0.006]
 [-0.001  0.011  0.016]
 [ 0.006  0.016 -0.875]]
----------------------------------------------------------------------------------------
   Cr1   Cr2   (  2,  -1,   1)  0.0745   (-1.657, -5.901,  3.308)  6.965 
J_iso:  0.0745 
[Testing!] DMI: ( 0.0015 -0.0004  0.0008)
[Testing!]J_ani:
[[-0.001 -0.001  0.052]
 [-0.001 -0.03   0.067]
 [ 0.052  0.067 -0.901]]
----------------------------------------------------------------------------------------
   Cr2   Cr1   ( -2,   1,  -1)  0.0745   ( 1.657,  5.901, -3.308)  6.965 
J_iso:  0.0745 
[Testing!] DMI: (-0.0015  0.0004 -0.0008)
[Testing!]J_ani:
[[-0.001 -0.001  0.052]
 [-0.001 -0.03   0.067]
 [ 0.052  0.067 -0.901]]
----------------------------------------------------------------------------------------
   Cr2   Cr1   (  1,  -2,  -1)  0.0149   ( 1.657, -5.901, -3.308)  6.965 
J_iso:  0.0149 
[Testing!] DMI: ( 0.0007  0.0003  0.0016)
[Testing!]J_ani:
[[-0.    -0.001  0.006]
 [-0.001  0.011  0.016]
 [ 0.006  0.016 -0.875]]
----------------------------------------------------------------------------------------
   Cr1   Cr2   ( -1,   1,   0)  0.2710   (-5.411,  3.934, -2.657)  7.198 
J_iso:  0.2710 
[Testing!] DMI: ( 0.0010 -0.0001 -0.0019)
[Testing!]J_ani:
[[ 0.002 -0.01  -0.069]
 [-0.01  -0.064 -0.019]
 [-0.069 -0.019  2.025]]
----------------------------------------------------------------------------------------
   Cr2   Cr1   ( -1,   1,   0)  0.2415   ( 5.411,  3.934,  2.657)  7.198 
J_iso:  0.2415 
[Testing!] DMI: (-0.0006 -0.0007 -0.0010)
[Testing!]J_ani:
[[-0.062  0.051 -0.158]
 [ 0.051  0.007 -0.073]
 [-0.158 -0.073  2.029]]
----------------------------------------------------------------------------------------
   Cr1   Cr2   (  1,  -1,   0)  0.2415   (-5.411, -3.934, -2.657)  7.198 
J_iso:  0.2415 
[Testing!] DMI: ( 0.0006  0.0007  0.0010)
[Testing!]J_ani:
[[-0.062  0.051 -0.158]
 [ 0.051  0.007 -0.073]
 [-0.158 -0.073  2.029]]
----------------------------------------------------------------------------------------
   Cr2   Cr1   (  1,  -1,   0)  0.2710   ( 5.411, -3.934,  2.657)  7.198 
J_iso:  0.2710 
[Testing!] DMI: (-0.0010  0.0001  0.0019)
[Testing!]J_ani:
[[ 0.002 -0.01  -0.069]
 [-0.01  -0.064 -0.019]
 [-0.069 -0.019  2.025]]
----------------------------------------------------------------------------------------
   Cr1   Cr1   ( -1,   0,   0) -0.0854   (-7.048,  1.967,  0.000)  7.317 
J_iso: -0.0854 
[Testing!] DMI: (-0.0337 -0.0919  0.1895)
[Testing!]J_ani:
[[-0.007 -0.004  0.002]
 [-0.004  0.006 -0.069]
 [ 0.002 -0.069 -0.321]]
----------------------------------------------------------------------------------------
   Cr2   Cr2   ( -1,   0,   0) -0.0856   (-7.048,  1.967,  0.000)  7.317 
J_iso: -0.0856 
[Testing!] DMI: ( 0.0339  0.0902 -0.1940)
[Testing!]J_ani:
[[-0.008 -0.004  0.   ]
 [-0.004  0.006 -0.067]
 [ 0.    -0.067 -0.322]]
----------------------------------------------------------------------------------------
   Cr3   Cr3   ( -1,   0,   0)  0.2994   (-7.048,  1.967,  0.000)  7.317 
J_iso:  0.2994 
[Testing!] DMI: (-0.0000 -0.0000  0.0013)
[Testing!]J_ani:
[[-0.033 -0.036 -0.077]
 [-0.036  0.073  0.05 ]
 [-0.077  0.05   4.394]]
----------------------------------------------------------------------------------------
   Cr1   Cr1   (  0,  -1,   0) -0.1577   (-7.048, -1.967,  0.000)  7.317 
J_iso: -0.1577 
[Testing!] DMI: ( 0.1703 -0.0664  0.0805)
[Testing!]J_ani:
[[-0.008 -0.009  0.009]
 [-0.009  0.009  0.041]
 [ 0.009  0.041 -0.259]]
----------------------------------------------------------------------------------------
   Cr2   Cr2   (  0,  -1,   0) -0.1584   (-7.048, -1.967,  0.000)  7.317 
J_iso: -0.1584 
[Testing!] DMI: (-0.1700  0.0650 -0.0863)
[Testing!]J_ani:
[[-0.008 -0.009  0.011]
 [-0.009  0.01   0.04 ]
 [ 0.011  0.04  -0.262]]
----------------------------------------------------------------------------------------
   Cr3   Cr3   (  0,  -1,   0)  0.3400   (-7.048, -1.967,  0.000)  7.317 
J_iso:  0.3400 
[Testing!] DMI: (-0.0014  0.0049 -0.0036)
[Testing!]J_ani:
[[-0.105  0.016 -0.2  ]
 [ 0.016  0.075 -0.336]
 [-0.2   -0.336  4.066]]
----------------------------------------------------------------------------------------
   Cr1   Cr1   (  0,   1,   0) -0.1577   ( 7.048,  1.967,  0.000)  7.317 
J_iso: -0.1577 
[Testing!] DMI: (-0.1703  0.0664 -0.0805)
[Testing!]J_ani:
[[-0.008 -0.009  0.009]
 [-0.009  0.009  0.041]
 [ 0.009  0.041 -0.259]]
----------------------------------------------------------------------------------------
   Cr2   Cr2   (  0,   1,   0) -0.1584   ( 7.048,  1.967,  0.000)  7.317 
J_iso: -0.1584 
[Testing!] DMI: ( 0.1700 -0.0650  0.0863)
[Testing!]J_ani:
[[-0.008 -0.009  0.011]
 [-0.009  0.01   0.04 ]
 [ 0.011  0.04  -0.262]]
----------------------------------------------------------------------------------------
   Cr3   Cr3   (  0,   1,   0)  0.3400   ( 7.048,  1.967,  0.000)  7.317 
J_iso:  0.3400 
[Testing!] DMI: ( 0.0014 -0.0049  0.0036)
[Testing!]J_ani:
[[-0.105  0.016 -0.2  ]
 [ 0.016  0.075 -0.336]
 [-0.2   -0.336  4.066]]
----------------------------------------------------------------------------------------
   Cr1   Cr1   (  1,   0,   0) -0.0854   ( 7.048, -1.967,  0.000)  7.317 
J_iso: -0.0854 
[Testing!] DMI: ( 0.0337  0.0919 -0.1895)
[Testing!]J_ani:
[[-0.007 -0.004  0.002]
 [-0.004  0.006 -0.069]
 [ 0.002 -0.069 -0.321]]
----------------------------------------------------------------------------------------
   Cr2   Cr2   (  1,   0,   0) -0.0856   ( 7.048, -1.967,  0.000)  7.317 
J_iso: -0.0856 
[Testing!] DMI: (-0.0339 -0.0902  0.1940)
[Testing!]J_ani:
[[-0.008 -0.004  0.   ]
 [-0.004  0.006 -0.067]
 [ 0.    -0.067 -0.322]]
----------------------------------------------------------------------------------------
   Cr3   Cr3   (  1,   0,   0)  0.2994   ( 7.048, -1.967,  0.000)  7.317 
J_iso:  0.2994 
[Testing!] DMI: ( 0.0000  0.0000 -0.0013)
[Testing!]J_ani:
[[-0.033 -0.036 -0.077]
 [-0.036  0.073  0.05 ]
 [-0.077  0.05   4.394]]
----------------------------------------------------------------------------------------
   Cr1   Cr1   ( -1,   0,  -1) -0.1410   (-3.754,  1.967, -5.965)  7.317 
J_iso: -0.1410 
[Testing!] DMI: ( 0.0773 -0.0471 -0.0543)
[Testing!]J_ani:
[[ 0.009  0.007  0.063]
 [ 0.007 -0.03  -0.104]
 [ 0.063 -0.104 -0.266]]
----------------------------------------------------------------------------------------
   Cr2   Cr2   ( -1,   0,  -1) -0.1399   (-3.754,  1.967, -5.965)  7.317 
J_iso: -0.1399 
[Testing!] DMI: (-0.0767  0.0468  0.0542)
[Testing!]J_ani:
[[ 0.009  0.007  0.063]
 [ 0.007 -0.03  -0.106]
 [ 0.063 -0.106 -0.267]]
----------------------------------------------------------------------------------------
   Cr3   Cr3   ( -1,   0,  -1)  0.8965   (-3.754,  1.967, -5.965)  7.317 
J_iso:  0.8965 
[Testing!] DMI: ( 0.0014 -0.0013  0.0023)
[Testing!]J_ani:
[[ 0.022 -0.006  0.193]
 [-0.006 -0.075  0.192]
 [ 0.193  0.192 -2.537]]
----------------------------------------------------------------------------------------
   Cr1   Cr1   (  0,  -1,  -1) -0.1371   (-3.754, -1.967, -5.965)  7.317 
J_iso: -0.1371 
[Testing!] DMI: (-0.0879  0.0494  0.1683)
[Testing!]J_ani:
[[ 0.006 -0.004 -0.037]
 [-0.004  0.005  0.042]
 [-0.037  0.042 -0.355]]
----------------------------------------------------------------------------------------
   Cr2   Cr2   (  0,  -1,  -1) -0.1361   (-3.754, -1.967, -5.965)  7.317 
J_iso: -0.1361 
[Testing!] DMI: ( 0.0894 -0.0491 -0.1696)
[Testing!]J_ani:
[[ 0.006 -0.004 -0.04 ]
 [-0.004  0.007  0.04 ]
 [-0.04   0.04  -0.355]]
----------------------------------------------------------------------------------------
   Cr3   Cr3   (  0,  -1,  -1)  0.9745   (-3.754, -1.967, -5.965)  7.317 
J_iso:  0.9745 
[Testing!] DMI: (-0.0030  0.0020 -0.0007)
[Testing!]J_ani:
[[-0.035 -0.01   0.255]
 [-0.01   0.008  0.144]
 [ 0.255  0.144 -2.663]]
----------------------------------------------------------------------------------------
   Cr1   Cr1   (  0,   1,   1) -0.1371   ( 3.754,  1.967,  5.965)  7.317 
J_iso: -0.1371 
[Testing!] DMI: ( 0.0879 -0.0494 -0.1683)
[Testing!]J_ani:
[[ 0.006 -0.004 -0.037]
 [-0.004  0.005  0.042]
 [-0.037  0.042 -0.355]]
----------------------------------------------------------------------------------------
   Cr2   Cr2   (  0,   1,   1) -0.1361   ( 3.754,  1.967,  5.965)  7.317 
J_iso: -0.1361 
[Testing!] DMI: (-0.0894  0.0491  0.1696)
[Testing!]J_ani:
[[ 0.006 -0.004 -0.04 ]
 [-0.004  0.007  0.04 ]
 [-0.04   0.04  -0.355]]
----------------------------------------------------------------------------------------
   Cr3   Cr3   (  0,   1,   1)  0.9745   ( 3.754,  1.967,  5.965)  7.317 
J_iso:  0.9745 
[Testing!] DMI: ( 0.0030 -0.0020  0.0007)
[Testing!]J_ani:
[[-0.035 -0.01   0.255]
 [-0.01   0.008  0.144]
 [ 0.255  0.144 -2.663]]
----------------------------------------------------------------------------------------
   Cr1   Cr1   (  1,   0,   1) -0.1410   ( 3.754, -1.967,  5.965)  7.317 
J_iso: -0.1410 
[Testing!] DMI: (-0.0773  0.0471  0.0543)
[Testing!]J_ani:
[[ 0.009  0.007  0.063]
 [ 0.007 -0.03  -0.104]
 [ 0.063 -0.104 -0.266]]
----------------------------------------------------------------------------------------
   Cr2   Cr2   (  1,   0,   1) -0.1399   ( 3.754, -1.967,  5.965)  7.317 
J_iso: -0.1399 
[Testing!] DMI: ( 0.0767 -0.0468 -0.0542)
[Testing!]J_ani:
[[ 0.009  0.007  0.063]
 [ 0.007 -0.03  -0.106]
 [ 0.063 -0.106 -0.267]]
----------------------------------------------------------------------------------------
   Cr3   Cr3   (  1,   0,   1)  0.8965   ( 3.754, -1.967,  5.965)  7.317 
J_iso:  0.8965 
[Testing!] DMI: (-0.0014  0.0013 -0.0023)
[Testing!]J_ani:
[[ 0.022 -0.006  0.193]
 [-0.006 -0.075  0.192]
 [ 0.193  0.192 -2.537]]
----------------------------------------------------------------------------------------
   Cr3   Cr2   (  0,   0,  -1)  0.8784   ( 5.989,  0.000, -4.311)  7.379 
J_iso:  0.8784 
[Testing!] DMI: ( 0.0419  0.0096 -0.0438)
[Testing!]J_ani:
[[-0.001  0.011  0.108]
 [ 0.011 -0.011  0.017]
 [ 0.108  0.017 -0.931]]
----------------------------------------------------------------------------------------
   Cr2   Cr3   (  0,   0,   1)  0.8784   (-5.989, -0.000,  4.311)  7.379 
J_iso:  0.8784 
[Testing!] DMI: (-0.0419 -0.0096  0.0438)
[Testing!]J_ani:
[[-0.001  0.011  0.108]
 [ 0.011 -0.011  0.017]
 [ 0.108  0.017 -0.931]]
----------------------------------------------------------------------------------------
   Cr1   Cr3   (  1,   1,   0)  0.8802   ( 5.989,  0.000, -4.311)  7.379 
J_iso:  0.8802 
[Testing!] DMI: (-0.0441 -0.0102  0.0476)
[Testing!]J_ani:
[[-0.001  0.011  0.107]
 [ 0.011 -0.012  0.019]
 [ 0.107  0.019 -0.935]]
----------------------------------------------------------------------------------------
   Cr3   Cr1   ( -1,  -1,   0)  0.8802   (-5.989, -0.000,  4.311)  7.379 
J_iso:  0.8802 
[Testing!] DMI: ( 0.0441  0.0102 -0.0476)
[Testing!]J_ani:
[[-0.001  0.011  0.107]
 [ 0.011 -0.012  0.019]
 [ 0.107  0.019 -0.935]]
----------------------------------------------------------------------------------------
   Cr1   Cr3   ( -1,   2,   0)  0.7120   (-1.059,  5.901, -4.311)  7.384 
J_iso:  0.7120 
[Testing!] DMI: (-0.0129  0.0350  0.1497)
[Testing!]J_ani:
[[ 0.01  -0.01  -0.061]
 [-0.01  -0.024  0.039]
 [-0.061  0.039 -0.761]]
----------------------------------------------------------------------------------------
   Cr2   Cr3   ( -1,   2,   1)  0.6807   ( 1.059,  5.901,  4.311)  7.384 
J_iso:  0.6807 
[Testing!] DMI: (-0.0056  0.0075 -0.1682)
[Testing!]J_ani:
[[-0.028  0.031  0.034]
 [ 0.031  0.016 -0.107]
 [ 0.034 -0.107 -0.882]]
----------------------------------------------------------------------------------------
   Cr1   Cr3   (  2,  -1,   0)  0.6785   (-1.059, -5.901, -4.311)  7.384 
J_iso:  0.6785 
[Testing!] DMI: (-0.0073  0.0043 -0.1677)
[Testing!]J_ani:
[[-0.027  0.031  0.03 ]
 [ 0.031  0.016 -0.104]
 [ 0.03  -0.104 -0.875]]
----------------------------------------------------------------------------------------
   Cr2   Cr3   (  2,  -1,   1)  0.7106   ( 1.059, -5.901,  4.311)  7.384 
J_iso:  0.7106 
[Testing!] DMI: (-0.0124  0.0327  0.1515)
[Testing!]J_ani:
[[ 0.01  -0.01  -0.061]
 [-0.01  -0.024  0.039]
 [-0.061  0.039 -0.749]]
----------------------------------------------------------------------------------------
   Cr3   Cr2   ( -2,   1,  -1)  0.7106   (-1.059,  5.901, -4.311)  7.384 
J_iso:  0.7106 
[Testing!] DMI: ( 0.0124 -0.0327 -0.1515)
[Testing!]J_ani:
[[ 0.01  -0.01  -0.061]
 [-0.01  -0.024  0.039]
 [-0.061  0.039 -0.749]]
----------------------------------------------------------------------------------------
   Cr3   Cr1   ( -2,   1,   0)  0.6785   ( 1.059,  5.901,  4.311)  7.384 
J_iso:  0.6785 
[Testing!] DMI: ( 0.0073 -0.0043  0.1677)
[Testing!]J_ani:
[[-0.027  0.031  0.03 ]
 [ 0.031  0.016 -0.104]
 [ 0.03  -0.104 -0.875]]
----------------------------------------------------------------------------------------
   Cr3   Cr2   (  1,  -2,  -1)  0.6807   (-1.059, -5.901, -4.311)  7.384 
J_iso:  0.6807 
[Testing!] DMI: ( 0.0056 -0.0075  0.1682)
[Testing!]J_ani:
[[-0.028  0.031  0.034]
 [ 0.031  0.016 -0.107]
 [ 0.034 -0.107 -0.882]]
----------------------------------------------------------------------------------------
   Cr3   Cr1   (  1,  -2,   0)  0.7120   ( 1.059, -5.901,  4.311)  7.384 
J_iso:  0.7120 
[Testing!] DMI: ( 0.0129 -0.0350 -0.1497)
[Testing!]J_ani:
[[ 0.01  -0.01  -0.061]
 [-0.01  -0.024  0.039]
 [-0.061  0.039 -0.761]]
----------------------------------------------------------------------------------------
   Cr1   Cr2   (  0,   2,   1)  0.2798   ( 5.391,  3.934,  3.308)  7.449 
J_iso:  0.2798 
[Testing!] DMI: (-0.0000 -0.0005  0.0000)
[Testing!]J_ani:
[[-0.016  0.016 -0.004]
 [ 0.016  0.028 -0.011]
 [-0.004 -0.011 -0.61 ]]
----------------------------------------------------------------------------------------
   Cr1   Cr2   (  2,   0,   1)  0.2846   ( 5.391, -3.934,  3.308)  7.449 
J_iso:  0.2846 
[Testing!] DMI: (-0.0022 -0.0020 -0.0002)
[Testing!]J_ani:
[[ 0.009 -0.004  0.015]
 [-0.004 -0.046 -0.001]
 [ 0.015 -0.001 -0.657]]
----------------------------------------------------------------------------------------
   Cr2   Cr1   ( -2,   0,  -1)  0.2846   (-5.391,  3.934, -3.308)  7.449 
J_iso:  0.2846 
[Testing!] DMI: ( 0.0022  0.0020  0.0002)
[Testing!]J_ani:
[[ 0.009 -0.004  0.015]
 [-0.004 -0.046 -0.001]
 [ 0.015 -0.001 -0.657]]
----------------------------------------------------------------------------------------
   Cr2   Cr1   (  0,  -2,  -1)  0.2798   (-5.391, -3.934, -3.308)  7.449 
J_iso:  0.2798 
[Testing!] DMI: ( 0.0000  0.0005 -0.0000)
[Testing!]J_ani:
[[-0.016  0.016 -0.004]
 [ 0.016  0.028 -0.011]
 [-0.004 -0.011 -0.61 ]]
----------------------------------------------------------------------------------------
   Cr2   Cr3   ( -1,   2,   0)  0.7676   ( 4.352,  5.901, -1.654)  7.517 
J_iso:  0.7676 
[Testing!] DMI: ( 0.0244 -0.0119  0.1741)
[Testing!]J_ani:
[[-0.014  0.013  0.077]
 [ 0.013 -0.008 -0.019]
 [ 0.077 -0.019 -1.585]]
----------------------------------------------------------------------------------------
   Cr2   Cr3   (  2,  -1,   0)  0.7706   ( 4.352, -5.901, -1.654)  7.517 
J_iso:  0.7706 
[Testing!] DMI: (-0.0314 -0.0018 -0.0457)
[Testing!]J_ani:
[[-0.012  0.022 -0.03 ]
 [ 0.022 -0.06   0.051]
 [-0.03   0.051 -1.505]]
----------------------------------------------------------------------------------------
   Cr3   Cr2   ( -2,   1,   0)  0.7706   (-4.352,  5.901,  1.654)  7.517 
J_iso:  0.7706 
[Testing!] DMI: ( 0.0314  0.0018  0.0457)
[Testing!]J_ani:
[[-0.012  0.022 -0.03 ]
 [ 0.022 -0.06   0.051]
 [-0.03   0.051 -1.505]]
----------------------------------------------------------------------------------------
   Cr3   Cr2   (  1,  -2,   0)  0.7676   (-4.352, -5.901,  1.654)  7.517 
J_iso:  0.7676 
[Testing!] DMI: (-0.0244  0.0119 -0.1741)
[Testing!]J_ani:
[[-0.014  0.013  0.077]
 [ 0.013 -0.008 -0.019]
 [ 0.077 -0.019 -1.585]]
----------------------------------------------------------------------------------------
   Cr1   Cr3   ( -1,   2,   1)  0.7690   (-4.352,  5.901,  1.654)  7.517 
J_iso:  0.7690 
[Testing!] DMI: (-0.0327 -0.0037 -0.0494)
[Testing!]J_ani:
[[-0.011  0.023 -0.03 ]
 [ 0.023 -0.058  0.052]
 [-0.03   0.052 -1.506]]
----------------------------------------------------------------------------------------
   Cr1   Cr3   (  2,  -1,   1)  0.7716   (-4.352, -5.901,  1.654)  7.517 
J_iso:  0.7716 
[Testing!] DMI: ( 0.0249 -0.0137  0.1716)
[Testing!]J_ani:
[[-0.015  0.013  0.073]
 [ 0.013 -0.008 -0.023]
 [ 0.073 -0.023 -1.584]]
----------------------------------------------------------------------------------------
   Cr3   Cr1   ( -2,   1,  -1)  0.7716   ( 4.352,  5.901, -1.654)  7.517 
J_iso:  0.7716 
[Testing!] DMI: (-0.0249  0.0137 -0.1716)
[Testing!]J_ani:
[[-0.015  0.013  0.073]
 [ 0.013 -0.008 -0.023]
 [ 0.073 -0.023 -1.584]]
----------------------------------------------------------------------------------------
   Cr3   Cr1   (  1,  -2,  -1)  0.7690   ( 4.352, -5.901, -1.654)  7.517 
J_iso:  0.7690 
[Testing!] DMI: ( 0.0327  0.0037  0.0494)
[Testing!]J_ani:
[[-0.011  0.023 -0.03 ]
 [ 0.023 -0.058  0.052]
 [-0.03   0.052 -1.506]]
----------------------------------------------------------------------------------------
   Cr2   Cr3   (  0,   0,  -1)  0.8665   ( 0.598, -0.000, -7.619)  7.643 
J_iso:  0.8665 
[Testing!] DMI: ( 0.0049  0.0209 -0.0409)
[Testing!]J_ani:
[[-0.009  0.02   0.048]
 [ 0.02  -0.037  0.073]
 [ 0.048  0.073 -1.834]]
----------------------------------------------------------------------------------------
   Cr3   Cr2   (  0,   0,   1)  0.8665   (-0.598,  0.000,  7.619)  7.643 
J_iso:  0.8665 
[Testing!] DMI: (-0.0049 -0.0209  0.0409)
[Testing!]J_ani:
[[-0.009  0.02   0.048]
 [ 0.02  -0.037  0.073]
 [ 0.048  0.073 -1.834]]
----------------------------------------------------------------------------------------
   Cr1   Cr3   (  1,   1,   2)  0.8681   (-0.598,  0.000,  7.619)  7.643 
J_iso:  0.8681 
[Testing!] DMI: ( 0.0033  0.0204 -0.0442)
[Testing!]J_ani:
[[-0.007  0.019  0.053]
 [ 0.019 -0.038  0.072]
 [ 0.053  0.072 -1.832]]
----------------------------------------------------------------------------------------
   Cr3   Cr1   ( -1,  -1,  -2)  0.8681   ( 0.598, -0.000, -7.619)  7.643 
J_iso:  0.8681 
[Testing!] DMI: (-0.0033 -0.0204  0.0442)
[Testing!]J_ani:
[[-0.007  0.019  0.053]
 [ 0.019 -0.038  0.072]
 [ 0.053  0.072 -1.832]]
----------------------------------------------------------------------------------------
   Cr1   Cr1   ( -2,   2,   0) -0.1389   ( 0.000,  7.868,  0.000)  7.868 
J_iso: -0.1389 
[Testing!] DMI: ( 0.0894  0.0240 -0.1323)
[Testing!]J_ani:
[[-0.012 -0.01   0.014]
 [-0.01  -0.022 -0.006]
 [ 0.014 -0.006  1.329]]
----------------------------------------------------------------------------------------
   Cr2   Cr2   ( -2,   2,   0) -0.1391   ( 0.000,  7.868,  0.000)  7.868 
J_iso: -0.1391 
[Testing!] DMI: (-0.0908 -0.0262  0.1339)
[Testing!]J_ani:
[[-0.012 -0.009  0.014]
 [-0.009 -0.023 -0.006]
 [ 0.014 -0.006  1.33 ]]
----------------------------------------------------------------------------------------
   Cr3   Cr3   ( -2,   2,   0)  0.6834   ( 0.000,  7.868,  0.000)  7.868 
J_iso:  0.6834 
[Testing!] DMI: ( 0.0011  0.0019 -0.0049)
[Testing!]J_ani:
[[-0.056 -0.034 -0.045]
 [-0.034 -0.023 -0.023]
 [-0.045 -0.023 -1.659]]
----------------------------------------------------------------------------------------
   Cr1   Cr1   (  2,  -2,   0) -0.1389   ( 0.000, -7.868,  0.000)  7.868 
J_iso: -0.1389 
[Testing!] DMI: (-0.0894 -0.0240  0.1323)
[Testing!]J_ani:
[[-0.012 -0.01   0.014]
 [-0.01  -0.022 -0.006]
 [ 0.014 -0.006  1.329]]
----------------------------------------------------------------------------------------
   Cr2   Cr2   (  2,  -2,   0) -0.1391   ( 0.000, -7.868,  0.000)  7.868 
J_iso: -0.1391 
[Testing!] DMI: ( 0.0908  0.0262 -0.1339)
[Testing!]J_ani:
[[-0.012 -0.009  0.014]
 [-0.009 -0.023 -0.006]
 [ 0.014 -0.006  1.33 ]]
----------------------------------------------------------------------------------------
   Cr3   Cr3   (  2,  -2,   0)  0.6834   ( 0.000, -7.868,  0.000)  7.868 
J_iso:  0.6834 
[Testing!] DMI: (-0.0011 -0.0019  0.0049)
[Testing!]J_ani:
[[-0.056 -0.034 -0.045]
 [-0.034 -0.023 -0.023]
 [-0.045 -0.023 -1.659]]
----------------------------------------------------------------------------------------
   Cr1   Cr1   ( -1,   1,  -1)  0.3262   ( 3.294,  3.934, -5.965)  7.868 
J_iso:  0.3262 
[Testing!] DMI: (-0.0407 -0.0714  0.1119)
[Testing!]J_ani:
[[-0.005 -0.009 -0.022]
 [-0.009  0.001 -0.03 ]
 [-0.022 -0.03   0.233]]
----------------------------------------------------------------------------------------
   Cr1   Cr1   (  1,  -1,  -1)  0.3224   ( 3.294, -3.934, -5.965)  7.868 
J_iso:  0.3224 
[Testing!] DMI: ( 0.0745 -0.0692  0.0090)
[Testing!]J_ani:
[[-0.018 -0.015 -0.046]
 [-0.015 -0.006 -0.027]
 [-0.046 -0.027  0.196]]
----------------------------------------------------------------------------------------
   Cr2   Cr2   ( -1,   1,  -1)  0.3260   ( 3.294,  3.934, -5.965)  7.868 
J_iso:  0.3260 
[Testing!] DMI: ( 0.0414  0.0712 -0.1132)
[Testing!]J_ani:
[[-0.005 -0.008 -0.02 ]
 [-0.008  0.001 -0.032]
 [-0.02  -0.032  0.233]]
----------------------------------------------------------------------------------------
   Cr3   Cr3   ( -1,   1,  -1)  0.3319   ( 3.294,  3.934, -5.965)  7.868 
J_iso:  0.3319 
[Testing!] DMI: (-0.0043 -0.0015  0.0002)
[Testing!]J_ani:
[[-0.06  -0.     0.056]
 [-0.    -0.014 -0.003]
 [ 0.056 -0.003 -0.198]]
----------------------------------------------------------------------------------------
   Cr1   Cr1   ( -1,   1,   1)  0.3224   (-3.294,  3.934,  5.965)  7.868 
J_iso:  0.3224 
[Testing!] DMI: (-0.0745  0.0692 -0.0090)
[Testing!]J_ani:
[[-0.018 -0.015 -0.046]
 [-0.015 -0.006 -0.027]
 [-0.046 -0.027  0.196]]
----------------------------------------------------------------------------------------
   Cr2   Cr2   ( -1,   1,   1)  0.3218   (-3.294,  3.934,  5.965)  7.868 
J_iso:  0.3218 
[Testing!] DMI: ( 0.0712 -0.0690  0.0066)
[Testing!]J_ani:
[[-0.018 -0.014 -0.047]
 [-0.014 -0.006 -0.031]
 [-0.047 -0.031  0.193]]
----------------------------------------------------------------------------------------
   Cr3   Cr3   ( -1,   1,   1)  0.2722   (-3.294,  3.934,  5.965)  7.868 
J_iso:  0.2722 
[Testing!] DMI: ( 0.0000  0.0019 -0.0015)
[Testing!]J_ani:
[[-0.    -0.016  0.109]
 [-0.016 -0.069  0.194]
 [ 0.109  0.194 -0.45 ]]
----------------------------------------------------------------------------------------
   Cr2   Cr2   (  1,  -1,  -1)  0.3218   ( 3.294, -3.934, -5.965)  7.868 
J_iso:  0.3218 
[Testing!] DMI: (-0.0712  0.0690 -0.0066)
[Testing!]J_ani:
[[-0.018 -0.014 -0.047]
 [-0.014 -0.006 -0.031]
 [-0.047 -0.031  0.193]]
----------------------------------------------------------------------------------------
   Cr3   Cr3   (  1,  -1,  -1)  0.2722   ( 3.294, -3.934, -5.965)  7.868 
J_iso:  0.2722 
[Testing!] DMI: (-0.0000 -0.0019  0.0015)
[Testing!]J_ani:
[[-0.    -0.016  0.109]
 [-0.016 -0.069  0.194]
 [ 0.109  0.194 -0.45 ]]
----------------------------------------------------------------------------------------
   Cr1   Cr1   (  1,  -1,   1)  0.3262   (-3.294, -3.934,  5.965)  7.868 
J_iso:  0.3262 
[Testing!] DMI: ( 0.0407  0.0714 -0.1119)
[Testing!]J_ani:
[[-0.005 -0.009 -0.022]
 [-0.009  0.001 -0.03 ]
 [-0.022 -0.03   0.233]]
----------------------------------------------------------------------------------------
   Cr2   Cr2   (  1,  -1,   1)  0.3260   (-3.294, -3.934,  5.965)  7.868 
J_iso:  0.3260 
[Testing!] DMI: (-0.0414 -0.0712  0.1132)
[Testing!]J_ani:
[[-0.005 -0.008 -0.02 ]
 [-0.008  0.001 -0.032]
 [-0.02  -0.032  0.233]]
----------------------------------------------------------------------------------------
   Cr3   Cr3   (  1,  -1,   1)  0.3319   (-3.294, -3.934,  5.965)  7.868 
J_iso:  0.3319 
[Testing!] DMI: ( 0.0043  0.0015 -0.0002)
[Testing!]J_ani:
[[-0.06  -0.     0.056]
 [-0.    -0.014 -0.003]
 [ 0.056 -0.003 -0.198]]
----------------------------------------------------------------------------------------
   Cr1   Cr3   (  0,   2,   0) -0.0202   ( 5.989,  3.934, -4.311)  8.363 
J_iso: -0.0202 
[Testing!] DMI: (-0.0439  0.0272  0.0207)
[Testing!]J_ani:
[[-0.04   0.002 -0.005]
 [ 0.002  0.018  0.051]
 [-0.005  0.051  1.844]]
----------------------------------------------------------------------------------------
   Cr1   Cr3   (  2,   0,   0)  0.0074   ( 5.989, -3.934, -4.311)  8.363 
J_iso:  0.0074 
[Testing!] DMI: (-0.0011  0.0168 -0.0937)
[Testing!]J_ani:
[[-0.004 -0.016  0.216]
 [-0.016  0.001  0.092]
 [ 0.216  0.092  1.702]]
----------------------------------------------------------------------------------------
   Cr3   Cr1   ( -2,   0,   0)  0.0074   (-5.989,  3.934,  4.311)  8.363 
J_iso:  0.0074 
[Testing!] DMI: ( 0.0011 -0.0168  0.0937)
[Testing!]J_ani:
[[-0.004 -0.016  0.216]
 [-0.016  0.001  0.092]
 [ 0.216  0.092  1.702]]
----------------------------------------------------------------------------------------
   Cr3   Cr1   (  0,  -2,   0) -0.0202   (-5.989, -3.934,  4.311)  8.363 
J_iso: -0.0202 
[Testing!] DMI: ( 0.0439 -0.0272 -0.0207)
[Testing!]J_ani:
[[-0.04   0.002 -0.005]
 [ 0.002  0.018  0.051]
 [-0.005  0.051  1.844]]
----------------------------------------------------------------------------------------
   Cr3   Cr2   ( -1,   1,  -1) -0.0176   ( 5.989,  3.934, -4.311)  8.363 
J_iso: -0.0176 
[Testing!] DMI: ( 0.0450 -0.0255 -0.0150)
[Testing!]J_ani:
[[-0.041  0.002 -0.002]
 [ 0.002  0.018  0.046]
 [-0.002  0.046  1.844]]
----------------------------------------------------------------------------------------
   Cr2   Cr3   ( -1,   1,   1)  0.0061   (-5.989,  3.934,  4.311)  8.363 
J_iso:  0.0061 
[Testing!] DMI: ( 0.0000  0.0151 -0.0922)
[Testing!]J_ani:
[[-0.003 -0.016  0.215]
 [-0.016  0.003  0.092]
 [ 0.215  0.092  1.708]]
----------------------------------------------------------------------------------------
   Cr3   Cr2   (  1,  -1,  -1)  0.0061   ( 5.989, -3.934, -4.311)  8.363 
J_iso:  0.0061 
[Testing!] DMI: (-0.0000 -0.0151  0.0922)
[Testing!]J_ani:
[[-0.003 -0.016  0.215]
 [-0.016  0.003  0.092]
 [ 0.215  0.092  1.708]]
----------------------------------------------------------------------------------------
   Cr2   Cr3   (  1,  -1,   1) -0.0176   (-5.989, -3.934,  4.311)  8.363 
J_iso: -0.0176 
[Testing!] DMI: (-0.0450  0.0255  0.0150)
[Testing!]J_ani:
[[-0.041  0.002 -0.002]
 [ 0.002  0.018  0.046]
 [-0.002  0.046  1.844]]
----------------------------------------------------------------------------------------
   Cr2   Cr3   ( -2,   2,   0) -0.0774   (-2.696,  7.868, -1.654)  8.480 
J_iso: -0.0774 
[Testing!] DMI: (-0.0360 -0.1206  0.0907)
[Testing!]J_ani:
[[ 0.003 -0.004  0.027]
 [-0.004 -0.01   0.068]
 [ 0.027  0.068 -0.921]]
----------------------------------------------------------------------------------------
   Cr3   Cr2   ( -2,   2,   0) -0.0441   ( 2.696,  7.868,  1.654)  8.480 
J_iso: -0.0441 
[Testing!] DMI: (-0.1407  0.0165 -0.0265)
[Testing!]J_ani:
[[-0.019  0.002 -0.016]
 [ 0.002  0.009 -0.056]
 [-0.016 -0.056 -0.906]]
----------------------------------------------------------------------------------------
   Cr2   Cr3   (  2,  -2,   0) -0.0441   (-2.696, -7.868, -1.654)  8.480 
J_iso: -0.0441 
[Testing!] DMI: ( 0.1407 -0.0165  0.0265)
[Testing!]J_ani:
[[-0.019  0.002 -0.016]
 [ 0.002  0.009 -0.056]
 [-0.016 -0.056 -0.906]]
----------------------------------------------------------------------------------------
   Cr3   Cr2   (  2,  -2,   0) -0.0774   ( 2.696, -7.868,  1.654)  8.480 
J_iso: -0.0774 
[Testing!] DMI: ( 0.0360  0.1206 -0.0907)
[Testing!]J_ani:
[[ 0.003 -0.004  0.027]
 [-0.004 -0.01   0.068]
 [ 0.027  0.068 -0.921]]
----------------------------------------------------------------------------------------
   Cr1   Cr3   ( -1,   3,   1) -0.0431   ( 2.696,  7.868,  1.654)  8.480 
J_iso: -0.0431 
[Testing!] DMI: ( 0.1436 -0.0139  0.0247)
[Testing!]J_ani:
[[-0.019  0.002 -0.013]
 [ 0.002  0.009 -0.053]
 [-0.013 -0.053 -0.902]]
----------------------------------------------------------------------------------------
   Cr1   Cr3   (  3,  -1,   1) -0.0731   ( 2.696, -7.868,  1.654)  8.480 
J_iso: -0.0731 
[Testing!] DMI: (-0.0371 -0.1208  0.0921)
[Testing!]J_ani:
[[ 0.002 -0.006  0.031]
 [-0.006 -0.011  0.07 ]
 [ 0.031  0.07  -0.922]]
----------------------------------------------------------------------------------------
   Cr3   Cr1   ( -3,   1,  -1) -0.0731   (-2.696,  7.868, -1.654)  8.480 
J_iso: -0.0731 
[Testing!] DMI: ( 0.0371  0.1208 -0.0921)
[Testing!]J_ani:
[[ 0.002 -0.006  0.031]
 [-0.006 -0.011  0.07 ]
 [ 0.031  0.07  -0.922]]
----------------------------------------------------------------------------------------
   Cr3   Cr1   (  1,  -3,  -1) -0.0431   (-2.696, -7.868, -1.654)  8.480 
J_iso: -0.0431 
[Testing!] DMI: (-0.1436  0.0139 -0.0247)
[Testing!]J_ani:
[[-0.019  0.002 -0.013]
 [ 0.002  0.009 -0.053]
 [-0.013 -0.053 -0.902]]
----------------------------------------------------------------------------------------
   Cr2   Cr3   ( -1,   1,  -1) -0.2555   ( 0.598,  3.934, -7.619)  8.596 
J_iso: -0.2555 
[Testing!] DMI: (-0.0166  0.0470  0.0479)
[Testing!]J_ani:
[[ 0.003 -0.001 -0.044]
 [-0.001 -0.006 -0.039]
 [-0.044 -0.039  0.438]]
----------------------------------------------------------------------------------------
   Cr3   Cr2   ( -1,   1,   1) -0.2328   (-0.598,  3.934,  7.619)  8.596 
J_iso: -0.2328 
[Testing!] DMI: (-0.0352  0.0597  0.0668)
[Testing!]J_ani:
[[-0.     0.004 -0.084]
 [ 0.004 -0.002 -0.033]
 [-0.084 -0.033  0.39 ]]
----------------------------------------------------------------------------------------
   Cr2   Cr3   (  1,  -1,  -1) -0.2328   ( 0.598, -3.934, -7.619)  8.596 
J_iso: -0.2328 
[Testing!] DMI: ( 0.0352 -0.0597 -0.0668)
[Testing!]J_ani:
[[-0.     0.004 -0.084]
 [ 0.004 -0.002 -0.033]
 [-0.084 -0.033  0.39 ]]
----------------------------------------------------------------------------------------
   Cr3   Cr2   (  1,  -1,   1) -0.2555   (-0.598, -3.934,  7.619)  8.596 
J_iso: -0.2555 
[Testing!] DMI: ( 0.0166 -0.0470 -0.0479)
[Testing!]J_ani:
[[ 0.003 -0.001 -0.044]
 [-0.001 -0.006 -0.039]
 [-0.044 -0.039  0.438]]
----------------------------------------------------------------------------------------
   Cr1   Cr3   (  0,   2,   2) -0.2318   (-0.598,  3.934,  7.619)  8.596 
J_iso: -0.2318 
[Testing!] DMI: ( 0.0414 -0.0620 -0.0660)
[Testing!]J_ani:
[[ 0.     0.004 -0.086]
 [ 0.004 -0.003 -0.033]
 [-0.086 -0.033  0.384]]
----------------------------------------------------------------------------------------
   Cr1   Cr3   (  2,   0,   2) -0.2546   (-0.598, -3.934,  7.619)  8.596 
J_iso: -0.2546 
[Testing!] DMI: (-0.0151  0.0455  0.0471)
[Testing!]J_ani:
[[ 0.003 -0.    -0.043]
 [-0.    -0.006 -0.039]
 [-0.043 -0.039  0.431]]
----------------------------------------------------------------------------------------
   Cr3   Cr1   ( -2,   0,  -2) -0.2546   ( 0.598,  3.934, -7.619)  8.596 
J_iso: -0.2546 
[Testing!] DMI: ( 0.0151 -0.0455 -0.0471)
[Testing!]J_ani:
[[ 0.003 -0.    -0.043]
 [-0.    -0.006 -0.039]
 [-0.043 -0.039  0.431]]
----------------------------------------------------------------------------------------
   Cr3   Cr1   (  0,  -2,  -2) -0.2318   ( 0.598, -3.934, -7.619)  8.596 
J_iso: -0.2318 
[Testing!] DMI: (-0.0414  0.0620  0.0660)
[Testing!]J_ani:
[[ 0.     0.004 -0.086]
 [ 0.004 -0.003 -0.033]
 [-0.086 -0.033  0.384]]
----------------------------------------------------------------------------------------
   Cr1   Cr2   (  0,   0,  -1) -0.2582   (-2.117,  0.000, -8.622)  8.878 
J_iso: -0.2582 
[Testing!] DMI: ( 0.0019 -0.0007 -0.0019)
[Testing!]J_ani:
[[-0.004 -0.008 -0.089]
 [-0.008 -0.024 -0.097]
 [-0.089 -0.097 -1.269]]
----------------------------------------------------------------------------------------
   Cr2   Cr1   (  0,   0,   1) -0.2582   ( 2.117, -0.000,  8.622)  8.878 
J_iso: -0.2582 
[Testing!] DMI: (-0.0019  0.0007  0.0019)
[Testing!]J_ani:
[[-0.004 -0.008 -0.089]
 [-0.008 -0.024 -0.097]
 [-0.089 -0.097 -1.269]]
