==========================================================================================
Information: 
Exchange parameters generated by TB2J 0.9.0.1
Generation time: 25/02/12 04:22:45
 Input from collinear Wannier90 data.
 Tight binding data from ./. 
 Prefix of wannier function files:wannier90.up and wannier90.dn.
Warning: Please check if the noise level of Wannier function Hamiltonian to make sure it is much smaller than the exchange values.

==========================================================================================
Cell (Angstrom):
3.94999970  -6.84160086  0.00000000
3.94999970  6.84160086  0.00000000
0.00000000  0.00000000  6.20000000

==========================================================================================
Atoms:  
(Note: charge and magmoms only count the wannier functions.)
Atom number        x             y             z       w_charge  w_magmom 
Cr1             0.00000000    0.00000000    3.10000000    4.8929    3.8177
Cr2             3.94999970    0.00000000    0.00000000    4.7761    3.5798
Cr3             1.97499985   -3.42080043    0.00000000    4.7762    3.5797
Cr4             1.97499985    3.42080043    0.00000000    4.7763    3.5797
Cr5             0.00000000    0.00000000    0.00000000    4.8084    3.6281
Te1             3.94999970   -2.28053362    1.51519603    5.5071    0.3663
Te2             3.94999970    2.28053362    4.68480397    5.5071    0.3663
Te3             1.99875408    1.15398132    1.54564505    4.8264   -0.2994
Te4             5.90124532   -1.15398132    4.65435495    4.8267   -0.2996
Te5             5.90124532    1.15398132    1.54564505    4.8263   -0.2993
Te6             3.94999970   -4.53363822    4.65435495    4.8270   -0.2998
Te7             1.99875408   -1.15398132    4.65435495    4.8265   -0.2995
Te8             3.94999970    4.53363822    1.54564505    4.8271   -0.2999
Total                                                    64.0040   17.1202

==========================================================================================
Orbitals used in decomposition: 
The name of the orbitals for the decomposition: 
Cr1 : ['orb_1', 'orb_2', 'orb_3', 'orb_4', 'orb_5']
Cr2 : ['orb_1', 'orb_2', 'orb_3', 'orb_4', 'orb_5']
Cr3 : ['orb_1', 'orb_2', 'orb_3', 'orb_4', 'orb_5']
Cr4 : ['orb_1', 'orb_2', 'orb_3', 'orb_4', 'orb_5']
Cr5 : ['orb_1', 'orb_2', 'orb_3', 'orb_4', 'orb_5']

==========================================================================================
Exchange: 
    i      j          R        J_iso(meV)          vector          distance(A) 
----------------------------------------------------------------------------------------
   Cr5   Cr1   (  0,   0,  -1) -0.8560   ( 0.000,  0.000, -3.100)  3.100 
J_iso: -0.8560 
----------------------------------------------------------------------------------------
   Cr1   Cr5   (  0,   0,   0) -0.8521   ( 0.000,  0.000, -3.100)  3.100 
J_iso: -0.8521 
----------------------------------------------------------------------------------------
   Cr5   Cr1   (  0,   0,   0) -0.8521   ( 0.000,  0.000,  3.100)  3.100 
J_iso: -0.8521 
----------------------------------------------------------------------------------------
   Cr1   Cr5   (  0,   0,   1) -0.8560   ( 0.000,  0.000,  3.100)  3.100 
J_iso: -0.8560 
----------------------------------------------------------------------------------------
   Cr5   Cr2   ( -1,  -1,   0)  7.7501   (-3.950,  0.000,  0.000)  3.950 
J_iso:  7.7501 
----------------------------------------------------------------------------------------
   Cr4   Cr3   ( -1,   0,   0)  3.6304   (-3.950,  0.000,  0.000)  3.950 
J_iso:  3.6304 
----------------------------------------------------------------------------------------
   Cr3   Cr4   (  0,  -1,   0)  3.6318   (-3.950,  0.000,  0.000)  3.950 
J_iso:  3.6318 
----------------------------------------------------------------------------------------
   Cr2   Cr5   (  0,   0,   0)  7.7530   (-3.950,  0.000,  0.000)  3.950 
J_iso:  7.7530 
----------------------------------------------------------------------------------------
   Cr5   Cr2   (  0,   0,   0)  7.7530   ( 3.950,  0.000,  0.000)  3.950 
J_iso:  7.7530 
----------------------------------------------------------------------------------------
   Cr2   Cr5   (  1,   1,   0)  7.7501   ( 3.950,  0.000,  0.000)  3.950 
J_iso:  7.7501 
----------------------------------------------------------------------------------------
   Cr4   Cr3   (  0,   1,   0)  3.6318   ( 3.950,  0.000,  0.000)  3.950 
J_iso:  3.6318 
----------------------------------------------------------------------------------------
   Cr3   Cr4   (  1,   0,   0)  3.6304   ( 3.950,  0.000,  0.000)  3.950 
J_iso:  3.6304 
----------------------------------------------------------------------------------------
   Cr4   Cr2   ( -1,   0,   0)  3.6562   (-1.975,  3.421,  0.000)  3.950 
J_iso:  3.6562 
----------------------------------------------------------------------------------------
   Cr5   Cr3   ( -1,   0,   0)  7.7585   (-1.975,  3.421,  0.000)  3.950 
J_iso:  7.7585 
----------------------------------------------------------------------------------------
   Cr3   Cr2   (  0,  -1,   0)  3.6566   (-1.975, -3.421,  0.000)  3.950 
J_iso:  3.6566 
----------------------------------------------------------------------------------------
   Cr5   Cr4   (  0,  -1,   0)  7.7503   (-1.975, -3.421,  0.000)  3.950 
J_iso:  7.7503 
----------------------------------------------------------------------------------------
   Cr2   Cr3   (  0,   0,   0)  3.6550   (-1.975, -3.421,  0.000)  3.950 
J_iso:  3.6550 
----------------------------------------------------------------------------------------
   Cr2   Cr4   (  0,   0,   0)  3.6573   (-1.975,  3.421,  0.000)  3.950 
J_iso:  3.6573 
----------------------------------------------------------------------------------------
   Cr3   Cr2   (  0,   0,   0)  3.6550   ( 1.975,  3.421,  0.000)  3.950 
J_iso:  3.6550 
----------------------------------------------------------------------------------------
   Cr3   Cr5   (  0,   0,   0)  7.7588   (-1.975,  3.421,  0.000)  3.950 
J_iso:  7.7588 
----------------------------------------------------------------------------------------
   Cr4   Cr2   (  0,   0,   0)  3.6573   ( 1.975, -3.421,  0.000)  3.950 
J_iso:  3.6573 
----------------------------------------------------------------------------------------
   Cr4   Cr5   (  0,   0,   0)  7.7528   (-1.975, -3.421,  0.000)  3.950 
J_iso:  7.7528 
----------------------------------------------------------------------------------------
   Cr5   Cr3   (  0,   0,   0)  7.7588   ( 1.975, -3.421,  0.000)  3.950 
J_iso:  7.7588 
----------------------------------------------------------------------------------------
   Cr5   Cr4   (  0,   0,   0)  7.7528   ( 1.975,  3.421,  0.000)  3.950 
J_iso:  7.7528 
----------------------------------------------------------------------------------------
   Cr2   Cr3   (  0,   1,   0)  3.6566   ( 1.975,  3.421,  0.000)  3.950 
J_iso:  3.6566 
----------------------------------------------------------------------------------------
   Cr4   Cr5   (  0,   1,   0)  7.7503   ( 1.975,  3.421,  0.000)  3.950 
J_iso:  7.7503 
----------------------------------------------------------------------------------------
   Cr2   Cr4   (  1,   0,   0)  3.6562   ( 1.975, -3.421,  0.000)  3.950 
J_iso:  3.6562 
----------------------------------------------------------------------------------------
   Cr3   Cr5   (  1,   0,   0)  7.7585   ( 1.975, -3.421,  0.000)  3.950 
J_iso:  7.7585 
----------------------------------------------------------------------------------------
   Cr1   Cr2   ( -1,  -1,   0)  4.8880   (-3.950,  0.000, -3.100)  5.021 
J_iso:  4.8880 
----------------------------------------------------------------------------------------
   Cr2   Cr1   (  0,   0,  -1)  4.8853   (-3.950,  0.000, -3.100)  5.021 
J_iso:  4.8853 
----------------------------------------------------------------------------------------
   Cr1   Cr2   (  0,   0,   0)  4.8811   ( 3.950,  0.000, -3.100)  5.021 
J_iso:  4.8811 
----------------------------------------------------------------------------------------
   Cr2   Cr1   (  0,   0,   0)  4.8811   (-3.950,  0.000,  3.100)  5.021 
J_iso:  4.8811 
----------------------------------------------------------------------------------------
   Cr1   Cr2   (  0,   0,   1)  4.8853   ( 3.950,  0.000,  3.100)  5.021 
J_iso:  4.8853 
----------------------------------------------------------------------------------------
   Cr2   Cr1   (  1,   1,   0)  4.8880   ( 3.950,  0.000,  3.100)  5.021 
J_iso:  4.8880 
----------------------------------------------------------------------------------------
   Cr1   Cr2   ( -1,  -1,   1)  4.8826   (-3.950,  0.000,  3.100)  5.021 
J_iso:  4.8826 
----------------------------------------------------------------------------------------
   Cr2   Cr1   (  1,   1,  -1)  4.8826   ( 3.950,  0.000, -3.100)  5.021 
J_iso:  4.8826 
----------------------------------------------------------------------------------------
   Cr1   Cr3   ( -1,   0,   0)  4.8804   (-1.975,  3.421, -3.100)  5.021 
J_iso:  4.8804 
----------------------------------------------------------------------------------------
   Cr1   Cr4   (  0,  -1,   0)  4.8791   (-1.975, -3.421, -3.100)  5.021 
J_iso:  4.8791 
----------------------------------------------------------------------------------------
   Cr3   Cr1   (  0,   0,  -1)  4.8784   (-1.975,  3.421, -3.100)  5.021 
J_iso:  4.8784 
----------------------------------------------------------------------------------------
   Cr4   Cr1   (  0,   0,  -1)  4.8809   (-1.975, -3.421, -3.100)  5.021 
J_iso:  4.8809 
----------------------------------------------------------------------------------------
   Cr1   Cr3   (  0,   0,   0)  4.8820   ( 1.975, -3.421, -3.100)  5.021 
J_iso:  4.8820 
----------------------------------------------------------------------------------------
   Cr1   Cr4   (  0,   0,   0)  4.8772   ( 1.975,  3.421, -3.100)  5.021 
J_iso:  4.8772 
----------------------------------------------------------------------------------------
   Cr3   Cr1   (  0,   0,   0)  4.8820   (-1.975,  3.421,  3.100)  5.021 
J_iso:  4.8820 
----------------------------------------------------------------------------------------
   Cr4   Cr1   (  0,   0,   0)  4.8772   (-1.975, -3.421,  3.100)  5.021 
J_iso:  4.8772 
----------------------------------------------------------------------------------------
   Cr1   Cr3   (  0,   0,   1)  4.8784   ( 1.975, -3.421,  3.100)  5.021 
J_iso:  4.8784 
----------------------------------------------------------------------------------------
   Cr1   Cr4   (  0,   0,   1)  4.8809   ( 1.975,  3.421,  3.100)  5.021 
J_iso:  4.8809 
----------------------------------------------------------------------------------------
   Cr4   Cr1   (  0,   1,   0)  4.8791   ( 1.975,  3.421,  3.100)  5.021 
J_iso:  4.8791 
----------------------------------------------------------------------------------------
   Cr3   Cr1   (  1,   0,   0)  4.8804   ( 1.975, -3.421,  3.100)  5.021 
J_iso:  4.8804 
----------------------------------------------------------------------------------------
   Cr1   Cr3   ( -1,   0,   1)  4.8802   (-1.975,  3.421,  3.100)  5.021 
J_iso:  4.8802 
----------------------------------------------------------------------------------------
   Cr1   Cr4   (  0,  -1,   1)  4.8800   (-1.975, -3.421,  3.100)  5.021 
J_iso:  4.8800 
----------------------------------------------------------------------------------------
   Cr4   Cr1   (  0,   1,  -1)  4.8800   ( 1.975,  3.421, -3.100)  5.021 
J_iso:  4.8800 
----------------------------------------------------------------------------------------
   Cr3   Cr1   (  1,   0,  -1)  4.8802   ( 1.975, -3.421, -3.100)  5.021 
J_iso:  4.8802 
----------------------------------------------------------------------------------------
   Cr1   Cr1   (  0,   0,  -1)  0.9344   ( 0.000,  0.000, -6.200)  6.200 
J_iso:  0.9344 
----------------------------------------------------------------------------------------
   Cr2   Cr2   (  0,   0,  -1)  0.4407   ( 0.000,  0.000, -6.200)  6.200 
J_iso:  0.4407 
----------------------------------------------------------------------------------------
   Cr3   Cr3   (  0,   0,  -1)  0.4413   ( 0.000,  0.000, -6.200)  6.200 
J_iso:  0.4413 
----------------------------------------------------------------------------------------
   Cr4   Cr4   (  0,   0,  -1)  0.4406   ( 0.000,  0.000, -6.200)  6.200 
J_iso:  0.4406 
----------------------------------------------------------------------------------------
   Cr5   Cr5   (  0,   0,  -1)  1.3925   ( 0.000,  0.000, -6.200)  6.200 
J_iso:  1.3925 
----------------------------------------------------------------------------------------
   Cr2   Cr2   (  0,   0,   1)  0.4407   ( 0.000,  0.000,  6.200)  6.200 
J_iso:  0.4407 
----------------------------------------------------------------------------------------
   Cr3   Cr3   (  0,   0,   1)  0.4413   ( 0.000,  0.000,  6.200)  6.200 
J_iso:  0.4413 
----------------------------------------------------------------------------------------
   Cr4   Cr4   (  0,   0,   1)  0.4406   ( 0.000,  0.000,  6.200)  6.200 
J_iso:  0.4406 
----------------------------------------------------------------------------------------
   Cr5   Cr5   (  0,   0,   1)  1.3925   ( 0.000,  0.000,  6.200)  6.200 
J_iso:  1.3925 
----------------------------------------------------------------------------------------
   Cr1   Cr1   (  0,   0,   1)  0.9344   ( 0.000,  0.000,  6.200)  6.200 
J_iso:  0.9344 
----------------------------------------------------------------------------------------
   Cr3   Cr2   ( -1,  -1,   0)  0.6818   (-5.925,  3.421,  0.000)  6.842 
J_iso:  0.6818 
----------------------------------------------------------------------------------------
   Cr4   Cr2   ( -1,  -1,   0)  0.6809   (-5.925, -3.421,  0.000)  6.842 
J_iso:  0.6809 
----------------------------------------------------------------------------------------
   Cr5   Cr3   ( -1,  -1,   0)  0.5555   (-5.925, -3.421,  0.000)  6.842 
J_iso:  0.5555 
----------------------------------------------------------------------------------------
   Cr5   Cr4   ( -1,  -1,   0)  0.5564   (-5.925,  3.421,  0.000)  6.842 
J_iso:  0.5564 
----------------------------------------------------------------------------------------
   Cr2   Cr3   ( -1,   0,   0)  0.6814   (-5.925,  3.421,  0.000)  6.842 
J_iso:  0.6814 
----------------------------------------------------------------------------------------
   Cr4   Cr5   ( -1,   0,   0)  0.5569   (-5.925,  3.421,  0.000)  6.842 
J_iso:  0.5569 
----------------------------------------------------------------------------------------
   Cr2   Cr4   (  0,  -1,   0)  0.6810   (-5.925, -3.421,  0.000)  6.842 
J_iso:  0.6810 
----------------------------------------------------------------------------------------
   Cr3   Cr5   (  0,  -1,   0)  0.5556   (-5.925, -3.421,  0.000)  6.842 
J_iso:  0.5556 
----------------------------------------------------------------------------------------
   Cr4   Cr2   (  0,   1,   0)  0.6810   ( 5.925,  3.421,  0.000)  6.842 
J_iso:  0.6810 
----------------------------------------------------------------------------------------
   Cr5   Cr3   (  0,   1,   0)  0.5556   ( 5.925,  3.421,  0.000)  6.842 
J_iso:  0.5556 
----------------------------------------------------------------------------------------
   Cr3   Cr2   (  1,   0,   0)  0.6814   ( 5.925, -3.421,  0.000)  6.842 
J_iso:  0.6814 
----------------------------------------------------------------------------------------
   Cr5   Cr4   (  1,   0,   0)  0.5569   ( 5.925, -3.421,  0.000)  6.842 
J_iso:  0.5569 
----------------------------------------------------------------------------------------
   Cr3   Cr5   (  1,   1,   0)  0.5555   ( 5.925,  3.421,  0.000)  6.842 
J_iso:  0.5555 
----------------------------------------------------------------------------------------
   Cr4   Cr5   (  1,   1,   0)  0.5564   ( 5.925, -3.421,  0.000)  6.842 
J_iso:  0.5564 
----------------------------------------------------------------------------------------
   Cr2   Cr3   (  1,   1,   0)  0.6818   ( 5.925, -3.421,  0.000)  6.842 
J_iso:  0.6818 
----------------------------------------------------------------------------------------
   Cr2   Cr4   (  1,   1,   0)  0.6809   ( 5.925,  3.421,  0.000)  6.842 
J_iso:  0.6809 
----------------------------------------------------------------------------------------
   Cr3   Cr4   (  1,  -1,   0)  0.6801   ( 0.000, -6.842,  0.000)  6.842 
J_iso:  0.6801 
----------------------------------------------------------------------------------------
   Cr4   Cr3   ( -1,   1,   0)  0.6801   ( 0.000,  6.842,  0.000)  6.842 
J_iso:  0.6801 
----------------------------------------------------------------------------------------
   Cr5   Cr2   ( -1,   0,   0)  0.5609   ( 0.000,  6.842,  0.000)  6.842 
J_iso:  0.5609 
----------------------------------------------------------------------------------------
   Cr5   Cr2   (  0,  -1,   0)  0.5602   ( 0.000, -6.842,  0.000)  6.842 
J_iso:  0.5602 
----------------------------------------------------------------------------------------
   Cr3   Cr4   (  0,   0,   0)  0.6798   ( 0.000,  6.842,  0.000)  6.842 
J_iso:  0.6798 
----------------------------------------------------------------------------------------
   Cr4   Cr3   (  0,   0,   0)  0.6798   ( 0.000, -6.842,  0.000)  6.842 
J_iso:  0.6798 
----------------------------------------------------------------------------------------
   Cr2   Cr5   (  0,   1,   0)  0.5602   ( 0.000,  6.842,  0.000)  6.842 
J_iso:  0.5602 
----------------------------------------------------------------------------------------
   Cr2   Cr5   (  1,   0,   0)  0.5609   ( 0.000, -6.842,  0.000)  6.842 
J_iso:  0.5609 
----------------------------------------------------------------------------------------
   Cr2   Cr5   (  0,   0,  -1) -0.1626   (-3.950,  0.000, -6.200)  7.351 
J_iso: -0.1626 
----------------------------------------------------------------------------------------
   Cr5   Cr2   (  0,   0,  -1) -0.1610   ( 3.950,  0.000, -6.200)  7.351 
J_iso: -0.1610 
----------------------------------------------------------------------------------------
   Cr2   Cr5   (  0,   0,   1) -0.1610   (-3.950,  0.000,  6.200)  7.351 
J_iso: -0.1610 
----------------------------------------------------------------------------------------
   Cr5   Cr2   (  0,   0,   1) -0.1626   ( 3.950,  0.000,  6.200)  7.351 
J_iso: -0.1626 
----------------------------------------------------------------------------------------
   Cr5   Cr2   ( -1,  -1,   1) -0.1618   (-3.950,  0.000,  6.200)  7.351 
J_iso: -0.1618 
----------------------------------------------------------------------------------------
   Cr4   Cr3   ( -1,   0,   1)  0.2315   (-3.950,  0.000,  6.200)  7.351 
J_iso:  0.2315 
----------------------------------------------------------------------------------------
   Cr3   Cr4   (  0,  -1,   1)  0.2310   (-3.950,  0.000,  6.200)  7.351 
J_iso:  0.2310 
----------------------------------------------------------------------------------------
   Cr4   Cr3   (  0,   1,   1)  0.2310   ( 3.950,  0.000,  6.200)  7.351 
J_iso:  0.2310 
----------------------------------------------------------------------------------------
   Cr3   Cr4   (  1,   0,   1)  0.2310   ( 3.950,  0.000,  6.200)  7.351 
J_iso:  0.2310 
----------------------------------------------------------------------------------------
   Cr4   Cr3   (  0,   1,  -1)  0.2310   ( 3.950,  0.000, -6.200)  7.351 
J_iso:  0.2310 
----------------------------------------------------------------------------------------
   Cr3   Cr4   (  1,   0,  -1)  0.2315   ( 3.950,  0.000, -6.200)  7.351 
J_iso:  0.2315 
----------------------------------------------------------------------------------------
   Cr2   Cr5   (  1,   1,  -1) -0.1618   ( 3.950,  0.000, -6.200)  7.351 
J_iso: -0.1618 
----------------------------------------------------------------------------------------
   Cr2   Cr5   (  1,   1,   1) -0.1617   ( 3.950,  0.000,  6.200)  7.351 
J_iso: -0.1617 
----------------------------------------------------------------------------------------
   Cr3   Cr4   (  0,  -1,  -1)  0.2310   (-3.950,  0.000, -6.200)  7.351 
J_iso:  0.2310 
----------------------------------------------------------------------------------------
   Cr4   Cr3   ( -1,   0,  -1)  0.2310   (-3.950,  0.000, -6.200)  7.351 
J_iso:  0.2310 
----------------------------------------------------------------------------------------
   Cr5   Cr2   ( -1,  -1,  -1) -0.1617   (-3.950,  0.000, -6.200)  7.351 
J_iso: -0.1617 
----------------------------------------------------------------------------------------
   Cr2   Cr3   (  0,   0,  -1)  0.2281   (-1.975, -3.421, -6.200)  7.351 
J_iso:  0.2281 
----------------------------------------------------------------------------------------
   Cr2   Cr4   (  0,   0,  -1)  0.2313   (-1.975,  3.421, -6.200)  7.351 
J_iso:  0.2313 
----------------------------------------------------------------------------------------
   Cr3   Cr2   (  0,   0,  -1)  0.2305   ( 1.975,  3.421, -6.200)  7.351 
J_iso:  0.2305 
----------------------------------------------------------------------------------------
   Cr3   Cr5   (  0,   0,  -1) -0.1627   (-1.975,  3.421, -6.200)  7.351 
J_iso: -0.1627 
----------------------------------------------------------------------------------------
   Cr4   Cr2   (  0,   0,  -1)  0.2275   ( 1.975, -3.421, -6.200)  7.351 
J_iso:  0.2275 
----------------------------------------------------------------------------------------
   Cr4   Cr5   (  0,   0,  -1) -0.1618   (-1.975, -3.421, -6.200)  7.351 
J_iso: -0.1618 
----------------------------------------------------------------------------------------
   Cr5   Cr3   (  0,   0,  -1) -0.1618   ( 1.975, -3.421, -6.200)  7.351 
J_iso: -0.1618 
----------------------------------------------------------------------------------------
   Cr5   Cr4   (  0,   0,  -1) -0.1625   ( 1.975,  3.421, -6.200)  7.351 
J_iso: -0.1625 
----------------------------------------------------------------------------------------
   Cr2   Cr3   (  0,   0,   1)  0.2305   (-1.975, -3.421,  6.200)  7.351 
J_iso:  0.2305 
----------------------------------------------------------------------------------------
   Cr2   Cr4   (  0,   0,   1)  0.2275   (-1.975,  3.421,  6.200)  7.351 
J_iso:  0.2275 
----------------------------------------------------------------------------------------
   Cr3   Cr2   (  0,   0,   1)  0.2281   ( 1.975,  3.421,  6.200)  7.351 
J_iso:  0.2281 
----------------------------------------------------------------------------------------
   Cr3   Cr5   (  0,   0,   1) -0.1618   (-1.975,  3.421,  6.200)  7.351 
J_iso: -0.1618 
----------------------------------------------------------------------------------------
   Cr4   Cr2   (  0,   0,   1)  0.2313   ( 1.975, -3.421,  6.200)  7.351 
J_iso:  0.2313 
----------------------------------------------------------------------------------------
   Cr4   Cr5   (  0,   0,   1) -0.1625   (-1.975, -3.421,  6.200)  7.351 
J_iso: -0.1625 
----------------------------------------------------------------------------------------
   Cr5   Cr3   (  0,   0,   1) -0.1627   ( 1.975, -3.421,  6.200)  7.351 
J_iso: -0.1627 
----------------------------------------------------------------------------------------
   Cr5   Cr4   (  0,   0,   1) -0.1618   ( 1.975,  3.421,  6.200)  7.351 
J_iso: -0.1618 
----------------------------------------------------------------------------------------
   Cr4   Cr2   ( -1,   0,   1)  0.2279   (-1.975,  3.421,  6.200)  7.351 
J_iso:  0.2279 
----------------------------------------------------------------------------------------
   Cr5   Cr3   ( -1,   0,   1) -0.1614   (-1.975,  3.421,  6.200)  7.351 
J_iso: -0.1614 
----------------------------------------------------------------------------------------
   Cr3   Cr2   (  0,  -1,   1)  0.2312   (-1.975, -3.421,  6.200)  7.351 
J_iso:  0.2312 
----------------------------------------------------------------------------------------
   Cr5   Cr4   (  0,  -1,   1) -0.1626   (-1.975, -3.421,  6.200)  7.351 
J_iso: -0.1626 
----------------------------------------------------------------------------------------
   Cr2   Cr3   (  0,   1,   1)  0.2273   ( 1.975,  3.421,  6.200)  7.351 
J_iso:  0.2273 
----------------------------------------------------------------------------------------
   Cr4   Cr5   (  0,   1,   1) -0.1624   ( 1.975,  3.421,  6.200)  7.351 
J_iso: -0.1624 
----------------------------------------------------------------------------------------
   Cr2   Cr4   (  1,   0,   1)  0.2311   ( 1.975, -3.421,  6.200)  7.351 
J_iso:  0.2311 
----------------------------------------------------------------------------------------
   Cr3   Cr5   (  1,   0,   1) -0.1634   ( 1.975, -3.421,  6.200)  7.351 
J_iso: -0.1634 
----------------------------------------------------------------------------------------
   Cr2   Cr3   (  0,   1,  -1)  0.2312   ( 1.975,  3.421, -6.200)  7.351 
J_iso:  0.2312 
----------------------------------------------------------------------------------------
   Cr4   Cr5   (  0,   1,  -1) -0.1626   ( 1.975,  3.421, -6.200)  7.351 
J_iso: -0.1626 
----------------------------------------------------------------------------------------
   Cr2   Cr4   (  1,   0,  -1)  0.2279   ( 1.975, -3.421, -6.200)  7.351 
J_iso:  0.2279 
----------------------------------------------------------------------------------------
   Cr3   Cr5   (  1,   0,  -1) -0.1614   ( 1.975, -3.421, -6.200)  7.351 
J_iso: -0.1614 
----------------------------------------------------------------------------------------
   Cr3   Cr2   (  0,  -1,  -1)  0.2273   (-1.975, -3.421, -6.200)  7.351 
J_iso:  0.2273 
----------------------------------------------------------------------------------------
   Cr5   Cr4   (  0,  -1,  -1) -0.1624   (-1.975, -3.421, -6.200)  7.351 
J_iso: -0.1624 
----------------------------------------------------------------------------------------
   Cr4   Cr2   ( -1,   0,  -1)  0.2311   (-1.975,  3.421, -6.200)  7.351 
J_iso:  0.2311 
----------------------------------------------------------------------------------------
   Cr5   Cr3   ( -1,   0,  -1) -0.1634   (-1.975,  3.421, -6.200)  7.351 
J_iso: -0.1634 
----------------------------------------------------------------------------------------
   Cr1   Cr3   ( -1,  -1,   0) -0.2641   (-5.925, -3.421, -3.100)  7.511 
J_iso: -0.2641 
----------------------------------------------------------------------------------------
   Cr1   Cr4   ( -1,  -1,   0)  1.0808   (-5.925,  3.421, -3.100)  7.511 
J_iso:  1.0808 
----------------------------------------------------------------------------------------
   Cr4   Cr1   ( -1,   0,   0) -0.2646   (-5.925,  3.421,  3.100)  7.511 
J_iso: -0.2646 
----------------------------------------------------------------------------------------
   Cr3   Cr1   (  0,  -1,   0)  1.0824   (-5.925, -3.421,  3.100)  7.511 
J_iso:  1.0824 
----------------------------------------------------------------------------------------
   Cr1   Cr3   (  0,   1,   0)  1.0824   ( 5.925,  3.421, -3.100)  7.511 
J_iso:  1.0824 
----------------------------------------------------------------------------------------
   Cr1   Cr4   (  1,   0,   0) -0.2646   ( 5.925, -3.421, -3.100)  7.511 
J_iso: -0.2646 
----------------------------------------------------------------------------------------
   Cr3   Cr1   (  1,   1,   0) -0.2641   ( 5.925,  3.421,  3.100)  7.511 
J_iso: -0.2641 
----------------------------------------------------------------------------------------
   Cr4   Cr1   (  1,   1,   0)  1.0808   ( 5.925, -3.421,  3.100)  7.511 
J_iso:  1.0808 
----------------------------------------------------------------------------------------
   Cr1   Cr3   ( -1,  -1,   1)  1.0815   (-5.925, -3.421,  3.100)  7.511 
J_iso:  1.0815 
----------------------------------------------------------------------------------------
   Cr1   Cr4   ( -1,  -1,   1) -0.2637   (-5.925,  3.421,  3.100)  7.511 
J_iso: -0.2637 
----------------------------------------------------------------------------------------
   Cr1   Cr3   (  0,   1,   1) -0.2641   ( 5.925,  3.421,  3.100)  7.511 
J_iso: -0.2641 
----------------------------------------------------------------------------------------
   Cr1   Cr4   (  1,   0,   1)  1.0810   ( 5.925, -3.421,  3.100)  7.511 
J_iso:  1.0810 
----------------------------------------------------------------------------------------
   Cr3   Cr1   (  1,   1,  -1)  1.0815   ( 5.925,  3.421, -3.100)  7.511 
J_iso:  1.0815 
----------------------------------------------------------------------------------------
   Cr4   Cr1   (  1,   1,  -1) -0.2637   ( 5.925, -3.421, -3.100)  7.511 
J_iso: -0.2637 
----------------------------------------------------------------------------------------
   Cr3   Cr1   (  0,  -1,  -1) -0.2641   (-5.925, -3.421, -3.100)  7.511 
J_iso: -0.2641 
----------------------------------------------------------------------------------------
   Cr4   Cr1   ( -1,   0,  -1)  1.0810   (-5.925,  3.421, -3.100)  7.511 
J_iso:  1.0810 
----------------------------------------------------------------------------------------
   Cr1   Cr2   ( -1,   0,   0) -0.2608   ( 0.000,  6.842, -3.100)  7.511 
J_iso: -0.2608 
----------------------------------------------------------------------------------------
   Cr1   Cr2   (  0,  -1,   0)  1.0794   ( 0.000, -6.842, -3.100)  7.511 
J_iso:  1.0794 
----------------------------------------------------------------------------------------
   Cr2   Cr1   (  0,   1,   0)  1.0794   ( 0.000,  6.842,  3.100)  7.511 
J_iso:  1.0794 
----------------------------------------------------------------------------------------
   Cr2   Cr1   (  1,   0,   0) -0.2608   ( 0.000, -6.842,  3.100)  7.511 
J_iso: -0.2608 
----------------------------------------------------------------------------------------
   Cr1   Cr2   ( -1,   0,   1)  1.0807   ( 0.000,  6.842,  3.100)  7.511 
J_iso:  1.0807 
----------------------------------------------------------------------------------------
   Cr1   Cr2   (  0,  -1,   1) -0.2610   ( 0.000, -6.842,  3.100)  7.511 
J_iso: -0.2610 
----------------------------------------------------------------------------------------
   Cr2   Cr1   (  0,   1,  -1) -0.2610   ( 0.000,  6.842, -3.100)  7.511 
J_iso: -0.2610 
----------------------------------------------------------------------------------------
   Cr2   Cr1   (  1,   0,  -1)  1.0807   ( 0.000, -6.842, -3.100)  7.511 
J_iso:  1.0807 
----------------------------------------------------------------------------------------
   Cr1   Cr1   ( -1,  -1,   0)  1.2818   (-7.900,  0.000,  0.000)  7.900 
J_iso:  1.2818 
----------------------------------------------------------------------------------------
   Cr2   Cr2   ( -1,  -1,   0) -0.4659   (-7.900,  0.000,  0.000)  7.900 
J_iso: -0.4659 
----------------------------------------------------------------------------------------
   Cr3   Cr3   ( -1,  -1,   0) -0.6553   (-7.900,  0.000,  0.000)  7.900 
J_iso: -0.6553 
----------------------------------------------------------------------------------------
   Cr4   Cr4   ( -1,  -1,   0) -0.6547   (-7.900,  0.000,  0.000)  7.900 
J_iso: -0.6547 
----------------------------------------------------------------------------------------
   Cr5   Cr5   ( -1,  -1,   0) -0.7983   (-7.900,  0.000,  0.000)  7.900 
J_iso: -0.7983 
----------------------------------------------------------------------------------------
   Cr1   Cr1   (  1,   1,   0)  1.2818   ( 7.900,  0.000,  0.000)  7.900 
J_iso:  1.2818 
----------------------------------------------------------------------------------------
   Cr5   Cr5   (  1,   1,   0) -0.7983   ( 7.900,  0.000,  0.000)  7.900 
J_iso: -0.7983 
----------------------------------------------------------------------------------------
   Cr2   Cr2   (  1,   1,   0) -0.4659   ( 7.900,  0.000,  0.000)  7.900 
J_iso: -0.4659 
----------------------------------------------------------------------------------------
   Cr3   Cr3   (  1,   1,   0) -0.6553   ( 7.900,  0.000,  0.000)  7.900 
J_iso: -0.6553 
----------------------------------------------------------------------------------------
   Cr4   Cr4   (  1,   1,   0) -0.6547   ( 7.900,  0.000,  0.000)  7.900 
J_iso: -0.6547 
----------------------------------------------------------------------------------------
   Cr4   Cr4   ( -1,   0,   0) -0.6520   (-3.950,  6.842,  0.000)  7.900 
J_iso: -0.6520 
----------------------------------------------------------------------------------------
   Cr3   Cr3   (  0,  -1,   0) -0.6534   (-3.950, -6.842,  0.000)  7.900 
J_iso: -0.6534 
----------------------------------------------------------------------------------------
   Cr4   Cr4   (  0,   1,   0) -0.4677   ( 3.950,  6.842,  0.000)  7.900 
J_iso: -0.4677 
----------------------------------------------------------------------------------------
   Cr3   Cr3   (  1,   0,   0) -0.4667   ( 3.950, -6.842,  0.000)  7.900 
J_iso: -0.4667 
----------------------------------------------------------------------------------------
   Cr1   Cr1   ( -1,   0,   0)  1.2808   (-3.950,  6.842,  0.000)  7.900 
J_iso:  1.2808 
----------------------------------------------------------------------------------------
   Cr2   Cr2   ( -1,   0,   0) -0.6586   (-3.950,  6.842,  0.000)  7.900 
J_iso: -0.6586 
----------------------------------------------------------------------------------------
   Cr3   Cr3   ( -1,   0,   0) -0.4667   (-3.950,  6.842,  0.000)  7.900 
J_iso: -0.4667 
----------------------------------------------------------------------------------------
   Cr5   Cr5   ( -1,   0,   0) -0.7954   (-3.950,  6.842,  0.000)  7.900 
J_iso: -0.7954 
----------------------------------------------------------------------------------------
   Cr1   Cr1   (  0,  -1,   0)  1.2778   (-3.950, -6.842,  0.000)  7.900 
J_iso:  1.2778 
----------------------------------------------------------------------------------------
   Cr2   Cr2   (  0,  -1,   0) -0.6596   (-3.950, -6.842,  0.000)  7.900 
J_iso: -0.6596 
----------------------------------------------------------------------------------------
   Cr4   Cr4   (  0,  -1,   0) -0.4677   (-3.950, -6.842,  0.000)  7.900 
J_iso: -0.4677 
----------------------------------------------------------------------------------------
   Cr5   Cr5   (  0,  -1,   0) -0.7974   (-3.950, -6.842,  0.000)  7.900 
J_iso: -0.7974 
----------------------------------------------------------------------------------------
   Cr1   Cr1   (  0,   1,   0)  1.2778   ( 3.950,  6.842,  0.000)  7.900 
J_iso:  1.2778 
----------------------------------------------------------------------------------------
   Cr2   Cr2   (  0,   1,   0) -0.6596   ( 3.950,  6.842,  0.000)  7.900 
J_iso: -0.6596 
----------------------------------------------------------------------------------------
   Cr3   Cr3   (  0,   1,   0) -0.6534   ( 3.950,  6.842,  0.000)  7.900 
J_iso: -0.6534 
----------------------------------------------------------------------------------------
   Cr5   Cr5   (  0,   1,   0) -0.7974   ( 3.950,  6.842,  0.000)  7.900 
J_iso: -0.7974 
----------------------------------------------------------------------------------------
   Cr1   Cr1   (  1,   0,   0)  1.2808   ( 3.950, -6.842,  0.000)  7.900 
J_iso:  1.2808 
----------------------------------------------------------------------------------------
   Cr2   Cr2   (  1,   0,   0) -0.6586   ( 3.950, -6.842,  0.000)  7.900 
J_iso: -0.6586 
----------------------------------------------------------------------------------------
   Cr4   Cr4   (  1,   0,   0) -0.6520   ( 3.950, -6.842,  0.000)  7.900 
J_iso: -0.6520 
----------------------------------------------------------------------------------------
   Cr5   Cr5   (  1,   0,   0) -0.7954   ( 3.950, -6.842,  0.000)  7.900 
J_iso: -0.7954 
