==========================================================================================
Information: 
Exchange parameters generated by TB2J 0.9.0.1
Generation time: 25/02/12 02:41:12
 Input from collinear Wannier90 data.
 Tight binding data from ./. 
 Prefix of wannier function files:wannier90.up and wannier90.dn.
Warning: Please check if the noise level of Wannier function Hamiltonian to make sure it is much smaller than the exchange values.

==========================================================================================
Cell (Angstrom):
0.00000000  2.67781338  2.67781338
-2.67781338  2.67781338  0.00000000
-3.51952724  -3.51952724  3.51952724

==========================================================================================
Atoms:  
(Note: charge and magmoms only count the wannier functions.)
Atom number        x             y             z       w_charge  w_magmom 
Cr1            -1.75976362   -1.75976362    1.75976362    4.7763    3.5610
Te1            -1.73696050    0.94085288    1.73696050    5.1192    0.0905
Te2            -4.46038012    0.89524664    4.46038012    5.1190    0.0902
Total                                                    15.0145    3.7416

==========================================================================================
Orbitals used in decomposition: 
The name of the orbitals for the decomposition: 
Cr1 : ['orb_1', 'orb_2', 'orb_3', 'orb_4', 'orb_5']

==========================================================================================
Exchange: 
    i      j          R        J_iso(meV)          vector          distance(A) 
----------------------------------------------------------------------------------------
   Cr1   Cr1   ( -1,   0,   0)  5.8265   ( 0.000, -2.678, -2.678)  3.787 
J_iso:  5.8265 
----------------------------------------------------------------------------------------
   Cr1   Cr1   ( -1,   1,   0)  5.8257   (-2.678,  0.000, -2.678)  3.787 
J_iso:  5.8257 
----------------------------------------------------------------------------------------
   Cr1   Cr1   (  0,  -1,   0)  5.8161   ( 2.678, -2.678,  0.000)  3.787 
J_iso:  5.8161 
----------------------------------------------------------------------------------------
   Cr1   Cr1   (  0,   1,   0)  5.8161   (-2.678,  2.678,  0.000)  3.787 
J_iso:  5.8161 
----------------------------------------------------------------------------------------
   Cr1   Cr1   (  1,  -1,   0)  5.8257   ( 2.678,  0.000,  2.678)  3.787 
J_iso:  5.8257 
----------------------------------------------------------------------------------------
   Cr1   Cr1   (  1,   0,   0)  5.8265   ( 0.000,  2.678,  2.678)  3.787 
J_iso:  5.8265 
----------------------------------------------------------------------------------------
   Cr1   Cr1   (  0,   0,   1)  0.8502   (-3.520, -3.520,  3.520)  6.096 
J_iso:  0.8502 
----------------------------------------------------------------------------------------
   Cr1   Cr1   (  0,   0,  -1)  0.8502   ( 3.520,  3.520, -3.520)  6.096 
J_iso:  0.8502 
----------------------------------------------------------------------------------------
   Cr1   Cr1   ( -1,  -1,   0)  1.3670   ( 2.678, -5.356, -2.678)  6.559 
J_iso:  1.3670 
----------------------------------------------------------------------------------------
   Cr1   Cr1   ( -1,   2,   0)  1.3669   (-5.356,  2.678, -2.678)  6.559 
J_iso:  1.3669 
----------------------------------------------------------------------------------------
   Cr1   Cr1   (  1,  -2,   0)  1.3669   ( 5.356, -2.678,  2.678)  6.559 
J_iso:  1.3669 
----------------------------------------------------------------------------------------
   Cr1   Cr1   (  1,   1,   0)  1.3670   (-2.678,  5.356,  2.678)  6.559 
J_iso:  1.3670 
----------------------------------------------------------------------------------------
   Cr1   Cr1   ( -2,   1,   0)  1.3679   (-2.678, -2.678, -5.356)  6.559 
J_iso:  1.3679 
----------------------------------------------------------------------------------------
   Cr1   Cr1   (  2,  -1,   0)  1.3679   ( 2.678,  2.678,  5.356)  6.559 
J_iso:  1.3679 
----------------------------------------------------------------------------------------
   Cr1   Cr1   ( -1,   0,  -1)  0.1437   ( 3.520,  0.842, -6.197)  7.177 
J_iso:  0.1437 
----------------------------------------------------------------------------------------
   Cr1   Cr1   ( -1,   0,   1)  0.1439   (-3.520, -6.197,  0.842)  7.177 
J_iso:  0.1439 
----------------------------------------------------------------------------------------
   Cr1   Cr1   ( -1,   1,  -1)  0.1434   ( 0.842,  3.520, -6.197)  7.177 
J_iso:  0.1434 
----------------------------------------------------------------------------------------
   Cr1   Cr1   ( -1,   1,   1)  0.1446   (-6.197, -3.520,  0.842)  7.177 
J_iso:  0.1446 
----------------------------------------------------------------------------------------
   Cr1   Cr1   (  0,  -1,  -1)  0.1440   ( 6.197,  0.842, -3.520)  7.177 
J_iso:  0.1440 
----------------------------------------------------------------------------------------
   Cr1   Cr1   (  0,  -1,   1)  0.1431   (-0.842, -6.197,  3.520)  7.177 
J_iso:  0.1431 
----------------------------------------------------------------------------------------
   Cr1   Cr1   (  0,   1,  -1)  0.1431   ( 0.842,  6.197, -3.520)  7.177 
J_iso:  0.1431 
----------------------------------------------------------------------------------------
   Cr1   Cr1   (  0,   1,   1)  0.1440   (-6.197, -0.842,  3.520)  7.177 
J_iso:  0.1440 
----------------------------------------------------------------------------------------
   Cr1   Cr1   (  1,  -1,  -1)  0.1446   ( 6.197,  3.520, -0.842)  7.177 
J_iso:  0.1446 
----------------------------------------------------------------------------------------
   Cr1   Cr1   (  1,  -1,   1)  0.1434   (-0.842, -3.520,  6.197)  7.177 
J_iso:  0.1434 
----------------------------------------------------------------------------------------
   Cr1   Cr1   (  1,   0,  -1)  0.1439   ( 3.520,  6.197, -0.842)  7.177 
J_iso:  0.1439 
----------------------------------------------------------------------------------------
   Cr1   Cr1   (  1,   0,   1)  0.1437   (-3.520, -0.842,  6.197)  7.177 
J_iso:  0.1437 
----------------------------------------------------------------------------------------
   Cr1   Cr1   ( -2,   0,   0)  0.0022   ( 0.000, -5.356, -5.356)  7.574 
J_iso:  0.0022 
----------------------------------------------------------------------------------------
   Cr1   Cr1   ( -2,   2,   0)  0.0016   (-5.356,  0.000, -5.356)  7.574 
J_iso:  0.0016 
----------------------------------------------------------------------------------------
   Cr1   Cr1   (  0,  -2,   0)  0.0025   ( 5.356, -5.356,  0.000)  7.574 
J_iso:  0.0025 
----------------------------------------------------------------------------------------
   Cr1   Cr1   (  0,   2,   0)  0.0025   (-5.356,  5.356,  0.000)  7.574 
J_iso:  0.0025 
----------------------------------------------------------------------------------------
   Cr1   Cr1   (  2,  -2,   0)  0.0016   ( 5.356,  0.000,  5.356)  7.574 
J_iso:  0.0016 
----------------------------------------------------------------------------------------
   Cr1   Cr1   (  2,   0,   0)  0.0022   ( 0.000,  5.356,  5.356)  7.574 
J_iso:  0.0022 
