==========================================================================================
Information: 
Exchange parameters generated by TB2J 0.4.4.1
Generation time: 24/10/22 23:59:37
 Input from non-collinear Wannier90 data.
 Tight binding data from ./. 
 Prefix of wannier function files:wannier90.
Warning: Please check if the noise level of Wannier function Hamiltonian to make sure it is much smaller than the exchange values.
 The DMI component parallel to the spin orientation, the Jani which has the component of that orientation should be disregarded
 e.g. if the spins are along z, the xz, yz, zz, zx, zy components and the z component of DMI.
 If you need these component, try to do three calculations with spin along x, y, z,  or use structure with z rotated to x, y and z. And then use TB2J_merge.py to get the full set of parameters.


==========================================================================================
Cell (Angstrom):
 3.810   0.000   0.000
-1.905   3.300   0.000
 0.000   0.000  15.436

==========================================================================================
Atoms:  
(Note: charge and magmoms only count the wannier functions.)
Atom_number      x         y         z     w_charge    M(x)      M(y)      M(z)   
Cr1             0.0000    0.0000    7.7182    4.7321   -0.0001   -0.0001    3.4741
Te1             0.0000    2.1997    6.0523    6.6180    0.0001   -0.0000   -0.3695
Te2             1.9050    1.0999    9.3841    6.6180    0.0001   -0.0000   -0.3695
Total                                        17.9682    0.0001   -0.0001    2.7351

==========================================================================================
Exchange: 
    i      j          R        J_iso(meV)          vector          distance(A) 
----------------------------------------------------------------------------------------
   Cr1   Cr1   ( -1,  -1,   0)  2.3016   (-1.905, -3.300,  0.000)  3.810 
J_iso:  2.3016 
[Testing!] Jprime: 12.202,  B: -5.050
[Testing!] DMI: ( 0.0001  0.0001  0.0003)
[Testing!]J_ani:
[[ -0.34    0.209  -0.743]
 [  0.209  -0.057   0.273]
 [ -0.743   0.273 -10.099]]
----------------------------------------------------------------------------------------
   Cr1   Cr1   (  0,  -1,   0)  2.2830   ( 1.905, -3.300,  0.000)  3.810 
J_iso:  2.2830 
[Testing!] Jprime: 12.239,  B: -5.076
[Testing!] DMI: ( 0.0001 -0.0002 -0.0002)
[Testing!]J_ani:
[[ -0.334   0.209   0.764]
 [  0.209  -0.06   -0.269]
 [  0.764  -0.269 -10.153]]
----------------------------------------------------------------------------------------
   Cr1   Cr1   (  0,   1,   0)  2.2830   (-1.905,  3.300,  0.000)  3.810 
J_iso:  2.2830 
[Testing!] Jprime: 12.239,  B: -5.076
[Testing!] DMI: (-0.0001  0.0002  0.0002)
[Testing!]J_ani:
[[ -0.334   0.209   0.764]
 [  0.209  -0.06   -0.269]
 [  0.764  -0.269 -10.153]]
----------------------------------------------------------------------------------------
   Cr1   Cr1   (  1,   1,   0)  2.3016   ( 1.905,  3.300,  0.000)  3.810 
J_iso:  2.3016 
[Testing!] Jprime: 12.202,  B: -5.050
[Testing!] DMI: (-0.0001 -0.0001 -0.0003)
[Testing!]J_ani:
[[ -0.34    0.209  -0.743]
 [  0.209  -0.057   0.273]
 [ -0.743   0.273 -10.099]]
----------------------------------------------------------------------------------------
   Cr1   Cr1   ( -1,   0,   0)  2.0494   (-3.810,  0.000,  0.000)  3.810 
J_iso:  2.0494 
[Testing!] Jprime: 11.181,  B: -4.708
[Testing!] DMI: (-0.0000 -0.0000  0.0004)
[Testing!]J_ani:
[[-0.385 -0.443  0.005]
 [-0.443 -0.185 -0.015]
 [ 0.005 -0.015 -9.417]]
----------------------------------------------------------------------------------------
   Cr1   Cr1   (  1,   0,   0)  2.0494   ( 3.810,  0.000,  0.000)  3.810 
J_iso:  2.0494 
[Testing!] Jprime: 11.181,  B: -4.708
[Testing!] DMI: ( 0.0000  0.0000 -0.0004)
[Testing!]J_ani:
[[-0.385 -0.443  0.005]
 [-0.443 -0.185 -0.015]
 [ 0.005 -0.015 -9.417]]
----------------------------------------------------------------------------------------
   Cr1   Cr1   ( -1,  -2,   0)  0.3160   ( 0.000, -6.599,  0.000)  6.599 
J_iso:  0.3160 
[Testing!] Jprime: -0.856,  B: 0.559
[Testing!] DMI: (-0.0001 -0.0001 -0.0002)
[Testing!]J_ani:
[[-0.043 -0.089 -0.003]
 [-0.089 -0.063 -0.003]
 [-0.003 -0.003  1.118]]
----------------------------------------------------------------------------------------
   Cr1   Cr1   (  1,   2,   0)  0.3160   ( 0.000,  6.599,  0.000)  6.599 
J_iso:  0.3160 
[Testing!] Jprime: -0.856,  B: 0.559
[Testing!] DMI: ( 0.0001  0.0001  0.0002)
[Testing!]J_ani:
[[-0.043 -0.089 -0.003]
 [-0.089 -0.063 -0.003]
 [-0.003 -0.003  1.118]]
----------------------------------------------------------------------------------------
   Cr1   Cr1   ( -2,  -1,   0)  0.2049   (-5.715, -3.300,  0.000)  6.599 
J_iso:  0.2049 
[Testing!] Jprime: -1.026,  B: 0.612
[Testing!] DMI: ( 0.0001 -0.0001 -0.0003)
[Testing!]J_ani:
[[ 0.102  0.035  0.646]
 [ 0.035 -0.117 -0.034]
 [ 0.646 -0.034  1.224]]
----------------------------------------------------------------------------------------
   Cr1   Cr1   ( -1,   1,   0)  0.2045   (-5.715,  3.300,  0.000)  6.599 
J_iso:  0.2045 
[Testing!] Jprime: -0.947,  B: 0.569
[Testing!] DMI: ( 0.0002 -0.0000 -0.0003)
[Testing!]J_ani:
[[ 0.095  0.036 -0.656]
 [ 0.036 -0.12   0.028]
 [-0.656  0.028  1.139]]
----------------------------------------------------------------------------------------
   Cr1   Cr1   (  1,  -1,   0)  0.2045   ( 5.715, -3.300,  0.000)  6.599 
J_iso:  0.2045 
[Testing!] Jprime: -0.947,  B: 0.569
[Testing!] DMI: (-0.0002  0.0000  0.0003)
[Testing!]J_ani:
[[ 0.095  0.036 -0.656]
 [ 0.036 -0.12   0.028]
 [-0.656  0.028  1.139]]
----------------------------------------------------------------------------------------
   Cr1   Cr1   (  2,   1,   0)  0.2049   ( 5.715,  3.300,  0.000)  6.599 
J_iso:  0.2049 
[Testing!] Jprime: -1.026,  B: 0.612
[Testing!] DMI: (-0.0001  0.0001  0.0003)
[Testing!]J_ani:
[[ 0.102  0.035  0.646]
 [ 0.035 -0.117 -0.034]
 [ 0.646 -0.034  1.224]]
----------------------------------------------------------------------------------------
   Cr1   Cr1   ( -2,  -2,   0) -2.8457   (-3.810, -6.599,  0.000)  7.620 
J_iso: -2.8457 
[Testing!] Jprime: -4.594,  B: 0.925
[Testing!] DMI: ( 0.0000 -0.0001  0.0001)
[Testing!]J_ani:
[[-0.009 -0.019  0.074]
 [-0.019  0.213 -0.074]
 [ 0.074 -0.074  1.85 ]]
----------------------------------------------------------------------------------------
   Cr1   Cr1   (  0,  -2,   0) -2.8590   ( 3.810, -6.599,  0.000)  7.620 
J_iso: -2.8590 
[Testing!] Jprime: -4.731,  B: 0.993
[Testing!] DMI: ( 0.0001  0.0000  0.0000)
[Testing!]J_ani:
[[ 0.001 -0.025 -0.078]
 [-0.025  0.229  0.069]
 [-0.078  0.069  1.987]]
----------------------------------------------------------------------------------------
   Cr1   Cr1   (  0,   2,   0) -2.8590   (-3.810,  6.599,  0.000)  7.620 
J_iso: -2.8590 
[Testing!] Jprime: -4.731,  B: 0.993
[Testing!] DMI: (-0.0001 -0.0000 -0.0000)
[Testing!]J_ani:
[[ 0.001 -0.025 -0.078]
 [-0.025  0.229  0.069]
 [-0.078  0.069  1.987]]
----------------------------------------------------------------------------------------
   Cr1   Cr1   (  2,   2,   0) -2.8457   ( 3.810,  6.599,  0.000)  7.620 
J_iso: -2.8457 
[Testing!] Jprime: -4.594,  B: 0.925
[Testing!] DMI: (-0.0000  0.0001 -0.0001)
[Testing!]J_ani:
[[-0.009 -0.019  0.074]
 [-0.019  0.213 -0.074]
 [ 0.074 -0.074  1.85 ]]
----------------------------------------------------------------------------------------
   Cr1   Cr1   ( -2,   0,   0) -2.8457   (-7.620,  0.000,  0.000)  7.620 
J_iso: -2.8457 
[Testing!] Jprime: -4.445,  B: 0.862
[Testing!] DMI: (-0.0001  0.0000 -0.0000)
[Testing!]J_ani:
[[ 0.05   0.039  0.001]
 [ 0.039  0.197 -0.002]
 [ 0.001 -0.002  1.723]]
----------------------------------------------------------------------------------------
   Cr1   Cr1   (  2,   0,   0) -2.8457   ( 7.620,  0.000,  0.000)  7.620 
J_iso: -2.8457 
[Testing!] Jprime: -4.445,  B: 0.862
[Testing!] DMI: ( 0.0001 -0.0000  0.0000)
[Testing!]J_ani:
[[ 0.05   0.039  0.001]
 [ 0.039  0.197 -0.002]
 [ 0.001 -0.002  1.723]]
----------------------------------------------------------------------------------------
   Cr1   Cr1   ( -2,  -3,   0) -0.3797   (-1.905, -9.899,  0.000) 10.080 
J_iso: -0.3797 
[Testing!] Jprime: -0.318,  B: -0.008
[Testing!] DMI: ( 0.0000 -0.0000 -0.0000)
[Testing!]J_ani:
[[ 0.06   0.023  0.159]
 [ 0.023  0.031 -0.031]
 [ 0.159 -0.031 -0.016]]
----------------------------------------------------------------------------------------
   Cr1   Cr1   ( -1,  -3,   0) -0.3722   ( 1.905, -9.899,  0.000) 10.080 
J_iso: -0.3722 
[Testing!] Jprime: -0.282,  B: -0.023
[Testing!] DMI: ( 0.0000 -0.0000 -0.0000)
[Testing!]J_ani:
[[ 0.058  0.023 -0.154]
 [ 0.023  0.03   0.034]
 [-0.154  0.034 -0.046]]
----------------------------------------------------------------------------------------
   Cr1   Cr1   (  1,   3,   0) -0.3722   (-1.905,  9.899,  0.000) 10.080 
J_iso: -0.3722 
[Testing!] Jprime: -0.282,  B: -0.023
[Testing!] DMI: (-0.0000  0.0000  0.0000)
[Testing!]J_ani:
[[ 0.058  0.023 -0.154]
 [ 0.023  0.03   0.034]
 [-0.154  0.034 -0.046]]
----------------------------------------------------------------------------------------
   Cr1   Cr1   (  2,   3,   0) -0.3797   ( 1.905,  9.899,  0.000) 10.080 
J_iso: -0.3797 
[Testing!] Jprime: -0.318,  B: -0.008
[Testing!] DMI: (-0.0000  0.0000  0.0000)
[Testing!]J_ani:
[[ 0.06   0.023  0.159]
 [ 0.023  0.031 -0.031]
 [ 0.159 -0.031 -0.016]]
----------------------------------------------------------------------------------------
   Cr1   Cr1   ( -3,  -2,   0) -0.3599   (-7.620, -6.599,  0.000) 10.080 
J_iso: -0.3599 
[Testing!] Jprime: -0.303,  B: -0.019
[Testing!] DMI: (-0.0000  0.0000 -0.0002)
[Testing!]J_ani:
[[ 0.045 -0.013  0.045]
 [-0.013 -0.007  0.079]
 [ 0.045  0.079 -0.038]]
----------------------------------------------------------------------------------------
   Cr1   Cr1   ( -1,   2,   0) -0.3693   (-7.620,  6.599,  0.000) 10.080 
J_iso: -0.3693 
[Testing!] Jprime: -0.358,  B: 0.005
[Testing!] DMI: (-0.0001  0.0001 -0.0001)
[Testing!]J_ani:
[[ 0.047 -0.014 -0.044]
 [-0.014 -0.004 -0.096]
 [-0.044 -0.096  0.01 ]]
----------------------------------------------------------------------------------------
   Cr1   Cr1   (  1,  -2,   0) -0.3693   ( 7.620, -6.599,  0.000) 10.080 
J_iso: -0.3693 
[Testing!] Jprime: -0.358,  B: 0.005
[Testing!] DMI: ( 0.0001 -0.0001  0.0001)
[Testing!]J_ani:
[[ 0.047 -0.014 -0.044]
 [-0.014 -0.004 -0.096]
 [-0.044 -0.096  0.01 ]]
----------------------------------------------------------------------------------------
   Cr1   Cr1   (  3,   2,   0) -0.3599   ( 7.620,  6.599,  0.000) 10.080 
J_iso: -0.3599 
[Testing!] Jprime: -0.303,  B: -0.019
[Testing!] DMI: ( 0.0000 -0.0000  0.0002)
[Testing!]J_ani:
[[ 0.045 -0.013  0.045]
 [-0.013 -0.007  0.079]
 [ 0.045  0.079 -0.038]]
----------------------------------------------------------------------------------------
   Cr1   Cr1   ( -3,  -1,   0) -0.1753   (-9.525, -3.300,  0.000) 10.080 
J_iso: -0.1753 
[Testing!] Jprime: -0.152,  B: -0.029
[Testing!] DMI: ( 0.0001 -0.0000 -0.0001)
[Testing!]J_ani:
[[-0.035 -0.015 -0.098]
 [-0.015 -0.036 -0.095]
 [-0.098 -0.095 -0.058]]
----------------------------------------------------------------------------------------
   Cr1   Cr1   ( -2,   1,   0) -0.1823   (-9.525,  3.300,  0.000) 10.080 
J_iso: -0.1823 
[Testing!] Jprime: -0.199,  B: -0.008
[Testing!] DMI: (-0.0001  0.0000  0.0000)
[Testing!]J_ani:
[[-0.034 -0.015  0.1  ]
 [-0.015 -0.034  0.076]
 [ 0.1    0.076 -0.017]]
----------------------------------------------------------------------------------------
   Cr1   Cr1   (  2,  -1,   0) -0.1823   ( 9.525, -3.300,  0.000) 10.080 
J_iso: -0.1823 
[Testing!] Jprime: -0.199,  B: -0.008
[Testing!] DMI: ( 0.0001 -0.0000 -0.0000)
[Testing!]J_ani:
[[-0.034 -0.015  0.1  ]
 [-0.015 -0.034  0.076]
 [ 0.1    0.076 -0.017]]
----------------------------------------------------------------------------------------
   Cr1   Cr1   (  3,   1,   0) -0.1753   ( 9.525,  3.300,  0.000) 10.080 
J_iso: -0.1753 
[Testing!] Jprime: -0.152,  B: -0.029
[Testing!] DMI: (-0.0001  0.0000  0.0001)
[Testing!]J_ani:
[[-0.035 -0.015 -0.098]
 [-0.015 -0.036 -0.095]
 [-0.098 -0.095 -0.058]]
----------------------------------------------------------------------------------------
   Cr1   Cr1   ( -3,  -3,   0)  0.0466   (-5.715, -9.899,  0.000) 11.430 
J_iso:  0.0466 
[Testing!] Jprime: 0.425,  B: -0.225
[Testing!] DMI: ( 0.0000  0.0000  0.0000)
[Testing!]J_ani:
[[-0.015  0.006 -0.083]
 [ 0.006 -0.13  -0.115]
 [-0.083 -0.115 -0.451]]
----------------------------------------------------------------------------------------
   Cr1   Cr1   (  0,  -3,   0)  0.0474   ( 5.715, -9.899,  0.000) 11.430 
J_iso:  0.0474 
[Testing!] Jprime: 0.442,  B: -0.236
[Testing!] DMI: ( 0.0001 -0.0001  0.0001)
[Testing!]J_ani:
[[-0.025  0.01   0.078]
 [ 0.01  -0.13   0.109]
 [ 0.078  0.109 -0.472]]
----------------------------------------------------------------------------------------
   Cr1   Cr1   (  0,   3,   0)  0.0474   (-5.715,  9.899,  0.000) 11.430 
J_iso:  0.0474 
[Testing!] Jprime: 0.442,  B: -0.236
[Testing!] DMI: (-0.0001  0.0001 -0.0001)
[Testing!]J_ani:
[[-0.025  0.01   0.078]
 [ 0.01  -0.13   0.109]
 [ 0.078  0.109 -0.472]]
----------------------------------------------------------------------------------------
   Cr1   Cr1   (  3,   3,   0)  0.0466   ( 5.715,  9.899,  0.000) 11.430 
J_iso:  0.0466 
[Testing!] Jprime: 0.425,  B: -0.225
[Testing!] DMI: (-0.0000 -0.0000 -0.0000)
[Testing!]J_ani:
[[-0.015  0.006 -0.083]
 [ 0.006 -0.13  -0.115]
 [-0.083 -0.115 -0.451]]
----------------------------------------------------------------------------------------
   Cr1   Cr1   ( -3,   0,   0)  0.0825   (-11.430,  0.000,  0.000) 11.430 
J_iso:  0.0825 
[Testing!] Jprime: 0.947,  B: -0.425
[Testing!] DMI: ( 0.0000  0.0001 -0.0001)
[Testing!]J_ani:
[[ 0.023 -0.005 -0.002]
 [-0.005  0.008 -0.001]
 [-0.002 -0.001 -0.849]]
----------------------------------------------------------------------------------------
   Cr1   Cr1   (  3,   0,   0)  0.0825   (11.430,  0.000,  0.000) 11.430 
J_iso:  0.0825 
[Testing!] Jprime: 0.947,  B: -0.425
[Testing!] DMI: (-0.0000 -0.0001  0.0001)
[Testing!]J_ani:
[[ 0.023 -0.005 -0.002]
 [-0.005  0.008 -0.001]
 [-0.002 -0.001 -0.849]]
----------------------------------------------------------------------------------------
   Cr1   Cr1   ( -2,  -4,   0)  0.2154   ( 0.000, -13.198,  0.000) 13.198 
J_iso:  0.2154 
[Testing!] Jprime: 0.412,  B: -0.130
[Testing!] DMI: (-0.0001  0.0000  0.0001)
[Testing!]J_ani:
[[-0.032 -0.026 -0.001]
 [-0.026 -0.095 -0.005]
 [-0.001 -0.005 -0.26 ]]
----------------------------------------------------------------------------------------
   Cr1   Cr1   (  2,   4,   0)  0.2154   ( 0.000, 13.198,  0.000) 13.198 
J_iso:  0.2154 
[Testing!] Jprime: 0.412,  B: -0.130
[Testing!] DMI: ( 0.0001 -0.0000 -0.0001)
[Testing!]J_ani:
[[-0.032 -0.026 -0.001]
 [-0.026 -0.095 -0.005]
 [-0.001 -0.005 -0.26 ]]
----------------------------------------------------------------------------------------
   Cr1   Cr1   ( -4,  -2,   0)  0.1437   (-11.430, -6.599,  0.000) 13.198 
J_iso:  0.1437 
[Testing!] Jprime: 0.351,  B: -0.107
[Testing!] DMI: ( 0.0000 -0.0000 -0.0000)
[Testing!]J_ani:
[[ 0.01   0.015  0.04 ]
 [ 0.015 -0.022 -0.015]
 [ 0.04  -0.015 -0.214]]
----------------------------------------------------------------------------------------
   Cr1   Cr1   ( -2,   2,   0)  0.1481   (-11.430,  6.599,  0.000) 13.198 
J_iso:  0.1481 
[Testing!] Jprime: 0.471,  B: -0.165
[Testing!] DMI: ( 0.0000  0.0001  0.0000)
[Testing!]J_ani:
[[ 0.006  0.015 -0.043]
 [ 0.015 -0.02   0.012]
 [-0.043  0.012 -0.329]]
----------------------------------------------------------------------------------------
   Cr1   Cr1   (  2,  -2,   0)  0.1481   (11.430, -6.599,  0.000) 13.198 
J_iso:  0.1481 
[Testing!] Jprime: 0.471,  B: -0.165
[Testing!] DMI: (-0.0000 -0.0001 -0.0000)
[Testing!]J_ani:
[[ 0.006  0.015 -0.043]
 [ 0.015 -0.02   0.012]
 [-0.043  0.012 -0.329]]
----------------------------------------------------------------------------------------
   Cr1   Cr1   (  4,   2,   0)  0.1437   (11.430,  6.599,  0.000) 13.198 
J_iso:  0.1437 
[Testing!] Jprime: 0.351,  B: -0.107
[Testing!] DMI: (-0.0000  0.0000  0.0000)
[Testing!]J_ani:
[[ 0.01   0.015  0.04 ]
 [ 0.015 -0.022 -0.015]
 [ 0.04  -0.015 -0.214]]
----------------------------------------------------------------------------------------
   Cr1   Cr1   ( -3,  -4,   0) -0.1608   (-3.810, -13.198,  0.000) 13.737 
J_iso: -0.1608 
[Testing!] Jprime: -0.498,  B: 0.182
[Testing!] DMI: ( 0.0001 -0.0000  0.0000)
[Testing!]J_ani:
[[-0.008 -0.006 -0.104]
 [-0.006  0.063  0.086]
 [-0.104  0.086  0.364]]
----------------------------------------------------------------------------------------
   Cr1   Cr1   ( -1,  -4,   0) -0.1677   ( 3.810, -13.198,  0.000) 13.737 
J_iso: -0.1677 
[Testing!] Jprime: -0.401,  B: 0.131
[Testing!] DMI: (-0.0000  0.0001 -0.0001)
[Testing!]J_ani:
[[-0.008 -0.007  0.11 ]
 [-0.007  0.063 -0.091]
 [ 0.11  -0.091  0.261]]
----------------------------------------------------------------------------------------
   Cr1   Cr1   (  1,   4,   0) -0.1677   (-3.810, 13.198,  0.000) 13.737 
J_iso: -0.1677 
[Testing!] Jprime: -0.401,  B: 0.131
[Testing!] DMI: ( 0.0000 -0.0001  0.0001)
[Testing!]J_ani:
[[-0.008 -0.007  0.11 ]
 [-0.007  0.063 -0.091]
 [ 0.11  -0.091  0.261]]
----------------------------------------------------------------------------------------
   Cr1   Cr1   (  3,   4,   0) -0.1608   ( 3.810, 13.198,  0.000) 13.737 
J_iso: -0.1608 
[Testing!] Jprime: -0.498,  B: 0.182
[Testing!] DMI: (-0.0001  0.0000 -0.0000)
[Testing!]J_ani:
[[-0.008 -0.006 -0.104]
 [-0.006  0.063  0.086]
 [-0.104  0.086  0.364]]
----------------------------------------------------------------------------------------
   Cr1   Cr1   ( -4,  -3,   0) -0.1425   (-9.525, -9.899,  0.000) 13.737 
J_iso: -0.1425 
[Testing!] Jprime: -0.481,  B: 0.177
[Testing!] DMI: (-0.0000 -0.0001  0.0001)
[Testing!]J_ani:
[[-0.036  0.017 -0.057]
 [ 0.017  0.066 -0.012]
 [-0.057 -0.012  0.353]]
----------------------------------------------------------------------------------------
   Cr1   Cr1   ( -1,   3,   0) -0.1514   (-9.525,  9.899,  0.000) 13.737 
J_iso: -0.1514 
[Testing!] Jprime: -0.500,  B: 0.183
[Testing!] DMI: ( 0.0001 -0.0000  0.0000)
[Testing!]J_ani:
[[-0.036  0.017  0.058]
 [ 0.017  0.069  0.01 ]
 [ 0.058  0.01   0.366]]
----------------------------------------------------------------------------------------
   Cr1   Cr1   (  1,  -3,   0) -0.1514   ( 9.525, -9.899,  0.000) 13.737 
J_iso: -0.1514 
[Testing!] Jprime: -0.500,  B: 0.183
[Testing!] DMI: (-0.0001  0.0000 -0.0000)
[Testing!]J_ani:
[[-0.036  0.017  0.058]
 [ 0.017  0.069  0.01 ]
 [ 0.058  0.01   0.366]]
----------------------------------------------------------------------------------------
   Cr1   Cr1   (  4,   3,   0) -0.1425   ( 9.525,  9.899,  0.000) 13.737 
J_iso: -0.1425 
[Testing!] Jprime: -0.481,  B: 0.177
[Testing!] DMI: ( 0.0000  0.0001 -0.0001)
[Testing!]J_ani:
[[-0.036  0.017 -0.057]
 [ 0.017  0.066 -0.012]
 [-0.057 -0.012  0.353]]
----------------------------------------------------------------------------------------
   Cr1   Cr1   ( -3,   1,   0) -0.2046   (-13.335,  3.300,  0.000) 13.737 
J_iso: -0.2046 
[Testing!] Jprime: -0.817,  B: 0.304
[Testing!] DMI: ( 0.0000  0.0000  0.0001)
[Testing!]J_ani:
[[-0.005 -0.004 -0.045]
 [-0.004 -0.005 -0.043]
 [-0.045 -0.043  0.607]]
----------------------------------------------------------------------------------------
   Cr1   Cr1   (  3,  -1,   0) -0.2046   (13.335, -3.300,  0.000) 13.737 
J_iso: -0.2046 
[Testing!] Jprime: -0.817,  B: 0.304
[Testing!] DMI: (-0.0000 -0.0000 -0.0001)
[Testing!]J_ani:
[[-0.005 -0.004 -0.045]
 [-0.004 -0.005 -0.043]
 [-0.045 -0.043  0.607]]
----------------------------------------------------------------------------------------
   Cr1   Cr1   ( -4,  -1,   0) -0.1982   (-13.335, -3.300,  0.000) 13.737 
J_iso: -0.1982 
[Testing!] Jprime: -0.689,  B: 0.242
[Testing!] DMI: (-0.0000 -0.0001  0.0000)
[Testing!]J_ani:
[[-0.007 -0.004  0.047]
 [-0.004 -0.009  0.042]
 [ 0.047  0.042  0.483]]
----------------------------------------------------------------------------------------
   Cr1   Cr1   (  4,   1,   0) -0.1982   (13.335,  3.300,  0.000) 13.737 
J_iso: -0.1982 
[Testing!] Jprime: -0.689,  B: 0.242
[Testing!] DMI: ( 0.0000  0.0001 -0.0000)
[Testing!]J_ani:
[[-0.007 -0.004  0.047]
 [-0.004 -0.009  0.042]
 [ 0.047  0.042  0.483]]
----------------------------------------------------------------------------------------
   Cr1   Cr1   ( -4,  -4,   0)  0.2234   (-7.620, -13.198,  0.000) 15.240 
J_iso:  0.2234 
[Testing!] Jprime: 0.568,  B: -0.194
[Testing!] DMI: (-0.0000  0.0000  0.0000)
[Testing!]J_ani:
[[-0.026 -0.005  0.109]
 [-0.005 -0.062  0.002]
 [ 0.109  0.002 -0.389]]
----------------------------------------------------------------------------------------
   Cr1   Cr1   (  0,  -4,   0)  0.2264   ( 7.620, -13.198,  0.000) 15.240 
J_iso:  0.2264 
[Testing!] Jprime: 0.632,  B: -0.224
[Testing!] DMI: (-0.0001  0.0001  0.0000)
[Testing!]J_ani:
[[-0.023 -0.006 -0.111]
 [-0.006 -0.062 -0.01 ]
 [-0.111 -0.01  -0.448]]
----------------------------------------------------------------------------------------
   Cr1   Cr1   (  0,   4,   0)  0.2264   (-7.620, 13.198,  0.000) 15.240 
J_iso:  0.2264 
[Testing!] Jprime: 0.632,  B: -0.224
[Testing!] DMI: ( 0.0001 -0.0001 -0.0000)
[Testing!]J_ani:
[[-0.023 -0.006 -0.111]
 [-0.006 -0.062 -0.01 ]
 [-0.111 -0.01  -0.448]]
----------------------------------------------------------------------------------------
   Cr1   Cr1   (  4,   4,   0)  0.2234   ( 7.620, 13.198,  0.000) 15.240 
J_iso:  0.2234 
[Testing!] Jprime: 0.568,  B: -0.194
[Testing!] DMI: ( 0.0000 -0.0000 -0.0000)
[Testing!]J_ani:
[[-0.026 -0.005  0.109]
 [-0.005 -0.062  0.002]
 [ 0.109  0.002 -0.389]]
----------------------------------------------------------------------------------------
   Cr1   Cr1   ( -4,   0,   0)  0.3124   (-15.240,  0.000,  0.000) 15.240 
J_iso:  0.3124 
[Testing!] Jprime: 0.813,  B: -0.279
[Testing!] DMI: ( 0.0000  0.0000  0.0001)
[Testing!]J_ani:
[[-0.034 -0.025  0.001]
 [-0.025 -0.082 -0.008]
 [ 0.001 -0.008 -0.559]]
----------------------------------------------------------------------------------------
   Cr1   Cr1   (  4,   0,   0)  0.3124   (15.240,  0.000,  0.000) 15.240 
J_iso:  0.3124 
[Testing!] Jprime: 0.813,  B: -0.279
[Testing!] DMI: (-0.0000 -0.0000 -0.0001)
[Testing!]J_ani:
[[-0.034 -0.025  0.001]
 [-0.025 -0.082 -0.008]
 [ 0.001 -0.008 -0.559]]
----------------------------------------------------------------------------------------
   Cr1   Cr1   ( -3,  -5,   0)  0.0269   (-1.905, -16.498,  0.000) 16.607 
J_iso:  0.0269 
[Testing!] Jprime: 0.127,  B: -0.037
[Testing!] DMI: (-0.0000  0.0001 -0.0001)
[Testing!]J_ani:
[[-0.002 -0.002  0.021]
 [-0.002  0.055 -0.028]
 [ 0.021 -0.028 -0.074]]
----------------------------------------------------------------------------------------
   Cr1   Cr1   ( -2,  -5,   0)  0.0256   ( 1.905, -16.498,  0.000) 16.607 
J_iso:  0.0256 
[Testing!] Jprime: 0.039,  B: 0.008
[Testing!] DMI: ( 0.0000  0.0001  0.0000)
[Testing!]J_ani:
[[ 0.001 -0.002 -0.02 ]
 [-0.002  0.057  0.025]
 [-0.02   0.025  0.015]]
----------------------------------------------------------------------------------------
   Cr1   Cr1   (  2,   5,   0)  0.0256   (-1.905, 16.498,  0.000) 16.607 
J_iso:  0.0256 
[Testing!] Jprime: 0.039,  B: 0.008
[Testing!] DMI: (-0.0000 -0.0001 -0.0000)
[Testing!]J_ani:
[[ 0.001 -0.002 -0.02 ]
 [-0.002  0.057  0.025]
 [-0.02   0.025  0.015]]
----------------------------------------------------------------------------------------
   Cr1   Cr1   (  3,   5,   0)  0.0269   ( 1.905, 16.498,  0.000) 16.607 
J_iso:  0.0269 
[Testing!] Jprime: 0.127,  B: -0.037
[Testing!] DMI: ( 0.0000 -0.0001  0.0001)
[Testing!]J_ani:
[[-0.002 -0.002  0.021]
 [-0.002  0.055 -0.028]
 [ 0.021 -0.028 -0.074]]
----------------------------------------------------------------------------------------
   Cr1   Cr1   ( -5,  -3,   0)  0.0512   (-13.335, -9.899,  0.000) 16.607 
J_iso:  0.0512 
[Testing!] Jprime: 0.090,  B: -0.023
[Testing!] DMI: ( 0.0001 -0.0001 -0.0000)
[Testing!]J_ani:
[[-0.013 -0.011  0.005]
 [-0.011 -0.002  0.018]
 [ 0.005  0.018 -0.047]]
----------------------------------------------------------------------------------------
   Cr1   Cr1   ( -2,   3,   0)  0.0493   (-13.335,  9.899,  0.000) 16.607 
J_iso:  0.0493 
[Testing!] Jprime: 0.054,  B: -0.006
[Testing!] DMI: (-0.0000 -0.0001 -0.0000)
[Testing!]J_ani:
[[-0.012 -0.011 -0.004]
 [-0.011 -0.003 -0.023]
 [-0.004 -0.023 -0.012]]
----------------------------------------------------------------------------------------
   Cr1   Cr1   (  2,  -3,   0)  0.0493   (13.335, -9.899,  0.000) 16.607 
J_iso:  0.0493 
[Testing!] Jprime: 0.054,  B: -0.006
[Testing!] DMI: ( 0.0000  0.0001  0.0000)
[Testing!]J_ani:
[[-0.012 -0.011 -0.004]
 [-0.011 -0.003 -0.023]
 [-0.004 -0.023 -0.012]]
----------------------------------------------------------------------------------------
   Cr1   Cr1   (  5,   3,   0)  0.0512   (13.335,  9.899,  0.000) 16.607 
J_iso:  0.0512 
[Testing!] Jprime: 0.090,  B: -0.023
[Testing!] DMI: (-0.0001  0.0001  0.0000)
[Testing!]J_ani:
[[-0.013 -0.011  0.005]
 [-0.011 -0.002  0.018]
 [ 0.005  0.018 -0.047]]
----------------------------------------------------------------------------------------
   Cr1   Cr1   ( -5,  -2,   0)  0.0589   (-15.240, -6.599,  0.000) 16.607 
J_iso:  0.0589 
[Testing!] Jprime: 0.032,  B: 0.017
[Testing!] DMI: ( 0.0000  0.0000  0.0000)
[Testing!]J_ani:
[[-0.001 -0.    -0.031]
 [-0.     0.014 -0.008]
 [-0.031 -0.008  0.033]]
----------------------------------------------------------------------------------------
   Cr1   Cr1   ( -3,   2,   0)  0.0579   (-15.240,  6.599,  0.000) 16.607 
J_iso:  0.0579 
[Testing!] Jprime: 0.131,  B: -0.034
[Testing!] DMI: (-0.0001  0.0001 -0.0000)
[Testing!]J_ani:
[[-0.001 -0.001  0.033]
 [-0.001  0.012  0.001]
 [ 0.033  0.001 -0.068]]
----------------------------------------------------------------------------------------
   Cr1   Cr1   (  3,  -2,   0)  0.0579   (15.240, -6.599,  0.000) 16.607 
J_iso:  0.0579 
[Testing!] Jprime: 0.131,  B: -0.034
[Testing!] DMI: ( 0.0001 -0.0001  0.0000)
[Testing!]J_ani:
[[-0.001 -0.001  0.033]
 [-0.001  0.012  0.001]
 [ 0.033  0.001 -0.068]]
----------------------------------------------------------------------------------------
   Cr1   Cr1   (  5,   2,   0)  0.0589   (15.240,  6.599,  0.000) 16.607 
J_iso:  0.0589 
[Testing!] Jprime: 0.032,  B: 0.017
[Testing!] DMI: (-0.0000 -0.0000 -0.0000)
[Testing!]J_ani:
[[-0.001 -0.    -0.031]
 [-0.     0.014 -0.008]
 [-0.031 -0.008  0.033]]
----------------------------------------------------------------------------------------
   Cr1   Cr1   ( -4,  -5,   0) -0.0096   (-5.715, -16.498,  0.000) 17.460 
J_iso: -0.0096 
[Testing!] Jprime: -0.005,  B: -0.003
[Testing!] DMI: (-0.0001  0.0001 -0.0001)
[Testing!]J_ani:
[[-0.001 -0.001  0.052]
 [-0.001 -0.004 -0.069]
 [ 0.052 -0.069 -0.007]]
----------------------------------------------------------------------------------------
   Cr1   Cr1   ( -1,  -5,   0) -0.0128   ( 5.715, -16.498,  0.000) 17.460 
J_iso: -0.0128 
[Testing!] Jprime: -0.142,  B: 0.064
[Testing!] DMI: ( 0.0000 -0.0000  0.0000)
[Testing!]J_ani:
[[ 0.     0.    -0.055]
 [ 0.    -0.001  0.061]
 [-0.055  0.061  0.129]]
----------------------------------------------------------------------------------------
   Cr1   Cr1   (  1,   5,   0) -0.0128   (-5.715, 16.498,  0.000) 17.460 
J_iso: -0.0128 
[Testing!] Jprime: -0.142,  B: 0.064
[Testing!] DMI: (-0.0000  0.0000 -0.0000)
[Testing!]J_ani:
[[ 0.     0.    -0.055]
 [ 0.    -0.001  0.061]
 [-0.055  0.061  0.129]]
----------------------------------------------------------------------------------------
   Cr1   Cr1   (  4,   5,   0) -0.0096   ( 5.715, 16.498,  0.000) 17.460 
J_iso: -0.0096 
[Testing!] Jprime: -0.005,  B: -0.003
[Testing!] DMI: ( 0.0001 -0.0001  0.0001)
[Testing!]J_ani:
[[-0.001 -0.001  0.052]
 [-0.001 -0.004 -0.069]
 [ 0.052 -0.069 -0.007]]
----------------------------------------------------------------------------------------
   Cr1   Cr1   ( -5,  -4,   0) -0.0173   (-11.430, -13.198,  0.000) 17.460 
J_iso: -0.0173 
[Testing!] Jprime: -0.083,  B: 0.022
[Testing!] DMI: ( 0.0000  0.0001 -0.0000)
[Testing!]J_ani:
[[-0.014 -0.005  0.013]
 [-0.005 -0.03   0.022]
 [ 0.013  0.022  0.043]]
----------------------------------------------------------------------------------------
   Cr1   Cr1   ( -1,   4,   0) -0.0230   (-11.430, 13.198,  0.000) 17.460 
J_iso: -0.0230 
[Testing!] Jprime: -0.172,  B: 0.065
[Testing!] DMI: (-0.0000  0.0000 -0.0000)
[Testing!]J_ani:
[[-0.012 -0.005 -0.011]
 [-0.005 -0.026 -0.032]
 [-0.011 -0.032  0.13 ]]
----------------------------------------------------------------------------------------
   Cr1   Cr1   (  1,  -4,   0) -0.0230   (11.430, -13.198,  0.000) 17.460 
J_iso: -0.0230 
[Testing!] Jprime: -0.172,  B: 0.065
[Testing!] DMI: ( 0.0000 -0.0000  0.0000)
[Testing!]J_ani:
[[-0.012 -0.005 -0.011]
 [-0.005 -0.026 -0.032]
 [-0.011 -0.032  0.13 ]]
----------------------------------------------------------------------------------------
   Cr1   Cr1   (  5,   4,   0) -0.0173   (11.430, 13.198,  0.000) 17.460 
J_iso: -0.0173 
[Testing!] Jprime: -0.083,  B: 0.022
[Testing!] DMI: (-0.0000 -0.0001  0.0000)
[Testing!]J_ani:
[[-0.014 -0.005  0.013]
 [-0.005 -0.03   0.022]
 [ 0.013  0.022  0.043]]
----------------------------------------------------------------------------------------
   Cr1   Cr1   ( -5,  -1,   0) -0.0123   (-17.145, -3.300,  0.000) 17.460 
J_iso: -0.0123 
[Testing!] Jprime: 0.146,  B: -0.073
[Testing!] DMI: (-0.0000 -0.0000 -0.0001)
[Testing!]J_ani:
[[ 0.016  0.004 -0.038]
 [ 0.004  0.011 -0.002]
 [-0.038 -0.002 -0.145]]
----------------------------------------------------------------------------------------
   Cr1   Cr1   ( -4,   1,   0) -0.0130   (-17.145,  3.300,  0.000) 17.460 
J_iso: -0.0130 
[Testing!] Jprime: 0.131,  B: -0.065
[Testing!] DMI: (-0.0000  0.0001 -0.0000)
[Testing!]J_ani:
[[ 0.016  0.003  0.036]
 [ 0.003  0.011 -0.   ]
 [ 0.036 -0.    -0.131]]
----------------------------------------------------------------------------------------
   Cr1   Cr1   (  4,  -1,   0) -0.0130   (17.145, -3.300,  0.000) 17.460 
J_iso: -0.0130 
[Testing!] Jprime: 0.131,  B: -0.065
[Testing!] DMI: ( 0.0000 -0.0001  0.0000)
[Testing!]J_ani:
[[ 0.016  0.003  0.036]
 [ 0.003  0.011 -0.   ]
 [ 0.036 -0.    -0.131]]
----------------------------------------------------------------------------------------
   Cr1   Cr1   (  5,   1,   0) -0.0123   (17.145,  3.300,  0.000) 17.460 
J_iso: -0.0123 
[Testing!] Jprime: 0.146,  B: -0.073
[Testing!] DMI: ( 0.0000  0.0000  0.0001)
[Testing!]J_ani:
[[ 0.016  0.004 -0.038]
 [ 0.004  0.011 -0.002]
 [-0.038 -0.002 -0.145]]
----------------------------------------------------------------------------------------
   Cr1   Cr1   ( -5,  -5,   0) -0.1334   (-9.525, -16.498,  0.000) 19.050 
J_iso: -0.1334 
[Testing!] Jprime: -0.624,  B: 0.263
[Testing!] DMI: ( 0.0001  0.0001 -0.0000)
[Testing!]J_ani:
[[ 0.021  0.001 -0.05 ]
 [ 0.001  0.049  0.021]
 [-0.05   0.021  0.526]]
----------------------------------------------------------------------------------------
   Cr1   Cr1   (  0,  -5,   0) -0.1370   ( 9.525, -16.498,  0.000) 19.050 
J_iso: -0.1370 
[Testing!] Jprime: -0.596,  B: 0.246
[Testing!] DMI: ( 0.0001  0.0001  0.0000)
[Testing!]J_ani:
[[ 0.019  0.     0.055]
 [ 0.     0.049 -0.031]
 [ 0.055 -0.031  0.493]]
----------------------------------------------------------------------------------------
   Cr1   Cr1   (  0,   5,   0) -0.1370   (-9.525, 16.498,  0.000) 19.050 
J_iso: -0.1370 
[Testing!] Jprime: -0.596,  B: 0.246
[Testing!] DMI: (-0.0001 -0.0001 -0.0000)
[Testing!]J_ani:
[[ 0.019  0.     0.055]
 [ 0.     0.049 -0.031]
 [ 0.055 -0.031  0.493]]
----------------------------------------------------------------------------------------
   Cr1   Cr1   (  5,   5,   0) -0.1334   ( 9.525, 16.498,  0.000) 19.050 
J_iso: -0.1334 
[Testing!] Jprime: -0.624,  B: 0.263
[Testing!] DMI: (-0.0001 -0.0001  0.0000)
[Testing!]J_ani:
[[ 0.021  0.001 -0.05 ]
 [ 0.001  0.049  0.021]
 [-0.05   0.021  0.526]]
----------------------------------------------------------------------------------------
   Cr1   Cr1   ( -5,   0,   0) -0.1508   (-19.050,  0.000,  0.000) 19.050 
J_iso: -0.1508 
[Testing!] Jprime: -1.079,  B: 0.476
[Testing!] DMI: ( 0.0000 -0.0000  0.0001)
[Testing!]J_ani:
[[ 0.011  0.013  0.001]
 [ 0.013  0.038 -0.003]
 [ 0.001 -0.003  0.953]]
----------------------------------------------------------------------------------------
   Cr1   Cr1   (  5,   0,   0) -0.1508   (19.050,  0.000,  0.000) 19.050 
J_iso: -0.1508 
[Testing!] Jprime: -1.079,  B: 0.476
[Testing!] DMI: (-0.0000  0.0000 -0.0001)
[Testing!]J_ani:
[[ 0.011  0.013  0.001]
 [ 0.013  0.038 -0.003]
 [ 0.001 -0.003  0.953]]
----------------------------------------------------------------------------------------
   Cr1   Cr1   ( -3,  -6,   0)  0.0265   ( 0.000, -19.797,  0.000) 19.797 
J_iso:  0.0265 
[Testing!] Jprime: -0.066,  B: 0.027
[Testing!] DMI: ( 0.0000  0.0000 -0.0000)
[Testing!]J_ani:
[[-0.01   0.019  0.001]
 [ 0.019 -0.065 -0.005]
 [ 0.001 -0.005  0.054]]
----------------------------------------------------------------------------------------
   Cr1   Cr1   (  3,   6,   0)  0.0265   (-0.000, 19.797,  0.000) 19.797 
J_iso:  0.0265 
[Testing!] Jprime: -0.066,  B: 0.027
[Testing!] DMI: (-0.0000 -0.0000  0.0000)
[Testing!]J_ani:
[[-0.01   0.019  0.001]
 [ 0.019 -0.065 -0.005]
 [ 0.001 -0.005  0.054]]
----------------------------------------------------------------------------------------
   Cr1   Cr1   ( -6,  -3,   0)  0.0228   (-17.145, -9.899,  0.000) 19.797 
J_iso:  0.0228 
[Testing!] Jprime: -0.006,  B: 0.005
[Testing!] DMI: ( 0.0000 -0.0000 -0.0000)
[Testing!]J_ani:
[[-0.01  -0.004 -0.019]
 [-0.004 -0.029 -0.011]
 [-0.019 -0.011  0.009]]
----------------------------------------------------------------------------------------
   Cr1   Cr1   ( -3,   3,   0)  0.0211   (-17.145,  9.899,  0.000) 19.797 
J_iso:  0.0211 
[Testing!] Jprime: -0.004,  B: 0.003
[Testing!] DMI: ( 0.0000  0.0000 -0.0000)
[Testing!]J_ani:
[[-0.011 -0.003  0.019]
 [-0.003 -0.029  0.003]
 [ 0.019  0.003  0.005]]
----------------------------------------------------------------------------------------
   Cr1   Cr1   (  3,  -3,   0)  0.0211   (17.145, -9.899,  0.000) 19.797 
J_iso:  0.0211 
[Testing!] Jprime: -0.004,  B: 0.003
[Testing!] DMI: (-0.0000 -0.0000  0.0000)
[Testing!]J_ani:
[[-0.011 -0.003  0.019]
 [-0.003 -0.029  0.003]
 [ 0.019  0.003  0.005]]
----------------------------------------------------------------------------------------
   Cr1   Cr1   (  6,   3,   0)  0.0228   (17.145,  9.899,  0.000) 19.797 
J_iso:  0.0228 
[Testing!] Jprime: -0.006,  B: 0.005
[Testing!] DMI: (-0.0000  0.0000  0.0000)
[Testing!]J_ani:
[[-0.01  -0.004 -0.019]
 [-0.004 -0.029 -0.011]
 [-0.019 -0.011  0.009]]
