==========================================================================================
Information: 
Exchange parameters generated by TB2J 0.9.0.1
Generation time: 25/01/08 11:54:30
 Input from non-collinear Wannier90 data.
 Tight binding data from ./. 
 Prefix of wannier function files:wannier90.
Warning: Please check if the noise level of Wannier function Hamiltonian to make sure it is much smaller than the exchange values.
 The DMI component parallel to the spin orientation, the Jani which has the component of that orientation should be disregarded
 e.g. if the spins are along z, the xz, yz, zz, zx, zy components and the z component of DMI.
 If you need these component, try to do three calculations with spin along x, y, z,  or use structure with z rotated to x, y and z. And then use TB2J_merge.py to get the full set of parameters.


==========================================================================================
Cell (Angstrom):
3.94999970  -6.84160090  0.00000000
3.94999970  6.84160090  0.00000000
0.00000000  0.00000000  5.99600000

==========================================================================================
Atoms:  
(Note: charge and magmoms only count the wannier functions.)
Atom_number        x             y             z       w_charge    M(x)      M(y)      M(z)   
Cr1             0.00000000    0.00000000    2.99800000    4.9403    0.0001    0.0006    3.8990
Cr2             3.94999970    0.00000000    0.00000000    4.7633    0.0004    0.0001    3.6689
Cr3             1.97499980   -3.42080040    0.00000000    4.7636   -0.0005    0.0013    3.6688
Cr4             1.97499980    3.42080040    0.00000000    4.7633    0.0000    0.0010    3.6691
Cr5             0.00000000    0.00000000    0.00000000    4.8054   -0.0002    0.0010    3.7435
Te1             3.94999970   -2.28053360    1.50298170    5.1421    0.0328   -0.0425   -0.0126
Te2             3.94999970    2.28053360    4.49301830    5.1417    0.0466   -0.0020   -0.0137
Te3             2.01175470    1.16148720    1.51874690    4.8108   -0.0612   -0.0364   -0.3343
Te4             5.88824470   -1.16148720    4.47725310    4.8103   -0.0591   -0.0365   -0.3344
Te5             5.88824470    1.16148720    1.51874690    4.8106    0.0597   -0.0345   -0.3339
Te6             3.94999970   -4.51862640    4.47725310    4.8098    0.0009   -0.0186   -0.3344
Te7             2.01175470   -1.16148720    4.47725310    4.8101    0.0587   -0.0341   -0.3337
Te8             3.94999970    4.51862640    1.51874690    4.8101    0.0281   -0.0106   -0.3343
Total                                                    63.1815    0.1064   -0.2111   16.6179

==========================================================================================
Exchange: 
    i      j          R        J_iso(meV)          vector          distance(A) 
----------------------------------------------------------------------------------------
   Cr5   Cr1   (  0,   0,  -1)  0.9261   ( 0.000,  0.000, -2.998)  2.998 
J_iso:  0.9261 
[Testing!] DMI: (-0.0161 -0.0171  0.0024)
[Testing!]J_ani:
[[ -0.439  -0.002   0.027]
 [ -0.002  -0.433   0.042]
 [  0.027   0.042 -32.45 ]]
----------------------------------------------------------------------------------------
   Cr1   Cr5   (  0,   0,   0)  0.9221   ( 0.000,  0.000, -2.998)  2.998 
J_iso:  0.9221 
[Testing!] DMI: (-0.0105 -0.0165  0.0137)
[Testing!]J_ani:
[[ -0.407   0.001   0.012]
 [  0.001  -0.414  -0.044]
 [  0.012  -0.044 -32.61 ]]
----------------------------------------------------------------------------------------
   Cr5   Cr1   (  0,   0,   0)  0.9221   ( 0.000,  0.000,  2.998)  2.998 
J_iso:  0.9221 
[Testing!] DMI: ( 0.0105  0.0165 -0.0137)
[Testing!]J_ani:
[[ -0.407   0.001   0.012]
 [  0.001  -0.414  -0.044]
 [  0.012  -0.044 -32.61 ]]
----------------------------------------------------------------------------------------
   Cr1   Cr5   (  0,   0,   1)  0.9261   ( 0.000,  0.000,  2.998)  2.998 
J_iso:  0.9261 
[Testing!] DMI: ( 0.0161  0.0171 -0.0024)
[Testing!]J_ani:
[[ -0.439  -0.002   0.027]
 [ -0.002  -0.433   0.042]
 [  0.027   0.042 -32.45 ]]
----------------------------------------------------------------------------------------
   Cr2   Cr5   (  0,   0,   0)  8.8553   (-3.950,  0.000,  0.000)  3.950 
J_iso:  8.8553 
[Testing!] DMI: (-0.3252 -0.0085  0.0388)
[Testing!]J_ani:
[[ -0.26   -0.      0.011]
 [ -0.     -0.714   0.146]
 [  0.011   0.146 -18.428]]
----------------------------------------------------------------------------------------
   Cr5   Cr2   (  0,   0,   0)  8.8553   ( 3.950,  0.000,  0.000)  3.950 
J_iso:  8.8553 
[Testing!] DMI: ( 0.3252  0.0085 -0.0388)
[Testing!]J_ani:
[[ -0.26   -0.      0.011]
 [ -0.     -0.714   0.146]
 [  0.011   0.146 -18.428]]
----------------------------------------------------------------------------------------
   Cr5   Cr2   ( -1,  -1,   0)  8.8645   (-3.950,  0.000,  0.000)  3.950 
J_iso:  8.8645 
[Testing!] DMI: ( 0.3235 -0.0046 -0.0306)
[Testing!]J_ani:
[[ -0.264   0.     -0.013]
 [  0.     -0.715   0.147]
 [ -0.013   0.147 -18.432]]
----------------------------------------------------------------------------------------
   Cr2   Cr5   (  1,   1,   0)  8.8645   ( 3.950,  0.000,  0.000)  3.950 
J_iso:  8.8645 
[Testing!] DMI: (-0.3235  0.0046  0.0306)
[Testing!]J_ani:
[[ -0.264   0.     -0.013]
 [  0.     -0.715   0.147]
 [ -0.013   0.147 -18.432]]
----------------------------------------------------------------------------------------
   Cr4   Cr3   ( -1,   0,   0)  4.6338   (-3.950,  0.000,  0.000)  3.950 
J_iso:  4.6338 
[Testing!] DMI: (-0.0035 -0.0959  0.3714)
[Testing!]J_ani:
[[-0.08  -0.002  0.002]
 [-0.002 -0.707  0.373]
 [ 0.002  0.373 -9.148]]
----------------------------------------------------------------------------------------
   Cr3   Cr4   (  0,  -1,   0)  4.6162   (-3.950, -0.000,  0.000)  3.950 
J_iso:  4.6162 
[Testing!] DMI: ( 0.0029  0.0821 -0.3643)
[Testing!]J_ani:
[[-0.08  -0.003  0.006]
 [-0.003 -0.702  0.389]
 [ 0.006  0.389 -9.114]]
----------------------------------------------------------------------------------------
   Cr4   Cr3   (  0,   1,   0)  4.6162   ( 3.950,  0.000,  0.000)  3.950 
J_iso:  4.6162 
[Testing!] DMI: (-0.0029 -0.0821  0.3643)
[Testing!]J_ani:
[[-0.08  -0.003  0.006]
 [-0.003 -0.702  0.389]
 [ 0.006  0.389 -9.114]]
----------------------------------------------------------------------------------------
   Cr3   Cr4   (  1,   0,   0)  4.6338   ( 3.950, -0.000,  0.000)  3.950 
J_iso:  4.6338 
[Testing!] DMI: ( 0.0035  0.0959 -0.3714)
[Testing!]J_ani:
[[-0.08  -0.002  0.002]
 [-0.002 -0.707  0.373]
 [ 0.002  0.373 -9.148]]
----------------------------------------------------------------------------------------
   Cr3   Cr5   (  0,   0,   0)  8.9356   (-1.975,  3.421,  0.000)  3.950 
J_iso:  8.9356 
[Testing!] DMI: ( 0.1795 -0.2777  0.0081)
[Testing!]J_ani:
[[ -0.6    -0.19   -0.128]
 [ -0.19   -0.378  -0.076]
 [ -0.128  -0.076 -18.503]]
----------------------------------------------------------------------------------------
   Cr4   Cr5   (  0,   0,   0)  8.9224   (-1.975, -3.421,  0.000)  3.950 
J_iso:  8.9224 
[Testing!] DMI: ( 0.1794  0.2736 -0.0304)
[Testing!]J_ani:
[[ -0.599   0.191   0.15 ]
 [  0.191  -0.383  -0.038]
 [  0.15   -0.038 -18.469]]
----------------------------------------------------------------------------------------
   Cr5   Cr3   (  0,   0,   0)  8.9356   ( 1.975, -3.421,  0.000)  3.950 
J_iso:  8.9356 
[Testing!] DMI: (-0.1795  0.2777 -0.0081)
[Testing!]J_ani:
[[ -0.6    -0.19   -0.128]
 [ -0.19   -0.378  -0.076]
 [ -0.128  -0.076 -18.503]]
----------------------------------------------------------------------------------------
   Cr5   Cr4   (  0,   0,   0)  8.9224   ( 1.975,  3.421,  0.000)  3.950 
J_iso:  8.9224 
[Testing!] DMI: (-0.1794 -0.2736  0.0304)
[Testing!]J_ani:
[[ -0.599   0.191   0.15 ]
 [  0.191  -0.383  -0.038]
 [  0.15   -0.038 -18.469]]
----------------------------------------------------------------------------------------
   Cr2   Cr3   (  0,   0,   0)  4.6976   (-1.975, -3.421,  0.000)  3.950 
J_iso:  4.6976 
[Testing!] DMI: ( 0.0706 -0.0362 -0.4717)
[Testing!]J_ani:
[[-0.547  0.266  0.324]
 [ 0.266 -0.243 -0.178]
 [ 0.324 -0.178 -9.179]]
----------------------------------------------------------------------------------------
   Cr2   Cr4   (  0,   0,   0)  4.7516   (-1.975,  3.421,  0.000)  3.950 
J_iso:  4.7516 
[Testing!] DMI: ( 0.0564  0.0242  0.4454)
[Testing!]J_ani:
[[-0.556 -0.261 -0.343]
 [-0.261 -0.24  -0.185]
 [-0.343 -0.185 -9.217]]
----------------------------------------------------------------------------------------
   Cr3   Cr2   (  0,   0,   0)  4.6976   ( 1.975,  3.421,  0.000)  3.950 
J_iso:  4.6976 
[Testing!] DMI: (-0.0706  0.0362  0.4717)
[Testing!]J_ani:
[[-0.547  0.266  0.324]
 [ 0.266 -0.243 -0.178]
 [ 0.324 -0.178 -9.179]]
----------------------------------------------------------------------------------------
   Cr4   Cr2   (  0,   0,   0)  4.7516   ( 1.975, -3.421,  0.000)  3.950 
J_iso:  4.7516 
[Testing!] DMI: (-0.0564 -0.0242 -0.4454)
[Testing!]J_ani:
[[-0.556 -0.261 -0.343]
 [-0.261 -0.24  -0.185]
 [-0.343 -0.185 -9.217]]
----------------------------------------------------------------------------------------
   Cr4   Cr2   ( -1,   0,   0)  4.7574   (-1.975,  3.421,  0.000)  3.950 
J_iso:  4.7574 
[Testing!] DMI: (-0.0656 -0.0354 -0.4690)
[Testing!]J_ani:
[[-0.549 -0.264 -0.324]
 [-0.264 -0.237 -0.18 ]
 [-0.324 -0.18  -9.23 ]]
----------------------------------------------------------------------------------------
   Cr3   Cr2   (  0,  -1,   0)  4.7058   (-1.975, -3.421,  0.000)  3.950 
J_iso:  4.7058 
[Testing!] DMI: (-0.0593  0.0297  0.4650)
[Testing!]J_ani:
[[-0.548  0.262  0.331]
 [ 0.262 -0.241 -0.172]
 [ 0.331 -0.172 -9.176]]
----------------------------------------------------------------------------------------
   Cr2   Cr3   (  0,   1,   0)  4.7058   ( 1.975,  3.421,  0.000)  3.950 
J_iso:  4.7058 
[Testing!] DMI: ( 0.0593 -0.0297 -0.4650)
[Testing!]J_ani:
[[-0.548  0.262  0.331]
 [ 0.262 -0.241 -0.172]
 [ 0.331 -0.172 -9.176]]
----------------------------------------------------------------------------------------
   Cr2   Cr4   (  1,   0,   0)  4.7574   ( 1.975, -3.421,  0.000)  3.950 
J_iso:  4.7574 
[Testing!] DMI: ( 0.0656  0.0354  0.4690)
[Testing!]J_ani:
[[-0.549 -0.264 -0.324]
 [-0.264 -0.237 -0.18 ]
 [-0.324 -0.18  -9.23 ]]
----------------------------------------------------------------------------------------
   Cr5   Cr3   ( -1,   0,   0)  8.9304   (-1.975,  3.421,  0.000)  3.950 
J_iso:  8.9304 
[Testing!] DMI: (-0.1857  0.2648 -0.0131)
[Testing!]J_ani:
[[ -0.601  -0.188  -0.15 ]
 [ -0.188  -0.378  -0.058]
 [ -0.15   -0.058 -18.491]]
----------------------------------------------------------------------------------------
   Cr5   Cr4   (  0,  -1,   0)  8.9298   (-1.975, -3.421,  0.000)  3.950 
J_iso:  8.9298 
[Testing!] DMI: (-0.1745 -0.2681  0.0204)
[Testing!]J_ani:
[[ -0.597   0.189   0.134]
 [  0.189  -0.38   -0.071]
 [  0.134  -0.071 -18.478]]
----------------------------------------------------------------------------------------
   Cr4   Cr5   (  0,   1,   0)  8.9298   ( 1.975,  3.421,  0.000)  3.950 
J_iso:  8.9298 
[Testing!] DMI: ( 0.1745  0.2681 -0.0204)
[Testing!]J_ani:
[[ -0.597   0.189   0.134]
 [  0.189  -0.38   -0.071]
 [  0.134  -0.071 -18.478]]
----------------------------------------------------------------------------------------
   Cr3   Cr5   (  1,   0,   0)  8.9304   ( 1.975, -3.421,  0.000)  3.950 
J_iso:  8.9304 
[Testing!] DMI: ( 0.1857 -0.2648  0.0131)
[Testing!]J_ani:
[[ -0.601  -0.188  -0.15 ]
 [ -0.188  -0.378  -0.058]
 [ -0.15   -0.058 -18.491]]
----------------------------------------------------------------------------------------
   Cr2   Cr1   (  0,   0,  -1)  5.5504   (-3.950,  0.000, -2.998)  4.959 
J_iso:  5.5504 
[Testing!] DMI: (-1.0811  0.4845 -0.8422)
[Testing!]J_ani:
[[-0.109 -0.054  0.02 ]
 [-0.054 -0.13  -0.031]
 [ 0.02  -0.031 -1.301]]
----------------------------------------------------------------------------------------
   Cr1   Cr2   (  0,   0,   0)  5.5264   ( 3.950,  0.000, -2.998)  4.959 
J_iso:  5.5264 
[Testing!] DMI: ( 1.0513  0.5075 -0.8513)
[Testing!]J_ani:
[[-0.113  0.052 -0.051]
 [ 0.052 -0.126 -0.06 ]
 [-0.051 -0.06  -1.246]]
----------------------------------------------------------------------------------------
   Cr2   Cr1   (  0,   0,   0)  5.5264   (-3.950,  0.000,  2.998)  4.959 
J_iso:  5.5264 
[Testing!] DMI: (-1.0513 -0.5075  0.8513)
[Testing!]J_ani:
[[-0.113  0.052 -0.051]
 [ 0.052 -0.126 -0.06 ]
 [-0.051 -0.06  -1.246]]
----------------------------------------------------------------------------------------
   Cr1   Cr2   (  0,   0,   1)  5.5504   ( 3.950,  0.000,  2.998)  4.959 
J_iso:  5.5504 
[Testing!] DMI: ( 1.0811 -0.4845  0.8422)
[Testing!]J_ani:
[[-0.109 -0.054  0.02 ]
 [-0.054 -0.13  -0.031]
 [ 0.02  -0.031 -1.301]]
----------------------------------------------------------------------------------------
   Cr1   Cr2   ( -1,  -1,   0)  5.5577   (-3.950,  0.000, -2.998)  4.959 
J_iso:  5.5577 
[Testing!] DMI: ( 1.0752 -0.5140  0.8240)
[Testing!]J_ani:
[[-0.113 -0.054  0.055]
 [-0.054 -0.125 -0.067]
 [ 0.055 -0.067 -1.303]]
----------------------------------------------------------------------------------------
   Cr1   Cr2   ( -1,  -1,   1)  5.5250   (-3.950,  0.000,  2.998)  4.959 
J_iso:  5.5250 
[Testing!] DMI: ( 1.0703  0.4962 -0.8670)
[Testing!]J_ani:
[[-0.109  0.055 -0.018]
 [ 0.055 -0.129 -0.021]
 [-0.018 -0.021 -1.288]]
----------------------------------------------------------------------------------------
   Cr2   Cr1   (  1,   1,  -1)  5.5250   ( 3.950,  0.000, -2.998)  4.959 
J_iso:  5.5250 
[Testing!] DMI: (-1.0703 -0.4962  0.8670)
[Testing!]J_ani:
[[-0.109  0.055 -0.018]
 [ 0.055 -0.129 -0.021]
 [-0.018 -0.021 -1.288]]
----------------------------------------------------------------------------------------
   Cr2   Cr1   (  1,   1,   0)  5.5577   ( 3.950,  0.000,  2.998)  4.959 
J_iso:  5.5577 
[Testing!] DMI: (-1.0752  0.5140 -0.8240)
[Testing!]J_ani:
[[-0.113 -0.054  0.055]
 [-0.054 -0.125 -0.067]
 [ 0.055 -0.067 -1.303]]
----------------------------------------------------------------------------------------
   Cr3   Cr1   (  0,   0,  -1)  5.5321   (-1.975,  3.421, -2.998)  4.959 
J_iso:  5.5321 
[Testing!] DMI: ( 0.9455 -0.7026  0.9109)
[Testing!]J_ani:
[[-0.086 -0.038  0.101]
 [-0.038 -0.156  0.025]
 [ 0.101  0.025 -1.184]]
----------------------------------------------------------------------------------------
   Cr4   Cr1   (  0,   0,  -1)  5.5849   (-1.975, -3.421, -2.998)  4.959 
J_iso:  5.5849 
[Testing!] DMI: ( 0.0537  1.1764  0.8184)
[Testing!]J_ani:
[[-0.182 -0.018 -0.039]
 [-0.018 -0.076 -0.031]
 [-0.039 -0.031 -1.317]]
----------------------------------------------------------------------------------------
   Cr1   Cr3   (  0,   0,   0)  5.5924   ( 1.975, -3.421, -2.998)  4.959 
J_iso:  5.5924 
[Testing!] DMI: (-0.0600  1.1722  0.8622)
[Testing!]J_ani:
[[-0.172  0.024  0.017]
 [ 0.024 -0.069 -0.004]
 [ 0.017 -0.004 -1.29 ]]
----------------------------------------------------------------------------------------
   Cr1   Cr4   (  0,   0,   0)  5.5081   ( 1.975,  3.421, -2.998)  4.959 
J_iso:  5.5081 
[Testing!] DMI: (-0.9713 -0.6994  0.8660)
[Testing!]J_ani:
[[-0.064  0.037 -0.126]
 [ 0.037 -0.156  0.025]
 [-0.126  0.025 -1.156]]
----------------------------------------------------------------------------------------
   Cr3   Cr1   (  0,   0,   0)  5.5924   (-1.975,  3.421,  2.998)  4.959 
J_iso:  5.5924 
[Testing!] DMI: ( 0.0600 -1.1722 -0.8622)
[Testing!]J_ani:
[[-0.172  0.024  0.017]
 [ 0.024 -0.069 -0.004]
 [ 0.017 -0.004 -1.29 ]]
----------------------------------------------------------------------------------------
   Cr4   Cr1   (  0,   0,   0)  5.5081   (-1.975, -3.421,  2.998)  4.959 
J_iso:  5.5081 
[Testing!] DMI: ( 0.9713  0.6994 -0.8660)
[Testing!]J_ani:
[[-0.064  0.037 -0.126]
 [ 0.037 -0.156  0.025]
 [-0.126  0.025 -1.156]]
----------------------------------------------------------------------------------------
   Cr1   Cr3   (  0,   0,   1)  5.5321   ( 1.975, -3.421,  2.998)  4.959 
J_iso:  5.5321 
[Testing!] DMI: (-0.9455  0.7026 -0.9109)
[Testing!]J_ani:
[[-0.086 -0.038  0.101]
 [-0.038 -0.156  0.025]
 [ 0.101  0.025 -1.184]]
----------------------------------------------------------------------------------------
   Cr1   Cr4   (  0,   0,   1)  5.5849   ( 1.975,  3.421,  2.998)  4.959 
J_iso:  5.5849 
[Testing!] DMI: (-0.0537 -1.1764 -0.8184)
[Testing!]J_ani:
[[-0.182 -0.018 -0.039]
 [-0.018 -0.076 -0.031]
 [-0.039 -0.031 -1.317]]
----------------------------------------------------------------------------------------
   Cr1   Cr3   ( -1,   0,   0)  5.5553   (-1.975,  3.421, -2.998)  4.959 
J_iso:  5.5553 
[Testing!] DMI: (-0.9452  0.6771 -0.9233)
[Testing!]J_ani:
[[-0.068 -0.039  0.112]
 [-0.039 -0.158 -0.023]
 [ 0.112 -0.023 -1.236]]
----------------------------------------------------------------------------------------
   Cr1   Cr3   ( -1,   0,   1)  5.5654   (-1.975,  3.421,  2.998)  4.959 
J_iso:  5.5654 
[Testing!] DMI: (-0.0570  1.1679  0.8612)
[Testing!]J_ani:
[[-0.162  0.02   0.05 ]
 [ 0.02  -0.058 -0.007]
 [ 0.05  -0.007 -1.32 ]]
----------------------------------------------------------------------------------------
   Cr1   Cr4   (  0,  -1,   0)  5.6123   (-1.975, -3.421, -2.998)  4.959 
J_iso:  5.6123 
[Testing!] DMI: (-0.0411 -1.1628 -0.8041)
[Testing!]J_ani:
[[-0.175 -0.026 -0.037]
 [-0.026 -0.072  0.013]
 [-0.037  0.013 -1.351]]
----------------------------------------------------------------------------------------
   Cr1   Cr4   (  0,  -1,   1)  5.4932   (-1.975, -3.421,  2.998)  4.959 
J_iso:  5.4932 
[Testing!] DMI: (-0.9720 -0.7115  0.8824)
[Testing!]J_ani:
[[-0.068  0.033 -0.105]
 [ 0.033 -0.151  0.025]
 [-0.105  0.025 -1.159]]
----------------------------------------------------------------------------------------
   Cr4   Cr1   (  0,   1,   0)  5.6123   ( 1.975,  3.421,  2.998)  4.959 
J_iso:  5.6123 
[Testing!] DMI: ( 0.0411  1.1628  0.8041)
[Testing!]J_ani:
[[-0.175 -0.026 -0.037]
 [-0.026 -0.072  0.013]
 [-0.037  0.013 -1.351]]
----------------------------------------------------------------------------------------
   Cr3   Cr1   (  1,   0,   0)  5.5553   ( 1.975, -3.421,  2.998)  4.959 
J_iso:  5.5553 
[Testing!] DMI: ( 0.9452 -0.6771  0.9233)
[Testing!]J_ani:
[[-0.068 -0.039  0.112]
 [-0.039 -0.158 -0.023]
 [ 0.112 -0.023 -1.236]]
----------------------------------------------------------------------------------------
   Cr3   Cr1   (  1,   0,  -1)  5.5654   ( 1.975, -3.421, -2.998)  4.959 
J_iso:  5.5654 
[Testing!] DMI: ( 0.0570 -1.1679 -0.8612)
[Testing!]J_ani:
[[-0.162  0.02   0.05 ]
 [ 0.02  -0.058 -0.007]
 [ 0.05  -0.007 -1.32 ]]
----------------------------------------------------------------------------------------
   Cr4   Cr1   (  0,   1,  -1)  5.4932   ( 1.975,  3.421, -2.998)  4.959 
J_iso:  5.4932 
[Testing!] DMI: ( 0.9720  0.7115 -0.8824)
[Testing!]J_ani:
[[-0.068  0.033 -0.105]
 [ 0.033 -0.151  0.025]
 [-0.105  0.025 -1.159]]
----------------------------------------------------------------------------------------
   Cr1   Cr1   (  0,   0,   1)  2.5358   ( 0.000,  0.000,  5.996)  5.996 
J_iso:  2.5358 
[Testing!] DMI: (-0.0400 -0.0001  0.0162)
[Testing!]J_ani:
[[-0.093  0.003 -0.003]
 [ 0.003 -0.076 -0.004]
 [-0.003 -0.004 -2.473]]
----------------------------------------------------------------------------------------
   Cr1   Cr1   (  0,   0,  -1)  2.5358   ( 0.000,  0.000, -5.996)  5.996 
J_iso:  2.5358 
[Testing!] DMI: ( 0.0400  0.0001 -0.0162)
[Testing!]J_ani:
[[-0.093  0.003 -0.003]
 [ 0.003 -0.076 -0.004]
 [-0.003 -0.004 -2.473]]
----------------------------------------------------------------------------------------
   Cr2   Cr2   (  0,   0,  -1)  0.4041   ( 0.000,  0.000, -5.996)  5.996 
J_iso:  0.4041 
[Testing!] DMI: (-0.0122 -0.0026 -0.0002)
[Testing!]J_ani:
[[-0.095 -0.001  0.001]
 [-0.001 -0.035 -0.245]
 [ 0.001 -0.245 -0.798]]
----------------------------------------------------------------------------------------
   Cr3   Cr3   (  0,   0,  -1)  0.3925   ( 0.000,  0.000, -5.996)  5.996 
J_iso:  0.3925 
[Testing!] DMI: ( 0.0011 -0.0041 -0.0029)
[Testing!]J_ani:
[[-0.042  0.025  0.213]
 [ 0.025 -0.078  0.114]
 [ 0.213  0.114 -0.786]]
----------------------------------------------------------------------------------------
   Cr4   Cr4   (  0,   0,  -1)  0.3960   ( 0.000,  0.000, -5.996)  5.996 
J_iso:  0.3960 
[Testing!] DMI: ( 0.0040  0.0047 -0.0010)
[Testing!]J_ani:
[[-0.045 -0.025 -0.217]
 [-0.025 -0.082  0.116]
 [-0.217  0.116 -0.781]]
----------------------------------------------------------------------------------------
   Cr5   Cr5   (  0,   0,  -1)  1.1928   ( 0.000,  0.000, -5.996)  5.996 
J_iso:  1.1928 
[Testing!] DMI: (-0.0013  0.0036  0.0014)
[Testing!]J_ani:
[[-0.012 -0.     0.   ]
 [-0.    -0.011  0.   ]
 [ 0.     0.    -2.784]]
----------------------------------------------------------------------------------------
   Cr2   Cr2   (  0,   0,   1)  0.4041   ( 0.000,  0.000,  5.996)  5.996 
J_iso:  0.4041 
[Testing!] DMI: ( 0.0122  0.0026  0.0002)
[Testing!]J_ani:
[[-0.095 -0.001  0.001]
 [-0.001 -0.035 -0.245]
 [ 0.001 -0.245 -0.798]]
----------------------------------------------------------------------------------------
   Cr3   Cr3   (  0,   0,   1)  0.3925   ( 0.000,  0.000,  5.996)  5.996 
J_iso:  0.3925 
[Testing!] DMI: (-0.0011  0.0041  0.0029)
[Testing!]J_ani:
[[-0.042  0.025  0.213]
 [ 0.025 -0.078  0.114]
 [ 0.213  0.114 -0.786]]
----------------------------------------------------------------------------------------
   Cr4   Cr4   (  0,   0,   1)  0.3960   ( 0.000,  0.000,  5.996)  5.996 
J_iso:  0.3960 
[Testing!] DMI: (-0.0040 -0.0047  0.0010)
[Testing!]J_ani:
[[-0.045 -0.025 -0.217]
 [-0.025 -0.082  0.116]
 [-0.217  0.116 -0.781]]
----------------------------------------------------------------------------------------
   Cr5   Cr5   (  0,   0,   1)  1.1928   ( 0.000,  0.000,  5.996)  5.996 
J_iso:  1.1928 
[Testing!] DMI: ( 0.0013 -0.0036 -0.0014)
[Testing!]J_ani:
[[-0.012 -0.     0.   ]
 [-0.    -0.011  0.   ]
 [ 0.     0.    -2.784]]
----------------------------------------------------------------------------------------
   Cr3   Cr2   ( -1,  -1,   0)  0.5469   (-5.925,  3.421,  0.000)  6.842 
J_iso:  0.5469 
[Testing!] DMI: (-0.1017  0.0613  0.0473)
[Testing!]J_ani:
[[ 0.006 -0.034  0.15 ]
 [-0.034 -0.041 -0.082]
 [ 0.15  -0.082 -1.391]]
----------------------------------------------------------------------------------------
   Cr4   Cr2   ( -1,  -1,   0)  0.5420   (-5.925, -3.421,  0.000)  6.842 
J_iso:  0.5420 
[Testing!] DMI: (-0.1073 -0.0582 -0.0481)
[Testing!]J_ani:
[[ 0.001  0.035 -0.152]
 [ 0.035 -0.038 -0.078]
 [-0.152 -0.078 -1.382]]
----------------------------------------------------------------------------------------
   Cr2   Cr3   (  1,   1,   0)  0.5469   ( 5.925, -3.421,  0.000)  6.842 
J_iso:  0.5469 
[Testing!] DMI: ( 0.1017 -0.0613 -0.0473)
[Testing!]J_ani:
[[ 0.006 -0.034  0.15 ]
 [-0.034 -0.041 -0.082]
 [ 0.15  -0.082 -1.391]]
----------------------------------------------------------------------------------------
   Cr2   Cr4   (  1,   1,   0)  0.5420   ( 5.925,  3.421,  0.000)  6.842 
J_iso:  0.5420 
[Testing!] DMI: ( 0.1073  0.0582  0.0481)
[Testing!]J_ani:
[[ 0.001  0.035 -0.152]
 [ 0.035 -0.038 -0.078]
 [-0.152 -0.078 -1.382]]
----------------------------------------------------------------------------------------
   Cr4   Cr5   ( -1,   0,   0)  0.7408   (-5.925,  3.421,  0.000)  6.842 
J_iso:  0.7408 
[Testing!] DMI: ( 0.0400  0.0730  0.0008)
[Testing!]J_ani:
[[-0.005 -0.051 -0.075]
 [-0.051 -0.06   0.043]
 [-0.075  0.043 -1.045]]
----------------------------------------------------------------------------------------
   Cr3   Cr5   (  0,  -1,   0)  0.7412   (-5.925, -3.421,  0.000)  6.842 
J_iso:  0.7412 
[Testing!] DMI: ( 0.0418 -0.0708 -0.0006)
[Testing!]J_ani:
[[-0.     0.047  0.084]
 [ 0.047 -0.055  0.046]
 [ 0.084  0.046 -1.043]]
----------------------------------------------------------------------------------------
   Cr5   Cr3   (  0,   1,   0)  0.7412   ( 5.925,  3.421,  0.000)  6.842 
J_iso:  0.7412 
[Testing!] DMI: (-0.0418  0.0708  0.0006)
[Testing!]J_ani:
[[-0.     0.047  0.084]
 [ 0.047 -0.055  0.046]
 [ 0.084  0.046 -1.043]]
----------------------------------------------------------------------------------------
   Cr5   Cr4   (  1,   0,   0)  0.7408   ( 5.925, -3.421,  0.000)  6.842 
J_iso:  0.7408 
[Testing!] DMI: (-0.0400 -0.0730 -0.0008)
[Testing!]J_ani:
[[-0.005 -0.051 -0.075]
 [-0.051 -0.06   0.043]
 [-0.075  0.043 -1.045]]
----------------------------------------------------------------------------------------
   Cr5   Cr3   ( -1,  -1,   0)  0.7484   (-5.925, -3.421,  0.000)  6.842 
J_iso:  0.7484 
[Testing!] DMI: (-0.0372  0.0680  0.0009)
[Testing!]J_ani:
[[-0.007  0.052  0.08 ]
 [ 0.052 -0.066  0.041]
 [ 0.08   0.041 -1.037]]
----------------------------------------------------------------------------------------
   Cr5   Cr4   ( -1,  -1,   0)  0.7367   (-5.925,  3.421,  0.000)  6.842 
J_iso:  0.7367 
[Testing!] DMI: (-0.0398 -0.0698 -0.0009)
[Testing!]J_ani:
[[ 0.    -0.048 -0.084]
 [-0.048 -0.054  0.046]
 [-0.084  0.046 -1.036]]
----------------------------------------------------------------------------------------
   Cr3   Cr5   (  1,   1,   0)  0.7484   ( 5.925,  3.421,  0.000)  6.842 
J_iso:  0.7484 
[Testing!] DMI: ( 0.0372 -0.0680 -0.0009)
[Testing!]J_ani:
[[-0.007  0.052  0.08 ]
 [ 0.052 -0.066  0.041]
 [ 0.08   0.041 -1.037]]
----------------------------------------------------------------------------------------
   Cr4   Cr5   (  1,   1,   0)  0.7367   ( 5.925, -3.421,  0.000)  6.842 
J_iso:  0.7367 
[Testing!] DMI: ( 0.0398  0.0698  0.0009)
[Testing!]J_ani:
[[ 0.    -0.048 -0.084]
 [-0.048 -0.054  0.046]
 [-0.084  0.046 -1.036]]
----------------------------------------------------------------------------------------
   Cr2   Cr3   ( -1,   0,   0)  0.5503   (-5.925,  3.421,  0.000)  6.842 
J_iso:  0.5503 
[Testing!] DMI: ( 0.1102 -0.0579 -0.0471)
[Testing!]J_ani:
[[ 0.    -0.035  0.154]
 [-0.035 -0.039 -0.076]
 [ 0.154 -0.076 -1.398]]
----------------------------------------------------------------------------------------
   Cr2   Cr4   (  0,  -1,   0)  0.5483   (-5.925, -3.421,  0.000)  6.842 
J_iso:  0.5483 
[Testing!] DMI: ( 0.1037  0.0622  0.0442)
[Testing!]J_ani:
[[ 0.003  0.036 -0.149]
 [ 0.036 -0.044 -0.083]
 [-0.149 -0.083 -1.39 ]]
----------------------------------------------------------------------------------------
   Cr4   Cr2   (  0,   1,   0)  0.5483   ( 5.925,  3.421,  0.000)  6.842 
J_iso:  0.5483 
[Testing!] DMI: (-0.1037 -0.0622 -0.0442)
[Testing!]J_ani:
[[ 0.003  0.036 -0.149]
 [ 0.036 -0.044 -0.083]
 [-0.149 -0.083 -1.39 ]]
----------------------------------------------------------------------------------------
   Cr3   Cr2   (  1,   0,   0)  0.5503   ( 5.925, -3.421,  0.000)  6.842 
J_iso:  0.5503 
[Testing!] DMI: (-0.1102  0.0579  0.0471)
[Testing!]J_ani:
[[ 0.    -0.035  0.154]
 [-0.035 -0.039 -0.076]
 [ 0.154 -0.076 -1.398]]
----------------------------------------------------------------------------------------
   Cr3   Cr4   (  0,   0,   0)  0.5254   ( 0.000,  6.842,  0.000)  6.842 
J_iso:  0.5254 
[Testing!] DMI: ( 0.0026  0.1436 -0.0142)
[Testing!]J_ani:
[[-0.063 -0.003  0.004]
 [-0.003  0.017  0.174]
 [ 0.004  0.174 -1.347]]
----------------------------------------------------------------------------------------
   Cr4   Cr3   (  0,   0,   0)  0.5254   ( 0.000, -6.842,  0.000)  6.842 
J_iso:  0.5254 
[Testing!] DMI: (-0.0026 -0.1436  0.0142)
[Testing!]J_ani:
[[-0.063 -0.003  0.004]
 [-0.003  0.017  0.174]
 [ 0.004  0.174 -1.347]]
----------------------------------------------------------------------------------------
   Cr5   Cr2   ( -1,   0,   0)  0.7552   ( 0.000,  6.842,  0.000)  6.842 
J_iso:  0.7552 
[Testing!] DMI: ( 0.0803  0.0007 -0.0003)
[Testing!]J_ani:
[[-0.097 -0.     0.004]
 [-0.     0.022 -0.091]
 [ 0.004 -0.091 -1.044]]
----------------------------------------------------------------------------------------
   Cr5   Cr2   (  0,  -1,   0)  0.7509   ( 0.000, -6.842,  0.000)  6.842 
J_iso:  0.7509 
[Testing!] DMI: ( 0.0786  0.0015  0.0021)
[Testing!]J_ani:
[[-0.085 -0.     0.001]
 [-0.     0.026 -0.098]
 [ 0.001 -0.098 -1.04 ]]
----------------------------------------------------------------------------------------
   Cr2   Cr5   (  0,   1,   0)  0.7509   ( 0.000,  6.842,  0.000)  6.842 
J_iso:  0.7509 
[Testing!] DMI: (-0.0786 -0.0015 -0.0021)
[Testing!]J_ani:
[[-0.085 -0.     0.001]
 [-0.     0.026 -0.098]
 [ 0.001 -0.098 -1.04 ]]
----------------------------------------------------------------------------------------
   Cr2   Cr5   (  1,   0,   0)  0.7552   ( 0.000, -6.842,  0.000)  6.842 
J_iso:  0.7552 
[Testing!] DMI: (-0.0803 -0.0007  0.0003)
[Testing!]J_ani:
[[-0.097 -0.     0.004]
 [-0.     0.022 -0.091]
 [ 0.004 -0.091 -1.044]]
----------------------------------------------------------------------------------------
   Cr3   Cr4   (  1,  -1,   0)  0.5238   ( 0.000, -6.842,  0.000)  6.842 
J_iso:  0.5238 
[Testing!] DMI: ( 0.0008  0.1469 -0.0111)
[Testing!]J_ani:
[[-0.06   0.002  0.001]
 [ 0.002  0.02   0.174]
 [ 0.001  0.174 -1.357]]
----------------------------------------------------------------------------------------
   Cr4   Cr3   ( -1,   1,   0)  0.5238   ( 0.000,  6.842,  0.000)  6.842 
J_iso:  0.5238 
[Testing!] DMI: (-0.0008 -0.1469  0.0111)
[Testing!]J_ani:
[[-0.06   0.002  0.001]
 [ 0.002  0.02   0.174]
 [ 0.001  0.174 -1.357]]
