

*******************************************************************************
Fri Nov 15 16:25:39 2024


FIT:    data read from "output" u 1:2
        format = x:z
        #datapoints = 36
        residuals are weighted equally (unit weight)

function used for fitting: m(x)
	m(x)=x<Tc? (1-(x/Tc))**beta:0.0
fitted parameters initialized with current variable values

iter      chisq       delta/lim  lambda   Tc            beta         
   0 2.3049225251e+00   0.00e+00  1.05e+01    1.500000e+02   3.500000e-01
  14 3.6185883853e-03  -4.93e-02  1.05e+00    2.133022e+02   3.199027e-01

After 14 iterations the fit converged.
final sum of squares of residuals : 0.00361859
rel. change during last iteration : -4.9275e-07

degrees of freedom    (FIT_NDF)                        : 34
rms of residuals      (FIT_STDFIT) = sqrt(WSSR/ndf)    : 0.0103164
variance of residuals (reduced chisquare) = WSSR/ndf   : 0.000106429

Final set of parameters            Asymptotic Standard Error
=======================            ==========================
Tc              = 213.302          +/- 0.5238       (0.2456%)
beta            = 0.319903         +/- 0.004667     (1.459%)

correlation matrix of the fit parameters:
                Tc     beta   
Tc              1.000 
beta            0.712  1.000 


*******************************************************************************
Fri Nov 15 17:21:32 2024


FIT:    data read from "output" u 1:2
        format = x:z
        #datapoints = 33
        residuals are weighted equally (unit weight)

function used for fitting: m(x)
	m(x)=x<Tc? (1-(x/Tc))**beta:0.0
fitted parameters initialized with current variable values

iter      chisq       delta/lim  lambda   Tc            beta         
   0 1.8360708150e+00   0.00e+00  1.10e+01    1.500000e+02   3.500000e-01
  13 8.9504496631e-03  -4.98e-01  1.10e-12    2.067373e+02   3.416161e-01

After 13 iterations the fit converged.
final sum of squares of residuals : 0.00895045
rel. change during last iteration : -4.97948e-06

degrees of freedom    (FIT_NDF)                        : 31
rms of residuals      (FIT_STDFIT) = sqrt(WSSR/ndf)    : 0.0169919
variance of residuals (reduced chisquare) = WSSR/ndf   : 0.000288724

Final set of parameters            Asymptotic Standard Error
=======================            ==========================
Tc              = 206.737          +/- 1.544        (0.7468%)
beta            = 0.341616         +/- 0.01023      (2.994%)

correlation matrix of the fit parameters:
                Tc     beta   
Tc              1.000 
beta            0.824  1.000 


*******************************************************************************
Mon Nov 18 09:20:07 2024


FIT:    data read from "output" u 1:2
        format = x:z
        #datapoints = 33
        residuals are weighted equally (unit weight)

function used for fitting: m(x)
	m(x)=x<Tc? (1-(x/Tc))**beta:0.0
fitted parameters initialized with current variable values

iter      chisq       delta/lim  lambda   Tc            beta         
   0 1.8360708150e+00   0.00e+00  1.10e+01    1.500000e+02   3.500000e-01
  13 8.9504496631e-03  -4.98e-01  1.10e-12    2.067373e+02   3.416161e-01

After 13 iterations the fit converged.
final sum of squares of residuals : 0.00895045
rel. change during last iteration : -4.97948e-06

degrees of freedom    (FIT_NDF)                        : 31
rms of residuals      (FIT_STDFIT) = sqrt(WSSR/ndf)    : 0.0169919
variance of residuals (reduced chisquare) = WSSR/ndf   : 0.000288724

Final set of parameters            Asymptotic Standard Error
=======================            ==========================
Tc              = 206.737          +/- 1.544        (0.7468%)
beta            = 0.341616         +/- 0.01023      (2.994%)

correlation matrix of the fit parameters:
                Tc     beta   
Tc              1.000 
beta            0.824  1.000 


*******************************************************************************
Mon Nov 18 09:45:16 2024


FIT:    data read from "output" u 1:2
        format = x:z
        #datapoints = 33
        residuals are weighted equally (unit weight)

function used for fitting: m(x)
	m(x)=x<Tc? (1-(x/Tc))**beta:0.0
fitted parameters initialized with current variable values

iter      chisq       delta/lim  lambda   Tc            beta         
   0 1.8360708150e+00   0.00e+00  1.10e+01    1.500000e+02   3.500000e-01
  13 8.9504496631e-03  -4.98e-01  1.10e-12    2.067373e+02   3.416161e-01

After 13 iterations the fit converged.
final sum of squares of residuals : 0.00895045
rel. change during last iteration : -4.97948e-06

degrees of freedom    (FIT_NDF)                        : 31
rms of residuals      (FIT_STDFIT) = sqrt(WSSR/ndf)    : 0.0169919
variance of residuals (reduced chisquare) = WSSR/ndf   : 0.000288724

Final set of parameters            Asymptotic Standard Error
=======================            ==========================
Tc              = 206.737          +/- 1.544        (0.7468%)
beta            = 0.341616         +/- 0.01023      (2.994%)

correlation matrix of the fit parameters:
                Tc     beta   
Tc              1.000 
beta            0.824  1.000 


*******************************************************************************
Tue Nov 19 23:52:55 2024


FIT:    data read from "output" u 1:2
        format = x:z
        #datapoints = 33
        residuals are weighted equally (unit weight)

function used for fitting: m(x)
	m(x)=x<Tc? (1-(x/Tc))**beta:0.0
fitted parameters initialized with current variable values

iter      chisq       delta/lim  lambda   Tc            beta         
   0 1.8360708150e+00   0.00e+00  1.10e+01    1.500000e+02   3.500000e-01
  13 8.9504496631e-03  -4.98e-01  1.10e-12    2.067373e+02   3.416161e-01

After 13 iterations the fit converged.
final sum of squares of residuals : 0.00895045
rel. change during last iteration : -4.97948e-06

degrees of freedom    (FIT_NDF)                        : 31
rms of residuals      (FIT_STDFIT) = sqrt(WSSR/ndf)    : 0.0169919
variance of residuals (reduced chisquare) = WSSR/ndf   : 0.000288724

Final set of parameters            Asymptotic Standard Error
=======================            ==========================
Tc              = 206.737          +/- 1.544        (0.7468%)
beta            = 0.341616         +/- 0.01023      (2.994%)

correlation matrix of the fit parameters:
                Tc     beta   
Tc              1.000 
beta            0.824  1.000 


*******************************************************************************
Tue Nov 19 23:59:56 2024


FIT:    data read from "output" u 1:2
        format = x:z
        #datapoints = 36
        residuals are weighted equally (unit weight)

function used for fitting: m(x)
	m(x)=x<Tc? (1-(x/Tc))**beta:0.0
fitted parameters initialized with current variable values

iter      chisq       delta/lim  lambda   Tc            beta         
   0 1.8362900734e+00   0.00e+00  1.05e+01    1.500000e+02   3.500000e-01
  14 9.1696972331e-03  -2.89e-02  1.05e-01    2.067475e+02   3.416884e-01

After 14 iterations the fit converged.
final sum of squares of residuals : 0.0091697
rel. change during last iteration : -2.88968e-07

degrees of freedom    (FIT_NDF)                        : 34
rms of residuals      (FIT_STDFIT) = sqrt(WSSR/ndf)    : 0.0164225
variance of residuals (reduced chisquare) = WSSR/ndf   : 0.000269697

Final set of parameters            Asymptotic Standard Error
=======================            ==========================
Tc              = 206.748          +/- 1.494        (0.7226%)
beta            = 0.341688         +/- 0.00989      (2.895%)

correlation matrix of the fit parameters:
                Tc     beta   
Tc              1.000 
beta            0.824  1.000 


*******************************************************************************
Wed Nov 20 00:34:15 2024


FIT:    data read from "output" u 1:2
        format = x:z
        #datapoints = 36
        residuals are weighted equally (unit weight)

function used for fitting: m(x)
	m(x)=x<Tc? (1-(x/Tc))**beta:0.0
fitted parameters initialized with current variable values

iter      chisq       delta/lim  lambda   Tc            beta         
   0 1.9284197831e+00   0.00e+00  1.05e+01    1.500000e+02   3.500000e-01
  13 4.3416635408e-03  -2.00e-11  1.05e+04    2.053504e+02   3.223141e-01

After 13 iterations the fit converged.
final sum of squares of residuals : 0.00434166
rel. change during last iteration : -1.99776e-16

degrees of freedom    (FIT_NDF)                        : 34
rms of residuals      (FIT_STDFIT) = sqrt(WSSR/ndf)    : 0.0113003
variance of residuals (reduced chisquare) = WSSR/ndf   : 0.000127696

Final set of parameters            Asymptotic Standard Error
=======================            ==========================
Tc              = 205.35           +/- 0.8481       (0.413%)
beta            = 0.322314         +/- 0.006085     (1.888%)

correlation matrix of the fit parameters:
                Tc     beta   
Tc              1.000 
beta            0.792  1.000 


*******************************************************************************
Wed Nov 20 00:50:36 2024


FIT:    data read from "output" u 1:2
        format = x:z
        #datapoints = 36
        residuals are weighted equally (unit weight)

function used for fitting: m(x)
	m(x)=x<Tc? (1-(x/Tc))**beta:0.0
fitted parameters initialized with current variable values

iter      chisq       delta/lim  lambda   Tc            beta         
   0 2.2461813638e+00   0.00e+00  1.05e+01    1.500000e+02   3.500000e-01
  14 1.8057687421e-03  -7.81e-02  1.05e-01    2.120360e+02   3.193963e-01

After 14 iterations the fit converged.
final sum of squares of residuals : 0.00180577
rel. change during last iteration : -7.81346e-07

degrees of freedom    (FIT_NDF)                        : 34
rms of residuals      (FIT_STDFIT) = sqrt(WSSR/ndf)    : 0.00728772
variance of residuals (reduced chisquare) = WSSR/ndf   : 5.31108e-05

Final set of parameters            Asymptotic Standard Error
=======================            ==========================
Tc              = 212.036          +/- 0.255        (0.1203%)
beta            = 0.319396         +/- 0.002984     (0.9343%)

correlation matrix of the fit parameters:
                Tc     beta   
Tc              1.000 
beta            0.632  1.000 
