==========================================================================================
Information: 
Exchange parameters generated by TB2J 0.4.4.1
Generation time: 24/10/16 04:29:31
 Input from non-collinear Wannier90 data.
 Tight binding data from ./. 
 Prefix of wannier function files:wannier90.
Warning: Please check if the noise level of Wannier function Hamiltonian to make sure it is much smaller than the exchange values.
 The DMI component parallel to the spin orientation, the Jani which has the component of that orientation should be disregarded
 e.g. if the spins are along z, the xz, yz, zz, zx, zy components and the z component of DMI.
 If you need these component, try to do three calculations with spin along x, y, z,  or use structure with z rotated to x, y and z. And then use TB2J_merge.py to get the full set of parameters.


==========================================================================================
Cell (Angstrom):
 3.701  -0.000  -0.000
-1.851   3.205   0.000
 0.000  -0.000  14.757

==========================================================================================
Atoms:  
(Note: charge and magmoms only count the wannier functions.)
Atom_number      x         y         z     w_charge    M(x)      M(y)      M(z)   
Cr1             0.0000   -0.0000    5.9977    5.2884   -0.0293    0.0103   -0.6533
Te1             0.0000    2.1369    4.2795    5.9523   -0.2628   -0.0021   -0.0807
Te2             1.8507    1.0685    7.7159    5.9370    0.2760   -0.0028   -0.0824
Total                                        17.1777   -0.0162    0.0054   -0.8164

==========================================================================================
Exchange: 
    i      j          R        J_iso(meV)          vector          distance(A) 
----------------------------------------------------------------------------------------
   Cr1   Cr1   ( -1,   0,   0)  0.6275   (-3.701,  0.000,  0.000)  3.701 
J_iso:  0.6275 
[Testing!] Jprime: 0.026,  B: -0.046
[Testing!] DMI: ( 0.0458  0.0234  0.0092)
[Testing!]J_ani:
[[-1.411 -0.024 -0.331]
 [-0.024  0.023  0.016]
 [-0.331  0.016 -0.093]]
----------------------------------------------------------------------------------------
   Cr1   Cr1   (  1,   0,   0)  0.6275   ( 3.701,  0.000,  0.000)  3.701 
J_iso:  0.6275 
[Testing!] Jprime: 0.026,  B: -0.046
[Testing!] DMI: (-0.0458 -0.0234 -0.0092)
[Testing!]J_ani:
[[-1.411 -0.024 -0.331]
 [-0.024  0.023  0.016]
 [-0.331  0.016 -0.093]]
----------------------------------------------------------------------------------------
   Cr1   Cr1   ( -1,  -1,   0)  0.3575   (-1.851, -3.205,  0.000)  3.701 
J_iso:  0.3575 
[Testing!] Jprime: 0.026,  B: -0.047
[Testing!] DMI: (-0.0174 -0.0595 -0.0201)
[Testing!]J_ani:
[[-1.038  0.012 -0.255]
 [ 0.012  0.188 -0.007]
 [-0.255 -0.007 -0.093]]
----------------------------------------------------------------------------------------
   Cr1   Cr1   (  0,  -1,   0) -0.3839   ( 1.851, -3.205,  0.000)  3.701 
J_iso: -0.3839 
[Testing!] Jprime: -0.354,  B: 0.006
[Testing!] DMI: (-0.0861 -0.3680 -0.0235)
[Testing!]J_ani:
[[-0.534 -0.    -0.007]
 [-0.     0.619  0.008]
 [-0.007  0.008  0.012]]
----------------------------------------------------------------------------------------
   Cr1   Cr1   (  0,   1,   0) -0.3839   (-1.851,  3.205,  0.000)  3.701 
J_iso: -0.3839 
[Testing!] Jprime: -0.354,  B: 0.006
[Testing!] DMI: ( 0.0861  0.3680  0.0235)
[Testing!]J_ani:
[[-0.534 -0.    -0.007]
 [-0.     0.619  0.008]
 [-0.007  0.008  0.012]]
----------------------------------------------------------------------------------------
   Cr1   Cr1   (  1,   1,   0)  0.3575   ( 1.851,  3.205,  0.000)  3.701 
J_iso:  0.3575 
[Testing!] Jprime: 0.026,  B: -0.047
[Testing!] DMI: ( 0.0174  0.0595  0.0201)
[Testing!]J_ani:
[[-1.038  0.012 -0.255]
 [ 0.012  0.188 -0.007]
 [-0.255 -0.007 -0.093]]
----------------------------------------------------------------------------------------
   Cr1   Cr1   ( -2,  -1,   0)  0.0615   (-5.552, -3.205,  0.000)  6.411 
J_iso:  0.0615 
[Testing!] Jprime: 0.052,  B: -0.034
[Testing!] DMI: ( 0.0057  0.0824 -0.0335)
[Testing!]J_ani:
[[-0.113 -0.01  -0.022]
 [-0.01  -0.043  0.01 ]
 [-0.022  0.01  -0.068]]
----------------------------------------------------------------------------------------
   Cr1   Cr1   ( -1,   1,   0)  0.1529   (-5.552,  3.205,  0.000)  6.411 
J_iso:  0.1529 
[Testing!] Jprime: 0.022,  B: -0.021
[Testing!] DMI: ( 0.0099 -0.1781  0.0160)
[Testing!]J_ani:
[[-0.06   0.02  -0.03 ]
 [ 0.02  -0.287 -0.02 ]
 [-0.03  -0.02  -0.043]]
----------------------------------------------------------------------------------------
   Cr1   Cr1   (  1,  -1,   0)  0.1529   ( 5.552, -3.205,  0.000)  6.411 
J_iso:  0.1529 
[Testing!] Jprime: 0.022,  B: -0.021
[Testing!] DMI: (-0.0099  0.1781 -0.0160)
[Testing!]J_ani:
[[-0.06   0.02  -0.03 ]
 [ 0.02  -0.287 -0.02 ]
 [-0.03  -0.02  -0.043]]
----------------------------------------------------------------------------------------
   Cr1   Cr1   (  2,   1,   0)  0.0615   ( 5.552,  3.205,  0.000)  6.411 
J_iso:  0.0615 
[Testing!] Jprime: 0.052,  B: -0.034
[Testing!] DMI: (-0.0057 -0.0824  0.0335)
[Testing!]J_ani:
[[-0.113 -0.01  -0.022]
 [-0.01  -0.043  0.01 ]
 [-0.022  0.01  -0.068]]
----------------------------------------------------------------------------------------
   Cr1   Cr1   ( -1,  -2,   0)  0.0759   ( 0.000, -6.411,  0.000)  6.411 
J_iso:  0.0759 
[Testing!] Jprime: -0.095,  B: 0.004
[Testing!] DMI: (-0.0041  0.2690  0.0102)
[Testing!]J_ani:
[[-0.061 -0.002 -0.045]
 [-0.002 -0.264  0.02 ]
 [-0.045  0.02   0.008]]
----------------------------------------------------------------------------------------
   Cr1   Cr1   (  1,   2,   0)  0.0759   ( 0.000,  6.411,  0.000)  6.411 
J_iso:  0.0759 
[Testing!] Jprime: -0.095,  B: 0.004
[Testing!] DMI: ( 0.0041 -0.2690 -0.0102)
[Testing!]J_ani:
[[-0.061 -0.002 -0.045]
 [-0.002 -0.264  0.02 ]
 [-0.045  0.02   0.008]]
----------------------------------------------------------------------------------------
   Cr1   Cr1   ( -2,   0,   0) -0.0595   (-7.403,  0.000,  0.000)  7.403 
J_iso: -0.0595 
[Testing!] Jprime: -0.098,  B: 0.008
[Testing!] DMI: (-0.0147 -0.0933  0.0103)
[Testing!]J_ani:
[[-0.013 -0.003  0.007]
 [-0.003 -0.032 -0.015]
 [ 0.007 -0.015  0.016]]
----------------------------------------------------------------------------------------
   Cr1   Cr1   (  2,   0,   0) -0.0595   ( 7.403,  0.000,  0.000)  7.403 
J_iso: -0.0595 
[Testing!] Jprime: -0.098,  B: 0.008
[Testing!] DMI: ( 0.0147  0.0933 -0.0103)
[Testing!]J_ani:
[[-0.013 -0.003  0.007]
 [-0.003 -0.032 -0.015]
 [ 0.007 -0.015  0.016]]
----------------------------------------------------------------------------------------
   Cr1   Cr1   ( -2,  -2,   0) -0.0130   (-3.701, -6.411,  0.000)  7.403 
J_iso: -0.0130 
[Testing!] Jprime: -0.132,  B: 0.013
[Testing!] DMI: ( 0.0149  0.2397  0.0037)
[Testing!]J_ani:
[[-0.05  -0.009 -0.043]
 [-0.009 -0.137  0.013]
 [-0.043  0.013  0.025]]
----------------------------------------------------------------------------------------
   Cr1   Cr1   (  0,  -2,   0)  0.1223   ( 3.701, -6.411,  0.000)  7.403 
J_iso:  0.1223 
[Testing!] Jprime: -0.102,  B: 0.008
[Testing!] DMI: ( 0.0015  0.3692  0.0086)
[Testing!]J_ani:
[[-0.059  0.005 -0.108]
 [ 0.005 -0.359 -0.001]
 [-0.108 -0.001  0.016]]
----------------------------------------------------------------------------------------
   Cr1   Cr1   (  0,   2,   0)  0.1223   (-3.701,  6.411,  0.000)  7.403 
J_iso:  0.1223 
[Testing!] Jprime: -0.102,  B: 0.008
[Testing!] DMI: (-0.0015 -0.3692 -0.0086)
[Testing!]J_ani:
[[-0.059  0.005 -0.108]
 [ 0.005 -0.359 -0.001]
 [-0.108 -0.001  0.016]]
----------------------------------------------------------------------------------------
   Cr1   Cr1   (  2,   2,   0) -0.0130   ( 3.701,  6.411,  0.000)  7.403 
J_iso: -0.0130 
[Testing!] Jprime: -0.132,  B: 0.013
[Testing!] DMI: (-0.0149 -0.2397 -0.0037)
[Testing!]J_ani:
[[-0.05  -0.009 -0.043]
 [-0.009 -0.137  0.013]
 [-0.043  0.013  0.025]]
----------------------------------------------------------------------------------------
   Cr1   Cr1   ( -3,  -1,   0) -0.0181   (-9.253, -3.205,  0.000)  9.793 
J_iso: -0.0181 
[Testing!] Jprime: -0.020,  B: -0.001
[Testing!] DMI: ( 0.0175 -0.0193 -0.0043)
[Testing!]J_ani:
[[-0.007  0.014 -0.005]
 [ 0.014 -0.002 -0.001]
 [-0.005 -0.001 -0.002]]
----------------------------------------------------------------------------------------
   Cr1   Cr1   (  3,   1,   0) -0.0181   ( 9.253,  3.205,  0.000)  9.793 
J_iso: -0.0181 
[Testing!] Jprime: -0.020,  B: -0.001
[Testing!] DMI: (-0.0175  0.0193  0.0043)
[Testing!]J_ani:
[[-0.007  0.014 -0.005]
 [ 0.014 -0.002 -0.001]
 [-0.005 -0.001 -0.002]]
----------------------------------------------------------------------------------------
   Cr1   Cr1   ( -2,   1,   0)  0.0004   (-9.253,  3.205,  0.000)  9.793 
J_iso:  0.0004 
[Testing!] Jprime: -0.021,  B: -0.001
[Testing!] DMI: ( 0.0123  0.0460 -0.0047)
[Testing!]J_ani:
[[-0.006 -0.009  0.001]
 [-0.009 -0.044  0.008]
 [ 0.001  0.008 -0.003]]
----------------------------------------------------------------------------------------
   Cr1   Cr1   (  2,  -1,   0)  0.0004   ( 9.253, -3.205,  0.000)  9.793 
J_iso:  0.0004 
[Testing!] Jprime: -0.021,  B: -0.001
[Testing!] DMI: (-0.0123 -0.0460  0.0047)
[Testing!]J_ani:
[[-0.006 -0.009  0.001]
 [-0.009 -0.044  0.008]
 [ 0.001  0.008 -0.003]]
----------------------------------------------------------------------------------------
   Cr1   Cr1   ( -3,  -2,   0) -0.0185   (-7.403, -6.411,  0.000)  9.793 
J_iso: -0.0185 
[Testing!] Jprime: -0.020,  B: 0.001
[Testing!] DMI: ( 0.0127 -0.0063 -0.0058)
[Testing!]J_ani:
[[-0.005  0.001 -0.001]
 [ 0.001  0.004 -0.001]
 [-0.001 -0.001  0.001]]
----------------------------------------------------------------------------------------
   Cr1   Cr1   (  3,   2,   0) -0.0185   ( 7.403,  6.411,  0.000)  9.793 
J_iso: -0.0185 
[Testing!] Jprime: -0.020,  B: 0.001
[Testing!] DMI: (-0.0127  0.0063  0.0058)
[Testing!]J_ani:
[[-0.005  0.001 -0.001]
 [ 0.001  0.004 -0.001]
 [-0.001 -0.001  0.001]]
----------------------------------------------------------------------------------------
   Cr1   Cr1   ( -1,   2,   0)  0.0154   (-7.403,  6.411,  0.000)  9.793 
J_iso:  0.0154 
[Testing!] Jprime: 0.002,  B: -0.006
[Testing!] DMI: ( 0.0141  0.0420 -0.0061)
[Testing!]J_ani:
[[-0.019 -0.017  0.005]
 [-0.017 -0.033  0.007]
 [ 0.005  0.007 -0.012]]
----------------------------------------------------------------------------------------
   Cr1   Cr1   (  1,  -2,   0)  0.0154   ( 7.403, -6.411,  0.000)  9.793 
J_iso:  0.0154 
[Testing!] Jprime: 0.002,  B: -0.006
[Testing!] DMI: (-0.0141 -0.0420  0.0061)
[Testing!]J_ani:
[[-0.019 -0.017  0.005]
 [-0.017 -0.033  0.007]
 [ 0.005  0.007 -0.012]]
----------------------------------------------------------------------------------------
   Cr1   Cr1   ( -2,  -3,   0)  0.0523   (-1.851, -9.616,  0.000)  9.793 
J_iso:  0.0523 
[Testing!] Jprime: -0.014,  B: -0.002
[Testing!] DMI: (-0.0050 -0.0744 -0.0003)
[Testing!]J_ani:
[[-0.002 -0.013  0.   ]
 [-0.013 -0.138 -0.004]
 [ 0.    -0.004 -0.004]]
----------------------------------------------------------------------------------------
   Cr1   Cr1   ( -1,  -3,   0)  0.0597   ( 1.851, -9.616,  0.000)  9.793 
J_iso:  0.0597 
[Testing!] Jprime: -0.015,  B: -0.002
[Testing!] DMI: ( 0.0045 -0.0785 -0.0072)
[Testing!]J_ani:
[[-0.008  0.012 -0.005]
 [ 0.012 -0.15  -0.015]
 [-0.005 -0.015 -0.004]]
----------------------------------------------------------------------------------------
   Cr1   Cr1   (  1,   3,   0)  0.0597   (-1.851,  9.616,  0.000)  9.793 
J_iso:  0.0597 
[Testing!] Jprime: -0.015,  B: -0.002
[Testing!] DMI: (-0.0045  0.0785  0.0072)
[Testing!]J_ani:
[[-0.008  0.012 -0.005]
 [ 0.012 -0.15  -0.015]
 [-0.005 -0.015 -0.004]]
----------------------------------------------------------------------------------------
   Cr1   Cr1   (  2,   3,   0)  0.0523   ( 1.851,  9.616,  0.000)  9.793 
J_iso:  0.0523 
[Testing!] Jprime: -0.014,  B: -0.002
[Testing!] DMI: ( 0.0050  0.0744  0.0003)
[Testing!]J_ani:
[[-0.002 -0.013  0.   ]
 [-0.013 -0.138 -0.004]
 [ 0.    -0.004 -0.004]]
----------------------------------------------------------------------------------------
   Cr1   Cr1   ( -3,   0,   0) -0.0052   (-11.104,  0.000,  0.000) 11.104 
J_iso: -0.0052 
[Testing!] Jprime: 0.040,  B: -0.020
[Testing!] DMI: (-0.0065 -0.0071  0.0003)
[Testing!]J_ani:
[[ 0.01   0.001  0.029]
 [ 0.001  0.001 -0.004]
 [ 0.029 -0.004 -0.04 ]]
----------------------------------------------------------------------------------------
   Cr1   Cr1   (  3,   0,   0) -0.0052   (11.104,  0.000,  0.000) 11.104 
J_iso: -0.0052 
[Testing!] Jprime: 0.040,  B: -0.020
[Testing!] DMI: ( 0.0065  0.0071 -0.0003)
[Testing!]J_ani:
[[ 0.01   0.001  0.029]
 [ 0.001  0.001 -0.004]
 [ 0.029 -0.004 -0.04 ]]
----------------------------------------------------------------------------------------
   Cr1   Cr1   ( -3,  -3,   0)  0.0070   (-5.552, -9.616,  0.000) 11.104 
J_iso:  0.0070 
[Testing!] Jprime: 0.023,  B: -0.008
[Testing!] DMI: ( 0.0022  0.0045  0.0009)
[Testing!]J_ani:
[[ 0.005 -0.002  0.01 ]
 [-0.002 -0.005  0.001]
 [ 0.01   0.001 -0.016]]
----------------------------------------------------------------------------------------
   Cr1   Cr1   (  0,  -3,   0)  0.0117   ( 5.552, -9.616,  0.000) 11.104 
J_iso:  0.0117 
[Testing!] Jprime: 0.032,  B: -0.009
[Testing!] DMI: ( 0.0074  0.0103  0.0039)
[Testing!]J_ani:
[[ 0.011 -0.002  0.001]
 [-0.002 -0.007  0.002]
 [ 0.001  0.002 -0.019]]
----------------------------------------------------------------------------------------
   Cr1   Cr1   (  0,   3,   0)  0.0117   (-5.552,  9.616,  0.000) 11.104 
J_iso:  0.0117 
[Testing!] Jprime: 0.032,  B: -0.009
[Testing!] DMI: (-0.0074 -0.0103 -0.0039)
[Testing!]J_ani:
[[ 0.011 -0.002  0.001]
 [-0.002 -0.007  0.002]
 [ 0.001  0.002 -0.019]]
----------------------------------------------------------------------------------------
   Cr1   Cr1   (  3,   3,   0)  0.0070   ( 5.552,  9.616,  0.000) 11.104 
J_iso:  0.0070 
[Testing!] Jprime: 0.023,  B: -0.008
[Testing!] DMI: (-0.0022 -0.0045 -0.0009)
[Testing!]J_ani:
[[ 0.005 -0.002  0.01 ]
 [-0.002 -0.005  0.001]
 [ 0.01   0.001 -0.016]]
----------------------------------------------------------------------------------------
   Cr1   Cr1   ( -2,   2,   0) -0.0343   (-11.104,  6.411,  0.000) 12.822 
J_iso: -0.0343 
[Testing!] Jprime: 0.037,  B: -0.043
[Testing!] DMI: ( 0.0337  0.0484 -0.0074)
[Testing!]J_ani:
[[-0.019 -0.011 -0.039]
 [-0.011 -0.011 -0.014]
 [-0.039 -0.014 -0.086]]
----------------------------------------------------------------------------------------
   Cr1   Cr1   (  2,  -2,   0) -0.0343   (11.104, -6.411,  0.000) 12.822 
J_iso: -0.0343 
[Testing!] Jprime: 0.037,  B: -0.043
[Testing!] DMI: (-0.0337 -0.0484  0.0074)
[Testing!]J_ani:
[[-0.019 -0.011 -0.039]
 [-0.011 -0.011 -0.014]
 [-0.039 -0.014 -0.086]]
----------------------------------------------------------------------------------------
   Cr1   Cr1   ( -3,   1,   0)  0.0616   (-12.955,  3.205,  0.000) 13.345 
J_iso:  0.0616 
[Testing!] Jprime: 0.106,  B: -0.038
[Testing!] DMI: (-0.0087  0.0221  0.0004)
[Testing!]J_ani:
[[-0.023  0.008 -0.031]
 [ 0.008 -0.04  -0.01 ]
 [-0.031 -0.01  -0.076]]
----------------------------------------------------------------------------------------
   Cr1   Cr1   (  3,  -1,   0)  0.0616   (12.955, -3.205,  0.000) 13.345 
J_iso:  0.0616 
[Testing!] Jprime: 0.106,  B: -0.038
[Testing!] DMI: ( 0.0087 -0.0221 -0.0004)
[Testing!]J_ani:
[[-0.023  0.008 -0.031]
 [ 0.008 -0.04  -0.01 ]
 [-0.031 -0.01  -0.076]]
----------------------------------------------------------------------------------------
   Cr1   Cr1   ( -1,   3,   0) -0.0185   (-9.253,  9.616,  0.000) 13.345 
J_iso: -0.0185 
[Testing!] Jprime: -0.027,  B: -0.006
[Testing!] DMI: ( 0.0252 -0.0223 -0.0142)
[Testing!]J_ani:
[[-0.034  0.008 -0.021]
 [ 0.008 -0.007 -0.002]
 [-0.021 -0.002 -0.012]]
----------------------------------------------------------------------------------------
   Cr1   Cr1   (  1,  -3,   0) -0.0185   ( 9.253, -9.616,  0.000) 13.345 
J_iso: -0.0185 
[Testing!] Jprime: -0.027,  B: -0.006
[Testing!] DMI: (-0.0252  0.0223  0.0142)
[Testing!]J_ani:
[[-0.034  0.008 -0.021]
 [ 0.008 -0.007 -0.002]
 [-0.021 -0.002 -0.012]]
----------------------------------------------------------------------------------------
   Cr1   Cr1   ( -3,   2,   0) -0.0067   (-14.805,  6.411,  0.000) 16.134 
J_iso: -0.0067 
[Testing!] Jprime: 0.094,  B: -0.054
[Testing!] DMI: (-0.0350  0.0415  0.0485)
[Testing!]J_ani:
[[-0.004  0.009  0.013]
 [ 0.009 -0.01   0.002]
 [ 0.013  0.002 -0.108]]
----------------------------------------------------------------------------------------
   Cr1   Cr1   (  3,  -2,   0) -0.0067   (14.805, -6.411,  0.000) 16.134 
J_iso: -0.0067 
[Testing!] Jprime: 0.094,  B: -0.054
[Testing!] DMI: ( 0.0350 -0.0415 -0.0485)
[Testing!]J_ani:
[[-0.004  0.009  0.013]
 [ 0.009 -0.01   0.002]
 [ 0.013  0.002 -0.108]]
----------------------------------------------------------------------------------------
   Cr1   Cr1   ( -2,   3,   0) -0.0318   (-12.955,  9.616,  0.000) 16.134 
J_iso: -0.0318 
[Testing!] Jprime: 0.038,  B: -0.043
[Testing!] DMI: ( 0.0142 -0.0514  0.0132)
[Testing!]J_ani:
[[-0.014  0.009 -0.042]
 [ 0.009 -0.017  0.02 ]
 [-0.042  0.02  -0.085]]
----------------------------------------------------------------------------------------
   Cr1   Cr1   (  2,  -3,   0) -0.0318   (12.955, -9.616,  0.000) 16.134 
J_iso: -0.0318 
[Testing!] Jprime: 0.038,  B: -0.043
[Testing!] DMI: (-0.0142  0.0514 -0.0132)
[Testing!]J_ani:
[[-0.014  0.009 -0.042]
 [ 0.009 -0.017  0.02 ]
 [-0.042  0.02  -0.085]]
----------------------------------------------------------------------------------------
   Cr1   Cr1   ( -3,   3,   0) -0.0057   (-16.656,  9.616,  0.000) 19.233 
J_iso: -0.0057 
[Testing!] Jprime: 0.006,  B: -0.011
[Testing!] DMI: (-0.0125 -0.0200  0.0193)
[Testing!]J_ani:
[[-0.015 -0.004 -0.005]
 [-0.004 -0.005  0.014]
 [-0.005  0.014 -0.022]]
----------------------------------------------------------------------------------------
   Cr1   Cr1   (  3,  -3,   0) -0.0057   (16.656, -9.616,  0.000) 19.233 
J_iso: -0.0057 
[Testing!] Jprime: 0.006,  B: -0.011
[Testing!] DMI: ( 0.0125  0.0200 -0.0193)
[Testing!]J_ani:
[[-0.015 -0.004 -0.005]
 [-0.004 -0.005  0.014]
 [-0.005  0.014 -0.022]]
