==========================================================================================
Information: 
Exchange parameters generated by TB2J 0.9.0.1
Generation time: 25/01/14 10:39:37
 Input from non-collinear Wannier90 data.
 Tight binding data from ./. 
 Prefix of wannier function files:wannier90.
Warning: Please check if the noise level of Wannier function Hamiltonian to make sure it is much smaller than the exchange values.
 The DMI component parallel to the spin orientation, the Jani which has the component of that orientation should be disregarded
 e.g. if the spins are along z, the xz, yz, zz, zx, zy components and the z component of DMI.
 If you need these component, try to do three calculations with spin along x, y, z,  or use structure with z rotated to x, y and z. And then use TB2J_merge.py to get the full set of parameters.


==========================================================================================
Cell (Angstrom):
7.90000000  0.00000000  0.00000000
-3.95000000  6.84160069  0.00000000
0.00000000  0.00000000  6.20000000

==========================================================================================
Atoms:  
(Note: charge and magmoms only count the wannier functions.)
Atom_number        x             y             z       w_charge    M(x)      M(y)      M(z)   
Cr1             0.00000000    0.00000000    3.10000000    4.9189    0.0007   -0.0004    3.8314
Cr2             1.97500000    3.42080035    0.00000000    4.8375   -0.0305    0.0176    3.6009
Cr3             3.95000000    0.00000000    0.00000000    4.8371    0.0001   -0.0352    3.6006
Cr4            -1.97500000    3.42080035    0.00000000    4.8374    0.0305    0.0175    3.6005
Cr5             0.00000000    0.00000000    0.00000000    4.8646   -0.0003   -0.0000    3.6513
Te1             3.95000000    2.28053356    1.51519603    5.4588   -0.0001   -0.0004    0.3650
Te2             0.00000000    4.56106713    4.68480397    5.4588   -0.0000    0.0005    0.3648
Te3             0.00000000    2.30796259    1.54564505    4.7796    0.0001   -0.0010   -0.3003
Te4             3.95000000    4.53363810    4.65435495    4.7790    0.0002   -0.0011   -0.3003
Te5             1.95124577    5.68761940    1.54564505    4.7790    0.0010    0.0007   -0.2996
Te6             5.90124577    1.15398129    4.65435495    4.7790   -0.0012    0.0004   -0.3001
Te7             1.99875423    1.15398129    4.65435495    4.7792    0.0008    0.0005   -0.3000
Te8            -1.95124577    5.68761940    1.54564505    4.7788   -0.0008    0.0006   -0.2997
Total                                                    63.8877    0.0005   -0.0003   17.2143

==========================================================================================
Exchange: 
    i      j          R        J_iso(meV)          vector          distance(A) 
----------------------------------------------------------------------------------------
   Cr5   Cr1   (  0,   0,  -1) -0.4784   ( 0.000,  0.000, -3.100)  3.100 
J_iso: -0.4784 
[Testing!] DMI: (-0.0110 -0.0106 -0.0052)
[Testing!]J_ani:
[[ -0.548   0.002   0.01 ]
 [  0.002  -0.544  -0.004]
 [  0.01   -0.004 -20.122]]
----------------------------------------------------------------------------------------
   Cr1   Cr5   (  0,   0,   0) -0.5362   ( 0.000,  0.000, -3.100)  3.100 
J_iso: -0.5362 
[Testing!] DMI: (-0.0099  0.0094  0.0083)
[Testing!]J_ani:
[[ -0.549   0.003   0.002]
 [  0.003  -0.554   0.015]
 [  0.002   0.015 -20.011]]
----------------------------------------------------------------------------------------
   Cr5   Cr1   (  0,   0,   0) -0.5362   ( 0.000,  0.000,  3.100)  3.100 
J_iso: -0.5362 
[Testing!] DMI: ( 0.0099 -0.0094 -0.0083)
[Testing!]J_ani:
[[ -0.549   0.003   0.002]
 [  0.003  -0.554   0.015]
 [  0.002   0.015 -20.011]]
----------------------------------------------------------------------------------------
   Cr1   Cr5   (  0,   0,   1) -0.4784   ( 0.000,  0.000,  3.100)  3.100 
J_iso: -0.4784 
[Testing!] DMI: ( 0.0110  0.0106  0.0052)
[Testing!]J_ani:
[[ -0.548   0.002   0.01 ]
 [  0.002  -0.544  -0.004]
 [  0.01   -0.004 -20.122]]
----------------------------------------------------------------------------------------
   Cr2   Cr3   (  0,   0,   0)  4.1257   ( 1.975, -3.421,  0.000)  3.950 
J_iso:  4.1257 
[Testing!] DMI: ( 0.0136  0.0150 -0.4429)
[Testing!]J_ani:
[[-0.419 -0.208  0.275]
 [-0.208 -0.185  0.147]
 [ 0.275  0.147 -9.084]]
----------------------------------------------------------------------------------------
   Cr2   Cr4   (  0,   0,   0)  4.0906   (-3.950,  0.000,  0.000)  3.950 
J_iso:  4.0906 
[Testing!] DMI: (-0.0057 -0.0030  0.4296)
[Testing!]J_ani:
[[-0.056 -0.001 -0.001]
 [-0.001 -0.534 -0.31 ]
 [-0.001 -0.31  -9.063]]
----------------------------------------------------------------------------------------
   Cr2   Cr5   (  0,   0,   0)  8.1447   (-1.975, -3.421,  0.000)  3.950 
J_iso:  8.1447 
[Testing!] DMI: (-0.1122 -0.1876  0.0149)
[Testing!]J_ani:
[[ -0.473   0.127   0.11 ]
 [  0.127  -0.324  -0.063]
 [  0.11   -0.063 -16.852]]
----------------------------------------------------------------------------------------
   Cr3   Cr2   (  0,   0,   0)  4.1257   (-1.975,  3.421,  0.000)  3.950 
J_iso:  4.1257 
[Testing!] DMI: (-0.0136 -0.0150  0.4429)
[Testing!]J_ani:
[[-0.419 -0.208  0.275]
 [-0.208 -0.185  0.147]
 [ 0.275  0.147 -9.084]]
----------------------------------------------------------------------------------------
   Cr3   Cr5   (  0,   0,   0)  8.1257   (-3.950,  0.000,  0.000)  3.950 
J_iso:  8.1257 
[Testing!] DMI: ( 0.2207  0.0055 -0.0059)
[Testing!]J_ani:
[[ -0.256  -0.001  -0.003]
 [ -0.001  -0.546   0.124]
 [ -0.003   0.124 -16.85 ]]
----------------------------------------------------------------------------------------
   Cr4   Cr2   (  0,   0,   0)  4.0906   ( 3.950,  0.000,  0.000)  3.950 
J_iso:  4.0906 
[Testing!] DMI: ( 0.0057  0.0030 -0.4296)
[Testing!]J_ani:
[[-0.056 -0.001 -0.001]
 [-0.001 -0.534 -0.31 ]
 [-0.001 -0.31  -9.063]]
----------------------------------------------------------------------------------------
   Cr4   Cr5   (  0,   0,   0)  8.1474   ( 1.975, -3.421,  0.000)  3.950 
J_iso:  8.1474 
[Testing!] DMI: (-0.1180  0.1877 -0.0042)
[Testing!]J_ani:
[[ -0.469  -0.127  -0.107]
 [ -0.127  -0.328  -0.06 ]
 [ -0.107  -0.06  -16.883]]
----------------------------------------------------------------------------------------
   Cr5   Cr2   (  0,   0,   0)  8.1447   ( 1.975,  3.421,  0.000)  3.950 
J_iso:  8.1447 
[Testing!] DMI: ( 0.1122  0.1876 -0.0149)
[Testing!]J_ani:
[[ -0.473   0.127   0.11 ]
 [  0.127  -0.324  -0.063]
 [  0.11   -0.063 -16.852]]
----------------------------------------------------------------------------------------
   Cr5   Cr3   (  0,   0,   0)  8.1257   ( 3.950,  0.000,  0.000)  3.950 
J_iso:  8.1257 
[Testing!] DMI: (-0.2207 -0.0055  0.0059)
[Testing!]J_ani:
[[ -0.256  -0.001  -0.003]
 [ -0.001  -0.546   0.124]
 [ -0.003   0.124 -16.85 ]]
----------------------------------------------------------------------------------------
   Cr5   Cr4   (  0,   0,   0)  8.1474   (-1.975,  3.421,  0.000)  3.950 
J_iso:  8.1474 
[Testing!] DMI: ( 0.1180 -0.1877  0.0042)
[Testing!]J_ani:
[[ -0.469  -0.127  -0.107]
 [ -0.127  -0.328  -0.06 ]
 [ -0.107  -0.06  -16.883]]
----------------------------------------------------------------------------------------
   Cr5   Cr2   ( -1,  -1,   0)  8.1405   (-1.975, -3.421,  0.000)  3.950 
J_iso:  8.1405 
[Testing!] DMI: ( 0.0999  0.1829 -0.0020)
[Testing!]J_ani:
[[ -0.471   0.125   0.115]
 [  0.125  -0.326  -0.068]
 [  0.115  -0.068 -16.846]]
----------------------------------------------------------------------------------------
   Cr4   Cr2   ( -1,   0,   0)  4.0769   (-3.950,  0.000,  0.000)  3.950 
J_iso:  4.0769 
[Testing!] DMI: ( 0.0044  0.0038 -0.4345)
[Testing!]J_ani:
[[-0.056 -0.001  0.   ]
 [-0.001 -0.532 -0.309]
 [ 0.    -0.309 -9.045]]
----------------------------------------------------------------------------------------
   Cr4   Cr3   ( -1,   0,   0)  4.1035   (-1.975, -3.421,  0.000)  3.950 
J_iso:  4.1035 
[Testing!] DMI: ( 0.0365 -0.0086  0.4409)
[Testing!]J_ani:
[[-0.429  0.213 -0.265]
 [ 0.213 -0.182  0.143]
 [-0.265  0.143 -9.1  ]]
----------------------------------------------------------------------------------------
   Cr5   Cr3   ( -1,   0,   0)  8.1305   (-3.950,  0.000,  0.000)  3.950 
J_iso:  8.1305 
[Testing!] DMI: (-0.2127  0.0081  0.0007)
[Testing!]J_ani:
[[ -0.256   0.001  -0.001]
 [  0.001  -0.544   0.125]
 [ -0.001   0.125 -16.865]]
----------------------------------------------------------------------------------------
   Cr3   Cr2   (  0,  -1,   0)  4.1213   ( 1.975, -3.421,  0.000)  3.950 
J_iso:  4.1213 
[Testing!] DMI: (-0.0032 -0.0138  0.4420)
[Testing!]J_ani:
[[-0.418 -0.209  0.277]
 [-0.209 -0.183  0.134]
 [ 0.277  0.134 -9.1  ]]
----------------------------------------------------------------------------------------
   Cr3   Cr4   (  0,  -1,   0)  4.1003   (-1.975, -3.421,  0.000)  3.950 
J_iso:  4.1003 
[Testing!] DMI: (-0.0351  0.0038 -0.4275)
[Testing!]J_ani:
[[-0.43   0.214 -0.271]
 [ 0.214 -0.18   0.143]
 [-0.271  0.143 -9.101]]
----------------------------------------------------------------------------------------
   Cr5   Cr4   (  0,  -1,   0)  8.1586   ( 1.975, -3.421,  0.000)  3.950 
J_iso:  8.1586 
[Testing!] DMI: ( 0.1029 -0.1916  0.0043)
[Testing!]J_ani:
[[ -0.474  -0.126  -0.108]
 [ -0.126  -0.33   -0.071]
 [ -0.108  -0.071 -16.899]]
----------------------------------------------------------------------------------------
   Cr2   Cr5   (  1,   1,   0)  8.1405   ( 1.975,  3.421,  0.000)  3.950 
J_iso:  8.1405 
[Testing!] DMI: (-0.0999 -0.1829  0.0020)
[Testing!]J_ani:
[[ -0.471   0.125   0.115]
 [  0.125  -0.326  -0.068]
 [  0.115  -0.068 -16.846]]
----------------------------------------------------------------------------------------
   Cr2   Cr3   (  0,   1,   0)  4.1213   (-1.975,  3.421,  0.000)  3.950 
J_iso:  4.1213 
[Testing!] DMI: ( 0.0032  0.0138 -0.4420)
[Testing!]J_ani:
[[-0.418 -0.209  0.277]
 [-0.209 -0.183  0.134]
 [ 0.277  0.134 -9.1  ]]
----------------------------------------------------------------------------------------
   Cr4   Cr3   (  0,   1,   0)  4.1003   ( 1.975,  3.421,  0.000)  3.950 
J_iso:  4.1003 
[Testing!] DMI: ( 0.0351 -0.0038  0.4275)
[Testing!]J_ani:
[[-0.43   0.214 -0.271]
 [ 0.214 -0.18   0.143]
 [-0.271  0.143 -9.101]]
----------------------------------------------------------------------------------------
   Cr4   Cr5   (  0,   1,   0)  8.1586   (-1.975,  3.421,  0.000)  3.950 
J_iso:  8.1586 
[Testing!] DMI: (-0.1029  0.1916 -0.0043)
[Testing!]J_ani:
[[ -0.474  -0.126  -0.108]
 [ -0.126  -0.33   -0.071]
 [ -0.108  -0.071 -16.899]]
----------------------------------------------------------------------------------------
   Cr2   Cr4   (  1,   0,   0)  4.0769   ( 3.950,  0.000,  0.000)  3.950 
J_iso:  4.0769 
[Testing!] DMI: (-0.0044 -0.0038  0.4345)
[Testing!]J_ani:
[[-0.056 -0.001  0.   ]
 [-0.001 -0.532 -0.309]
 [ 0.    -0.309 -9.045]]
----------------------------------------------------------------------------------------
   Cr3   Cr4   (  1,   0,   0)  4.1035   ( 1.975,  3.421,  0.000)  3.950 
J_iso:  4.1035 
[Testing!] DMI: (-0.0365  0.0086 -0.4409)
[Testing!]J_ani:
[[-0.429  0.213 -0.265]
 [ 0.213 -0.182  0.143]
 [-0.265  0.143 -9.1  ]]
----------------------------------------------------------------------------------------
   Cr3   Cr5   (  1,   0,   0)  8.1305   ( 3.950,  0.000,  0.000)  3.950 
J_iso:  8.1305 
[Testing!] DMI: ( 0.2127 -0.0081 -0.0007)
[Testing!]J_ani:
[[ -0.256   0.001  -0.001]
 [  0.001  -0.544   0.125]
 [ -0.001   0.125 -16.865]]
----------------------------------------------------------------------------------------
   Cr2   Cr1   (  0,   0,  -1)  5.2065   (-1.975, -3.421, -3.100)  5.021 
J_iso:  5.2065 
[Testing!] DMI: (-0.6308 -0.5687 -0.9950)
[Testing!]J_ani:
[[-0.116  0.065  0.208]
 [ 0.065 -0.209 -0.127]
 [ 0.208 -0.127  0.988]]
----------------------------------------------------------------------------------------
   Cr3   Cr1   (  0,   0,  -1)  5.2533   (-3.950,  0.000, -3.100)  5.021 
J_iso:  5.2533 
[Testing!] DMI: ( 0.8376  0.3089  0.9821)
[Testing!]J_ani:
[[-0.153  0.07  -0.019]
 [ 0.07  -0.229  0.12 ]
 [-0.019  0.12   0.391]]
----------------------------------------------------------------------------------------
   Cr4   Cr1   (  0,   0,  -1)  5.2348   ( 1.975, -3.421, -3.100)  5.021 
J_iso:  5.2348 
[Testing!] DMI: (-0.6323  0.6270  0.9930)
[Testing!]J_ani:
[[-0.134 -0.054 -0.118]
 [-0.054 -0.219 -0.137]
 [-0.118 -0.137  0.607]]
----------------------------------------------------------------------------------------
   Cr1   Cr2   (  0,   0,   0)  5.1943   ( 1.975,  3.421, -3.100)  5.021 
J_iso:  5.1943 
[Testing!] DMI: ( 0.1743  0.8342 -1.0066)
[Testing!]J_ani:
[[-0.238 -0.012  0.179]
 [-0.012 -0.079 -0.118]
 [ 0.179 -0.118  0.888]]
----------------------------------------------------------------------------------------
   Cr1   Cr3   (  0,   0,   0)  5.2687   ( 3.950,  0.000, -3.100)  5.021 
J_iso:  5.2687 
[Testing!] DMI: (-0.8353  0.2854  1.0002)
[Testing!]J_ani:
[[-0.16  -0.075  0.043]
 [-0.075 -0.219  0.117]
 [ 0.043  0.117  0.495]]
----------------------------------------------------------------------------------------
   Cr1   Cr4   (  0,   0,   0)  5.2491   (-1.975,  3.421, -3.100)  5.021 
J_iso:  5.2491 
[Testing!] DMI: ( 0.1518 -0.9270  0.9493)
[Testing!]J_ani:
[[-0.264  0.004 -0.166]
 [ 0.004 -0.104 -0.019]
 [-0.166 -0.019  0.525]]
----------------------------------------------------------------------------------------
   Cr2   Cr1   (  0,   0,   0)  5.1943   (-1.975, -3.421,  3.100)  5.021 
J_iso:  5.1943 
[Testing!] DMI: (-0.1743 -0.8342  1.0066)
[Testing!]J_ani:
[[-0.238 -0.012  0.179]
 [-0.012 -0.079 -0.118]
 [ 0.179 -0.118  0.888]]
----------------------------------------------------------------------------------------
   Cr3   Cr1   (  0,   0,   0)  5.2687   (-3.950,  0.000,  3.100)  5.021 
J_iso:  5.2687 
[Testing!] DMI: ( 0.8353 -0.2854 -1.0002)
[Testing!]J_ani:
[[-0.16  -0.075  0.043]
 [-0.075 -0.219  0.117]
 [ 0.043  0.117  0.495]]
----------------------------------------------------------------------------------------
   Cr4   Cr1   (  0,   0,   0)  5.2491   ( 1.975, -3.421,  3.100)  5.021 
J_iso:  5.2491 
[Testing!] DMI: (-0.1518  0.9270 -0.9493)
[Testing!]J_ani:
[[-0.264  0.004 -0.166]
 [ 0.004 -0.104 -0.019]
 [-0.166 -0.019  0.525]]
----------------------------------------------------------------------------------------
   Cr1   Cr2   (  0,   0,   1)  5.2065   ( 1.975,  3.421,  3.100)  5.021 
J_iso:  5.2065 
[Testing!] DMI: ( 0.6308  0.5687  0.9950)
[Testing!]J_ani:
[[-0.116  0.065  0.208]
 [ 0.065 -0.209 -0.127]
 [ 0.208 -0.127  0.988]]
----------------------------------------------------------------------------------------
   Cr1   Cr3   (  0,   0,   1)  5.2533   ( 3.950,  0.000,  3.100)  5.021 
J_iso:  5.2533 
[Testing!] DMI: (-0.8376 -0.3089 -0.9821)
[Testing!]J_ani:
[[-0.153  0.07  -0.019]
 [ 0.07  -0.229  0.12 ]
 [-0.019  0.12   0.391]]
----------------------------------------------------------------------------------------
   Cr1   Cr4   (  0,   0,   1)  5.2348   (-1.975,  3.421,  3.100)  5.021 
J_iso:  5.2348 
[Testing!] DMI: ( 0.6323 -0.6270 -0.9930)
[Testing!]J_ani:
[[-0.134 -0.054 -0.118]
 [-0.054 -0.219 -0.137]
 [-0.118 -0.137  0.607]]
----------------------------------------------------------------------------------------
   Cr1   Cr2   ( -1,  -1,   0)  5.2090   (-1.975, -3.421, -3.100)  5.021 
J_iso:  5.2090 
[Testing!] DMI: ( 0.6929  0.5628  0.9821)
[Testing!]J_ani:
[[-0.127  0.058  0.169]
 [ 0.058 -0.203 -0.159]
 [ 0.169 -0.159  1.045]]
----------------------------------------------------------------------------------------
   Cr1   Cr2   ( -1,  -1,   1)  5.2155   (-1.975, -3.421,  3.100)  5.021 
J_iso:  5.2155 
[Testing!] DMI: ( 0.1571  0.8918 -0.9750)
[Testing!]J_ani:
[[-0.233 -0.009  0.23 ]
 [-0.009 -0.103 -0.065]
 [ 0.23  -0.065  0.906]]
----------------------------------------------------------------------------------------
   Cr1   Cr3   ( -1,   0,   0)  5.2627   (-3.950,  0.000, -3.100)  5.021 
J_iso:  5.2627 
[Testing!] DMI: (-0.8424 -0.3071 -0.9923)
[Testing!]J_ani:
[[-0.153  0.069 -0.019]
 [ 0.069 -0.226  0.113]
 [-0.019  0.113  0.483]]
----------------------------------------------------------------------------------------
   Cr1   Cr3   ( -1,   0,   1)  5.2602   (-3.950,  0.000,  3.100)  5.021 
J_iso:  5.2602 
[Testing!] DMI: (-0.8457  0.2417  0.9926)
[Testing!]J_ani:
[[-0.161 -0.07   0.021]
 [-0.07  -0.214  0.113]
 [ 0.021  0.113  0.377]]
----------------------------------------------------------------------------------------
   Cr1   Cr4   (  0,  -1,   0)  5.2395   ( 1.975, -3.421, -3.100)  5.021 
J_iso:  5.2395 
[Testing!] DMI: ( 0.6008 -0.6162 -1.0063)
[Testing!]J_ani:
[[-0.13  -0.051 -0.138]
 [-0.051 -0.218 -0.12 ]
 [-0.138 -0.12   0.471]]
----------------------------------------------------------------------------------------
   Cr1   Cr4   (  0,  -1,   1)  5.2579   ( 1.975, -3.421,  3.100)  5.021 
J_iso:  5.2579 
[Testing!] DMI: ( 0.1465 -0.9320  1.0117)
[Testing!]J_ani:
[[-0.263  0.003 -0.162]
 [ 0.003 -0.105 -0.026]
 [-0.162 -0.026  0.538]]
----------------------------------------------------------------------------------------
   Cr2   Cr1   (  1,   1,  -1)  5.2155   ( 1.975,  3.421, -3.100)  5.021 
J_iso:  5.2155 
[Testing!] DMI: (-0.1571 -0.8918  0.9750)
[Testing!]J_ani:
[[-0.233 -0.009  0.23 ]
 [-0.009 -0.103 -0.065]
 [ 0.23  -0.065  0.906]]
----------------------------------------------------------------------------------------
   Cr2   Cr1   (  1,   1,   0)  5.2090   ( 1.975,  3.421,  3.100)  5.021 
J_iso:  5.2090 
[Testing!] DMI: (-0.6929 -0.5628 -0.9821)
[Testing!]J_ani:
[[-0.127  0.058  0.169]
 [ 0.058 -0.203 -0.159]
 [ 0.169 -0.159  1.045]]
----------------------------------------------------------------------------------------
   Cr4   Cr1   (  0,   1,   0)  5.2395   (-1.975,  3.421,  3.100)  5.021 
J_iso:  5.2395 
[Testing!] DMI: (-0.6008  0.6162  1.0063)
[Testing!]J_ani:
[[-0.13  -0.051 -0.138]
 [-0.051 -0.218 -0.12 ]
 [-0.138 -0.12   0.471]]
----------------------------------------------------------------------------------------
   Cr3   Cr1   (  1,   0,   0)  5.2627   ( 3.950,  0.000,  3.100)  5.021 
J_iso:  5.2627 
[Testing!] DMI: ( 0.8424  0.3071  0.9923)
[Testing!]J_ani:
[[-0.153  0.069 -0.019]
 [ 0.069 -0.226  0.113]
 [-0.019  0.113  0.483]]
----------------------------------------------------------------------------------------
   Cr3   Cr1   (  1,   0,  -1)  5.2602   ( 3.950,  0.000, -3.100)  5.021 
J_iso:  5.2602 
[Testing!] DMI: ( 0.8457 -0.2417 -0.9926)
[Testing!]J_ani:
[[-0.161 -0.07   0.021]
 [-0.07  -0.214  0.113]
 [ 0.021  0.113  0.377]]
----------------------------------------------------------------------------------------
   Cr4   Cr1   (  0,   1,  -1)  5.2579   (-1.975,  3.421, -3.100)  5.021 
J_iso:  5.2579 
[Testing!] DMI: (-0.1465  0.9320 -1.0117)
[Testing!]J_ani:
[[-0.263  0.003 -0.162]
 [ 0.003 -0.105 -0.026]
 [-0.162 -0.026  0.538]]
----------------------------------------------------------------------------------------
   Cr1   Cr1   (  0,   0,  -1)  1.8422   ( 0.000,  0.000, -6.200)  6.200 
J_iso:  1.8422 
[Testing!] DMI: (-0.0043  0.0285 -0.0084)
[Testing!]J_ani:
[[ 0.082 -0.01   0.044]
 [-0.01   0.072 -0.086]
 [ 0.044 -0.086  0.951]]
----------------------------------------------------------------------------------------
   Cr2   Cr2   (  0,   0,  -1)  0.5281   ( 0.000,  0.000, -6.200)  6.200 
J_iso:  0.5281 
[Testing!] DMI: ( 0.0084 -0.0064 -0.0039)
[Testing!]J_ani:
[[ 0.01  -0.028  0.256]
 [-0.028 -0.019 -0.16 ]
 [ 0.256 -0.16  -0.264]]
----------------------------------------------------------------------------------------
   Cr3   Cr3   (  0,   0,  -1)  0.5420   ( 0.000,  0.000, -6.200)  6.200 
J_iso:  0.5420 
[Testing!] DMI: (-0.0022  0.0032  0.0029)
[Testing!]J_ani:
[[-0.05  -0.003 -0.006]
 [-0.003  0.008  0.282]
 [-0.006  0.282 -0.566]]
----------------------------------------------------------------------------------------
   Cr4   Cr4   (  0,   0,  -1)  0.5406   ( 0.000,  0.000, -6.200)  6.200 
J_iso:  0.5406 
[Testing!] DMI: (-0.0050 -0.0000 -0.0027)
[Testing!]J_ani:
[[-0.002  0.023 -0.252]
 [ 0.023 -0.034 -0.137]
 [-0.252 -0.137 -0.584]]
----------------------------------------------------------------------------------------
   Cr5   Cr5   (  0,   0,  -1)  1.3748   ( 0.000,  0.000, -6.200)  6.200 
J_iso:  1.3748 
[Testing!] DMI: (-0.0003 -0.0021  0.0026)
[Testing!]J_ani:
[[-0.006 -0.001  0.006]
 [-0.001 -0.007 -0.002]
 [ 0.006 -0.002 -2.667]]
----------------------------------------------------------------------------------------
   Cr2   Cr2   (  0,   0,   1)  0.5281   ( 0.000,  0.000,  6.200)  6.200 
J_iso:  0.5281 
[Testing!] DMI: (-0.0084  0.0064  0.0039)
[Testing!]J_ani:
[[ 0.01  -0.028  0.256]
 [-0.028 -0.019 -0.16 ]
 [ 0.256 -0.16  -0.264]]
----------------------------------------------------------------------------------------
   Cr3   Cr3   (  0,   0,   1)  0.5420   ( 0.000,  0.000,  6.200)  6.200 
J_iso:  0.5420 
[Testing!] DMI: ( 0.0022 -0.0032 -0.0029)
[Testing!]J_ani:
[[-0.05  -0.003 -0.006]
 [-0.003  0.008  0.282]
 [-0.006  0.282 -0.566]]
----------------------------------------------------------------------------------------
   Cr4   Cr4   (  0,   0,   1)  0.5406   ( 0.000,  0.000,  6.200)  6.200 
J_iso:  0.5406 
[Testing!] DMI: ( 0.0050  0.0000  0.0027)
[Testing!]J_ani:
[[-0.002  0.023 -0.252]
 [ 0.023 -0.034 -0.137]
 [-0.252 -0.137 -0.584]]
----------------------------------------------------------------------------------------
   Cr5   Cr5   (  0,   0,   1)  1.3748   ( 0.000,  0.000,  6.200)  6.200 
J_iso:  1.3748 
[Testing!] DMI: ( 0.0003  0.0021 -0.0026)
[Testing!]J_ani:
[[-0.006 -0.001  0.006]
 [-0.001 -0.007 -0.002]
 [ 0.006 -0.002 -2.667]]
----------------------------------------------------------------------------------------
   Cr1   Cr1   (  0,   0,   1)  1.8422   ( 0.000,  0.000,  6.200)  6.200 
J_iso:  1.8422 
[Testing!] DMI: ( 0.0043 -0.0285  0.0084)
[Testing!]J_ani:
[[ 0.082 -0.01   0.044]
 [-0.01   0.072 -0.086]
 [ 0.044 -0.086  0.951]]
----------------------------------------------------------------------------------------
   Cr3   Cr4   (  0,   0,   0)  0.7334   (-5.925,  3.421,  0.000)  6.842 
J_iso:  0.7334 
[Testing!] DMI: (-0.1824  0.1000 -0.0408)
[Testing!]J_ani:
[[-0.036 -0.016 -0.072]
 [-0.016 -0.052  0.032]
 [-0.072  0.032 -1.681]]
----------------------------------------------------------------------------------------
   Cr4   Cr3   (  0,   0,   0)  0.7334   ( 5.925, -3.421,  0.000)  6.842 
J_iso:  0.7334 
[Testing!] DMI: ( 0.1824 -0.1000  0.0408)
[Testing!]J_ani:
[[-0.036 -0.016 -0.072]
 [-0.016 -0.052  0.032]
 [-0.072  0.032 -1.681]]
----------------------------------------------------------------------------------------
   Cr3   Cr2   ( -1,  -1,   0)  0.7405   (-5.925, -3.421,  0.000)  6.842 
J_iso:  0.7405 
[Testing!] DMI: (-0.1544 -0.1006  0.0433)
[Testing!]J_ani:
[[-0.021  0.015  0.07 ]
 [ 0.015 -0.044  0.036]
 [ 0.07   0.036 -1.555]]
----------------------------------------------------------------------------------------
   Cr4   Cr2   ( -1,  -1,   0)  0.7318   ( 0.000, -6.842,  0.000)  6.842 
J_iso:  0.7318 
[Testing!] DMI: (-0.0062 -0.1638 -0.0495)
[Testing!]J_ani:
[[-0.049 -0.003 -0.01 ]
 [-0.003 -0.01  -0.073]
 [-0.01  -0.073 -1.542]]
----------------------------------------------------------------------------------------
   Cr5   Cr3   ( -1,  -1,   0)  0.5621   ( 0.000, -6.842,  0.000)  6.842 
J_iso:  0.5621 
[Testing!] DMI: ( 0.0230 -0.0049 -0.0026)
[Testing!]J_ani:
[[-0.094  0.002  0.002]
 [ 0.002  0.008  0.113]
 [ 0.002  0.113 -0.739]]
----------------------------------------------------------------------------------------
   Cr5   Cr4   ( -1,  -1,   0)  0.5696   (-5.925, -3.421,  0.000)  6.842 
J_iso:  0.5696 
[Testing!] DMI: (-0.0099  0.0093  0.0035)
[Testing!]J_ani:
[[-0.016  0.043 -0.095]
 [ 0.043 -0.064 -0.057]
 [-0.095 -0.057 -0.751]]
----------------------------------------------------------------------------------------
   Cr2   Cr3   ( -1,   0,   0)  0.7337   (-5.925, -3.421,  0.000)  6.842 
J_iso:  0.7337 
[Testing!] DMI: ( 0.1569  0.0905 -0.0443)
[Testing!]J_ani:
[[-0.023  0.017  0.068]
 [ 0.017 -0.039  0.028]
 [ 0.068  0.028 -1.551]]
----------------------------------------------------------------------------------------
   Cr4   Cr5   ( -1,   0,   0)  0.5679   (-5.925, -3.421,  0.000)  6.842 
J_iso:  0.5679 
[Testing!] DMI: ( 0.0142 -0.0108 -0.0037)
[Testing!]J_ani:
[[-0.018  0.043 -0.096]
 [ 0.043 -0.065 -0.055]
 [-0.096 -0.055 -0.734]]
----------------------------------------------------------------------------------------
   Cr5   Cr2   ( -1,   0,   0)  0.5695   (-5.925,  3.421,  0.000)  6.842 
J_iso:  0.5695 
[Testing!] DMI: (-0.0117 -0.0194  0.0007)
[Testing!]J_ani:
[[-0.015 -0.041  0.104]
 [-0.041 -0.066 -0.058]
 [ 0.104 -0.058 -0.753]]
----------------------------------------------------------------------------------------
   Cr2   Cr4   (  0,  -1,   0)  0.7276   ( 0.000, -6.842,  0.000)  6.842 
J_iso:  0.7276 
[Testing!] DMI: (-0.0058  0.1644  0.0488)
[Testing!]J_ani:
[[-0.048  0.     0.   ]
 [ 0.    -0.004 -0.066]
 [ 0.    -0.066 -1.553]]
----------------------------------------------------------------------------------------
   Cr3   Cr5   (  0,  -1,   0)  0.5666   ( 0.000, -6.842,  0.000)  6.842 
J_iso:  0.5666 
[Testing!] DMI: (-0.0273  0.0049  0.0042)
[Testing!]J_ani:
[[-0.091  0.003  0.008]
 [ 0.003  0.008  0.117]
 [ 0.008  0.117 -0.75 ]]
----------------------------------------------------------------------------------------
   Cr5   Cr2   (  0,  -1,   0)  0.5740   ( 5.925, -3.421,  0.000)  6.842 
J_iso:  0.5740 
[Testing!] DMI: (-0.0090 -0.0200 -0.0016)
[Testing!]J_ani:
[[-0.017 -0.042  0.103]
 [-0.042 -0.065 -0.057]
 [ 0.103 -0.057 -0.764]]
----------------------------------------------------------------------------------------
   Cr2   Cr3   (  1,   1,   0)  0.7405   ( 5.925,  3.421,  0.000)  6.842 
J_iso:  0.7405 
[Testing!] DMI: ( 0.1544  0.1006 -0.0433)
[Testing!]J_ani:
[[-0.021  0.015  0.07 ]
 [ 0.015 -0.044  0.036]
 [ 0.07   0.036 -1.555]]
----------------------------------------------------------------------------------------
   Cr2   Cr4   (  1,   1,   0)  0.7318   ( 0.000,  6.842,  0.000)  6.842 
J_iso:  0.7318 
[Testing!] DMI: ( 0.0062  0.1638  0.0495)
[Testing!]J_ani:
[[-0.049 -0.003 -0.01 ]
 [-0.003 -0.01  -0.073]
 [-0.01  -0.073 -1.542]]
----------------------------------------------------------------------------------------
   Cr3   Cr5   (  1,   1,   0)  0.5621   ( 0.000,  6.842,  0.000)  6.842 
J_iso:  0.5621 
[Testing!] DMI: (-0.0230  0.0049  0.0026)
[Testing!]J_ani:
[[-0.094  0.002  0.002]
 [ 0.002  0.008  0.113]
 [ 0.002  0.113 -0.739]]
----------------------------------------------------------------------------------------
   Cr4   Cr5   (  1,   1,   0)  0.5696   ( 5.925,  3.421,  0.000)  6.842 
J_iso:  0.5696 
[Testing!] DMI: ( 0.0099 -0.0093 -0.0035)
[Testing!]J_ani:
[[-0.016  0.043 -0.095]
 [ 0.043 -0.064 -0.057]
 [-0.095 -0.057 -0.751]]
----------------------------------------------------------------------------------------
   Cr2   Cr5   (  0,   1,   0)  0.5740   (-5.925,  3.421,  0.000)  6.842 
J_iso:  0.5740 
[Testing!] DMI: ( 0.0090  0.0200  0.0016)
[Testing!]J_ani:
[[-0.017 -0.042  0.103]
 [-0.042 -0.065 -0.057]
 [ 0.103 -0.057 -0.764]]
----------------------------------------------------------------------------------------
   Cr4   Cr2   (  0,   1,   0)  0.7276   ( 0.000,  6.842,  0.000)  6.842 
J_iso:  0.7276 
[Testing!] DMI: ( 0.0058 -0.1644 -0.0488)
[Testing!]J_ani:
[[-0.048  0.     0.   ]
 [ 0.    -0.004 -0.066]
 [ 0.    -0.066 -1.553]]
----------------------------------------------------------------------------------------
   Cr5   Cr3   (  0,   1,   0)  0.5666   ( 0.000,  6.842,  0.000)  6.842 
J_iso:  0.5666 
[Testing!] DMI: ( 0.0273 -0.0049 -0.0042)
[Testing!]J_ani:
[[-0.091  0.003  0.008]
 [ 0.003  0.008  0.117]
 [ 0.008  0.117 -0.75 ]]
----------------------------------------------------------------------------------------
   Cr2   Cr5   (  1,   0,   0)  0.5695   ( 5.925, -3.421,  0.000)  6.842 
J_iso:  0.5695 
[Testing!] DMI: ( 0.0117  0.0194 -0.0007)
[Testing!]J_ani:
[[-0.015 -0.041  0.104]
 [-0.041 -0.066 -0.058]
 [ 0.104 -0.058 -0.753]]
----------------------------------------------------------------------------------------
   Cr3   Cr2   (  1,   0,   0)  0.7337   ( 5.925,  3.421,  0.000)  6.842 
J_iso:  0.7337 
[Testing!] DMI: (-0.1569 -0.0905  0.0443)
[Testing!]J_ani:
[[-0.023  0.017  0.068]
 [ 0.017 -0.039  0.028]
 [ 0.068  0.028 -1.551]]
----------------------------------------------------------------------------------------
   Cr5   Cr4   (  1,   0,   0)  0.5679   ( 5.925,  3.421,  0.000)  6.842 
J_iso:  0.5679 
[Testing!] DMI: (-0.0142  0.0108  0.0037)
[Testing!]J_ani:
[[-0.018  0.043 -0.096]
 [ 0.043 -0.065 -0.055]
 [-0.096 -0.055 -0.734]]
----------------------------------------------------------------------------------------
   Cr3   Cr4   (  1,  -1,   0)  0.7446   ( 5.925, -3.421,  0.000)  6.842 
J_iso:  0.7446 
[Testing!] DMI: (-0.1822  0.1078 -0.0425)
[Testing!]J_ani:
[[-0.036 -0.014 -0.064]
 [-0.014 -0.054  0.033]
 [-0.064  0.033 -1.679]]
----------------------------------------------------------------------------------------
   Cr4   Cr3   ( -1,   1,   0)  0.7446   (-5.925,  3.421,  0.000)  6.842 
J_iso:  0.7446 
[Testing!] DMI: ( 0.1822 -0.1078  0.0425)
[Testing!]J_ani:
[[-0.036 -0.014 -0.064]
 [-0.014 -0.054  0.033]
 [-0.064  0.033 -1.679]]
