==========================================================================================
Information: 
Exchange parameters generated by TB2J 0.9.0.1
Generation time: 25/01/02 06:50:34
 Input from non-collinear Wannier90 data.
 Tight binding data from ./. 
 Prefix of wannier function files:wannier90.
Warning: Please check if the noise level of Wannier function Hamiltonian to make sure it is much smaller than the exchange values.
 The DMI component parallel to the spin orientation, the Jani which has the component of that orientation should be disregarded
 e.g. if the spins are along z, the xz, yz, zz, zx, zy components and the z component of DMI.
 If you need these component, try to do three calculations with spin along x, y, z,  or use structure with z rotated to x, y and z. And then use TB2J_merge.py to get the full set of parameters.


==========================================================================================
Cell (Angstrom):
3.78700002  0.00000000  0.00000000
-1.89350001  3.27963822  0.00000000
0.00000000  0.00000000  6.09600000

==========================================================================================
Atoms:  
(Note: charge and magmoms only count the wannier functions.)
Atom_number        x             y             z       w_charge    M(x)      M(y)      M(z)   
Cr1             0.00000000    0.00000000    3.04800000    4.9004    0.0000    0.0000    3.5895
Te1             0.00000000    2.18642548    1.46246755    5.0631   -0.0001   -0.0001    0.1163
Te2             1.89350001    1.09321274    4.63353245    5.0631   -0.0001   -0.0000    0.1163
Total                                                    15.0266   -0.0002   -0.0000    3.8221

==========================================================================================
Exchange: 
    i      j          R        J_iso(meV)          vector          distance(A) 
----------------------------------------------------------------------------------------
   Cr1   Cr1   ( -1,  -1,   0)  4.7082   (-1.894, -3.280,  0.000)  3.787 
J_iso:  4.7082 
[Testing!] DMI: ( 0.0021  0.0009 -0.0032)
[Testing!]J_ani:
[[ -0.589   0.272  -0.861]
 [  0.272  -0.115   0.136]
 [ -0.861   0.136 -11.824]]
----------------------------------------------------------------------------------------
   Cr1   Cr1   ( -1,   0,   0)  4.8374   (-3.787,  0.000,  0.000)  3.787 
J_iso:  4.8374 
[Testing!] DMI: (-0.0030  0.0031 -0.0051)
[Testing!]J_ani:
[[ -0.635  -0.582  -0.002]
 [ -0.582  -0.522  -0.001]
 [ -0.002  -0.001 -12.173]]
----------------------------------------------------------------------------------------
   Cr1   Cr1   (  0,  -1,   0)  4.7072   ( 1.894, -3.280,  0.000)  3.787 
J_iso:  4.7072 
[Testing!] DMI: (-0.0003  0.0004  0.0052)
[Testing!]J_ani:
[[ -0.587   0.27    0.85 ]
 [  0.27   -0.109  -0.144]
 [  0.85   -0.144 -11.839]]
----------------------------------------------------------------------------------------
   Cr1   Cr1   (  0,   1,   0)  4.7072   (-1.894,  3.280,  0.000)  3.787 
J_iso:  4.7072 
[Testing!] DMI: ( 0.0003 -0.0004 -0.0052)
[Testing!]J_ani:
[[ -0.587   0.27    0.85 ]
 [  0.27   -0.109  -0.144]
 [  0.85   -0.144 -11.839]]
----------------------------------------------------------------------------------------
   Cr1   Cr1   (  1,   0,   0)  4.8374   ( 3.787,  0.000,  0.000)  3.787 
J_iso:  4.8374 
[Testing!] DMI: ( 0.0030 -0.0031  0.0051)
[Testing!]J_ani:
[[ -0.635  -0.582  -0.002]
 [ -0.582  -0.522  -0.001]
 [ -0.002  -0.001 -12.173]]
----------------------------------------------------------------------------------------
   Cr1   Cr1   (  1,   1,   0)  4.7082   ( 1.894,  3.280,  0.000)  3.787 
J_iso:  4.7082 
[Testing!] DMI: (-0.0021 -0.0009  0.0032)
[Testing!]J_ani:
[[ -0.589   0.272  -0.861]
 [  0.272  -0.115   0.136]
 [ -0.861   0.136 -11.824]]
----------------------------------------------------------------------------------------
   Cr1   Cr1   (  0,   0,  -1)  0.4516   ( 0.000,  0.000, -6.096)  6.096 
J_iso:  0.4516 
[Testing!] DMI: (-0.0002 -0.0002 -0.0017)
[Testing!]J_ani:
[[ 0.034  0.003  0.004]
 [ 0.003  0.013  0.001]
 [ 0.004  0.001 -1.832]]
----------------------------------------------------------------------------------------
   Cr1   Cr1   (  0,   0,   1)  0.4516   ( 0.000,  0.000,  6.096)  6.096 
J_iso:  0.4516 
[Testing!] DMI: ( 0.0002  0.0002  0.0017)
[Testing!]J_ani:
[[ 0.034  0.003  0.004]
 [ 0.003  0.013  0.001]
 [ 0.004  0.001 -1.832]]
----------------------------------------------------------------------------------------
   Cr1   Cr1   ( -1,  -2,   0)  1.2726   ( 0.000, -6.559,  0.000)  6.559 
J_iso:  1.2726 
[Testing!] DMI: (-0.0002 -0.0002 -0.0023)
[Testing!]J_ani:
[[-0.13  -0.075  0.003]
 [-0.075  0.041 -0.   ]
 [ 0.003 -0.    -1.642]]
----------------------------------------------------------------------------------------
   Cr1   Cr1   (  1,   2,   0)  1.2726   ( 0.000,  6.559,  0.000)  6.559 
J_iso:  1.2726 
[Testing!] DMI: ( 0.0002  0.0002  0.0023)
[Testing!]J_ani:
[[-0.13  -0.075  0.003]
 [-0.075  0.041 -0.   ]
 [ 0.003 -0.    -1.642]]
----------------------------------------------------------------------------------------
   Cr1   Cr1   ( -2,  -1,   0)  1.3238   (-5.681, -3.280,  0.000)  6.559 
J_iso:  1.3238 
[Testing!] DMI: (-0.0000  0.0008  0.0012)
[Testing!]J_ani:
[[-0.09   0.042  0.28 ]
 [ 0.042  0.019 -0.026]
 [ 0.28  -0.026 -1.835]]
----------------------------------------------------------------------------------------
   Cr1   Cr1   ( -1,   1,   0)  1.3321   (-5.681,  3.280,  0.000)  6.559 
J_iso:  1.3321 
[Testing!] DMI: ( 0.0007 -0.0004 -0.0002)
[Testing!]J_ani:
[[-0.091  0.042 -0.281]
 [ 0.042  0.021  0.026]
 [-0.281  0.026 -1.826]]
----------------------------------------------------------------------------------------
   Cr1   Cr1   (  1,  -1,   0)  1.3321   ( 5.681, -3.280,  0.000)  6.559 
J_iso:  1.3321 
[Testing!] DMI: (-0.0007  0.0004  0.0002)
[Testing!]J_ani:
[[-0.091  0.042 -0.281]
 [ 0.042  0.021  0.026]
 [-0.281  0.026 -1.826]]
----------------------------------------------------------------------------------------
   Cr1   Cr1   (  2,   1,   0)  1.3238   ( 5.681,  3.280,  0.000)  6.559 
J_iso:  1.3238 
[Testing!] DMI: ( 0.0000 -0.0008 -0.0012)
[Testing!]J_ani:
[[-0.09   0.042  0.28 ]
 [ 0.042  0.019 -0.026]
 [ 0.28  -0.026 -1.835]]
