==========================================================================================
Information: 
Exchange parameters generated by TB2J 0.4.4.1
Generation time: 24/11/01 03:28:30
 Input from non-collinear Wannier90 data.
 Tight binding data from ./. 
 Prefix of wannier function files:wannier90.
Warning: Please check if the noise level of Wannier function Hamiltonian to make sure it is much smaller than the exchange values.
 The DMI component parallel to the spin orientation, the Jani which has the component of that orientation should be disregarded
 e.g. if the spins are along z, the xz, yz, zz, zx, zy components and the z component of DMI.
 If you need these component, try to do three calculations with spin along x, y, z,  or use structure with z rotated to x, y and z. And then use TB2J_merge.py to get the full set of parameters.


==========================================================================================
Cell (Angstrom):
 3.810   0.000   0.000
-1.905   3.300   0.000
 0.000   0.000  15.436

==========================================================================================
Atoms:  
(Note: charge and magmoms only count the wannier functions.)
Atom_number      x         y         z     w_charge    M(x)      M(y)      M(z)   
Cr1             0.0000    0.0000    7.7182    4.8982    0.0000   -0.0000    3.5384
Te1             0.0000    2.1997    6.0523    6.5356    0.0000   -0.0001   -0.4069
Te2             1.9050    1.0999    9.3841    6.5357    0.0000   -0.0001   -0.4070
Total                                        17.9695    0.0000   -0.0002    2.7245

==========================================================================================
Exchange: 
    i      j          R        J_iso(meV)          vector          distance(A) 
----------------------------------------------------------------------------------------
   Cr1   Cr1   ( -1,  -1,   0)  3.2269   (-1.905, -3.300,  0.000)  3.810 
J_iso:  3.2269 
[Testing!] Jprime: 14.080,  B: -5.499
[Testing!] DMI: (-0.0004 -0.0001 -0.0000)
[Testing!]J_ani:
[[ -0.192   0.081  -0.057]
 [  0.081  -0.098   0.034]
 [ -0.057   0.034 -10.998]]
----------------------------------------------------------------------------------------
   Cr1   Cr1   (  0,  -1,   0)  3.2302   ( 1.905, -3.300,  0.000)  3.810 
J_iso:  3.2302 
[Testing!] Jprime: 14.088,  B: -5.501
[Testing!] DMI: ( 0.0000 -0.0000  0.0000)
[Testing!]J_ani:
[[ -0.191  -0.081   0.058]
 [ -0.081  -0.096   0.035]
 [  0.058   0.035 -11.001]]
----------------------------------------------------------------------------------------
   Cr1   Cr1   (  0,   1,   0)  3.2302   (-1.905,  3.300,  0.000)  3.810 
J_iso:  3.2302 
[Testing!] Jprime: 14.088,  B: -5.501
[Testing!] DMI: (-0.0000  0.0000 -0.0000)
[Testing!]J_ani:
[[ -0.191  -0.081   0.058]
 [ -0.081  -0.096   0.035]
 [  0.058   0.035 -11.001]]
----------------------------------------------------------------------------------------
   Cr1   Cr1   (  1,   1,   0)  3.2269   ( 1.905,  3.300,  0.000)  3.810 
J_iso:  3.2269 
[Testing!] Jprime: 14.080,  B: -5.499
[Testing!] DMI: ( 0.0004  0.0001  0.0000)
[Testing!]J_ani:
[[ -0.192   0.081  -0.057]
 [  0.081  -0.098   0.034]
 [ -0.057   0.034 -10.998]]
----------------------------------------------------------------------------------------
   Cr1   Cr1   ( -1,   0,   0)  3.2148   (-3.810,  0.000,  0.000)  3.810 
J_iso:  3.2148 
[Testing!] Jprime: 14.070,  B: -5.500
[Testing!] DMI: (-0.0002  0.0004  0.0000)
[Testing!]J_ani:
[[ -0.05    0.     -0.   ]
 [  0.     -0.24   -0.063]
 [ -0.     -0.063 -11.   ]]
----------------------------------------------------------------------------------------
   Cr1   Cr1   (  1,   0,   0)  3.2148   ( 3.810,  0.000,  0.000)  3.810 
J_iso:  3.2148 
[Testing!] Jprime: 14.070,  B: -5.500
[Testing!] DMI: ( 0.0002 -0.0004 -0.0000)
[Testing!]J_ani:
[[ -0.05    0.     -0.   ]
 [  0.     -0.24   -0.063]
 [ -0.     -0.063 -11.   ]]
----------------------------------------------------------------------------------------
   Cr1   Cr1   ( -1,  -2,   0) -0.6691   ( 0.000, -6.599,  0.000)  6.599 
J_iso: -0.6691 
[Testing!] Jprime: -2.071,  B: 0.704
[Testing!] DMI: (-0.0001  0.0002  0.0004)
[Testing!]J_ani:
[[-0.141  0.    -0.   ]
 [ 0.     0.154 -0.603]
 [-0.    -0.603  1.408]]
----------------------------------------------------------------------------------------
   Cr1   Cr1   (  1,   2,   0) -0.6691   ( 0.000,  6.599,  0.000)  6.599 
J_iso: -0.6691 
[Testing!] Jprime: -2.071,  B: 0.704
[Testing!] DMI: ( 0.0001 -0.0002 -0.0004)
[Testing!]J_ani:
[[-0.141  0.    -0.   ]
 [ 0.     0.154 -0.603]
 [-0.    -0.603  1.408]]
----------------------------------------------------------------------------------------
   Cr1   Cr1   ( -2,  -1,   0) -0.6611   (-5.715, -3.300,  0.000)  6.599 
J_iso: -0.6611 
[Testing!] Jprime: -2.032,  B: 0.689
[Testing!] DMI: (-0.0002  0.0003 -0.0001)
[Testing!]J_ani:
[[ 0.08   0.129  0.524]
 [ 0.129 -0.067  0.303]
 [ 0.524  0.303  1.377]]
----------------------------------------------------------------------------------------
   Cr1   Cr1   ( -1,   1,   0) -0.6606   (-5.715,  3.300,  0.000)  6.599 
J_iso: -0.6606 
[Testing!] Jprime: -2.041,  B: 0.692
[Testing!] DMI: ( 0.0000  0.0000 -0.0005)
[Testing!]J_ani:
[[ 0.078 -0.129 -0.526]
 [-0.129 -0.069  0.304]
 [-0.526  0.304  1.384]]
----------------------------------------------------------------------------------------
   Cr1   Cr1   (  1,  -1,   0) -0.6606   ( 5.715, -3.300,  0.000)  6.599 
J_iso: -0.6606 
[Testing!] Jprime: -2.041,  B: 0.692
[Testing!] DMI: (-0.0000 -0.0000  0.0005)
[Testing!]J_ani:
[[ 0.078 -0.129 -0.526]
 [-0.129 -0.069  0.304]
 [-0.526  0.304  1.384]]
----------------------------------------------------------------------------------------
   Cr1   Cr1   (  2,   1,   0) -0.6611   ( 5.715,  3.300,  0.000)  6.599 
J_iso: -0.6611 
[Testing!] Jprime: -2.032,  B: 0.689
[Testing!] DMI: ( 0.0002 -0.0003  0.0001)
[Testing!]J_ani:
[[ 0.08   0.129  0.524]
 [ 0.129 -0.067  0.303]
 [ 0.524  0.303  1.377]]
----------------------------------------------------------------------------------------
   Cr1   Cr1   ( -2,  -2,   0) -4.0396   (-3.810, -6.599,  0.000)  7.620 
J_iso: -4.0396 
[Testing!] Jprime: -6.075,  B: 1.128
[Testing!] DMI: (-0.0004  0.0003 -0.0000)
[Testing!]J_ani:
[[ 0.193  0.048 -0.385]
 [ 0.048  0.247  0.223]
 [-0.385  0.223  2.255]]
----------------------------------------------------------------------------------------
   Cr1   Cr1   (  0,  -2,   0) -4.0422   ( 3.810, -6.599,  0.000)  7.620 
J_iso: -4.0422 
[Testing!] Jprime: -6.067,  B: 1.123
[Testing!] DMI: (-0.0004 -0.0003  0.0002)
[Testing!]J_ani:
[[ 0.194 -0.048  0.384]
 [-0.048  0.248  0.223]
 [ 0.384  0.223  2.246]]
----------------------------------------------------------------------------------------
   Cr1   Cr1   (  0,   2,   0) -4.0422   (-3.810,  6.599,  0.000)  7.620 
J_iso: -4.0422 
[Testing!] Jprime: -6.067,  B: 1.123
[Testing!] DMI: ( 0.0004  0.0003 -0.0002)
[Testing!]J_ani:
[[ 0.194 -0.048  0.384]
 [-0.048  0.248  0.223]
 [ 0.384  0.223  2.246]]
----------------------------------------------------------------------------------------
   Cr1   Cr1   (  2,   2,   0) -4.0396   ( 3.810,  6.599,  0.000)  7.620 
J_iso: -4.0396 
[Testing!] Jprime: -6.075,  B: 1.128
[Testing!] DMI: ( 0.0004 -0.0003  0.0000)
[Testing!]J_ani:
[[ 0.193  0.048 -0.385]
 [ 0.048  0.247  0.223]
 [-0.385  0.223  2.255]]
----------------------------------------------------------------------------------------
   Cr1   Cr1   ( -2,   0,   0) -4.0780   (-7.620,  0.000,  0.000)  7.620 
J_iso: -4.0780 
[Testing!] Jprime: -6.090,  B: 1.116
[Testing!] DMI: (-0.0002 -0.0001  0.0003)
[Testing!]J_ani:
[[ 0.275  0.    -0.   ]
 [ 0.     0.166 -0.447]
 [-0.    -0.447  2.232]]
----------------------------------------------------------------------------------------
   Cr1   Cr1   (  2,   0,   0) -4.0780   ( 7.620,  0.000,  0.000)  7.620 
J_iso: -4.0780 
[Testing!] Jprime: -6.090,  B: 1.116
[Testing!] DMI: ( 0.0002  0.0001 -0.0003)
[Testing!]J_ani:
[[ 0.275  0.    -0.   ]
 [ 0.     0.166 -0.447]
 [-0.    -0.447  2.232]]
----------------------------------------------------------------------------------------
   Cr1   Cr1   ( -2,  -3,   0) -0.4788   (-1.905, -9.899,  0.000) 10.080 
J_iso: -0.4788 
[Testing!] Jprime: -0.552,  B: 0.040
[Testing!] DMI: (-0.0002  0.0001  0.0001)
[Testing!]J_ani:
[[ 0.033 -0.037  0.035]
 [-0.037 -0.021 -0.07 ]
 [ 0.035 -0.07   0.079]]
----------------------------------------------------------------------------------------
   Cr1   Cr1   ( -1,  -3,   0) -0.4776   ( 1.905, -9.899,  0.000) 10.080 
J_iso: -0.4776 
[Testing!] Jprime: -0.544,  B: 0.037
[Testing!] DMI: (-0.0001 -0.0002  0.0002)
[Testing!]J_ani:
[[ 0.034  0.038 -0.035]
 [ 0.038 -0.02  -0.07 ]
 [-0.035 -0.07   0.073]]
----------------------------------------------------------------------------------------
   Cr1   Cr1   (  1,   3,   0) -0.4776   (-1.905,  9.899,  0.000) 10.080 
J_iso: -0.4776 
[Testing!] Jprime: -0.544,  B: 0.037
[Testing!] DMI: ( 0.0001  0.0002 -0.0002)
[Testing!]J_ani:
[[ 0.034  0.038 -0.035]
 [ 0.038 -0.02  -0.07 ]
 [-0.035 -0.07   0.073]]
----------------------------------------------------------------------------------------
   Cr1   Cr1   (  2,   3,   0) -0.4788   ( 1.905,  9.899,  0.000) 10.080 
J_iso: -0.4788 
[Testing!] Jprime: -0.552,  B: 0.040
[Testing!] DMI: ( 0.0002 -0.0001 -0.0001)
[Testing!]J_ani:
[[ 0.033 -0.037  0.035]
 [-0.037 -0.021 -0.07 ]
 [ 0.035 -0.07   0.079]]
----------------------------------------------------------------------------------------
   Cr1   Cr1   ( -3,  -2,   0) -0.4866   (-7.620, -6.599,  0.000) 10.080 
J_iso: -0.4866 
[Testing!] Jprime: -0.557,  B: 0.038
[Testing!] DMI: (-0.0001  0.0004 -0.0001)
[Testing!]J_ani:
[[ 0.026 -0.042  0.077]
 [-0.042 -0.013  0.004]
 [ 0.077  0.004  0.077]]
----------------------------------------------------------------------------------------
   Cr1   Cr1   ( -1,   2,   0) -0.4879   (-7.620,  6.599,  0.000) 10.080 
J_iso: -0.4879 
[Testing!] Jprime: -0.557,  B: 0.038
[Testing!] DMI: ( 0.0000  0.0001 -0.0006)
[Testing!]J_ani:
[[ 0.026  0.042 -0.078]
 [ 0.042 -0.011  0.006]
 [-0.078  0.006  0.076]]
----------------------------------------------------------------------------------------
   Cr1   Cr1   (  1,  -2,   0) -0.4879   ( 7.620, -6.599,  0.000) 10.080 
J_iso: -0.4879 
[Testing!] Jprime: -0.557,  B: 0.038
[Testing!] DMI: (-0.0000 -0.0001  0.0006)
[Testing!]J_ani:
[[ 0.026  0.042 -0.078]
 [ 0.042 -0.011  0.006]
 [-0.078  0.006  0.076]]
----------------------------------------------------------------------------------------
   Cr1   Cr1   (  3,   2,   0) -0.4866   ( 7.620,  6.599,  0.000) 10.080 
J_iso: -0.4866 
[Testing!] Jprime: -0.557,  B: 0.038
[Testing!] DMI: ( 0.0001 -0.0004  0.0001)
[Testing!]J_ani:
[[ 0.026 -0.042  0.077]
 [-0.042 -0.013  0.004]
 [ 0.077  0.004  0.077]]
----------------------------------------------------------------------------------------
   Cr1   Cr1   ( -3,  -1,   0) -0.4790   (-9.525, -3.300,  0.000) 10.080 
J_iso: -0.4790 
[Testing!] Jprime: -0.548,  B: 0.038
[Testing!] DMI: (-0.0003  0.0001  0.0003)
[Testing!]J_ani:
[[-0.039 -0.005  0.042]
 [-0.005  0.053  0.068]
 [ 0.042  0.068  0.076]]
----------------------------------------------------------------------------------------
   Cr1   Cr1   ( -2,   1,   0) -0.4816   (-9.525,  3.300,  0.000) 10.080 
J_iso: -0.4816 
[Testing!] Jprime: -0.553,  B: 0.039
[Testing!] DMI: ( 0.0001 -0.0001 -0.0001)
[Testing!]J_ani:
[[-0.038  0.004 -0.042]
 [ 0.004  0.054  0.07 ]
 [-0.042  0.07   0.079]]
----------------------------------------------------------------------------------------
   Cr1   Cr1   (  2,  -1,   0) -0.4816   ( 9.525, -3.300,  0.000) 10.080 
J_iso: -0.4816 
[Testing!] Jprime: -0.553,  B: 0.039
[Testing!] DMI: (-0.0001  0.0001  0.0001)
[Testing!]J_ani:
[[-0.038  0.004 -0.042]
 [ 0.004  0.054  0.07 ]
 [-0.042  0.07   0.079]]
----------------------------------------------------------------------------------------
   Cr1   Cr1   (  3,   1,   0) -0.4790   ( 9.525,  3.300,  0.000) 10.080 
J_iso: -0.4790 
[Testing!] Jprime: -0.548,  B: 0.038
[Testing!] DMI: ( 0.0003 -0.0001 -0.0003)
[Testing!]J_ani:
[[-0.039 -0.005  0.042]
 [-0.005  0.053  0.068]
 [ 0.042  0.068  0.076]]
----------------------------------------------------------------------------------------
   Cr1   Cr1   ( -3,  -3,   0)  0.0926   (-5.715, -9.899,  0.000) 11.430 
J_iso:  0.0926 
[Testing!] Jprime: 0.531,  B: -0.280
[Testing!] DMI: (-0.0003 -0.0001 -0.0003)
[Testing!]J_ani:
[[-0.094 -0.045 -0.118]
 [-0.045 -0.148  0.067]
 [-0.118  0.067 -0.56 ]]
----------------------------------------------------------------------------------------
   Cr1   Cr1   (  0,  -3,   0)  0.0953   ( 5.715, -9.899,  0.000) 11.430 
J_iso:  0.0953 
[Testing!] Jprime: 0.523,  B: -0.276
[Testing!] DMI: (-0.0003  0.0001  0.0003)
[Testing!]J_ani:
[[-0.098  0.045  0.118]
 [ 0.045 -0.149  0.068]
 [ 0.118  0.068 -0.551]]
----------------------------------------------------------------------------------------
   Cr1   Cr1   (  0,   3,   0)  0.0953   (-5.715,  9.899,  0.000) 11.430 
J_iso:  0.0953 
[Testing!] Jprime: 0.523,  B: -0.276
[Testing!] DMI: ( 0.0003 -0.0001 -0.0003)
[Testing!]J_ani:
[[-0.098  0.045  0.118]
 [ 0.045 -0.149  0.068]
 [ 0.118  0.068 -0.551]]
----------------------------------------------------------------------------------------
   Cr1   Cr1   (  3,   3,   0)  0.0926   ( 5.715,  9.899,  0.000) 11.430 
J_iso:  0.0926 
[Testing!] Jprime: 0.531,  B: -0.280
[Testing!] DMI: ( 0.0003  0.0001  0.0003)
[Testing!]J_ani:
[[-0.094 -0.045 -0.118]
 [-0.045 -0.148  0.067]
 [-0.118  0.067 -0.56 ]]
----------------------------------------------------------------------------------------
   Cr1   Cr1   ( -3,   0,   0)  0.1024   (-11.430,  0.000,  0.000) 11.430 
J_iso:  0.1024 
[Testing!] Jprime: 0.547,  B: -0.284
[Testing!] DMI: ( 0.0001 -0.0001  0.0002)
[Testing!]J_ani:
[[-0.176 -0.    -0.001]
 [-0.    -0.073 -0.136]
 [-0.001 -0.136 -0.569]]
----------------------------------------------------------------------------------------
   Cr1   Cr1   (  3,   0,   0)  0.1024   (11.430,  0.000,  0.000) 11.430 
J_iso:  0.1024 
[Testing!] Jprime: 0.547,  B: -0.284
[Testing!] DMI: (-0.0001  0.0001 -0.0002)
[Testing!]J_ani:
[[-0.176 -0.    -0.001]
 [-0.    -0.073 -0.136]
 [-0.001 -0.136 -0.569]]
----------------------------------------------------------------------------------------
   Cr1   Cr1   ( -2,  -4,   0)  0.3184   ( 0.000, -13.198,  0.000) 13.198 
J_iso:  0.3184 
[Testing!] Jprime: 0.825,  B: -0.297
[Testing!] DMI: (-0.0001  0.0001 -0.0002)
[Testing!]J_ani:
[[-0.103 -0.    -0.   ]
 [-0.    -0.073 -0.031]
 [-0.    -0.031 -0.595]]
----------------------------------------------------------------------------------------
   Cr1   Cr1   (  2,   4,   0)  0.3184   ( 0.000, 13.198,  0.000) 13.198 
J_iso:  0.3184 
[Testing!] Jprime: 0.825,  B: -0.297
[Testing!] DMI: ( 0.0001 -0.0001  0.0002)
[Testing!]J_ani:
[[-0.103 -0.    -0.   ]
 [-0.    -0.073 -0.031]
 [-0.    -0.031 -0.595]]
----------------------------------------------------------------------------------------
   Cr1   Cr1   ( -4,  -2,   0)  0.3197   (-11.430, -6.599,  0.000) 13.198 
J_iso:  0.3197 
[Testing!] Jprime: 0.830,  B: -0.300
[Testing!] DMI: ( 0.0000  0.0000  0.0001)
[Testing!]J_ani:
[[-0.08   0.013  0.026]
 [ 0.013 -0.097  0.015]
 [ 0.026  0.015 -0.599]]
----------------------------------------------------------------------------------------
   Cr1   Cr1   ( -2,   2,   0)  0.3184   (-11.430,  6.599,  0.000) 13.198 
J_iso:  0.3184 
[Testing!] Jprime: 0.836,  B: -0.303
[Testing!] DMI: ( 0.0000  0.0000  0.0003)
[Testing!]J_ani:
[[-0.08  -0.014 -0.027]
 [-0.014 -0.096  0.016]
 [-0.027  0.016 -0.606]]
----------------------------------------------------------------------------------------
   Cr1   Cr1   (  2,  -2,   0)  0.3184   (11.430, -6.599,  0.000) 13.198 
J_iso:  0.3184 
[Testing!] Jprime: 0.836,  B: -0.303
[Testing!] DMI: (-0.0000 -0.0000 -0.0003)
[Testing!]J_ani:
[[-0.08  -0.014 -0.027]
 [-0.014 -0.096  0.016]
 [-0.027  0.016 -0.606]]
----------------------------------------------------------------------------------------
   Cr1   Cr1   (  4,   2,   0)  0.3197   (11.430,  6.599,  0.000) 13.198 
J_iso:  0.3197 
[Testing!] Jprime: 0.830,  B: -0.300
[Testing!] DMI: (-0.0000 -0.0000 -0.0001)
[Testing!]J_ani:
[[-0.08   0.013  0.026]
 [ 0.013 -0.097  0.015]
 [ 0.026  0.015 -0.599]]
----------------------------------------------------------------------------------------
   Cr1   Cr1   ( -3,  -4,   0) -0.1752   (-3.810, -13.198,  0.000) 13.737 
J_iso: -0.1752 
[Testing!] Jprime: -0.300,  B: 0.084
[Testing!] DMI: ( 0.0001 -0.0000 -0.0003)
[Testing!]J_ani:
[[ 0.001  0.063 -0.112]
 [ 0.063  0.085  0.031]
 [-0.112  0.031  0.168]]
----------------------------------------------------------------------------------------
   Cr1   Cr1   ( -1,  -4,   0) -0.1766   ( 3.810, -13.198,  0.000) 13.737 
J_iso: -0.1766 
[Testing!] Jprime: -0.298,  B: 0.082
[Testing!] DMI: ( 0.0001 -0.0002  0.0002)
[Testing!]J_ani:
[[ 0.001 -0.062  0.112]
 [-0.062  0.086  0.031]
 [ 0.112  0.031  0.165]]
----------------------------------------------------------------------------------------
   Cr1   Cr1   (  1,   4,   0) -0.1766   (-3.810, 13.198,  0.000) 13.737 
J_iso: -0.1766 
[Testing!] Jprime: -0.298,  B: 0.082
[Testing!] DMI: (-0.0001  0.0002 -0.0002)
[Testing!]J_ani:
[[ 0.001 -0.062  0.112]
 [-0.062  0.086  0.031]
 [ 0.112  0.031  0.165]]
----------------------------------------------------------------------------------------
   Cr1   Cr1   (  3,   4,   0) -0.1752   ( 3.810, 13.198,  0.000) 13.737 
J_iso: -0.1752 
[Testing!] Jprime: -0.300,  B: 0.084
[Testing!] DMI: (-0.0001  0.0000  0.0003)
[Testing!]J_ani:
[[ 0.001  0.063 -0.112]
 [ 0.063  0.085  0.031]
 [-0.112  0.031  0.168]]
----------------------------------------------------------------------------------------
   Cr1   Cr1   ( -4,  -3,   0) -0.1740   (-9.525, -9.899,  0.000) 13.737 
J_iso: -0.1740 
[Testing!] Jprime: -0.299,  B: 0.083
[Testing!] DMI: ( 0.0002  0.0001  0.0003)
[Testing!]J_ani:
[[ 0.008  0.068 -0.083]
 [ 0.068  0.074  0.081]
 [-0.083  0.081  0.167]]
----------------------------------------------------------------------------------------
   Cr1   Cr1   ( -1,   3,   0) -0.1747   (-9.525,  9.899,  0.000) 13.737 
J_iso: -0.1747 
[Testing!] Jprime: -0.297,  B: 0.082
[Testing!] DMI: ( 0.0001 -0.0001 -0.0000)
[Testing!]J_ani:
[[ 0.009 -0.068  0.083]
 [-0.068  0.076  0.082]
 [ 0.083  0.082  0.165]]
----------------------------------------------------------------------------------------
   Cr1   Cr1   (  1,  -3,   0) -0.1747   ( 9.525, -9.899,  0.000) 13.737 
J_iso: -0.1747 
[Testing!] Jprime: -0.297,  B: 0.082
[Testing!] DMI: (-0.0001  0.0001  0.0000)
[Testing!]J_ani:
[[ 0.009 -0.068  0.083]
 [-0.068  0.076  0.082]
 [ 0.083  0.082  0.165]]
----------------------------------------------------------------------------------------
   Cr1   Cr1   (  4,   3,   0) -0.1740   ( 9.525,  9.899,  0.000) 13.737 
J_iso: -0.1740 
[Testing!] Jprime: -0.299,  B: 0.083
[Testing!] DMI: (-0.0002 -0.0001 -0.0003)
[Testing!]J_ani:
[[ 0.008  0.068 -0.083]
 [ 0.068  0.074  0.081]
 [-0.083  0.081  0.167]]
----------------------------------------------------------------------------------------
   Cr1   Cr1   ( -3,   1,   0) -0.1713   (-13.335,  3.300,  0.000) 13.737 
J_iso: -0.1713 
[Testing!] Jprime: -0.298,  B: 0.084
[Testing!] DMI: (-0.0000  0.0000  0.0002)
[Testing!]J_ani:
[[ 0.116 -0.005 -0.029]
 [-0.005 -0.033 -0.113]
 [-0.029 -0.113  0.168]]
----------------------------------------------------------------------------------------
   Cr1   Cr1   (  3,  -1,   0) -0.1713   (13.335, -3.300,  0.000) 13.737 
J_iso: -0.1713 
[Testing!] Jprime: -0.298,  B: 0.084
[Testing!] DMI: ( 0.0000 -0.0000 -0.0002)
[Testing!]J_ani:
[[ 0.116 -0.005 -0.029]
 [-0.005 -0.033 -0.113]
 [-0.029 -0.113  0.168]]
----------------------------------------------------------------------------------------
   Cr1   Cr1   ( -4,  -1,   0) -0.1714   (-13.335, -3.300,  0.000) 13.737 
J_iso: -0.1714 
[Testing!] Jprime: -0.297,  B: 0.083
[Testing!] DMI: (-0.0001  0.0001 -0.0001)
[Testing!]J_ani:
[[ 0.116  0.005  0.029]
 [ 0.005 -0.034 -0.113]
 [ 0.029 -0.113  0.167]]
----------------------------------------------------------------------------------------
   Cr1   Cr1   (  4,   1,   0) -0.1714   (13.335,  3.300,  0.000) 13.737 
J_iso: -0.1714 
[Testing!] Jprime: -0.297,  B: 0.083
[Testing!] DMI: ( 0.0001 -0.0001  0.0001)
[Testing!]J_ani:
[[ 0.116  0.005  0.029]
 [ 0.005 -0.034 -0.113]
 [ 0.029 -0.113  0.167]]
----------------------------------------------------------------------------------------
   Cr1   Cr1   ( -4,  -4,   0)  0.1791   (-7.620, -13.198,  0.000) 15.240 
J_iso:  0.1791 
[Testing!] Jprime: 0.586,  B: -0.249
[Testing!] DMI: ( 0.0001 -0.0001  0.0004)
[Testing!]J_ani:
[[-0.083 -0.016  0.154]
 [-0.016 -0.101 -0.088]
 [ 0.154 -0.088 -0.499]]
----------------------------------------------------------------------------------------
   Cr1   Cr1   (  0,  -4,   0)  0.1790   ( 7.620, -13.198,  0.000) 15.240 
J_iso:  0.1790 
[Testing!] Jprime: 0.585,  B: -0.249
[Testing!] DMI: ( 0.0001  0.0002  0.0001)
[Testing!]J_ani:
[[-0.083  0.016 -0.155]
 [ 0.016 -0.102 -0.088]
 [-0.155 -0.088 -0.498]]
----------------------------------------------------------------------------------------
   Cr1   Cr1   (  0,   4,   0)  0.1790   (-7.620, 13.198,  0.000) 15.240 
J_iso:  0.1790 
[Testing!] Jprime: 0.585,  B: -0.249
[Testing!] DMI: (-0.0001 -0.0002 -0.0001)
[Testing!]J_ani:
[[-0.083  0.016 -0.155]
 [ 0.016 -0.102 -0.088]
 [-0.155 -0.088 -0.498]]
----------------------------------------------------------------------------------------
   Cr1   Cr1   (  4,   4,   0)  0.1791   ( 7.620, 13.198,  0.000) 15.240 
J_iso:  0.1791 
[Testing!] Jprime: 0.586,  B: -0.249
[Testing!] DMI: (-0.0001  0.0001 -0.0004)
[Testing!]J_ani:
[[-0.083 -0.016  0.154]
 [-0.016 -0.101 -0.088]
 [ 0.154 -0.088 -0.499]]
----------------------------------------------------------------------------------------
   Cr1   Cr1   ( -4,   0,   0)  0.1772   (-15.240,  0.000,  0.000) 15.240 
J_iso:  0.1772 
[Testing!] Jprime: 0.589,  B: -0.252
[Testing!] DMI: (-0.0001  0.0003  0.0002)
[Testing!]J_ani:
[[-0.11  -0.     0.001]
 [-0.    -0.072  0.179]
 [ 0.001  0.179 -0.503]]
----------------------------------------------------------------------------------------
   Cr1   Cr1   (  4,   0,   0)  0.1772   (15.240,  0.000,  0.000) 15.240 
J_iso:  0.1772 
[Testing!] Jprime: 0.589,  B: -0.252
[Testing!] DMI: ( 0.0001 -0.0003 -0.0002)
[Testing!]J_ani:
[[-0.11  -0.     0.001]
 [-0.    -0.072  0.179]
 [ 0.001  0.179 -0.503]]
----------------------------------------------------------------------------------------
   Cr1   Cr1   ( -3,  -5,   0)  0.1156   (-1.905, -16.498,  0.000) 16.607 
J_iso:  0.1156 
[Testing!] Jprime: 0.282,  B: -0.097
[Testing!] DMI: ( 0.0002  0.0001 -0.0007)
[Testing!]J_ani:
[[-0.051 -0.011  0.056]
 [-0.011 -0.002  0.039]
 [ 0.056  0.039 -0.193]]
----------------------------------------------------------------------------------------
   Cr1   Cr1   ( -2,  -5,   0)  0.1151   ( 1.905, -16.498,  0.000) 16.607 
J_iso:  0.1151 
[Testing!] Jprime: 0.289,  B: -0.100
[Testing!] DMI: ( 0.0003 -0.0002  0.0000)
[Testing!]J_ani:
[[-0.051  0.01  -0.056]
 [ 0.01  -0.003  0.039]
 [-0.056  0.039 -0.201]]
----------------------------------------------------------------------------------------
   Cr1   Cr1   (  2,   5,   0)  0.1151   (-1.905, 16.498,  0.000) 16.607 
J_iso:  0.1151 
[Testing!] Jprime: 0.289,  B: -0.100
[Testing!] DMI: (-0.0003  0.0002 -0.0000)
[Testing!]J_ani:
[[-0.051  0.01  -0.056]
 [ 0.01  -0.003  0.039]
 [-0.056  0.039 -0.201]]
----------------------------------------------------------------------------------------
   Cr1   Cr1   (  3,   5,   0)  0.1156   ( 1.905, 16.498,  0.000) 16.607 
J_iso:  0.1156 
[Testing!] Jprime: 0.282,  B: -0.097
[Testing!] DMI: (-0.0002 -0.0001  0.0007)
[Testing!]J_ani:
[[-0.051 -0.011  0.056]
 [-0.011 -0.002  0.039]
 [ 0.056  0.039 -0.193]]
----------------------------------------------------------------------------------------
   Cr1   Cr1   ( -5,  -3,   0)  0.1136   (-13.335, -9.899,  0.000) 16.607 
J_iso:  0.1136 
[Testing!] Jprime: 0.283,  B: -0.098
[Testing!] DMI: ( 0.0001  0.0004 -0.0005)
[Testing!]J_ani:
[[-0.006  0.016 -0.006]
 [ 0.016 -0.049 -0.068]
 [-0.006 -0.068 -0.197]]
----------------------------------------------------------------------------------------
   Cr1   Cr1   ( -2,   3,   0)  0.1141   (-13.335,  9.899,  0.000) 16.607 
J_iso:  0.1141 
[Testing!] Jprime: 0.285,  B: -0.099
[Testing!] DMI: ( 0.0001  0.0001 -0.0003)
[Testing!]J_ani:
[[-0.006 -0.016  0.007]
 [-0.016 -0.049 -0.068]
 [ 0.007 -0.068 -0.198]]
----------------------------------------------------------------------------------------
   Cr1   Cr1   (  2,  -3,   0)  0.1141   (13.335, -9.899,  0.000) 16.607 
J_iso:  0.1141 
[Testing!] Jprime: 0.285,  B: -0.099
[Testing!] DMI: (-0.0001 -0.0001  0.0003)
[Testing!]J_ani:
[[-0.006 -0.016  0.007]
 [-0.016 -0.049 -0.068]
 [ 0.007 -0.068 -0.198]]
----------------------------------------------------------------------------------------
   Cr1   Cr1   (  5,   3,   0)  0.1136   (13.335,  9.899,  0.000) 16.607 
J_iso:  0.1136 
[Testing!] Jprime: 0.283,  B: -0.098
[Testing!] DMI: (-0.0001 -0.0004  0.0005)
[Testing!]J_ani:
[[-0.006  0.016 -0.006]
 [ 0.016 -0.049 -0.068]
 [-0.006 -0.068 -0.197]]
----------------------------------------------------------------------------------------
   Cr1   Cr1   ( -5,  -2,   0)  0.1123   (-15.240, -6.599,  0.000) 16.607 
J_iso:  0.1123 
[Testing!] Jprime: 0.287,  B: -0.101
[Testing!] DMI: (-0.0002  0.0002 -0.0001)
[Testing!]J_ani:
[[-0.024  0.026 -0.062]
 [ 0.026 -0.029  0.029]
 [-0.062  0.029 -0.201]]
----------------------------------------------------------------------------------------
   Cr1   Cr1   ( -3,   2,   0)  0.1131   (-15.240,  6.599,  0.000) 16.607 
J_iso:  0.1131 
[Testing!] Jprime: 0.277,  B: -0.095
[Testing!] DMI: (-0.0000  0.0000  0.0000)
[Testing!]J_ani:
[[-0.024 -0.027  0.063]
 [-0.027 -0.029  0.03 ]
 [ 0.063  0.03  -0.19 ]]
----------------------------------------------------------------------------------------
   Cr1   Cr1   (  3,  -2,   0)  0.1131   (15.240, -6.599,  0.000) 16.607 
J_iso:  0.1131 
[Testing!] Jprime: 0.277,  B: -0.095
[Testing!] DMI: ( 0.0000 -0.0000 -0.0000)
[Testing!]J_ani:
[[-0.024 -0.027  0.063]
 [-0.027 -0.029  0.03 ]
 [ 0.063  0.03  -0.19 ]]
----------------------------------------------------------------------------------------
   Cr1   Cr1   (  5,   2,   0)  0.1123   (15.240,  6.599,  0.000) 16.607 
J_iso:  0.1123 
[Testing!] Jprime: 0.287,  B: -0.101
[Testing!] DMI: ( 0.0002 -0.0002  0.0001)
[Testing!]J_ani:
[[-0.024  0.026 -0.062]
 [ 0.026 -0.029  0.029]
 [-0.062  0.029 -0.201]]
----------------------------------------------------------------------------------------
   Cr1   Cr1   ( -4,  -5,   0)  0.0547   (-5.715, -16.498,  0.000) 17.460 
J_iso:  0.0547 
[Testing!] Jprime: 0.073,  B: -0.040
[Testing!] DMI: (-0.0002 -0.0005 -0.0002)
[Testing!]J_ani:
[[-0.078 -0.012  0.033]
 [-0.012 -0.047  0.006]
 [ 0.033  0.006 -0.081]]
----------------------------------------------------------------------------------------
   Cr1   Cr1   ( -1,  -5,   0)  0.0536   ( 5.715, -16.498,  0.000) 17.460 
J_iso:  0.0536 
[Testing!] Jprime: 0.072,  B: -0.040
[Testing!] DMI: (-0.0000  0.0002  0.0002)
[Testing!]J_ani:
[[-0.078  0.012 -0.033]
 [ 0.012 -0.047  0.007]
 [-0.033  0.007 -0.081]]
----------------------------------------------------------------------------------------
   Cr1   Cr1   (  1,   5,   0)  0.0536   (-5.715, 16.498,  0.000) 17.460 
J_iso:  0.0536 
[Testing!] Jprime: 0.072,  B: -0.040
[Testing!] DMI: ( 0.0000 -0.0002 -0.0002)
[Testing!]J_ani:
[[-0.078  0.012 -0.033]
 [ 0.012 -0.047  0.007]
 [-0.033  0.007 -0.081]]
----------------------------------------------------------------------------------------
   Cr1   Cr1   (  4,   5,   0)  0.0547   ( 5.715, 16.498,  0.000) 17.460 
J_iso:  0.0547 
[Testing!] Jprime: 0.073,  B: -0.040
[Testing!] DMI: ( 0.0002  0.0005  0.0002)
[Testing!]J_ani:
[[-0.078 -0.012  0.033]
 [-0.012 -0.047  0.006]
 [ 0.033  0.006 -0.081]]
----------------------------------------------------------------------------------------
   Cr1   Cr1   ( -5,  -4,   0)  0.0547   (-11.430, -13.198,  0.000) 17.460 
J_iso:  0.0547 
[Testing!] Jprime: 0.066,  B: -0.037
[Testing!] DMI: ( 0.0001  0.0002  0.0000)
[Testing!]J_ani:
[[-0.045  0.007  0.01 ]
 [ 0.007 -0.082 -0.032]
 [ 0.01  -0.032 -0.075]]
----------------------------------------------------------------------------------------
   Cr1   Cr1   ( -1,   4,   0)  0.0549   (-11.430, 13.198,  0.000) 17.460 
J_iso:  0.0549 
[Testing!] Jprime: 0.073,  B: -0.040
[Testing!] DMI: ( 0.0001 -0.0000 -0.0001)
[Testing!]J_ani:
[[-0.045 -0.008 -0.01 ]
 [-0.008 -0.081 -0.033]
 [-0.01  -0.033 -0.081]]
----------------------------------------------------------------------------------------
   Cr1   Cr1   (  1,  -4,   0)  0.0549   (11.430, -13.198,  0.000) 17.460 
J_iso:  0.0549 
[Testing!] Jprime: 0.073,  B: -0.040
[Testing!] DMI: (-0.0001  0.0000  0.0001)
[Testing!]J_ani:
[[-0.045 -0.008 -0.01 ]
 [-0.008 -0.081 -0.033]
 [-0.01  -0.033 -0.081]]
----------------------------------------------------------------------------------------
   Cr1   Cr1   (  5,   4,   0)  0.0547   (11.430, 13.198,  0.000) 17.460 
J_iso:  0.0547 
[Testing!] Jprime: 0.066,  B: -0.037
[Testing!] DMI: (-0.0001 -0.0002 -0.0000)
[Testing!]J_ani:
[[-0.045  0.007  0.01 ]
 [ 0.007 -0.082 -0.032]
 [ 0.01  -0.032 -0.075]]
----------------------------------------------------------------------------------------
   Cr1   Cr1   ( -5,  -1,   0)  0.0552   (-17.145, -3.300,  0.000) 17.460 
J_iso:  0.0552 
[Testing!] Jprime: 0.069,  B: -0.039
[Testing!] DMI: ( 0.0001  0.0001 -0.0001)
[Testing!]J_ani:
[[-0.067  0.02  -0.023]
 [ 0.02  -0.062  0.026]
 [-0.023  0.026 -0.078]]
----------------------------------------------------------------------------------------
   Cr1   Cr1   ( -4,   1,   0)  0.0552   (-17.145,  3.300,  0.000) 17.460 
J_iso:  0.0552 
[Testing!] Jprime: 0.079,  B: -0.044
[Testing!] DMI: (-0.0000 -0.0000  0.0001)
[Testing!]J_ani:
[[-0.065 -0.019  0.023]
 [-0.019 -0.061  0.026]
 [ 0.023  0.026 -0.087]]
----------------------------------------------------------------------------------------
   Cr1   Cr1   (  4,  -1,   0)  0.0552   (17.145, -3.300,  0.000) 17.460 
J_iso:  0.0552 
[Testing!] Jprime: 0.079,  B: -0.044
[Testing!] DMI: ( 0.0000  0.0000 -0.0001)
[Testing!]J_ani:
[[-0.065 -0.019  0.023]
 [-0.019 -0.061  0.026]
 [ 0.023  0.026 -0.087]]
----------------------------------------------------------------------------------------
   Cr1   Cr1   (  5,   1,   0)  0.0552   (17.145,  3.300,  0.000) 17.460 
J_iso:  0.0552 
[Testing!] Jprime: 0.069,  B: -0.039
[Testing!] DMI: (-0.0001 -0.0001  0.0001)
[Testing!]J_ani:
[[-0.067  0.02  -0.023]
 [ 0.02  -0.062  0.026]
 [-0.023  0.026 -0.078]]
----------------------------------------------------------------------------------------
   Cr1   Cr1   ( -5,  -5,   0) -0.0887   (-9.525, -16.498,  0.000) 19.050 
J_iso: -0.0887 
[Testing!] Jprime: -0.279,  B: 0.117
[Testing!] DMI: ( 0.0001  0.0002 -0.0005)
[Testing!]J_ani:
[[ 0.039  0.008 -0.094]
 [ 0.008  0.047  0.053]
 [-0.094  0.053  0.233]]
----------------------------------------------------------------------------------------
   Cr1   Cr1   (  0,  -5,   0) -0.0887   ( 9.525, -16.498,  0.000) 19.050 
J_iso: -0.0887 
[Testing!] Jprime: -0.271,  B: 0.112
[Testing!] DMI: ( 0.0001 -0.0001  0.0003)
[Testing!]J_ani:
[[ 0.038 -0.008  0.095]
 [-0.008  0.048  0.055]
 [ 0.095  0.055  0.225]]
----------------------------------------------------------------------------------------
   Cr1   Cr1   (  0,   5,   0) -0.0887   (-9.525, 16.498,  0.000) 19.050 
J_iso: -0.0887 
[Testing!] Jprime: -0.271,  B: 0.112
[Testing!] DMI: (-0.0001  0.0001 -0.0003)
[Testing!]J_ani:
[[ 0.038 -0.008  0.095]
 [-0.008  0.048  0.055]
 [ 0.095  0.055  0.225]]
----------------------------------------------------------------------------------------
   Cr1   Cr1   (  5,   5,   0) -0.0887   ( 9.525, 16.498,  0.000) 19.050 
J_iso: -0.0887 
[Testing!] Jprime: -0.279,  B: 0.117
[Testing!] DMI: (-0.0001 -0.0002  0.0005)
[Testing!]J_ani:
[[ 0.039  0.008 -0.094]
 [ 0.008  0.047  0.053]
 [-0.094  0.053  0.233]]
----------------------------------------------------------------------------------------
   Cr1   Cr1   ( -5,   0,   0) -0.0872   (-19.050,  0.000,  0.000) 19.050 
J_iso: -0.0872 
[Testing!] Jprime: -0.275,  B: 0.115
[Testing!] DMI: (-0.0001 -0.0001 -0.0000)
[Testing!]J_ani:
[[ 0.051 -0.     0.001]
 [-0.     0.034 -0.109]
 [ 0.001 -0.109  0.23 ]]
----------------------------------------------------------------------------------------
   Cr1   Cr1   (  5,   0,   0) -0.0872   (19.050,  0.000,  0.000) 19.050 
J_iso: -0.0872 
[Testing!] Jprime: -0.275,  B: 0.115
[Testing!] DMI: ( 0.0001  0.0001  0.0000)
[Testing!]J_ani:
[[ 0.051 -0.     0.001]
 [-0.     0.034 -0.109]
 [ 0.001 -0.109  0.23 ]]
----------------------------------------------------------------------------------------
   Cr1   Cr1   ( -3,  -6,   0)  0.0495   ( 0.000, -19.797,  0.000) 19.797 
J_iso:  0.0495 
[Testing!] Jprime: 0.108,  B: -0.056
[Testing!] DMI: (-0.0001 -0.0002 -0.0001)
[Testing!]J_ani:
[[-0.043 -0.     0.001]
 [-0.    -0.063 -0.007]
 [ 0.001 -0.007 -0.112]]
----------------------------------------------------------------------------------------
   Cr1   Cr1   (  3,   6,   0)  0.0495   (-0.000, 19.797,  0.000) 19.797 
J_iso:  0.0495 
[Testing!] Jprime: 0.108,  B: -0.056
[Testing!] DMI: ( 0.0001  0.0002  0.0001)
[Testing!]J_ani:
[[-0.043 -0.     0.001]
 [-0.    -0.063 -0.007]
 [ 0.001 -0.007 -0.112]]
----------------------------------------------------------------------------------------
   Cr1   Cr1   ( -6,  -3,   0)  0.0522   (-17.145, -9.899,  0.000) 19.797 
J_iso:  0.0522 
[Testing!] Jprime: 0.110,  B: -0.057
[Testing!] DMI: (-0.0000 -0.0001 -0.0002)
[Testing!]J_ani:
[[-0.061 -0.009  0.006]
 [-0.009 -0.05   0.004]
 [ 0.006  0.004 -0.113]]
----------------------------------------------------------------------------------------
   Cr1   Cr1   ( -3,   3,   0)  0.0487   (-17.145,  9.899,  0.000) 19.797 
J_iso:  0.0487 
[Testing!] Jprime: 0.110,  B: -0.058
[Testing!] DMI: ( 0.0001 -0.0002 -0.0001)
[Testing!]J_ani:
[[-0.059  0.009 -0.006]
 [ 0.009 -0.049  0.004]
 [-0.006  0.004 -0.116]]
----------------------------------------------------------------------------------------
   Cr1   Cr1   (  3,  -3,   0)  0.0487   (17.145, -9.899,  0.000) 19.797 
J_iso:  0.0487 
[Testing!] Jprime: 0.110,  B: -0.058
[Testing!] DMI: (-0.0001  0.0002  0.0001)
[Testing!]J_ani:
[[-0.059  0.009 -0.006]
 [ 0.009 -0.049  0.004]
 [-0.006  0.004 -0.116]]
----------------------------------------------------------------------------------------
   Cr1   Cr1   (  6,   3,   0)  0.0522   (17.145,  9.899,  0.000) 19.797 
J_iso:  0.0522 
[Testing!] Jprime: 0.110,  B: -0.057
[Testing!] DMI: ( 0.0000  0.0001  0.0002)
[Testing!]J_ani:
[[-0.061 -0.009  0.006]
 [-0.009 -0.05   0.004]
 [ 0.006  0.004 -0.113]]
