==========================================================================================
Information: 
Exchange parameters generated by TB2J 0.9.0.1
Generation time: 25/01/15 12:21:13
 Input from non-collinear Wannier90 data.
 Tight binding data from ./. 
 Prefix of wannier function files:wannier90.
Warning: Please check if the noise level of Wannier function Hamiltonian to make sure it is much smaller than the exchange values.
 The DMI component parallel to the spin orientation, the Jani which has the component of that orientation should be disregarded
 e.g. if the spins are along z, the xz, yz, zz, zx, zy components and the z component of DMI.
 If you need these component, try to do three calculations with spin along x, y, z,  or use structure with z rotated to x, y and z. And then use TB2J_merge.py to get the full set of parameters.


==========================================================================================
Cell (Angstrom):
7.86800000  0.00000000  0.00000000
-3.93400000  6.81388788  0.00000000
0.00000000  0.00000000  12.34000000

==========================================================================================
Atoms:  
(Note: charge and magmoms only count the wannier functions.)
Atom_number        x             y             z       w_charge    M(x)      M(y)      M(z)   
Cr1             0.12347982   -0.07129111   -0.07483789    4.8977    0.0054   -0.0021    3.7632
Cr2            -0.12347982    0.07129111    6.24483789    4.8977    0.0055   -0.0021    3.7630
Cr3            -2.09047982    3.47823504    0.07483789    4.8976    0.0055   -0.0020    3.7633
Cr4            -1.84352018    3.33565283    6.09516211    4.8976    0.0055   -0.0021    3.7631
Cr5             3.81052018    0.07129111    0.07483789    4.8977    0.0055   -0.0022    3.7632
Cr6             4.05747982   -0.07129111    6.09516211    4.8975    0.0057   -0.0021    3.7632
Cr7             2.09047982    3.33565283   -0.07483789    4.8977    0.0055   -0.0023    3.7631
Cr8             1.84352018    3.47823504    6.24483789    4.8974    0.0055   -0.0022    3.7632
Cr9             0.00000000    0.00000000    3.08500000    4.9742   -0.0268   -0.0073    3.9033
Cr10           -1.96700000    3.40694394    9.25500000    4.9740   -0.0269   -0.0072    3.9034
Cr11            3.93400000    0.00000000    9.25500000    4.9741   -0.0269   -0.0070    3.9033
Cr12            1.96700000    3.40694394    3.08500000    4.9739   -0.0269   -0.0071    3.9034
Te1             0.00264723    2.26976758    1.47105663    4.8321    0.0018    0.0010   -0.2762
Te2             0.03187769    2.25289137    7.80936666    4.7873   -0.0003    0.0007   -0.3563
Te3            -1.93512231    5.65983531    1.63936666    4.7870   -0.0006    0.0006   -0.3559
Te4            -1.96435277    5.67671152    7.64105663    4.8324    0.0020    0.0008   -0.2764
Te5             3.96587769    2.25289137    1.63936666    4.7873   -0.0001    0.0005   -0.3562
Te6             3.93664723    2.26976758    7.64105663    4.8326    0.0015    0.0004   -0.2764
Te7             1.96964723    5.67671152    1.47105663    4.8326    0.0016    0.0010   -0.2765
Te8             1.99887769    5.65983531    7.80936666    4.7873   -0.0001    0.0005   -0.3563
Te9             1.96435277    1.13717636    4.69894337    4.8323    0.0016    0.0007   -0.2763
Te10            1.93512231    1.15405257   10.70063334    4.7872   -0.0004    0.0004   -0.3561
Te11           -0.03187769    4.56099651    4.53063334    4.7868   -0.0002    0.0007   -0.3558
Te12           -0.00264723    4.54412030   10.86894337    4.8326    0.0014    0.0010   -0.2766
Te13            5.86912231    1.15405257    4.53063334    4.7873   -0.0004    0.0006   -0.3563
Te14            5.89835277    1.13717636   10.86894337    4.8324    0.0013    0.0007   -0.2764
Te15            3.93135277    4.54412030    4.69894337    4.8324    0.0015    0.0005   -0.2762
Te16            3.90212231    4.56099651   10.70063334    4.7872   -0.0006    0.0005   -0.3563
Total                                                   136.0338   -0.0534   -0.0353   40.6586

==========================================================================================
Exchange: 
    i      j          R        J_iso(meV)          vector          distance(A) 
----------------------------------------------------------------------------------------
   Cr4   Cr10  (  0,   0,   0)  6.6366   (-0.123,  0.071,  3.160)  3.163 
J_iso:  6.6366 
[Testing!] DMI: (-0.0074 -0.8755 -0.0240)
[Testing!]J_ani:
[[ -0.071  -0.046   0.331]
 [ -0.046  -0.332   0.053]
 [  0.331   0.053 -34.074]]
----------------------------------------------------------------------------------------
   Cr6   Cr11  (  0,   0,   0)  6.6271   (-0.123,  0.071,  3.160)  3.163 
J_iso:  6.6271 
[Testing!] DMI: (-0.0012 -0.8613 -0.0298)
[Testing!]J_ani:
[[ -0.071  -0.044   0.341]
 [ -0.044  -0.333   0.061]
 [  0.341   0.061 -34.055]]
----------------------------------------------------------------------------------------
   Cr10  Cr4   (  0,   0,   0)  6.6366   ( 0.123, -0.071, -3.160)  3.163 
J_iso:  6.6366 
[Testing!] DMI: ( 0.0074  0.8755  0.0240)
[Testing!]J_ani:
[[ -0.071  -0.046   0.331]
 [ -0.046  -0.332   0.053]
 [  0.331   0.053 -34.074]]
----------------------------------------------------------------------------------------
   Cr11  Cr6   (  0,   0,   0)  6.6271   ( 0.123, -0.071, -3.160)  3.163 
J_iso:  6.6271 
[Testing!] DMI: ( 0.0012  0.8613  0.0298)
[Testing!]J_ani:
[[ -0.071  -0.044   0.341]
 [ -0.044  -0.333   0.061]
 [  0.341   0.061 -34.055]]
----------------------------------------------------------------------------------------
   Cr1   Cr9   (  0,   0,   0)  6.6334   (-0.123,  0.071,  3.160)  3.163 
J_iso:  6.6334 
[Testing!] DMI: ( 0.0016 -0.8795 -0.0236)
[Testing!]J_ani:
[[ -0.069  -0.046   0.372]
 [ -0.046  -0.33    0.063]
 [  0.372   0.063 -34.041]]
----------------------------------------------------------------------------------------
   Cr7   Cr12  (  0,   0,   0)  6.6520   (-0.123,  0.071,  3.160)  3.163 
J_iso:  6.6520 
[Testing!] DMI: (-0.0097 -0.8812 -0.0281)
[Testing!]J_ani:
[[ -0.07   -0.044   0.352]
 [ -0.044  -0.337   0.082]
 [  0.352   0.082 -34.109]]
----------------------------------------------------------------------------------------
   Cr9   Cr1   (  0,   0,   0)  6.6334   ( 0.123, -0.071, -3.160)  3.163 
J_iso:  6.6334 
[Testing!] DMI: (-0.0016  0.8795  0.0236)
[Testing!]J_ani:
[[ -0.069  -0.046   0.372]
 [ -0.046  -0.33    0.063]
 [  0.372   0.063 -34.041]]
----------------------------------------------------------------------------------------
   Cr12  Cr7   (  0,   0,   0)  6.6520   ( 0.123, -0.071, -3.160)  3.163 
J_iso:  6.6520 
[Testing!] DMI: ( 0.0097  0.8812  0.0281)
[Testing!]J_ani:
[[ -0.07   -0.044   0.352]
 [ -0.044  -0.337   0.082]
 [  0.352   0.082 -34.109]]
----------------------------------------------------------------------------------------
   Cr2   Cr9   (  0,   0,   0)  6.6786   ( 0.123, -0.071, -3.160)  3.163 
J_iso:  6.6786 
[Testing!] DMI: ( 0.0049 -0.8655  0.0025)
[Testing!]J_ani:
[[ -0.068  -0.044   0.377]
 [ -0.044  -0.333   0.046]
 [  0.377   0.046 -34.121]]
----------------------------------------------------------------------------------------
   Cr8   Cr12  (  0,   0,   0)  6.6690   ( 0.123, -0.071, -3.160)  3.163 
J_iso:  6.6690 
[Testing!] DMI: ( 0.0024 -0.8809 -0.0250)
[Testing!]J_ani:
[[ -0.072  -0.047   0.38 ]
 [ -0.047  -0.336   0.055]
 [  0.38    0.055 -34.143]]
----------------------------------------------------------------------------------------
   Cr9   Cr2   (  0,   0,   0)  6.6786   (-0.123,  0.071,  3.160)  3.163 
J_iso:  6.6786 
[Testing!] DMI: (-0.0049  0.8655 -0.0025)
[Testing!]J_ani:
[[ -0.068  -0.044   0.377]
 [ -0.044  -0.333   0.046]
 [  0.377   0.046 -34.121]]
----------------------------------------------------------------------------------------
   Cr12  Cr8   (  0,   0,   0)  6.6690   (-0.123,  0.071,  3.160)  3.163 
J_iso:  6.6690 
[Testing!] DMI: (-0.0024  0.8809  0.0250)
[Testing!]J_ani:
[[ -0.072  -0.047   0.38 ]
 [ -0.047  -0.336   0.055]
 [  0.38    0.055 -34.143]]
----------------------------------------------------------------------------------------
   Cr3   Cr10  (  0,   0,  -1)  6.6390   ( 0.123, -0.071, -3.160)  3.163 
J_iso:  6.6390 
[Testing!] DMI: ( 0.0040 -0.8858 -0.0106)
[Testing!]J_ani:
[[ -0.072  -0.047   0.331]
 [ -0.047  -0.337   0.046]
 [  0.331   0.046 -34.071]]
----------------------------------------------------------------------------------------
   Cr5   Cr11  (  0,   0,  -1)  6.6159   ( 0.123, -0.071, -3.160)  3.163 
J_iso:  6.6159 
[Testing!] DMI: ( 0.0058 -0.8821 -0.0242)
[Testing!]J_ani:
[[ -0.069  -0.045   0.38 ]
 [ -0.045  -0.333   0.045]
 [  0.38    0.045 -34.021]]
----------------------------------------------------------------------------------------
   Cr10  Cr3   (  0,   0,   1)  6.6390   (-0.123,  0.071,  3.160)  3.163 
J_iso:  6.6390 
[Testing!] DMI: (-0.0040  0.8858  0.0106)
[Testing!]J_ani:
[[ -0.072  -0.047   0.331]
 [ -0.047  -0.337   0.046]
 [  0.331   0.046 -34.071]]
----------------------------------------------------------------------------------------
   Cr11  Cr5   (  0,   0,   1)  6.6159   (-0.123,  0.071,  3.160)  3.163 
J_iso:  6.6159 
[Testing!] DMI: (-0.0058  0.8821  0.0242)
[Testing!]J_ani:
[[ -0.069  -0.045   0.38 ]
 [ -0.045  -0.333   0.045]
 [  0.38    0.045 -34.021]]
----------------------------------------------------------------------------------------
   Cr1   Cr3   (  0,  -1,   0)  4.4949   ( 1.720, -3.264,  0.150)  3.693 
J_iso:  4.4949 
[Testing!] DMI: (-0.0086 -0.0023 -0.0125)
[Testing!]J_ani:
[[ -0.171  -0.098  -0.273]
 [ -0.098  -0.173  -0.495]
 [ -0.273  -0.495 -21.82 ]]
----------------------------------------------------------------------------------------
   Cr6   Cr8   (  0,  -1,   0)  4.4933   ( 1.720, -3.264,  0.150)  3.693 
J_iso:  4.4933 
[Testing!] DMI: ( 0.0012 -0.0068 -0.0108)
[Testing!]J_ani:
[[ -0.173  -0.1    -0.282]
 [ -0.1    -0.173  -0.5  ]
 [ -0.282  -0.5   -21.812]]
----------------------------------------------------------------------------------------
   Cr6   Cr2   (  1,   0,   0)  4.6406   ( 3.687,  0.143,  0.150)  3.693 
J_iso:  4.6406 
[Testing!] DMI: ( 0.0072 -0.0019  0.0070)
[Testing!]J_ani:
[[ -0.14    0.297   0.182]
 [  0.297  -0.513   0.444]
 [  0.182   0.444 -21.872]]
----------------------------------------------------------------------------------------
   Cr7   Cr3   (  1,   0,   0)  4.6272   ( 3.687,  0.143,  0.150)  3.693 
J_iso:  4.6272 
[Testing!] DMI: (-0.0099  0.0009  0.0020)
[Testing!]J_ani:
[[ -0.141   0.297   0.193]
 [  0.297  -0.513   0.437]
 [  0.193   0.437 -21.829]]
----------------------------------------------------------------------------------------
   Cr2   Cr6   ( -1,   0,   0)  4.6406   (-3.687, -0.143, -0.150)  3.693 
J_iso:  4.6406 
[Testing!] DMI: (-0.0072  0.0019 -0.0070)
[Testing!]J_ani:
[[ -0.14    0.297   0.182]
 [  0.297  -0.513   0.444]
 [  0.182   0.444 -21.872]]
----------------------------------------------------------------------------------------
   Cr3   Cr7   ( -1,   0,   0)  4.6272   (-3.687, -0.143, -0.150)  3.693 
J_iso:  4.6272 
[Testing!] DMI: ( 0.0099 -0.0009 -0.0020)
[Testing!]J_ani:
[[ -0.141   0.297   0.193]
 [  0.297  -0.513   0.437]
 [  0.193   0.437 -21.829]]
----------------------------------------------------------------------------------------
   Cr8   Cr6   (  0,   1,   0)  4.4933   (-1.720,  3.264, -0.150)  3.693 
J_iso:  4.4933 
[Testing!] DMI: (-0.0012  0.0068  0.0108)
[Testing!]J_ani:
[[ -0.173  -0.1    -0.282]
 [ -0.1    -0.173  -0.5  ]
 [ -0.282  -0.5   -21.812]]
----------------------------------------------------------------------------------------
   Cr3   Cr1   (  0,   1,   0)  4.4949   (-1.720,  3.264, -0.150)  3.693 
J_iso:  4.4949 
[Testing!] DMI: ( 0.0086  0.0023  0.0125)
[Testing!]J_ani:
[[ -0.171  -0.098  -0.273]
 [ -0.098  -0.173  -0.495]
 [ -0.273  -0.495 -21.82 ]]
----------------------------------------------------------------------------------------
   Cr4   Cr8   (  0,   0,   0)  4.6257   ( 3.687,  0.143,  0.150)  3.693 
J_iso:  4.6257 
[Testing!] DMI: ( 0.0013 -0.0001 -0.0008)
[Testing!]J_ani:
[[ -0.141   0.296   0.184]
 [  0.296  -0.514   0.448]
 [  0.184   0.448 -21.866]]
----------------------------------------------------------------------------------------
   Cr5   Cr7   (  0,   0,   0)  4.5267   (-1.720,  3.264, -0.150)  3.693 
J_iso:  4.5267 
[Testing!] DMI: (-0.0004  0.0037  0.0100)
[Testing!]J_ani:
[[ -0.174  -0.101  -0.278]
 [ -0.101  -0.175  -0.515]
 [ -0.278  -0.515 -21.833]]
----------------------------------------------------------------------------------------
   Cr7   Cr5   (  0,   0,   0)  4.5267   ( 1.720, -3.264,  0.150)  3.693 
J_iso:  4.5267 
[Testing!] DMI: ( 0.0004 -0.0037 -0.0100)
[Testing!]J_ani:
[[ -0.174  -0.101  -0.278]
 [ -0.101  -0.175  -0.515]
 [ -0.278  -0.515 -21.833]]
----------------------------------------------------------------------------------------
   Cr8   Cr4   (  0,   0,   0)  4.6257   (-3.687, -0.143, -0.150)  3.693 
J_iso:  4.6257 
[Testing!] DMI: (-0.0013  0.0001  0.0008)
[Testing!]J_ani:
[[ -0.141   0.296   0.184]
 [  0.296  -0.514   0.448]
 [  0.184   0.448 -21.866]]
----------------------------------------------------------------------------------------
   Cr1   Cr5   (  0,   0,   0)  4.6258   ( 3.687,  0.143,  0.150)  3.693 
J_iso:  4.6258 
[Testing!] DMI: (-0.0039 -0.0077  0.0107)
[Testing!]J_ani:
[[ -0.141   0.296   0.175]
 [  0.296  -0.513   0.44 ]
 [  0.175   0.44  -21.831]]
----------------------------------------------------------------------------------------
   Cr2   Cr4   (  0,   0,   0)  4.5011   (-1.720,  3.264, -0.150)  3.693 
J_iso:  4.5011 
[Testing!] DMI: ( 0.0025 -0.0042  0.0006)
[Testing!]J_ani:
[[ -0.173  -0.101  -0.287]
 [ -0.101  -0.174  -0.487]
 [ -0.287  -0.487 -21.836]]
----------------------------------------------------------------------------------------
   Cr4   Cr2   (  0,   0,   0)  4.5011   ( 1.720, -3.264,  0.150)  3.693 
J_iso:  4.5011 
[Testing!] DMI: (-0.0025  0.0042 -0.0006)
[Testing!]J_ani:
[[ -0.173  -0.101  -0.287]
 [ -0.101  -0.174  -0.487]
 [ -0.287  -0.487 -21.836]]
----------------------------------------------------------------------------------------
   Cr5   Cr1   (  0,   0,   0)  4.6258   (-3.687, -0.143, -0.150)  3.693 
J_iso:  4.6258 
[Testing!] DMI: ( 0.0039  0.0077 -0.0107)
[Testing!]J_ani:
[[ -0.141   0.296   0.175]
 [  0.296  -0.513   0.44 ]
 [  0.175   0.44  -21.831]]
----------------------------------------------------------------------------------------
   Cr1   Cr7   ( -1,  -1,   0)  3.9969   (-1.967, -3.407,  0.000)  3.934 
J_iso:  3.9969 
[Testing!] DMI: (-0.4292 -0.1703 -0.1662)
[Testing!]J_ani:
[[ -0.124  -0.035  -0.121]
 [ -0.035  -0.165   0.24 ]
 [ -0.121   0.24  -10.381]]
----------------------------------------------------------------------------------------
   Cr2   Cr8   ( -1,  -1,   0)  3.9966   (-1.967, -3.407,  0.000)  3.934 
J_iso:  3.9966 
[Testing!] DMI: ( 0.4219  0.1669  0.1666)
[Testing!]J_ani:
[[ -0.125  -0.034  -0.109]
 [ -0.034  -0.164   0.25 ]
 [ -0.109   0.25  -10.375]]
----------------------------------------------------------------------------------------
   Cr7   Cr1   (  1,   1,   0)  3.9969   ( 1.967,  3.407,  0.000)  3.934 
J_iso:  3.9969 
[Testing!] DMI: ( 0.4292  0.1703  0.1662)
[Testing!]J_ani:
[[ -0.124  -0.035  -0.121]
 [ -0.035  -0.165   0.24 ]
 [ -0.121   0.24  -10.381]]
----------------------------------------------------------------------------------------
   Cr8   Cr2   (  1,   1,   0)  3.9966   ( 1.967,  3.407,  0.000)  3.934 
J_iso:  3.9966 
[Testing!] DMI: (-0.4219 -0.1669 -0.1666)
[Testing!]J_ani:
[[ -0.125  -0.034  -0.109]
 [ -0.034  -0.164   0.25 ]
 [ -0.109   0.25  -10.375]]
----------------------------------------------------------------------------------------
   Cr3   Cr5   (  0,   1,   0)  3.9999   ( 1.967,  3.407,  0.000)  3.934 
J_iso:  3.9999 
[Testing!] DMI: (-0.4291 -0.1664 -0.1677)
[Testing!]J_ani:
[[ -0.125  -0.035  -0.113]
 [ -0.035  -0.165   0.247]
 [ -0.113   0.247 -10.398]]
----------------------------------------------------------------------------------------
   Cr9   Cr12  (  0,   0,   0) -2.4214   ( 1.967,  3.407,  0.000)  3.934 
J_iso: -2.4214 
[Testing!] DMI: ( 0.0034  0.0030  0.0006)
[Testing!]J_ani:
[[-0.124  0.064 -0.099]
 [ 0.064  0.03   0.061]
 [-0.099  0.061  8.884]]
----------------------------------------------------------------------------------------
   Cr12  Cr9   (  0,   0,   0) -2.4214   (-1.967, -3.407,  0.000)  3.934 
J_iso: -2.4214 
[Testing!] DMI: (-0.0034 -0.0030 -0.0006)
[Testing!]J_ani:
[[-0.124  0.064 -0.099]
 [ 0.064  0.03   0.061]
 [-0.099  0.061  8.884]]
----------------------------------------------------------------------------------------
   Cr9   Cr12  ( -1,  -1,   0) -2.4295   (-1.967, -3.407,  0.000)  3.934 
J_iso: -2.4295 
[Testing!] DMI: ( 0.0161  0.0064  0.0062)
[Testing!]J_ani:
[[-0.121  0.062 -0.138]
 [ 0.062  0.032  0.062]
 [-0.138  0.062  8.834]]
----------------------------------------------------------------------------------------
   Cr5   Cr3   (  0,  -1,   0)  3.9999   (-1.967, -3.407,  0.000)  3.934 
J_iso:  3.9999 
[Testing!] DMI: ( 0.4291  0.1664  0.1677)
[Testing!]J_ani:
[[ -0.125  -0.035  -0.113]
 [ -0.035  -0.165   0.247]
 [ -0.113   0.247 -10.398]]
----------------------------------------------------------------------------------------
   Cr6   Cr4   (  0,  -1,   0)  3.9970   (-1.967, -3.407,  0.000)  3.934 
J_iso:  3.9970 
[Testing!] DMI: (-0.4271 -0.1622 -0.1733)
[Testing!]J_ani:
[[ -0.125  -0.035  -0.113]
 [ -0.035  -0.165   0.237]
 [ -0.113   0.237 -10.373]]
----------------------------------------------------------------------------------------
   Cr11  Cr10  (  0,  -1,   0) -2.4131   (-1.967, -3.407,  0.000)  3.934 
J_iso: -2.4131 
[Testing!] DMI: ( 0.0148  0.0188 -0.0082)
[Testing!]J_ani:
[[-0.124  0.061 -0.116]
 [ 0.061  0.031  0.069]
 [-0.116  0.069  8.781]]
----------------------------------------------------------------------------------------
   Cr5   Cr3   (  1,   0,   0)  3.9932   ( 1.967,  3.407,  0.000)  3.934 
J_iso:  3.9932 
[Testing!] DMI: (-0.4313 -0.1654 -0.1739)
[Testing!]J_ani:
[[ -0.127  -0.034  -0.117]
 [ -0.034  -0.163   0.245]
 [ -0.117   0.245 -10.368]]
----------------------------------------------------------------------------------------
   Cr6   Cr4   (  1,   0,   0)  3.9993   ( 1.967,  3.407,  0.000)  3.934 
J_iso:  3.9993 
[Testing!] DMI: ( 0.4271  0.1648  0.1524)
[Testing!]J_ani:
[[ -0.124  -0.034  -0.11 ]
 [ -0.034  -0.165   0.251]
 [ -0.11    0.251 -10.385]]
----------------------------------------------------------------------------------------
   Cr11  Cr10  (  1,   0,   0) -2.4230   ( 1.967,  3.407,  0.000)  3.934 
J_iso: -2.4230 
[Testing!] DMI: (-0.0125 -0.0302  0.0109)
[Testing!]J_ani:
[[-0.122  0.059 -0.134]
 [ 0.059  0.033  0.066]
 [-0.134  0.066  8.804]]
----------------------------------------------------------------------------------------
   Cr4   Cr6   ( -1,   0,   0)  3.9993   (-1.967, -3.407,  0.000)  3.934 
J_iso:  3.9993 
[Testing!] DMI: (-0.4271 -0.1648 -0.1524)
[Testing!]J_ani:
[[ -0.124  -0.034  -0.11 ]
 [ -0.034  -0.165   0.251]
 [ -0.11    0.251 -10.385]]
----------------------------------------------------------------------------------------
   Cr10  Cr11  ( -1,   0,   0) -2.4230   (-1.967, -3.407,  0.000)  3.934 
J_iso: -2.4230 
[Testing!] DMI: ( 0.0125  0.0302 -0.0109)
[Testing!]J_ani:
[[-0.122  0.059 -0.134]
 [ 0.059  0.033  0.066]
 [-0.134  0.066  8.804]]
----------------------------------------------------------------------------------------
   Cr10  Cr11  (  0,   1,   0) -2.4131   ( 1.967,  3.407,  0.000)  3.934 
J_iso: -2.4131 
[Testing!] DMI: (-0.0148 -0.0188  0.0082)
[Testing!]J_ani:
[[-0.124  0.061 -0.116]
 [ 0.061  0.031  0.069]
 [-0.116  0.069  8.781]]
----------------------------------------------------------------------------------------
   Cr12  Cr9   (  1,   1,   0) -2.4295   ( 1.967,  3.407,  0.000)  3.934 
J_iso: -2.4295 
[Testing!] DMI: (-0.0161 -0.0064 -0.0062)
[Testing!]J_ani:
[[-0.121  0.062 -0.138]
 [ 0.062  0.032  0.062]
 [-0.138  0.062  8.834]]
----------------------------------------------------------------------------------------
   Cr3   Cr5   ( -1,   0,   0)  3.9932   (-1.967, -3.407,  0.000)  3.934 
J_iso:  3.9932 
[Testing!] DMI: ( 0.4313  0.1654  0.1739)
[Testing!]J_ani:
[[ -0.127  -0.034  -0.117]
 [ -0.034  -0.163   0.245]
 [ -0.117   0.245 -10.368]]
----------------------------------------------------------------------------------------
   Cr2   Cr8   (  0,   0,   0)  4.0038   ( 1.967,  3.407,  0.000)  3.934 
J_iso:  4.0038 
[Testing!] DMI: (-0.4239 -0.1663 -0.1703)
[Testing!]J_ani:
[[ -0.125  -0.034  -0.121]
 [ -0.034  -0.163   0.258]
 [ -0.121   0.258 -10.395]]
----------------------------------------------------------------------------------------
   Cr8   Cr2   (  0,   0,   0)  4.0038   (-1.967, -3.407,  0.000)  3.934 
J_iso:  4.0038 
[Testing!] DMI: ( 0.4239  0.1663  0.1703)
[Testing!]J_ani:
[[ -0.125  -0.034  -0.121]
 [ -0.034  -0.163   0.258]
 [ -0.121   0.258 -10.395]]
----------------------------------------------------------------------------------------
   Cr4   Cr6   (  0,   1,   0)  3.9970   ( 1.967,  3.407,  0.000)  3.934 
J_iso:  3.9970 
[Testing!] DMI: ( 0.4271  0.1622  0.1733)
[Testing!]J_ani:
[[ -0.125  -0.035  -0.113]
 [ -0.035  -0.165   0.237]
 [ -0.113   0.237 -10.373]]
----------------------------------------------------------------------------------------
   Cr1   Cr7   (  0,   0,   0)  3.9959   ( 1.967,  3.407,  0.000)  3.934 
J_iso:  3.9959 
[Testing!] DMI: ( 0.4267  0.1668  0.1648)
[Testing!]J_ani:
[[ -0.126  -0.036  -0.113]
 [ -0.036  -0.165   0.246]
 [ -0.113   0.246 -10.382]]
----------------------------------------------------------------------------------------
   Cr7   Cr1   (  0,   0,   0)  3.9959   (-1.967, -3.407,  0.000)  3.934 
J_iso:  3.9959 
[Testing!] DMI: (-0.4267 -0.1668 -0.1648)
[Testing!]J_ani:
[[ -0.126  -0.036  -0.113]
 [ -0.036  -0.165   0.246]
 [ -0.113   0.246 -10.382]]
----------------------------------------------------------------------------------------
   Cr4   Cr2   (  0,   1,   0)  2.6514   (-2.214,  3.550,  0.150)  4.186 
J_iso:  2.6514 
[Testing!] DMI: ( 0.0006  0.0021 -0.0004)
[Testing!]J_ani:
[[-0.105 -0.078 -0.026]
 [-0.078 -0.054  0.299]
 [-0.026  0.299  2.101]]
----------------------------------------------------------------------------------------
   Cr2   Cr4   (  0,  -1,   0)  2.6514   ( 2.214, -3.550, -0.150)  4.186 
J_iso:  2.6514 
[Testing!] DMI: (-0.0006 -0.0021  0.0004)
[Testing!]J_ani:
[[-0.105 -0.078 -0.026]
 [-0.078 -0.054  0.299]
 [-0.026  0.299  2.101]]
----------------------------------------------------------------------------------------
   Cr5   Cr1   (  1,   0,   0)  2.5370   ( 4.181, -0.143, -0.150)  4.186 
J_iso:  2.5370 
[Testing!] DMI: ( 0.0052  0.0012  0.0026)
[Testing!]J_ani:
[[-0.125  0.095  0.044]
 [ 0.095 -0.122 -0.515]
 [ 0.044 -0.515  2.455]]
----------------------------------------------------------------------------------------
   Cr8   Cr4   (  1,   0,   0)  2.5368   ( 4.181, -0.143, -0.150)  4.186 
J_iso:  2.5368 
[Testing!] DMI: (-0.0080 -0.0084  0.0025)
[Testing!]J_ani:
[[-0.122  0.093  0.053]
 [ 0.093 -0.123 -0.49 ]
 [ 0.053 -0.49   2.409]]
----------------------------------------------------------------------------------------
   Cr1   Cr5   ( -1,   0,   0)  2.5370   (-4.181,  0.143,  0.150)  4.186 
J_iso:  2.5370 
[Testing!] DMI: (-0.0052 -0.0012 -0.0026)
[Testing!]J_ani:
[[-0.125  0.095  0.044]
 [ 0.095 -0.122 -0.515]
 [ 0.044 -0.515  2.455]]
----------------------------------------------------------------------------------------
   Cr4   Cr8   ( -1,   0,   0)  2.5368   (-4.181,  0.143,  0.150)  4.186 
J_iso:  2.5368 
[Testing!] DMI: ( 0.0080  0.0084 -0.0025)
[Testing!]J_ani:
[[-0.122  0.093  0.053]
 [ 0.093 -0.123 -0.49 ]
 [ 0.053 -0.49   2.409]]
----------------------------------------------------------------------------------------
   Cr7   Cr5   (  0,   1,   0)  2.6561   (-2.214,  3.550,  0.150)  4.186 
J_iso:  2.6561 
[Testing!] DMI: (-0.0013 -0.0073  0.0010)
[Testing!]J_ani:
[[-0.107 -0.079 -0.017]
 [-0.079 -0.055  0.284]
 [-0.017  0.284  2.071]]
----------------------------------------------------------------------------------------
   Cr5   Cr7   (  0,  -1,   0)  2.6561   ( 2.214, -3.550, -0.150)  4.186 
J_iso:  2.6561 
[Testing!] DMI: ( 0.0013  0.0073 -0.0010)
[Testing!]J_ani:
[[-0.107 -0.079 -0.017]
 [-0.079 -0.055  0.284]
 [-0.017  0.284  2.071]]
----------------------------------------------------------------------------------------
   Cr1   Cr3   (  0,   0,   0)  2.6545   (-2.214,  3.550,  0.150)  4.186 
J_iso:  2.6545 
[Testing!] DMI: ( 0.0000  0.0052 -0.0005)
[Testing!]J_ani:
[[-0.106 -0.079 -0.038]
 [-0.079 -0.055  0.296]
 [-0.038  0.296  2.078]]
----------------------------------------------------------------------------------------
   Cr2   Cr6   (  0,   0,   0)  2.5484   ( 4.181, -0.143, -0.150)  4.186 
J_iso:  2.5484 
[Testing!] DMI: ( 0.0032  0.0053  0.0012)
[Testing!]J_ani:
[[-0.124  0.092  0.039]
 [ 0.092 -0.124 -0.503]
 [ 0.039 -0.503  2.433]]
----------------------------------------------------------------------------------------
   Cr3   Cr1   (  0,   0,   0)  2.6545   ( 2.214, -3.550, -0.150)  4.186 
J_iso:  2.6545 
[Testing!] DMI: (-0.0000 -0.0052  0.0005)
[Testing!]J_ani:
[[-0.106 -0.079 -0.038]
 [-0.079 -0.055  0.296]
 [-0.038  0.296  2.078]]
----------------------------------------------------------------------------------------
   Cr3   Cr7   (  0,   0,   0)  2.5414   ( 4.181, -0.143, -0.150)  4.186 
J_iso:  2.5414 
[Testing!] DMI: (-0.0000  0.0036 -0.0013)
[Testing!]J_ani:
[[-0.124  0.092  0.06 ]
 [ 0.092 -0.122 -0.515]
 [ 0.06  -0.515  2.399]]
----------------------------------------------------------------------------------------
   Cr6   Cr2   (  0,   0,   0)  2.5484   (-4.181,  0.143,  0.150)  4.186 
J_iso:  2.5484 
[Testing!] DMI: (-0.0032 -0.0053 -0.0012)
[Testing!]J_ani:
[[-0.124  0.092  0.039]
 [ 0.092 -0.124 -0.503]
 [ 0.039 -0.503  2.433]]
----------------------------------------------------------------------------------------
   Cr7   Cr3   (  0,   0,   0)  2.5414   (-4.181,  0.143,  0.150)  4.186 
J_iso:  2.5414 
[Testing!] DMI: ( 0.0000 -0.0036  0.0013)
[Testing!]J_ani:
[[-0.124  0.092  0.06 ]
 [ 0.092 -0.122 -0.515]
 [ 0.06  -0.515  2.399]]
----------------------------------------------------------------------------------------
   Cr6   Cr8   (  0,   0,   0)  2.6464   (-2.214,  3.550,  0.150)  4.186 
J_iso:  2.6464 
[Testing!] DMI: (-0.0049  0.0014 -0.0011)
[Testing!]J_ani:
[[-0.105 -0.078 -0.036]
 [-0.078 -0.056  0.29 ]
 [-0.036  0.29   2.095]]
----------------------------------------------------------------------------------------
   Cr8   Cr6   (  0,   0,   0)  2.6464   ( 2.214, -3.550, -0.150)  4.186 
J_iso:  2.6464 
[Testing!] DMI: ( 0.0049 -0.0014  0.0011)
[Testing!]J_ani:
[[-0.105 -0.078 -0.036]
 [-0.078 -0.056  0.29 ]
 [-0.036  0.29   2.095]]
----------------------------------------------------------------------------------------
   Cr11  Cr8   (  0,  -1,   0)  9.2454   ( 1.844, -3.336, -3.010)  4.857 
J_iso:  9.2454 
[Testing!] DMI: (-0.2875 -0.3065  0.2801)
[Testing!]J_ani:
[[ -0.081  -0.061   0.25 ]
 [ -0.061  -0.098   0.058]
 [  0.25    0.058 -16.922]]
----------------------------------------------------------------------------------------
   Cr8   Cr11  (  0,   1,   0)  9.2454   (-1.844,  3.336,  3.010)  4.857 
J_iso:  9.2454 
[Testing!] DMI: ( 0.2875  0.3065 -0.2801)
[Testing!]J_ani:
[[ -0.081  -0.061   0.25 ]
 [ -0.061  -0.098   0.058]
 [  0.25    0.058 -16.922]]
----------------------------------------------------------------------------------------
   Cr2   Cr10  (  0,   0,   0)  9.2531   (-1.844,  3.336,  3.010)  4.857 
J_iso:  9.2531 
[Testing!] DMI: ( 0.3048  0.3081 -0.2731)
[Testing!]J_ani:
[[ -0.083  -0.061   0.277]
 [ -0.061  -0.098   0.047]
 [  0.277   0.047 -16.941]]
----------------------------------------------------------------------------------------
   Cr8   Cr10  (  0,   0,   0)  9.2595   (-3.811, -0.071,  3.010)  4.857 
J_iso:  9.2595 
[Testing!] DMI: (-0.2869 -0.0808 -0.4472)
[Testing!]J_ani:
[[ -0.093   0.043   0.158]
 [  0.043  -0.039  -0.089]
 [  0.158  -0.089 -16.942]]
----------------------------------------------------------------------------------------
   Cr10  Cr2   (  0,   0,   0)  9.2531   ( 1.844, -3.336, -3.010)  4.857 
J_iso:  9.2531 
[Testing!] DMI: (-0.3048 -0.3081  0.2731)
[Testing!]J_ani:
[[ -0.083  -0.061   0.277]
 [ -0.061  -0.098   0.047]
 [  0.277   0.047 -16.941]]
----------------------------------------------------------------------------------------
   Cr10  Cr8   (  0,   0,   0)  9.2595   ( 3.811,  0.071, -3.010)  4.857 
J_iso:  9.2595 
[Testing!] DMI: ( 0.2869  0.0808  0.4472)
[Testing!]J_ani:
[[ -0.093   0.043   0.158]
 [  0.043  -0.039  -0.089]
 [  0.158  -0.089 -16.942]]
----------------------------------------------------------------------------------------
   Cr9   Cr3   (  0,  -1,   0)  9.2626   ( 1.844, -3.336, -3.010)  4.857 
J_iso:  9.2626 
[Testing!] DMI: (-0.2936 -0.3234  0.2873)
[Testing!]J_ani:
[[ -0.083  -0.061   0.265]
 [ -0.061  -0.101   0.034]
 [  0.265   0.034 -16.97 ]]
----------------------------------------------------------------------------------------
   Cr11  Cr2   (  1,   0,   0)  9.2625   ( 3.811,  0.071, -3.010)  4.857 
J_iso:  9.2625 
[Testing!] DMI: ( 0.3013  0.0720  0.4471)
[Testing!]J_ani:
[[ -0.094   0.045   0.164]
 [  0.045  -0.037  -0.085]
 [  0.164  -0.085 -16.928]]
----------------------------------------------------------------------------------------
   Cr2   Cr11  ( -1,   0,   0)  9.2625   (-3.811, -0.071,  3.010)  4.857 
J_iso:  9.2625 
[Testing!] DMI: (-0.3013 -0.0720 -0.4471)
[Testing!]J_ani:
[[ -0.094   0.045   0.164]
 [  0.045  -0.037  -0.085]
 [  0.164  -0.085 -16.928]]
----------------------------------------------------------------------------------------
   Cr3   Cr9   (  0,   1,   0)  9.2626   (-1.844,  3.336,  3.010)  4.857 
J_iso:  9.2626 
[Testing!] DMI: ( 0.2936  0.3234 -0.2873)
[Testing!]J_ani:
[[ -0.083  -0.061   0.265]
 [ -0.061  -0.101   0.034]
 [  0.265   0.034 -16.97 ]]
----------------------------------------------------------------------------------------
   Cr5   Cr9   (  0,   0,   0)  9.2754   (-3.811, -0.071,  3.010)  4.857 
J_iso:  9.2754 
[Testing!] DMI: (-0.2901 -0.0773 -0.4585)
[Testing!]J_ani:
[[ -0.094   0.043   0.168]
 [  0.043  -0.039  -0.095]
 [  0.168  -0.095 -16.991]]
----------------------------------------------------------------------------------------
   Cr5   Cr12  (  0,   0,   0)  9.2623   (-1.844,  3.336,  3.010)  4.857 
J_iso:  9.2623 
[Testing!] DMI: ( 0.3074  0.3186 -0.2922)
[Testing!]J_ani:
[[ -0.084  -0.062   0.254]
 [ -0.062  -0.098   0.032]
 [  0.254   0.032 -16.998]]
----------------------------------------------------------------------------------------
   Cr9   Cr5   (  0,   0,   0)  9.2754   ( 3.811,  0.071, -3.010)  4.857 
J_iso:  9.2754 
[Testing!] DMI: ( 0.2901  0.0773  0.4585)
[Testing!]J_ani:
[[ -0.094   0.043   0.168]
 [  0.043  -0.039  -0.095]
 [  0.168  -0.095 -16.991]]
----------------------------------------------------------------------------------------
   Cr12  Cr5   (  0,   0,   0)  9.2623   ( 1.844, -3.336, -3.010)  4.857 
J_iso:  9.2623 
[Testing!] DMI: (-0.3074 -0.3186  0.2922)
[Testing!]J_ani:
[[ -0.084  -0.062   0.254]
 [ -0.062  -0.098   0.032]
 [  0.254   0.032 -16.998]]
----------------------------------------------------------------------------------------
   Cr1   Cr11  (  0,   0,  -1)  9.2578   ( 3.811,  0.071, -3.010)  4.857 
J_iso:  9.2578 
[Testing!] DMI: (-0.2884 -0.0904 -0.4600)
[Testing!]J_ani:
[[ -0.094   0.041   0.168]
 [  0.041  -0.038  -0.093]
 [  0.168  -0.093 -16.948]]
----------------------------------------------------------------------------------------
   Cr6   Cr9   (  1,   0,   0)  9.2711   ( 3.811,  0.071, -3.010)  4.857 
J_iso:  9.2711 
[Testing!] DMI: (-0.2977 -0.0761 -0.4526)
[Testing!]J_ani:
[[ -0.095   0.041   0.163]
 [  0.041  -0.037  -0.085]
 [  0.163  -0.085 -16.953]]
----------------------------------------------------------------------------------------
   Cr12  Cr3   (  1,   0,   0)  9.2740   ( 3.811,  0.071, -3.010)  4.857 
J_iso:  9.2740 
[Testing!] DMI: ( 0.2953  0.0811  0.4630)
[Testing!]J_ani:
[[ -0.095   0.042   0.157]
 [  0.042  -0.036  -0.1  ]
 [  0.157  -0.1   -17.001]]
----------------------------------------------------------------------------------------
   Cr3   Cr12  ( -1,   0,   0)  9.2740   (-3.811, -0.071,  3.010)  4.857 
J_iso:  9.2740 
[Testing!] DMI: (-0.2953 -0.0811 -0.4630)
[Testing!]J_ani:
[[ -0.095   0.042   0.157]
 [  0.042  -0.036  -0.1  ]
 [  0.157  -0.1   -17.001]]
----------------------------------------------------------------------------------------
   Cr9   Cr6   ( -1,   0,   0)  9.2711   (-3.811, -0.071,  3.010)  4.857 
J_iso:  9.2711 
[Testing!] DMI: ( 0.2977  0.0761  0.4526)
[Testing!]J_ani:
[[ -0.095   0.041   0.163]
 [  0.041  -0.037  -0.085]
 [  0.163  -0.085 -16.953]]
----------------------------------------------------------------------------------------
   Cr1   Cr10  (  0,  -1,  -1)  9.2470   ( 1.844, -3.336, -3.010)  4.857 
J_iso:  9.2470 
[Testing!] DMI: ( 0.2916  0.3263 -0.2981)
[Testing!]J_ani:
[[ -0.082  -0.062   0.271]
 [ -0.062  -0.097   0.056]
 [  0.271   0.056 -16.962]]
----------------------------------------------------------------------------------------
   Cr11  Cr1   (  0,   0,   1)  9.2578   (-3.811, -0.071,  3.010)  4.857 
J_iso:  9.2578 
[Testing!] DMI: ( 0.2884  0.0904  0.4600)
[Testing!]J_ani:
[[ -0.094   0.041   0.168]
 [  0.041  -0.038  -0.093]
 [  0.168  -0.093 -16.948]]
----------------------------------------------------------------------------------------
   Cr7   Cr10  (  1,   0,  -1)  9.2751   ( 3.811,  0.071, -3.010)  4.857 
J_iso:  9.2751 
[Testing!] DMI: (-0.3013 -0.0675 -0.4638)
[Testing!]J_ani:
[[ -0.096   0.043   0.18 ]
 [  0.043  -0.04   -0.065]
 [  0.18   -0.065 -16.981]]
----------------------------------------------------------------------------------------
   Cr10  Cr7   ( -1,   0,   1)  9.2751   (-3.811, -0.071,  3.010)  4.857 
J_iso:  9.2751 
[Testing!] DMI: ( 0.3013  0.0675  0.4638)
[Testing!]J_ani:
[[ -0.096   0.043   0.18 ]
 [  0.043  -0.04   -0.065]
 [  0.18   -0.065 -16.981]]
----------------------------------------------------------------------------------------
   Cr4   Cr12  (  0,   0,   0)  9.2774   ( 3.811,  0.071, -3.010)  4.857 
J_iso:  9.2774 
[Testing!] DMI: (-0.3048 -0.0864 -0.4563)
[Testing!]J_ani:
[[ -0.095   0.042   0.156]
 [  0.042  -0.039  -0.08 ]
 [  0.156  -0.08  -16.983]]
----------------------------------------------------------------------------------------
   Cr12  Cr4   (  0,   0,   0)  9.2774   (-3.811, -0.071,  3.010)  4.857 
J_iso:  9.2774 
[Testing!] DMI: ( 0.3048  0.0864  0.4563)
[Testing!]J_ani:
[[ -0.095   0.042   0.156]
 [  0.042  -0.039  -0.08 ]
 [  0.156  -0.08  -16.983]]
----------------------------------------------------------------------------------------
   Cr7   Cr11  (  0,   0,  -1)  9.2505   ( 1.844, -3.336, -3.010)  4.857 
J_iso:  9.2505 
[Testing!] DMI: ( 0.2930  0.3152 -0.2857)
[Testing!]J_ani:
[[ -0.082  -0.062   0.271]
 [ -0.062  -0.099   0.06 ]
 [  0.271   0.06  -16.952]]
----------------------------------------------------------------------------------------
   Cr6   Cr12  (  0,  -1,   0)  9.2679   ( 1.844, -3.336, -3.010)  4.857 
J_iso:  9.2679 
[Testing!] DMI: ( 0.2960  0.3050 -0.2859)
[Testing!]J_ani:
[[ -0.084  -0.061   0.243]
 [ -0.061  -0.1     0.053]
 [  0.243   0.053 -16.982]]
----------------------------------------------------------------------------------------
   Cr12  Cr6   (  0,   1,   0)  9.2679   (-1.844,  3.336,  3.010)  4.857 
J_iso:  9.2679 
[Testing!] DMI: (-0.2960 -0.3050  0.2859)
[Testing!]J_ani:
[[ -0.084  -0.061   0.243]
 [ -0.061  -0.1     0.053]
 [  0.243   0.053 -16.982]]
----------------------------------------------------------------------------------------
   Cr11  Cr7   (  0,   0,   1)  9.2505   (-1.844,  3.336,  3.010)  4.857 
J_iso:  9.2505 
[Testing!] DMI: (-0.2930 -0.3152  0.2857)
[Testing!]J_ani:
[[ -0.082  -0.062   0.271]
 [ -0.062  -0.099   0.06 ]
 [  0.271   0.06  -16.952]]
----------------------------------------------------------------------------------------
   Cr10  Cr1   (  0,   1,   1)  9.2470   (-1.844,  3.336,  3.010)  4.857 
J_iso:  9.2470 
[Testing!] DMI: (-0.2916 -0.3263  0.2981)
[Testing!]J_ani:
[[ -0.082  -0.062   0.271]
 [ -0.062  -0.097   0.056]
 [  0.271   0.056 -16.962]]
----------------------------------------------------------------------------------------
   Cr4   Cr9   (  0,   0,   0)  9.2532   ( 1.844, -3.336, -3.010)  4.857 
J_iso:  9.2532 
[Testing!] DMI: ( 0.2909  0.3098 -0.2803)
[Testing!]J_ani:
[[ -0.081  -0.061   0.261]
 [ -0.061  -0.097   0.045]
 [  0.261   0.045 -16.937]]
----------------------------------------------------------------------------------------
   Cr9   Cr4   (  0,   0,   0)  9.2532   (-1.844,  3.336,  3.010)  4.857 
J_iso:  9.2532 
[Testing!] DMI: (-0.2909 -0.3098  0.2803)
[Testing!]J_ani:
[[ -0.081  -0.061   0.261]
 [ -0.061  -0.097   0.045]
 [  0.261   0.045 -16.937]]
----------------------------------------------------------------------------------------
   Cr11  Cr4   (  0,  -1,   0)  7.5005   (-1.844, -3.478, -3.160)  5.048 
J_iso:  7.5005 
[Testing!] DMI: ( 0.4234  0.4960  0.1233)
[Testing!]J_ani:
[[ -0.036  -0.019   0.101]
 [ -0.019  -0.034  -0.037]
 [  0.101  -0.037 -10.923]]
----------------------------------------------------------------------------------------
   Cr6   Cr10  (  1,   0,   0)  7.5155   ( 1.844,  3.478,  3.160)  5.048 
J_iso:  7.5155 
[Testing!] DMI: (-0.4228 -0.4858 -0.1212)
[Testing!]J_ani:
[[ -0.036  -0.019   0.076]
 [ -0.019  -0.036  -0.044]
 [  0.076  -0.044 -10.958]]
----------------------------------------------------------------------------------------
   Cr10  Cr6   ( -1,   0,   0)  7.5155   (-1.844, -3.478, -3.160)  5.048 
J_iso:  7.5155 
[Testing!] DMI: ( 0.4228  0.4858  0.1212)
[Testing!]J_ani:
[[ -0.036  -0.019   0.076]
 [ -0.019  -0.036  -0.044]
 [  0.076  -0.044 -10.958]]
----------------------------------------------------------------------------------------
   Cr4   Cr11  (  0,   1,   0)  7.5005   ( 1.844,  3.478,  3.160)  5.048 
J_iso:  7.5005 
[Testing!] DMI: (-0.4234 -0.4960 -0.1233)
[Testing!]J_ani:
[[ -0.036  -0.019   0.101]
 [ -0.019  -0.034  -0.037]
 [  0.101  -0.037 -10.923]]
----------------------------------------------------------------------------------------
   Cr6   Cr10  (  0,  -1,   0)  7.5162   (-2.090, -3.336,  3.160)  5.048 
J_iso:  7.5162 
[Testing!] DMI: ( 0.4012 -0.4604  0.1382)
[Testing!]J_ani:
[[ -0.057   0.013  -0.115]
 [  0.013  -0.044   0.062]
 [ -0.115   0.062 -11.061]]
----------------------------------------------------------------------------------------
   Cr11  Cr4   (  1,   0,   0)  7.5244   ( 2.090,  3.336, -3.160)  5.048 
J_iso:  7.5244 
[Testing!] DMI: (-0.4046  0.4678 -0.1327)
[Testing!]J_ani:
[[ -0.054   0.014  -0.116]
 [  0.014  -0.042   0.073]
 [ -0.116   0.073 -11.074]]
----------------------------------------------------------------------------------------
   Cr4   Cr11  ( -1,   0,   0)  7.5244   (-2.090, -3.336,  3.160)  5.048 
J_iso:  7.5244 
[Testing!] DMI: ( 0.4046 -0.4678  0.1327)
[Testing!]J_ani:
[[ -0.054   0.014  -0.116]
 [  0.014  -0.042   0.073]
 [ -0.116   0.073 -11.074]]
----------------------------------------------------------------------------------------
   Cr1   Cr12  (  0,   0,   0)  7.5097   ( 1.844,  3.478,  3.160)  5.048 
J_iso:  7.5097 
[Testing!] DMI: (-0.4142 -0.4829 -0.1104)
[Testing!]J_ani:
[[ -0.036  -0.019   0.124]
 [ -0.019  -0.036  -0.058]
 [  0.124  -0.058 -10.92 ]]
----------------------------------------------------------------------------------------
   Cr12  Cr1   (  0,   0,   0)  7.5097   (-1.844, -3.478, -3.160)  5.048 
J_iso:  7.5097 
[Testing!] DMI: ( 0.4142  0.4829  0.1104)
[Testing!]J_ani:
[[ -0.036  -0.019   0.124]
 [ -0.019  -0.036  -0.058]
 [  0.124  -0.058 -10.92 ]]
----------------------------------------------------------------------------------------
   Cr1   Cr12  ( -1,  -1,   0)  7.5309   (-2.090, -3.336,  3.160)  5.048 
J_iso:  7.5309 
[Testing!] DMI: ( 0.3994 -0.4711  0.1375)
[Testing!]J_ani:
[[ -0.055   0.013  -0.106]
 [  0.013  -0.041   0.08 ]
 [ -0.106   0.08  -11.084]]
----------------------------------------------------------------------------------------
   Cr9   Cr7   ( -1,  -1,   0)  7.4984   (-1.844, -3.478, -3.160)  5.048 
J_iso:  7.4984 
[Testing!] DMI: ( 0.4315  0.4974  0.1185)
[Testing!]J_ani:
[[ -0.036  -0.019   0.095]
 [ -0.019  -0.035  -0.041]
 [  0.095  -0.041 -10.916]]
----------------------------------------------------------------------------------------
   Cr9   Cr8   ( -1,  -1,   0)  7.5354   (-2.090, -3.336,  3.160)  5.048 
J_iso:  7.5354 
[Testing!] DMI: (-0.3921  0.4665 -0.1470)
[Testing!]J_ani:
[[ -0.056   0.014  -0.1  ]
 [  0.014  -0.043   0.07 ]
 [ -0.1     0.07  -11.083]]
----------------------------------------------------------------------------------------
   Cr10  Cr6   (  0,   1,   0)  7.5162   ( 2.090,  3.336, -3.160)  5.048 
J_iso:  7.5162 
[Testing!] DMI: (-0.4012  0.4604 -0.1382)
[Testing!]J_ani:
[[ -0.057   0.013  -0.115]
 [  0.013  -0.044   0.062]
 [ -0.115   0.062 -11.061]]
----------------------------------------------------------------------------------------
   Cr7   Cr9   (  1,   1,   0)  7.4984   ( 1.844,  3.478,  3.160)  5.048 
J_iso:  7.4984 
[Testing!] DMI: (-0.4315 -0.4974 -0.1185)
[Testing!]J_ani:
[[ -0.036  -0.019   0.095]
 [ -0.019  -0.035  -0.041]
 [  0.095  -0.041 -10.916]]
----------------------------------------------------------------------------------------
   Cr8   Cr9   (  1,   1,   0)  7.5354   ( 2.090,  3.336, -3.160)  5.048 
J_iso:  7.5354 
[Testing!] DMI: ( 0.3921 -0.4665  0.1470)
[Testing!]J_ani:
[[ -0.056   0.014  -0.1  ]
 [  0.014  -0.043   0.07 ]
 [ -0.1     0.07  -11.083]]
----------------------------------------------------------------------------------------
   Cr12  Cr1   (  1,   1,   0)  7.5309   ( 2.090,  3.336, -3.160)  5.048 
J_iso:  7.5309 
[Testing!] DMI: (-0.3994  0.4711 -0.1375)
[Testing!]J_ani:
[[ -0.055   0.013  -0.106]
 [  0.013  -0.041   0.08 ]
 [ -0.106   0.08  -11.084]]
----------------------------------------------------------------------------------------
   Cr3   Cr11  (  0,   1,  -1)  7.5037   ( 2.090,  3.336, -3.160)  5.048 
J_iso:  7.5037 
[Testing!] DMI: ( 0.4101 -0.4617  0.1441)
[Testing!]J_ani:
[[ -0.054   0.013  -0.108]
 [  0.013  -0.042   0.078]
 [ -0.108   0.078 -11.047]]
----------------------------------------------------------------------------------------
   Cr5   Cr10  (  1,   0,  -1)  7.5375   ( 2.090,  3.336, -3.160)  5.048 
J_iso:  7.5375 
[Testing!] DMI: ( 0.4005 -0.4664  0.1308)
[Testing!]J_ani:
[[ -0.055   0.014  -0.102]
 [  0.014  -0.041   0.074]
 [ -0.102   0.074 -11.092]]
----------------------------------------------------------------------------------------
   Cr11  Cr3   (  0,  -1,   1)  7.5037   (-2.090, -3.336,  3.160)  5.048 
J_iso:  7.5037 
[Testing!] DMI: (-0.4101  0.4617 -0.1441)
[Testing!]J_ani:
[[ -0.054   0.013  -0.108]
 [  0.013  -0.042   0.078]
 [ -0.108   0.078 -11.047]]
----------------------------------------------------------------------------------------
   Cr2   Cr12  (  0,   0,   0)  7.5199   ( 2.090,  3.336, -3.160)  5.048 
J_iso:  7.5199 
[Testing!] DMI: ( 0.4074 -0.4656  0.1384)
[Testing!]J_ani:
[[ -0.056   0.013  -0.099]
 [  0.013  -0.041   0.071]
 [ -0.099   0.071 -11.053]]
----------------------------------------------------------------------------------------
   Cr7   Cr9   (  0,   0,   0)  7.5216   (-2.090, -3.336,  3.160)  5.048 
J_iso:  7.5216 
[Testing!] DMI: ( 0.3998 -0.4702  0.1292)
[Testing!]J_ani:
[[ -0.054   0.012  -0.104]
 [  0.012  -0.041   0.062]
 [ -0.104   0.062 -11.07 ]]
----------------------------------------------------------------------------------------
   Cr9   Cr7   (  0,   0,   0)  7.5216   ( 2.090,  3.336, -3.160)  5.048 
J_iso:  7.5216 
[Testing!] DMI: (-0.3998  0.4702 -0.1292)
[Testing!]J_ani:
[[ -0.054   0.012  -0.104]
 [  0.012  -0.041   0.062]
 [ -0.104   0.062 -11.07 ]]
----------------------------------------------------------------------------------------
   Cr12  Cr2   (  0,   0,   0)  7.5199   (-2.090, -3.336,  3.160)  5.048 
J_iso:  7.5199 
[Testing!] DMI: (-0.4074  0.4656 -0.1384)
[Testing!]J_ani:
[[ -0.056   0.013  -0.099]
 [  0.013  -0.041   0.071]
 [ -0.099   0.071 -11.053]]
----------------------------------------------------------------------------------------
   Cr2   Cr12  ( -1,  -1,   0)  7.4997   (-1.844, -3.478, -3.160)  5.048 
J_iso:  7.4997 
[Testing!] DMI: (-0.4174 -0.4883 -0.1344)
[Testing!]J_ani:
[[ -0.035  -0.02    0.092]
 [ -0.02   -0.035  -0.038]
 [  0.092  -0.038 -10.897]]
----------------------------------------------------------------------------------------
   Cr5   Cr10  (  0,  -1,  -1)  7.5017   (-1.844, -3.478, -3.160)  5.048 
J_iso:  7.5017 
[Testing!] DMI: (-0.4129 -0.4947 -0.1228)
[Testing!]J_ani:
[[ -0.036  -0.018   0.091]
 [ -0.018  -0.034  -0.033]
 [  0.091  -0.033 -10.926]]
----------------------------------------------------------------------------------------
   Cr12  Cr2   (  1,   1,   0)  7.4997   ( 1.844,  3.478,  3.160)  5.048 
J_iso:  7.4997 
[Testing!] DMI: ( 0.4174  0.4883  0.1344)
[Testing!]J_ani:
[[ -0.035  -0.02    0.092]
 [ -0.02   -0.035  -0.038]
 [  0.092  -0.038 -10.897]]
----------------------------------------------------------------------------------------
   Cr10  Cr5   (  0,   1,   1)  7.5017   ( 1.844,  3.478,  3.160)  5.048 
J_iso:  7.5017 
[Testing!] DMI: ( 0.4129  0.4947  0.1228)
[Testing!]J_ani:
[[ -0.036  -0.018   0.091]
 [ -0.018  -0.034  -0.033]
 [  0.091  -0.033 -10.926]]
----------------------------------------------------------------------------------------
   Cr10  Cr5   ( -1,   0,   1)  7.5375   (-2.090, -3.336,  3.160)  5.048 
J_iso:  7.5375 
[Testing!] DMI: (-0.4005  0.4664 -0.1308)
[Testing!]J_ani:
[[ -0.055   0.014  -0.102]
 [  0.014  -0.041   0.074]
 [ -0.102   0.074 -11.092]]
----------------------------------------------------------------------------------------
   Cr8   Cr9   (  0,   0,   0)  7.5123   (-1.844, -3.478, -3.160)  5.048 
J_iso:  7.5123 
[Testing!] DMI: (-0.4183 -0.4956 -0.1119)
[Testing!]J_ani:
[[ -0.036  -0.018   0.094]
 [ -0.018  -0.034  -0.052]
 [  0.094  -0.052 -10.939]]
----------------------------------------------------------------------------------------
   Cr9   Cr8   (  0,   0,   0)  7.5123   ( 1.844,  3.478,  3.160)  5.048 
J_iso:  7.5123 
[Testing!] DMI: ( 0.4183  0.4956  0.1119)
[Testing!]J_ani:
[[ -0.036  -0.018   0.094]
 [ -0.018  -0.034  -0.052]
 [  0.094  -0.052 -10.939]]
----------------------------------------------------------------------------------------
   Cr3   Cr11  ( -1,   0,  -1)  7.5168   (-1.844, -3.478, -3.160)  5.048 
J_iso:  7.5168 
[Testing!] DMI: (-0.4163 -0.4755 -0.1292)
[Testing!]J_ani:
[[ -0.037  -0.019   0.097]
 [ -0.019  -0.036  -0.049]
 [  0.097  -0.049 -10.971]]
----------------------------------------------------------------------------------------
   Cr11  Cr3   (  1,   0,   1)  7.5168   ( 1.844,  3.478,  3.160)  5.048 
J_iso:  7.5168 
[Testing!] DMI: ( 0.4163  0.4755  0.1292)
[Testing!]J_ani:
[[ -0.037  -0.019   0.097]
 [ -0.019  -0.036  -0.049]
 [  0.097  -0.049 -10.971]]
----------------------------------------------------------------------------------------
   Cr2   Cr11  (  0,   0,   0)  4.8746   ( 4.057, -0.071,  3.010)  5.053 
J_iso:  4.8746 
[Testing!] DMI: ( 0.3489  0.4402  0.2066)
[Testing!]J_ani:
[[ 0.008 -0.018 -0.216]
 [-0.018 -0.007  0.332]
 [-0.216  0.332 -1.045]]
----------------------------------------------------------------------------------------
   Cr11  Cr2   (  0,   0,   0)  4.8746   (-4.057,  0.071, -3.010)  5.053 
J_iso:  4.8746 
[Testing!] DMI: (-0.3489 -0.4402 -0.2066)
[Testing!]J_ani:
[[ 0.008 -0.018 -0.216]
 [-0.018 -0.007  0.332]
 [-0.216  0.332 -1.045]]
----------------------------------------------------------------------------------------
   Cr2   Cr10  (  0,  -1,   0)  4.8786   ( 2.090, -3.478,  3.010)  5.053 
J_iso:  4.8786 
[Testing!] DMI: (-0.3605  0.3798  0.1246)
[Testing!]J_ani:
[[ 0.     0.026 -0.312]
 [ 0.026  0.016 -0.283]
 [-0.312 -0.283 -1.42 ]]
----------------------------------------------------------------------------------------
   Cr10  Cr2   (  0,   1,   0)  4.8786   (-2.090,  3.478, -3.010)  5.053 
J_iso:  4.8786 
[Testing!] DMI: ( 0.3605 -0.3798 -0.1246)
[Testing!]J_ani:
[[ 0.     0.026 -0.312]
 [ 0.026  0.016 -0.283]
 [-0.312 -0.283 -1.42 ]]
----------------------------------------------------------------------------------------
   Cr8   Cr11  (  0,   0,   0)  4.8675   ( 2.090, -3.478,  3.010)  5.053 
J_iso:  4.8675 
[Testing!] DMI: (-0.3702  0.3895  0.1295)
[Testing!]J_ani:
[[-0.001  0.026 -0.31 ]
 [ 0.026  0.014 -0.282]
 [-0.31  -0.282 -1.37 ]]
----------------------------------------------------------------------------------------
   Cr11  Cr8   (  0,   0,   0)  4.8675   (-2.090,  3.478, -3.010)  5.053 
J_iso:  4.8675 
[Testing!] DMI: ( 0.3702 -0.3895 -0.1295)
[Testing!]J_ani:
[[-0.001  0.026 -0.31 ]
 [ 0.026  0.014 -0.282]
 [-0.31  -0.282 -1.37 ]]
----------------------------------------------------------------------------------------
   Cr5   Cr9   (  1,   0,   0)  4.8817   ( 4.057, -0.071,  3.010)  5.053 
J_iso:  4.8817 
[Testing!] DMI: ( 0.3557  0.4358  0.2103)
[Testing!]J_ani:
[[ 0.006 -0.019 -0.214]
 [-0.019 -0.006  0.316]
 [-0.214  0.316 -1.052]]
----------------------------------------------------------------------------------------
   Cr8   Cr10  (  1,   0,   0)  4.8682   ( 4.057, -0.071,  3.010)  5.053 
J_iso:  4.8682 
[Testing!] DMI: ( 0.3702  0.4477  0.2195)
[Testing!]J_ani:
[[ 0.009 -0.017 -0.199]
 [-0.017 -0.006  0.319]
 [-0.199  0.319 -1.028]]
----------------------------------------------------------------------------------------
   Cr9   Cr5   ( -1,   0,   0)  4.8817   (-4.057,  0.071, -3.010)  5.053 
J_iso:  4.8817 
[Testing!] DMI: (-0.3557 -0.4358 -0.2103)
[Testing!]J_ani:
[[ 0.006 -0.019 -0.214]
 [-0.019 -0.006  0.316]
 [-0.214  0.316 -1.052]]
----------------------------------------------------------------------------------------
   Cr10  Cr8   ( -1,   0,   0)  4.8682   (-4.057,  0.071, -3.010)  5.053 
J_iso:  4.8682 
[Testing!] DMI: (-0.3702 -0.4477 -0.2195)
[Testing!]J_ani:
[[ 0.009 -0.017 -0.199]
 [-0.017 -0.006  0.319]
 [-0.199  0.319 -1.028]]
----------------------------------------------------------------------------------------
   Cr12  Cr5   (  0,   1,   0)  4.8909   (-2.090,  3.478, -3.010)  5.053 
J_iso:  4.8909 
[Testing!] DMI: ( 0.4128 -0.4156 -0.1268)
[Testing!]J_ani:
[[ 0.004  0.022 -0.322]
 [ 0.022  0.017 -0.288]
 [-0.322 -0.288 -1.44 ]]
----------------------------------------------------------------------------------------
   Cr3   Cr12  (  0,   0,   0)  4.8887   ( 4.057, -0.071,  3.010)  5.053 
J_iso:  4.8887 
[Testing!] DMI: ( 0.3559  0.4476  0.2074)
[Testing!]J_ani:
[[ 0.006 -0.017 -0.189]
 [-0.017 -0.006  0.315]
 [-0.189  0.315 -1.042]]
----------------------------------------------------------------------------------------
   Cr12  Cr3   (  0,   0,   0)  4.8887   (-4.057,  0.071, -3.010)  5.053 
J_iso:  4.8887 
[Testing!] DMI: (-0.3559 -0.4476 -0.2074)
[Testing!]J_ani:
[[ 0.006 -0.017 -0.189]
 [-0.017 -0.006  0.315]
 [-0.189  0.315 -1.042]]
----------------------------------------------------------------------------------------
   Cr1   Cr10  (  0,   0,  -1)  4.8753   (-2.090,  3.478, -3.010)  5.053 
J_iso:  4.8753 
[Testing!] DMI: (-0.4027  0.3990  0.1270)
[Testing!]J_ani:
[[ 0.002  0.025 -0.342]
 [ 0.025  0.017 -0.302]
 [-0.342 -0.302 -1.449]]
----------------------------------------------------------------------------------------
   Cr5   Cr12  (  0,  -1,   0)  4.8909   ( 2.090, -3.478,  3.010)  5.053 
J_iso:  4.8909 
[Testing!] DMI: (-0.4128  0.4156  0.1268)
[Testing!]J_ani:
[[ 0.004  0.022 -0.322]
 [ 0.022  0.017 -0.288]
 [-0.322 -0.288 -1.44 ]]
----------------------------------------------------------------------------------------
   Cr9   Cr4   (  0,  -1,   0)  4.8867   ( 2.090, -3.478,  3.010)  5.053 
J_iso:  4.8867 
[Testing!] DMI: ( 0.3778 -0.4057 -0.1357)
[Testing!]J_ani:
[[ 0.001  0.025 -0.315]
 [ 0.025  0.015 -0.287]
 [-0.315 -0.287 -1.379]]
----------------------------------------------------------------------------------------
   Cr12  Cr4   (  1,   0,   0)  4.8821   ( 4.057, -0.071,  3.010)  5.053 
J_iso:  4.8821 
[Testing!] DMI: (-0.3711 -0.4430 -0.2127)
[Testing!]J_ani:
[[ 0.009 -0.017 -0.189]
 [-0.017 -0.004  0.296]
 [-0.189  0.296 -1.014]]
----------------------------------------------------------------------------------------
   Cr4   Cr12  ( -1,   0,   0)  4.8821   (-4.057,  0.071, -3.010)  5.053 
J_iso:  4.8821 
[Testing!] DMI: ( 0.3711  0.4430  0.2127)
[Testing!]J_ani:
[[ 0.009 -0.017 -0.189]
 [-0.017 -0.004  0.296]
 [-0.189  0.296 -1.014]]
----------------------------------------------------------------------------------------
   Cr4   Cr9   (  0,   1,   0)  4.8867   (-2.090,  3.478, -3.010)  5.053 
J_iso:  4.8867 
[Testing!] DMI: (-0.3778  0.4057  0.1357)
[Testing!]J_ani:
[[ 0.001  0.025 -0.315]
 [ 0.025  0.015 -0.287]
 [-0.315 -0.287 -1.379]]
----------------------------------------------------------------------------------------
   Cr1   Cr11  ( -1,   0,  -1)  4.8794   (-4.057,  0.071, -3.010)  5.053 
J_iso:  4.8794 
[Testing!] DMI: ( 0.3438  0.4325  0.2013)
[Testing!]J_ani:
[[ 0.007 -0.018 -0.171]
 [-0.018 -0.005  0.294]
 [-0.171  0.294 -1.073]]
----------------------------------------------------------------------------------------
   Cr10  Cr1   (  0,   0,   1)  4.8753   ( 2.090, -3.478,  3.010)  5.053 
J_iso:  4.8753 
[Testing!] DMI: ( 0.4027 -0.3990 -0.1270)
[Testing!]J_ani:
[[ 0.002  0.025 -0.342]
 [ 0.025  0.017 -0.302]
 [-0.342 -0.302 -1.449]]
----------------------------------------------------------------------------------------
   Cr7   Cr11  (  0,   1,  -1)  4.8780   (-2.090,  3.478, -3.010)  5.053 
J_iso:  4.8780 
[Testing!] DMI: (-0.3624  0.4015  0.1391)
[Testing!]J_ani:
[[-0.     0.026 -0.328]
 [ 0.026  0.016 -0.291]
 [-0.328 -0.291 -1.416]]
----------------------------------------------------------------------------------------
   Cr11  Cr1   (  1,   0,   1)  4.8794   ( 4.057, -0.071,  3.010)  5.053 
J_iso:  4.8794 
[Testing!] DMI: (-0.3438 -0.4325 -0.2013)
[Testing!]J_ani:
[[ 0.007 -0.018 -0.171]
 [-0.018 -0.005  0.294]
 [-0.171  0.294 -1.073]]
----------------------------------------------------------------------------------------
   Cr3   Cr9   (  0,   0,   0)  4.8770   ( 2.090, -3.478,  3.010)  5.053 
J_iso:  4.8770 
[Testing!] DMI: (-0.3852  0.3882  0.1273)
[Testing!]J_ani:
[[ 0.002  0.024 -0.321]
 [ 0.024  0.015 -0.292]
 [-0.321 -0.292 -1.394]]
----------------------------------------------------------------------------------------
   Cr9   Cr3   (  0,   0,   0)  4.8770   (-2.090,  3.478, -3.010)  5.053 
J_iso:  4.8770 
[Testing!] DMI: ( 0.3852 -0.3882 -0.1273)
[Testing!]J_ani:
[[ 0.002  0.024 -0.321]
 [ 0.024  0.015 -0.292]
 [-0.321 -0.292 -1.394]]
----------------------------------------------------------------------------------------
   Cr7   Cr10  (  0,   0,  -1)  4.8784   (-4.057,  0.071, -3.010)  5.053 
J_iso:  4.8784 
[Testing!] DMI: ( 0.3456  0.4539  0.2185)
[Testing!]J_ani:
[[ 0.008 -0.018 -0.181]
 [-0.018 -0.005  0.305]
 [-0.181  0.305 -1.086]]
----------------------------------------------------------------------------------------
   Cr10  Cr7   (  0,   0,   1)  4.8784   ( 4.057, -0.071,  3.010)  5.053 
J_iso:  4.8784 
[Testing!] DMI: (-0.3456 -0.4539 -0.2185)
[Testing!]J_ani:
[[ 0.008 -0.018 -0.181]
 [-0.018 -0.005  0.305]
 [-0.181  0.305 -1.086]]
----------------------------------------------------------------------------------------
   Cr11  Cr7   (  0,  -1,   1)  4.8780   ( 2.090, -3.478,  3.010)  5.053 
J_iso:  4.8780 
[Testing!] DMI: ( 0.3624 -0.4015 -0.1391)
[Testing!]J_ani:
[[-0.     0.026 -0.328]
 [ 0.026  0.016 -0.291]
 [-0.328 -0.291 -1.416]]
----------------------------------------------------------------------------------------
   Cr6   Cr9   (  0,   0,   0)  4.8760   (-4.057,  0.071, -3.010)  5.053 
J_iso:  4.8760 
[Testing!] DMI: ( 0.3367  0.4342  0.2380)
[Testing!]J_ani:
[[ 0.006 -0.017 -0.214]
 [-0.017 -0.007  0.295]
 [-0.214  0.295 -1.017]]
----------------------------------------------------------------------------------------
   Cr6   Cr12  (  0,   0,   0)  4.8716   (-2.090,  3.478, -3.010)  5.053 
J_iso:  4.8716 
[Testing!] DMI: (-0.3883  0.3935  0.1390)
[Testing!]J_ani:
[[ 0.001  0.023 -0.321]
 [ 0.023  0.014 -0.29 ]
 [-0.321 -0.29  -1.387]]
----------------------------------------------------------------------------------------
   Cr9   Cr6   (  0,   0,   0)  4.8760   ( 4.057, -0.071,  3.010)  5.053 
J_iso:  4.8760 
[Testing!] DMI: (-0.3367 -0.4342 -0.2380)
[Testing!]J_ani:
[[ 0.006 -0.017 -0.214]
 [-0.017 -0.007  0.295]
 [-0.214  0.295 -1.017]]
----------------------------------------------------------------------------------------
   Cr12  Cr6   (  0,   0,   0)  4.8716   ( 2.090, -3.478,  3.010)  5.053 
J_iso:  4.8716 
[Testing!] DMI: ( 0.3883 -0.3935 -0.1390)
[Testing!]J_ani:
[[ 0.001  0.023 -0.321]
 [ 0.023  0.014 -0.29 ]
 [-0.321 -0.29  -1.387]]
----------------------------------------------------------------------------------------
   Cr1   Cr2   (  0,   0,  -1)  0.0194   (-0.247,  0.143, -6.020)  6.027 
J_iso:  0.0194 
[Testing!] DMI: ( 0.0002  0.0002 -0.0007)
[Testing!]J_ani:
[[ 0.045 -0.018  0.179]
 [-0.018 -0.027  0.031]
 [ 0.179  0.031  1.843]]
----------------------------------------------------------------------------------------
   Cr7   Cr8   (  0,   0,  -1)  0.0161   (-0.247,  0.143, -6.020)  6.027 
J_iso:  0.0161 
[Testing!] DMI: (-0.0008 -0.0007 -0.0000)
[Testing!]J_ani:
[[ 0.045 -0.018  0.175]
 [-0.018 -0.026  0.028]
 [ 0.175  0.028  1.836]]
----------------------------------------------------------------------------------------
   Cr2   Cr1   (  0,   0,   1)  0.0194   ( 0.247, -0.143,  6.020)  6.027 
J_iso:  0.0194 
[Testing!] DMI: (-0.0002 -0.0002  0.0007)
[Testing!]J_ani:
[[ 0.045 -0.018  0.179]
 [-0.018 -0.027  0.031]
 [ 0.179  0.031  1.843]]
----------------------------------------------------------------------------------------
   Cr8   Cr7   (  0,   0,   1)  0.0161   ( 0.247, -0.143,  6.020)  6.027 
J_iso:  0.0161 
[Testing!] DMI: ( 0.0008  0.0007  0.0000)
[Testing!]J_ani:
[[ 0.045 -0.018  0.175]
 [-0.018 -0.026  0.028]
 [ 0.175  0.028  1.836]]
----------------------------------------------------------------------------------------
   Cr3   Cr4   (  0,   0,   0)  0.0165   ( 0.247, -0.143,  6.020)  6.027 
J_iso:  0.0165 
[Testing!] DMI: (-0.0036 -0.0025 -0.0003)
[Testing!]J_ani:
[[ 0.045 -0.018  0.177]
 [-0.018 -0.027  0.027]
 [ 0.177  0.027  1.838]]
----------------------------------------------------------------------------------------
   Cr4   Cr3   (  0,   0,   0)  0.0165   (-0.247,  0.143, -6.020)  6.027 
J_iso:  0.0165 
[Testing!] DMI: ( 0.0036  0.0025  0.0003)
[Testing!]J_ani:
[[ 0.045 -0.018  0.177]
 [-0.018 -0.027  0.027]
 [ 0.177  0.027  1.838]]
----------------------------------------------------------------------------------------
   Cr5   Cr6   (  0,   0,   0)  0.0181   ( 0.247, -0.143,  6.020)  6.027 
J_iso:  0.0181 
[Testing!] DMI: ( 0.0020 -0.0020  0.0013)
[Testing!]J_ani:
[[ 0.045 -0.019  0.177]
 [-0.019 -0.026  0.026]
 [ 0.177  0.026  1.84 ]]
----------------------------------------------------------------------------------------
   Cr6   Cr5   (  0,   0,   0)  0.0181   (-0.247,  0.143, -6.020)  6.027 
J_iso:  0.0181 
[Testing!] DMI: (-0.0020  0.0020 -0.0013)
[Testing!]J_ani:
[[ 0.045 -0.019  0.177]
 [-0.019 -0.026  0.026]
 [ 0.177  0.026  1.84 ]]
----------------------------------------------------------------------------------------
   Cr3   Cr4   (  0,   0,  -1)  0.9344   ( 0.247, -0.143, -6.320)  6.326 
J_iso:  0.9344 
[Testing!] DMI: (-0.0012 -0.0007 -0.0011)
[Testing!]J_ani:
[[ 0.004  0.002 -0.005]
 [ 0.002 -0.017  0.008]
 [-0.005  0.008 -1.866]]
----------------------------------------------------------------------------------------
   Cr5   Cr6   (  0,   0,  -1)  0.9328   ( 0.247, -0.143, -6.320)  6.326 
J_iso:  0.9328 
[Testing!] DMI: ( 0.0010  0.0010  0.0004)
[Testing!]J_ani:
[[ 0.003  0.002 -0.003]
 [ 0.002 -0.017  0.009]
 [-0.003  0.009 -1.865]]
----------------------------------------------------------------------------------------
   Cr4   Cr3   (  0,   0,   1)  0.9344   (-0.247,  0.143,  6.320)  6.326 
J_iso:  0.9344 
[Testing!] DMI: ( 0.0012  0.0007  0.0011)
[Testing!]J_ani:
[[ 0.004  0.002 -0.005]
 [ 0.002 -0.017  0.008]
 [-0.005  0.008 -1.866]]
----------------------------------------------------------------------------------------
   Cr6   Cr5   (  0,   0,   1)  0.9328   (-0.247,  0.143,  6.320)  6.326 
J_iso:  0.9328 
[Testing!] DMI: (-0.0010 -0.0010 -0.0004)
[Testing!]J_ani:
[[ 0.003  0.002 -0.003]
 [ 0.002 -0.017  0.009]
 [-0.003  0.009 -1.865]]
----------------------------------------------------------------------------------------
   Cr1   Cr2   (  0,   0,   0)  0.9329   (-0.247,  0.143,  6.320)  6.326 
J_iso:  0.9329 
[Testing!] DMI: ( 0.0012 -0.0003  0.0012)
[Testing!]J_ani:
[[ 0.004  0.002 -0.005]
 [ 0.002 -0.017  0.008]
 [-0.005  0.008 -1.862]]
----------------------------------------------------------------------------------------
   Cr2   Cr1   (  0,   0,   0)  0.9329   ( 0.247, -0.143, -6.320)  6.326 
J_iso:  0.9329 
[Testing!] DMI: (-0.0012  0.0003 -0.0012)
[Testing!]J_ani:
[[ 0.004  0.002 -0.005]
 [ 0.002 -0.017  0.008]
 [-0.005  0.008 -1.862]]
----------------------------------------------------------------------------------------
   Cr7   Cr8   (  0,   0,   0)  0.9342   (-0.247,  0.143,  6.320)  6.326 
J_iso:  0.9342 
[Testing!] DMI: ( 0.0003  0.0002  0.0002)
[Testing!]J_ani:
[[ 0.003  0.002 -0.002]
 [ 0.002 -0.017  0.006]
 [-0.002  0.006 -1.872]]
----------------------------------------------------------------------------------------
   Cr8   Cr7   (  0,   0,   0)  0.9342   ( 0.247, -0.143, -6.320)  6.326 
J_iso:  0.9342 
[Testing!] DMI: (-0.0003 -0.0002 -0.0002)
[Testing!]J_ani:
[[ 0.003  0.002 -0.002]
 [ 0.002 -0.017  0.006]
 [-0.002  0.006 -1.872]]
----------------------------------------------------------------------------------------
   Cr2   Cr4   ( -1,  -1,   0)  0.9303   (-5.654, -3.550, -0.150)  6.678 
J_iso:  0.9303 
[Testing!] DMI: ( 0.0022 -0.0000  0.0012)
[Testing!]J_ani:
[[-0.077  0.026  0.038]
 [ 0.026 -0.03  -0.01 ]
 [ 0.038 -0.01  -1.894]]
----------------------------------------------------------------------------------------
   Cr4   Cr8   ( -1,  -1,   0)  0.9430   (-0.247, -6.671,  0.150)  6.678 
J_iso:  0.9430 
[Testing!] DMI: ( 0.0000  0.0004  0.0009)
[Testing!]J_ani:
[[-0.056 -0.006 -0.104]
 [-0.006 -0.016  0.035]
 [-0.104  0.035 -1.899]]
----------------------------------------------------------------------------------------
   Cr5   Cr7   ( -1,  -1,   0)  0.9298   (-5.654, -3.550, -0.150)  6.678 
J_iso:  0.9298 
[Testing!] DMI: ( 0.0016  0.0011 -0.0017)
[Testing!]J_ani:
[[-0.077  0.026  0.038]
 [ 0.026 -0.032 -0.013]
 [ 0.038 -0.013 -1.891]]
----------------------------------------------------------------------------------------
   Cr8   Cr6   ( -1,   0,   0)  0.9291   (-5.654, -3.550, -0.150)  6.678 
J_iso:  0.9291 
[Testing!] DMI: (-0.0011 -0.0001  0.0012)
[Testing!]J_ani:
[[-0.077  0.026  0.037]
 [ 0.026 -0.032 -0.009]
 [ 0.037 -0.009 -1.89 ]]
----------------------------------------------------------------------------------------
   Cr4   Cr2   (  1,   1,   0)  0.9303   ( 5.654,  3.550,  0.150)  6.678 
J_iso:  0.9303 
[Testing!] DMI: (-0.0022  0.0000 -0.0012)
[Testing!]J_ani:
[[-0.077  0.026  0.038]
 [ 0.026 -0.03  -0.01 ]
 [ 0.038 -0.01  -1.894]]
----------------------------------------------------------------------------------------
   Cr7   Cr5   (  1,   1,   0)  0.9298   ( 5.654,  3.550,  0.150)  6.678 
J_iso:  0.9298 
[Testing!] DMI: (-0.0016 -0.0011  0.0017)
[Testing!]J_ani:
[[-0.077  0.026  0.038]
 [ 0.026 -0.032 -0.013]
 [ 0.038 -0.013 -1.891]]
----------------------------------------------------------------------------------------
   Cr1   Cr5   ( -1,  -1,   0)  0.9474   (-0.247, -6.671,  0.150)  6.678 
J_iso:  0.9474 
[Testing!] DMI: ( 0.0005 -0.0003  0.0003)
[Testing!]J_ani:
[[-0.055 -0.006 -0.098]
 [-0.006 -0.016  0.035]
 [-0.098  0.035 -1.903]]
----------------------------------------------------------------------------------------
   Cr7   Cr3   (  0,  -1,   0)  0.9448   (-0.247, -6.671,  0.150)  6.678 
J_iso:  0.9448 
[Testing!] DMI: ( 0.0011 -0.0002 -0.0007)
[Testing!]J_ani:
[[-0.055 -0.007 -0.1  ]
 [-0.007 -0.015  0.034]
 [-0.1    0.034 -1.906]]
----------------------------------------------------------------------------------------
   Cr1   Cr3   (  1,   0,   0)  0.9331   ( 5.654,  3.550,  0.150)  6.678 
J_iso:  0.9331 
[Testing!] DMI: ( 0.0016  0.0011 -0.0001)
[Testing!]J_ani:
[[-0.076  0.026  0.036]
 [ 0.026 -0.032 -0.009]
 [ 0.036 -0.009 -1.898]]
----------------------------------------------------------------------------------------
   Cr6   Cr8   (  1,   0,   0)  0.9291   ( 5.654,  3.550,  0.150)  6.678 
J_iso:  0.9291 
[Testing!] DMI: ( 0.0011  0.0001 -0.0012)
[Testing!]J_ani:
[[-0.077  0.026  0.037]
 [ 0.026 -0.032 -0.009]
 [ 0.037 -0.009 -1.89 ]]
----------------------------------------------------------------------------------------
   Cr3   Cr1   ( -1,   0,   0)  0.9331   (-5.654, -3.550, -0.150)  6.678 
J_iso:  0.9331 
[Testing!] DMI: (-0.0016 -0.0011  0.0001)
[Testing!]J_ani:
[[-0.076  0.026  0.036]
 [ 0.026 -0.032 -0.009]
 [ 0.036 -0.009 -1.898]]
----------------------------------------------------------------------------------------
   Cr5   Cr1   (  1,   1,   0)  0.9474   ( 0.247,  6.671, -0.150)  6.678 
J_iso:  0.9474 
[Testing!] DMI: (-0.0005  0.0003 -0.0003)
[Testing!]J_ani:
[[-0.055 -0.006 -0.098]
 [-0.006 -0.016  0.035]
 [-0.098  0.035 -1.903]]
----------------------------------------------------------------------------------------
   Cr8   Cr4   (  1,   1,   0)  0.9430   ( 0.247,  6.671, -0.150)  6.678 
J_iso:  0.9430 
[Testing!] DMI: (-0.0000 -0.0004 -0.0009)
[Testing!]J_ani:
[[-0.056 -0.006 -0.104]
 [-0.006 -0.016  0.035]
 [-0.104  0.035 -1.899]]
----------------------------------------------------------------------------------------
   Cr6   Cr2   (  0,  -1,   0)  0.9469   (-0.247, -6.671,  0.150)  6.678 
J_iso:  0.9469 
[Testing!] DMI: ( 0.0011 -0.0002 -0.0001)
[Testing!]J_ani:
[[-0.057 -0.007 -0.102]
 [-0.007 -0.016  0.033]
 [-0.102  0.033 -1.905]]
----------------------------------------------------------------------------------------
   Cr2   Cr6   (  0,   1,   0)  0.9469   ( 0.247,  6.671, -0.150)  6.678 
J_iso:  0.9469 
[Testing!] DMI: (-0.0011  0.0002  0.0001)
[Testing!]J_ani:
[[-0.057 -0.007 -0.102]
 [-0.007 -0.016  0.033]
 [-0.102  0.033 -1.905]]
----------------------------------------------------------------------------------------
   Cr3   Cr7   (  0,   1,   0)  0.9448   ( 0.247,  6.671, -0.150)  6.678 
J_iso:  0.9448 
[Testing!] DMI: (-0.0011  0.0002  0.0007)
[Testing!]J_ani:
[[-0.055 -0.007 -0.1  ]
 [-0.007 -0.015  0.034]
 [-0.1    0.034 -1.906]]
----------------------------------------------------------------------------------------
   Cr3   Cr5   ( -1,   1,   0)  0.0855   (-5.901,  3.407,  0.000)  6.814 
J_iso:  0.0855 
[Testing!] DMI: ( 0.0066  0.0437  0.0062)
[Testing!]J_ani:
[[-0.038 -0.005  0.012]
 [-0.005 -0.008  0.011]
 [ 0.012  0.011 -0.405]]
----------------------------------------------------------------------------------------
   Cr5   Cr3   (  1,  -1,   0)  0.0855   ( 5.901, -3.407,  0.000)  6.814 
J_iso:  0.0855 
[Testing!] DMI: (-0.0066 -0.0437 -0.0062)
[Testing!]J_ani:
[[-0.038 -0.005  0.012]
 [-0.005 -0.008  0.011]
 [ 0.012  0.011 -0.405]]
----------------------------------------------------------------------------------------
   Cr8   Cr2   (  0,   1,   0)  0.0868   (-5.901,  3.407,  0.000)  6.814 
J_iso:  0.0868 
[Testing!] DMI: ( 0.0090  0.0411  0.0056)
[Testing!]J_ani:
[[-0.037 -0.006  0.012]
 [-0.006 -0.007  0.012]
 [ 0.012  0.012 -0.388]]
----------------------------------------------------------------------------------------
   Cr4   Cr6   ( -1,   1,   0)  0.0877   (-5.901,  3.407,  0.000)  6.814 
J_iso:  0.0877 
[Testing!] DMI: (-0.0097 -0.0408 -0.0068)
[Testing!]J_ani:
[[-0.038 -0.005  0.011]
 [-0.005 -0.007  0.01 ]
 [ 0.011  0.01  -0.393]]
----------------------------------------------------------------------------------------
   Cr2   Cr8   (  0,  -1,   0)  0.0868   ( 5.901, -3.407,  0.000)  6.814 
J_iso:  0.0868 
[Testing!] DMI: (-0.0090 -0.0411 -0.0056)
[Testing!]J_ani:
[[-0.037 -0.006  0.012]
 [-0.006 -0.007  0.012]
 [ 0.012  0.012 -0.388]]
----------------------------------------------------------------------------------------
   Cr6   Cr4   (  1,  -1,   0)  0.0877   ( 5.901, -3.407,  0.000)  6.814 
J_iso:  0.0877 
[Testing!] DMI: ( 0.0097  0.0408  0.0068)
[Testing!]J_ani:
[[-0.038 -0.005  0.011]
 [-0.005 -0.007  0.01 ]
 [ 0.011  0.01  -0.393]]
----------------------------------------------------------------------------------------
   Cr10  Cr11  (  0,   0,   0) -0.0585   ( 5.901, -3.407,  0.000)  6.814 
J_iso: -0.0585 
[Testing!] DMI: (-0.0007  0.0036 -0.0010)
[Testing!]J_ani:
[[-0.081 -0.015 -0.047]
 [-0.015  0.007  0.026]
 [-0.047  0.026  1.689]]
----------------------------------------------------------------------------------------
   Cr11  Cr10  (  0,   0,   0) -0.0585   (-5.901,  3.407,  0.000)  6.814 
J_iso: -0.0585 
[Testing!] DMI: ( 0.0007 -0.0036  0.0010)
[Testing!]J_ani:
[[-0.081 -0.015 -0.047]
 [-0.015  0.007  0.026]
 [-0.047  0.026  1.689]]
----------------------------------------------------------------------------------------
   Cr1   Cr7   (  0,  -1,   0)  0.0886   ( 5.901, -3.407,  0.000)  6.814 
J_iso:  0.0886 
[Testing!] DMI: ( 0.0063  0.0424  0.0046)
[Testing!]J_ani:
[[-0.038 -0.006  0.013]
 [-0.006 -0.007  0.01 ]
 [ 0.013  0.01  -0.406]]
----------------------------------------------------------------------------------------
   Cr9   Cr12  (  0,  -1,   0) -0.0575   ( 5.901, -3.407,  0.000)  6.814 
J_iso: -0.0575 
[Testing!] DMI: (-0.0045  0.0011 -0.0025)
[Testing!]J_ani:
[[-0.08  -0.015 -0.048]
 [-0.015  0.007  0.028]
 [-0.048  0.028  1.696]]
----------------------------------------------------------------------------------------
   Cr7   Cr1   (  1,   0,   0)  0.0856   ( 5.901, -3.407,  0.000)  6.814 
J_iso:  0.0856 
[Testing!] DMI: ( 0.0074  0.0435  0.0047)
[Testing!]J_ani:
[[-0.038 -0.006  0.011]
 [-0.006 -0.007  0.009]
 [ 0.011  0.009 -0.406]]
----------------------------------------------------------------------------------------
   Cr8   Cr2   (  1,   0,   0)  0.0890   ( 5.901, -3.407,  0.000)  6.814 
J_iso:  0.0890 
[Testing!] DMI: (-0.0082 -0.0412 -0.0062)
[Testing!]J_ani:
[[-0.038 -0.005  0.013]
 [-0.005 -0.008  0.009]
 [ 0.013  0.009 -0.388]]
----------------------------------------------------------------------------------------
   Cr12  Cr9   (  1,   0,   0) -0.0592   ( 5.901, -3.407,  0.000)  6.814 
J_iso: -0.0592 
[Testing!] DMI: (-0.0007  0.0030 -0.0036)
[Testing!]J_ani:
[[-0.08  -0.016 -0.046]
 [-0.016  0.007  0.025]
 [-0.046  0.025  1.708]]
----------------------------------------------------------------------------------------
   Cr1   Cr7   ( -1,   0,   0)  0.0856   (-5.901,  3.407,  0.000)  6.814 
J_iso:  0.0856 
[Testing!] DMI: (-0.0074 -0.0435 -0.0047)
[Testing!]J_ani:
[[-0.038 -0.006  0.011]
 [-0.006 -0.007  0.009]
 [ 0.011  0.009 -0.406]]
----------------------------------------------------------------------------------------
   Cr2   Cr8   ( -1,   0,   0)  0.0890   (-5.901,  3.407,  0.000)  6.814 
J_iso:  0.0890 
[Testing!] DMI: ( 0.0082  0.0412  0.0062)
[Testing!]J_ani:
[[-0.038 -0.005  0.013]
 [-0.005 -0.008  0.009]
 [ 0.013  0.009 -0.388]]
----------------------------------------------------------------------------------------
   Cr9   Cr12  ( -1,   0,   0) -0.0592   (-5.901,  3.407,  0.000)  6.814 
J_iso: -0.0592 
[Testing!] DMI: ( 0.0007 -0.0030  0.0036)
[Testing!]J_ani:
[[-0.08  -0.016 -0.046]
 [-0.016  0.007  0.025]
 [-0.046  0.025  1.708]]
----------------------------------------------------------------------------------------
   Cr7   Cr1   (  0,   1,   0)  0.0886   (-5.901,  3.407,  0.000)  6.814 
J_iso:  0.0886 
[Testing!] DMI: (-0.0063 -0.0424 -0.0046)
[Testing!]J_ani:
[[-0.038 -0.006  0.013]
 [-0.006 -0.007  0.01 ]
 [ 0.013  0.01  -0.406]]
----------------------------------------------------------------------------------------
   Cr12  Cr9   (  0,   1,   0) -0.0575   (-5.901,  3.407,  0.000)  6.814 
J_iso: -0.0575 
[Testing!] DMI: ( 0.0045 -0.0011  0.0025)
[Testing!]J_ani:
[[-0.08  -0.015 -0.048]
 [-0.015  0.007  0.028]
 [-0.048  0.028  1.696]]
----------------------------------------------------------------------------------------
   Cr10  Cr11  ( -1,   1,   0) -0.0567   (-5.901,  3.407,  0.000)  6.814 
J_iso: -0.0567 
[Testing!] DMI: ( 0.0034 -0.0058  0.0014)
[Testing!]J_ani:
[[-0.081 -0.016 -0.044]
 [-0.016  0.008  0.027]
 [-0.044  0.027  1.687]]
----------------------------------------------------------------------------------------
   Cr11  Cr10  (  1,  -1,   0) -0.0567   ( 5.901, -3.407,  0.000)  6.814 
J_iso: -0.0567 
[Testing!] DMI: (-0.0034  0.0058 -0.0014)
[Testing!]J_ani:
[[-0.081 -0.016 -0.044]
 [-0.016  0.008  0.027]
 [-0.044  0.027  1.687]]
----------------------------------------------------------------------------------------
   Cr3   Cr5   (  0,   0,   0)  0.0859   ( 5.901, -3.407,  0.000)  6.814 
J_iso:  0.0859 
[Testing!] DMI: (-0.0086 -0.0434 -0.0061)
[Testing!]J_ani:
[[-0.037 -0.006  0.013]
 [-0.006 -0.008  0.011]
 [ 0.013  0.011 -0.408]]
----------------------------------------------------------------------------------------
   Cr4   Cr6   (  0,   0,   0)  0.0872   ( 5.901, -3.407,  0.000)  6.814 
J_iso:  0.0872 
[Testing!] DMI: ( 0.0058  0.0417  0.0047)
[Testing!]J_ani:
[[-0.039 -0.005  0.013]
 [-0.005 -0.008  0.009]
 [ 0.013  0.009 -0.39 ]]
----------------------------------------------------------------------------------------
   Cr5   Cr3   (  0,   0,   0)  0.0859   (-5.901,  3.407,  0.000)  6.814 
J_iso:  0.0859 
[Testing!] DMI: ( 0.0086  0.0434  0.0061)
[Testing!]J_ani:
[[-0.037 -0.006  0.013]
 [-0.006 -0.008  0.011]
 [ 0.013  0.011 -0.408]]
----------------------------------------------------------------------------------------
   Cr6   Cr4   (  0,   0,   0)  0.0872   (-5.901,  3.407,  0.000)  6.814 
J_iso:  0.0872 
[Testing!] DMI: (-0.0058 -0.0417 -0.0047)
[Testing!]J_ani:
[[-0.039 -0.005  0.013]
 [-0.005 -0.008  0.009]
 [ 0.013  0.009 -0.39 ]]
----------------------------------------------------------------------------------------
   Cr2   Cr6   ( -1,  -1,   0)  0.1908   ( 0.247, -6.956, -0.150)  6.962 
J_iso:  0.1908 
[Testing!] DMI: (-0.0012 -0.0006  0.0008)
[Testing!]J_ani:
[[-0.015 -0.011 -0.004]
 [-0.011 -0.015 -0.012]
 [-0.004 -0.012 -1.034]]
----------------------------------------------------------------------------------------
   Cr5   Cr1   (  0,  -1,   0)  0.1911   ( 0.247, -6.956, -0.150)  6.962 
J_iso:  0.1911 
[Testing!] DMI: ( 0.0007  0.0038 -0.0023)
[Testing!]J_ani:
[[-0.016 -0.011 -0.005]
 [-0.011 -0.016 -0.009]
 [-0.005 -0.009 -1.035]]
----------------------------------------------------------------------------------------
   Cr8   Cr4   (  0,  -1,   0)  0.1902   ( 0.247, -6.956, -0.150)  6.962 
J_iso:  0.1902 
[Testing!] DMI: ( 0.0009 -0.0001 -0.0020)
[Testing!]J_ani:
[[-0.015 -0.011 -0.003]
 [-0.011 -0.015 -0.013]
 [-0.003 -0.013 -1.031]]
----------------------------------------------------------------------------------------
   Cr2   Cr4   (  1,   0,   0)  0.1762   ( 6.148,  3.264, -0.150)  6.962 
J_iso:  0.1762 
[Testing!] DMI: ( 0.0009  0.0013  0.0005)
[Testing!]J_ani:
[[-0.016  0.006  0.039]
 [ 0.006  0.006 -0.02 ]
 [ 0.039 -0.02  -1.171]]
----------------------------------------------------------------------------------------
   Cr5   Cr7   (  1,   0,   0)  0.1674   ( 6.148,  3.264, -0.150)  6.962 
J_iso:  0.1674 
[Testing!] DMI: (-0.0007 -0.0010 -0.0009)
[Testing!]J_ani:
[[-0.016  0.006  0.04 ]
 [ 0.006  0.005 -0.02 ]
 [ 0.04  -0.02  -1.16 ]]
----------------------------------------------------------------------------------------
   Cr4   Cr2   ( -1,   0,   0)  0.1762   (-6.148, -3.264,  0.150)  6.962 
J_iso:  0.1762 
[Testing!] DMI: (-0.0009 -0.0013 -0.0005)
[Testing!]J_ani:
[[-0.016  0.006  0.039]
 [ 0.006  0.006 -0.02 ]
 [ 0.039 -0.02  -1.171]]
----------------------------------------------------------------------------------------
   Cr1   Cr5   (  0,   1,   0)  0.1911   (-0.247,  6.956,  0.150)  6.962 
J_iso:  0.1911 
[Testing!] DMI: (-0.0007 -0.0038  0.0023)
[Testing!]J_ani:
[[-0.016 -0.011 -0.005]
 [-0.011 -0.016 -0.009]
 [-0.005 -0.009 -1.035]]
----------------------------------------------------------------------------------------
   Cr4   Cr8   (  0,   1,   0)  0.1902   (-0.247,  6.956,  0.150)  6.962 
J_iso:  0.1902 
[Testing!] DMI: (-0.0009  0.0001  0.0020)
[Testing!]J_ani:
[[-0.015 -0.011 -0.003]
 [-0.011 -0.015 -0.013]
 [-0.003 -0.013 -1.031]]
----------------------------------------------------------------------------------------
   Cr3   Cr1   (  1,   1,   0)  0.1775   ( 6.148,  3.264, -0.150)  6.962 
J_iso:  0.1775 
[Testing!] DMI: (-0.0002 -0.0009 -0.0006)
[Testing!]J_ani:
[[-0.015  0.006  0.039]
 [ 0.006  0.005 -0.02 ]
 [ 0.039 -0.02  -1.17 ]]
----------------------------------------------------------------------------------------
   Cr6   Cr2   (  1,   1,   0)  0.1908   (-0.247,  6.956,  0.150)  6.962 
J_iso:  0.1908 
[Testing!] DMI: ( 0.0012  0.0006 -0.0008)
[Testing!]J_ani:
[[-0.015 -0.011 -0.004]
 [-0.011 -0.015 -0.012]
 [-0.004 -0.012 -1.034]]
----------------------------------------------------------------------------------------
   Cr1   Cr3   ( -1,  -1,   0)  0.1775   (-6.148, -3.264,  0.150)  6.962 
J_iso:  0.1775 
[Testing!] DMI: ( 0.0002  0.0009  0.0006)
[Testing!]J_ani:
[[-0.015  0.006  0.039]
 [ 0.006  0.005 -0.02 ]
 [ 0.039 -0.02  -1.17 ]]
----------------------------------------------------------------------------------------
   Cr3   Cr7   ( -1,  -1,   0)  0.1922   ( 0.247, -6.956, -0.150)  6.962 
J_iso:  0.1922 
[Testing!] DMI: ( 0.0004  0.0005  0.0034)
[Testing!]J_ani:
[[-0.016 -0.011 -0.004]
 [-0.011 -0.015 -0.011]
 [-0.004 -0.011 -1.043]]
----------------------------------------------------------------------------------------
   Cr6   Cr8   ( -1,  -1,   0)  0.1747   (-6.148, -3.264,  0.150)  6.962 
J_iso:  0.1747 
[Testing!] DMI: ( 0.0012  0.0000  0.0024)
[Testing!]J_ani:
[[-0.016  0.007  0.041]
 [ 0.007  0.005 -0.021]
 [ 0.041 -0.021 -1.16 ]]
----------------------------------------------------------------------------------------
   Cr7   Cr5   ( -1,   0,   0)  0.1674   (-6.148, -3.264,  0.150)  6.962 
J_iso:  0.1674 
[Testing!] DMI: ( 0.0007  0.0010  0.0009)
[Testing!]J_ani:
[[-0.016  0.006  0.04 ]
 [ 0.006  0.005 -0.02 ]
 [ 0.04  -0.02  -1.16 ]]
----------------------------------------------------------------------------------------
   Cr7   Cr3   (  1,   1,   0)  0.1922   (-0.247,  6.956,  0.150)  6.962 
J_iso:  0.1922 
[Testing!] DMI: (-0.0004 -0.0005 -0.0034)
[Testing!]J_ani:
[[-0.016 -0.011 -0.004]
 [-0.011 -0.015 -0.011]
 [-0.004 -0.011 -1.043]]
----------------------------------------------------------------------------------------
   Cr8   Cr6   (  1,   1,   0)  0.1747   ( 6.148,  3.264, -0.150)  6.962 
J_iso:  0.1747 
[Testing!] DMI: (-0.0012 -0.0000 -0.0024)
[Testing!]J_ani:
[[-0.016  0.007  0.041]
 [ 0.007  0.005 -0.021]
 [ 0.041 -0.021 -1.16 ]]
