==========================================================================================
Information: 
Exchange parameters generated by TB2J 0.4.4.1
Generation time: 24/11/09 02:01:44
 Input from non-collinear Wannier90 data.
 Tight binding data from ./. 
 Prefix of wannier function files:wannier90.
Warning: Please check if the noise level of Wannier function Hamiltonian to make sure it is much smaller than the exchange values.
 The DMI component parallel to the spin orientation, the Jani which has the component of that orientation should be disregarded
 e.g. if the spins are along z, the xz, yz, zz, zx, zy components and the z component of DMI.
 If you need these component, try to do three calculations with spin along x, y, z,  or use structure with z rotated to x, y and z. And then use TB2J_merge.py to get the full set of parameters.


==========================================================================================
Cell (Angstrom):
 3.787   0.000   0.000
-1.894   3.280   0.000
 0.000   0.000   6.096

==========================================================================================
Atoms:  
(Note: charge and magmoms only count the wannier functions.)
Atom_number      x         y         z     w_charge    M(x)      M(y)      M(z)   
Cr1             0.0000    0.0000    3.0480    4.7543    0.0000   -0.0000    3.4075
Te1             0.0000    2.1864    1.4625    4.6203   -0.0301    0.0571   -0.3253
Te2             1.8935    1.0932    4.6335    4.6203   -0.0298    0.0572   -0.3253
Total                                        13.9950   -0.0599    0.1143    2.7568

==========================================================================================
Exchange: 
    i      j          R        J_iso(meV)          vector          distance(A) 
----------------------------------------------------------------------------------------
   Cr1   Cr1   ( -1,  -1,   0)  4.3871   (-1.894, -3.280,  0.000)  3.787 
J_iso:  4.3871 
[Testing!] Jprime: 15.115,  B: -5.487
[Testing!] DMI: (-0.0003  0.0004 -0.0008)
[Testing!]J_ani:
[[ -0.379   0.236  -0.719]
 [  0.236  -0.113   0.096]
 [ -0.719   0.096 -10.973]]
----------------------------------------------------------------------------------------
   Cr1   Cr1   ( -1,   0,   0)  4.6995   (-3.787,  0.000,  0.000)  3.787 
J_iso:  4.6995 
[Testing!] Jprime: 15.244,  B: -5.461
[Testing!] DMI: (-0.0005 -0.0009  0.0006)
[Testing!]J_ani:
[[ -0.473  -0.46    0.002]
 [ -0.46   -0.283   0.   ]
 [  0.002   0.    -10.923]]
----------------------------------------------------------------------------------------
   Cr1   Cr1   (  0,  -1,   0)  4.3877   ( 1.894, -3.280,  0.000)  3.787 
J_iso:  4.3877 
[Testing!] Jprime: 15.118,  B: -5.488
[Testing!] DMI: ( 0.0001  0.0000  0.0008)
[Testing!]J_ani:
[[ -0.378   0.236   0.718]
 [  0.236  -0.113  -0.096]
 [  0.718  -0.096 -10.975]]
----------------------------------------------------------------------------------------
   Cr1   Cr1   (  0,   1,   0)  4.3877   (-1.894,  3.280,  0.000)  3.787 
J_iso:  4.3877 
[Testing!] Jprime: 15.118,  B: -5.488
[Testing!] DMI: (-0.0001 -0.0000 -0.0008)
[Testing!]J_ani:
[[ -0.378   0.236   0.718]
 [  0.236  -0.113  -0.096]
 [  0.718  -0.096 -10.975]]
----------------------------------------------------------------------------------------
   Cr1   Cr1   (  1,   0,   0)  4.6995   ( 3.787,  0.000,  0.000)  3.787 
J_iso:  4.6995 
[Testing!] Jprime: 15.244,  B: -5.461
[Testing!] DMI: ( 0.0005  0.0009 -0.0006)
[Testing!]J_ani:
[[ -0.473  -0.46    0.002]
 [ -0.46   -0.283   0.   ]
 [  0.002   0.    -10.923]]
----------------------------------------------------------------------------------------
   Cr1   Cr1   (  1,   1,   0)  4.3871   ( 1.894,  3.280,  0.000)  3.787 
J_iso:  4.3871 
[Testing!] Jprime: 15.115,  B: -5.487
[Testing!] DMI: ( 0.0003 -0.0004  0.0008)
[Testing!]J_ani:
[[ -0.379   0.236  -0.719]
 [  0.236  -0.113   0.096]
 [ -0.719   0.096 -10.973]]
----------------------------------------------------------------------------------------
   Cr1   Cr1   (  0,   0,  -1)  1.4747   ( 0.000,  0.000, -6.096)  6.096 
J_iso:  1.4747 
[Testing!] Jprime: 1.109,  B: 0.190
[Testing!] DMI: ( 0.0003 -0.0010  0.0057)
[Testing!]J_ani:
[[-0.013  0.025 -0.001]
 [ 0.025  0.039  0.   ]
 [-0.001  0.     0.379]]
----------------------------------------------------------------------------------------
   Cr1   Cr1   (  0,   0,   1)  1.4747   ( 0.000,  0.000,  6.096)  6.096 
J_iso:  1.4747 
[Testing!] Jprime: 1.109,  B: 0.190
[Testing!] DMI: (-0.0003  0.0010 -0.0057)
[Testing!]J_ani:
[[-0.013  0.025 -0.001]
 [ 0.025  0.039  0.   ]
 [-0.001  0.     0.379]]
----------------------------------------------------------------------------------------
   Cr1   Cr1   ( -1,  -2,   0)  2.1890   ( 0.000, -6.559,  0.000)  6.559 
J_iso:  2.1890 
[Testing!] Jprime: 3.452,  B: -0.682
[Testing!] DMI: ( 0.0012 -0.0006  0.0016)
[Testing!]J_ani:
[[-0.178 -0.098  0.001]
 [-0.098 -0.026  0.   ]
 [ 0.001  0.    -1.365]]
----------------------------------------------------------------------------------------
   Cr1   Cr1   (  1,   2,   0)  2.1890   ( 0.000,  6.559,  0.000)  6.559 
J_iso:  2.1890 
[Testing!] Jprime: 3.452,  B: -0.682
[Testing!] DMI: (-0.0012  0.0006 -0.0016)
[Testing!]J_ani:
[[-0.178 -0.098  0.001]
 [-0.098 -0.026  0.   ]
 [ 0.001  0.    -1.365]]
----------------------------------------------------------------------------------------
   Cr1   Cr1   ( -2,  -1,   0)  1.6828   (-5.681, -3.280,  0.000)  6.559 
J_iso:  1.6828 
[Testing!] Jprime: 2.008,  B: -0.162
[Testing!] DMI: ( 0.0005  0.0003 -0.0024)
[Testing!]J_ani:
[[-0.002  0.065  0.276]
 [ 0.065  0.006 -0.003]
 [ 0.276 -0.003 -0.324]]
----------------------------------------------------------------------------------------
   Cr1   Cr1   ( -1,   1,   0)  1.6847   (-5.681,  3.280,  0.000)  6.559 
J_iso:  1.6847 
[Testing!] Jprime: 2.009,  B: -0.161
[Testing!] DMI: (-0.0002  0.0005  0.0025)
[Testing!]J_ani:
[[-0.     0.065 -0.272]
 [ 0.065  0.006  0.007]
 [-0.272  0.007 -0.322]]
----------------------------------------------------------------------------------------
   Cr1   Cr1   (  1,  -1,   0)  1.6847   ( 5.681, -3.280,  0.000)  6.559 
J_iso:  1.6847 
[Testing!] Jprime: 2.009,  B: -0.161
[Testing!] DMI: ( 0.0002 -0.0005 -0.0025)
[Testing!]J_ani:
[[-0.     0.065 -0.272]
 [ 0.065  0.006  0.007]
 [-0.272  0.007 -0.322]]
----------------------------------------------------------------------------------------
   Cr1   Cr1   (  2,   1,   0)  1.6828   ( 5.681,  3.280,  0.000)  6.559 
J_iso:  1.6828 
[Testing!] Jprime: 2.008,  B: -0.162
[Testing!] DMI: (-0.0005 -0.0003  0.0024)
[Testing!]J_ani:
[[-0.002  0.065  0.276]
 [ 0.065  0.006 -0.003]
 [ 0.276 -0.003 -0.324]]
----------------------------------------------------------------------------------------
   Cr1   Cr1   ( -1,  -1,  -1)  0.2656   (-1.894, -3.280, -6.096)  7.177 
J_iso:  0.2656 
[Testing!] Jprime: 1.215,  B: -0.480
[Testing!] DMI: (-0.0008 -0.0002  0.0015)
[Testing!]J_ani:
[[-0.041  0.015  0.039]
 [ 0.015  0.022 -0.065]
 [ 0.039 -0.065 -0.959]]
----------------------------------------------------------------------------------------
   Cr1   Cr1   ( -1,  -1,   1)  0.4552   (-1.894, -3.280,  6.096)  7.177 
J_iso:  0.4552 
[Testing!] Jprime: 1.840,  B: -0.703
[Testing!] DMI: ( 0.0004  0.0005 -0.0023)
[Testing!]J_ani:
[[-0.01   0.019  0.092]
 [ 0.019 -0.033  0.066]
 [ 0.092  0.066 -1.407]]
----------------------------------------------------------------------------------------
   Cr1   Cr1   ( -1,   0,  -1)  0.4473   (-3.787,  0.000, -6.096)  7.177 
J_iso:  0.4473 
[Testing!] Jprime: 1.760,  B: -0.656
[Testing!] DMI: (-0.0003 -0.0006  0.0008)
[Testing!]J_ani:
[[ 0.038  0.001  0.05 ]
 [ 0.001 -0.036  0.038]
 [ 0.05   0.038 -1.312]]
----------------------------------------------------------------------------------------
   Cr1   Cr1   ( -1,   0,   1)  0.4451   (-3.787,  0.000,  6.096)  7.177 
J_iso:  0.4451 
[Testing!] Jprime: 1.759,  B: -0.656
[Testing!] DMI: (-0.0007 -0.0007 -0.0009)
[Testing!]J_ani:
[[ 0.039  0.001 -0.049]
 [ 0.001 -0.035 -0.04 ]
 [-0.049 -0.04  -1.312]]
----------------------------------------------------------------------------------------
   Cr1   Cr1   (  0,  -1,  -1)  0.2599   ( 1.894, -3.280, -6.096)  7.177 
J_iso:  0.2599 
[Testing!] Jprime: 1.194,  B: -0.472
[Testing!] DMI: ( 0.0004  0.0001  0.0028)
[Testing!]J_ani:
[[-0.041  0.016 -0.039]
 [ 0.016  0.022  0.067]
 [-0.039  0.067 -0.944]]
----------------------------------------------------------------------------------------
   Cr1   Cr1   (  0,  -1,   1)  0.4576   ( 1.894, -3.280,  6.096)  7.177 
J_iso:  0.4576 
[Testing!] Jprime: 1.852,  B: -0.708
[Testing!] DMI: ( 0.0000 -0.0002 -0.0013)
[Testing!]J_ani:
[[-0.01   0.019 -0.091]
 [ 0.019 -0.033 -0.066]
 [-0.091 -0.066 -1.416]]
----------------------------------------------------------------------------------------
   Cr1   Cr1   (  0,   1,  -1)  0.4576   (-1.894,  3.280, -6.096)  7.177 
J_iso:  0.4576 
[Testing!] Jprime: 1.852,  B: -0.708
[Testing!] DMI: (-0.0000  0.0002  0.0013)
[Testing!]J_ani:
[[-0.01   0.019 -0.091]
 [ 0.019 -0.033 -0.066]
 [-0.091 -0.066 -1.416]]
----------------------------------------------------------------------------------------
   Cr1   Cr1   (  0,   1,   1)  0.2599   (-1.894,  3.280,  6.096)  7.177 
J_iso:  0.2599 
[Testing!] Jprime: 1.194,  B: -0.472
[Testing!] DMI: (-0.0004 -0.0001 -0.0028)
[Testing!]J_ani:
[[-0.041  0.016 -0.039]
 [ 0.016  0.022  0.067]
 [-0.039  0.067 -0.944]]
----------------------------------------------------------------------------------------
   Cr1   Cr1   (  1,   0,  -1)  0.4451   ( 3.787,  0.000, -6.096)  7.177 
J_iso:  0.4451 
[Testing!] Jprime: 1.759,  B: -0.656
[Testing!] DMI: ( 0.0007  0.0007  0.0009)
[Testing!]J_ani:
[[ 0.039  0.001 -0.049]
 [ 0.001 -0.035 -0.04 ]
 [-0.049 -0.04  -1.312]]
----------------------------------------------------------------------------------------
   Cr1   Cr1   (  1,   0,   1)  0.4473   ( 3.787,  0.000,  6.096)  7.177 
J_iso:  0.4473 
[Testing!] Jprime: 1.760,  B: -0.656
[Testing!] DMI: ( 0.0003  0.0006 -0.0008)
[Testing!]J_ani:
[[ 0.038  0.001  0.05 ]
 [ 0.001 -0.036  0.038]
 [ 0.05   0.038 -1.312]]
----------------------------------------------------------------------------------------
   Cr1   Cr1   (  1,   1,  -1)  0.4552   ( 1.894,  3.280, -6.096)  7.177 
J_iso:  0.4552 
[Testing!] Jprime: 1.840,  B: -0.703
[Testing!] DMI: (-0.0004 -0.0005  0.0023)
[Testing!]J_ani:
[[-0.01   0.019  0.092]
 [ 0.019 -0.033  0.066]
 [ 0.092  0.066 -1.407]]
----------------------------------------------------------------------------------------
   Cr1   Cr1   (  1,   1,   1)  0.2656   ( 1.894,  3.280,  6.096)  7.177 
J_iso:  0.2656 
[Testing!] Jprime: 1.215,  B: -0.480
[Testing!] DMI: ( 0.0008  0.0002 -0.0015)
[Testing!]J_ani:
[[-0.041  0.015  0.039]
 [ 0.015  0.022 -0.065]
 [ 0.039 -0.065 -0.959]]
----------------------------------------------------------------------------------------
   Cr1   Cr1   ( -2,  -2,   0)  0.1295   (-3.787, -6.559,  0.000)  7.574 
J_iso:  0.1295 
[Testing!] Jprime: -0.945,  B: 0.558
[Testing!] DMI: ( 0.0011  0.0003 -0.0021)
[Testing!]J_ani:
[[-0.04  -0.013  0.032]
 [-0.013  0.124 -0.072]
 [ 0.032 -0.072  1.116]]
----------------------------------------------------------------------------------------
   Cr1   Cr1   ( -2,   0,   0) -0.1327   (-7.574,  0.000,  0.000)  7.574 
J_iso: -0.1327 
[Testing!] Jprime: -0.768,  B: 0.342
[Testing!] DMI: (-0.0006  0.0002 -0.0005)
[Testing!]J_ani:
[[-0.012  0.04   0.   ]
 [ 0.04   0.111  0.001]
 [ 0.     0.001  0.685]]
----------------------------------------------------------------------------------------
   Cr1   Cr1   (  0,  -2,   0)  0.1293   ( 3.787, -6.559,  0.000)  7.574 
J_iso:  0.1293 
[Testing!] Jprime: -0.975,  B: 0.574
[Testing!] DMI: (-0.0006 -0.0009 -0.0035)
[Testing!]J_ani:
[[-0.039 -0.013 -0.029]
 [-0.013  0.126  0.074]
 [-0.029  0.074  1.148]]
----------------------------------------------------------------------------------------
   Cr1   Cr1   (  0,   2,   0)  0.1293   (-3.787,  6.559,  0.000)  7.574 
J_iso:  0.1293 
[Testing!] Jprime: -0.975,  B: 0.574
[Testing!] DMI: ( 0.0006  0.0009  0.0035)
[Testing!]J_ani:
[[-0.039 -0.013 -0.029]
 [-0.013  0.126  0.074]
 [-0.029  0.074  1.148]]
----------------------------------------------------------------------------------------
   Cr1   Cr1   (  2,   0,   0) -0.1327   ( 7.574,  0.000,  0.000)  7.574 
J_iso: -0.1327 
[Testing!] Jprime: -0.768,  B: 0.342
[Testing!] DMI: ( 0.0006 -0.0002  0.0005)
[Testing!]J_ani:
[[-0.012  0.04   0.   ]
 [ 0.04   0.111  0.001]
 [ 0.     0.001  0.685]]
----------------------------------------------------------------------------------------
   Cr1   Cr1   (  2,   2,   0)  0.1295   ( 3.787,  6.559,  0.000)  7.574 
J_iso:  0.1295 
[Testing!] Jprime: -0.945,  B: 0.558
[Testing!] DMI: (-0.0011 -0.0003  0.0021)
[Testing!]J_ani:
[[-0.04  -0.013  0.032]
 [-0.013  0.124 -0.072]
 [ 0.032 -0.072  1.116]]
----------------------------------------------------------------------------------------
   Cr1   Cr1   ( -1,  -2,  -1) -0.3366   ( 0.000, -6.559, -6.096)  8.955 
J_iso: -0.3366 
[Testing!] Jprime: -0.407,  B: 0.040
[Testing!] DMI: ( 0.0005 -0.0007  0.0026)
[Testing!]J_ani:
[[ 0.066  0.022 -0.   ]
 [ 0.022 -0.049  0.001]
 [-0.     0.001  0.079]]
----------------------------------------------------------------------------------------
   Cr1   Cr1   ( -1,  -2,   1) -2.5516   ( 0.000, -6.559,  6.096)  8.955 
J_iso: -2.5516 
[Testing!] Jprime: -3.727,  B: 0.572
[Testing!] DMI: (-0.0002  0.0000 -0.0041)
[Testing!]J_ani:
[[-0.053  0.021 -0.001]
 [ 0.021 -0.01  -0.001]
 [-0.001 -0.001  1.144]]
----------------------------------------------------------------------------------------
   Cr1   Cr1   (  1,   2,  -1) -2.5516   ( 0.000,  6.559, -6.096)  8.955 
J_iso: -2.5516 
[Testing!] Jprime: -3.727,  B: 0.572
[Testing!] DMI: ( 0.0002 -0.0000  0.0041)
[Testing!]J_ani:
[[-0.053  0.021 -0.001]
 [ 0.021 -0.01  -0.001]
 [-0.001 -0.001  1.144]]
----------------------------------------------------------------------------------------
   Cr1   Cr1   (  1,   2,   1) -0.3366   ( 0.000,  6.559,  6.096)  8.955 
J_iso: -0.3366 
[Testing!] Jprime: -0.407,  B: 0.040
[Testing!] DMI: (-0.0005  0.0007 -0.0026)
[Testing!]J_ani:
[[ 0.066  0.022 -0.   ]
 [ 0.022 -0.049  0.001]
 [-0.     0.001  0.079]]
----------------------------------------------------------------------------------------
   Cr1   Cr1   ( -2,  -1,  -1) -2.5142   (-5.681, -3.280, -6.096)  8.955 
J_iso: -2.5142 
[Testing!] Jprime: -3.864,  B: 0.658
[Testing!] DMI: ( 0.0009 -0.0003 -0.0036)
[Testing!]J_ani:
[[-0.012 -0.012 -0.093]
 [-0.012 -0.055  0.086]
 [-0.093  0.086  1.317]]
----------------------------------------------------------------------------------------
   Cr1   Cr1   ( -2,  -1,   1) -0.8104   (-5.681, -3.280,  6.096)  8.955 
J_iso: -0.8104 
[Testing!] Jprime: -1.917,  B: 0.580
[Testing!] DMI: (-0.0005  0.0002  0.0021)
[Testing!]J_ani:
[[ 0.055 -0.004 -0.041]
 [-0.004  0.052 -0.032]
 [-0.041 -0.032  1.16 ]]
----------------------------------------------------------------------------------------
   Cr1   Cr1   ( -1,   1,  -1) -0.8116   (-5.681,  3.280, -6.096)  8.955 
J_iso: -0.8116 
[Testing!] Jprime: -1.918,  B: 0.580
[Testing!] DMI: (-0.0008  0.0004 -0.0015)
[Testing!]J_ani:
[[ 0.056 -0.004  0.042]
 [-0.004  0.053  0.034]
 [ 0.042  0.034  1.16 ]]
----------------------------------------------------------------------------------------
   Cr1   Cr1   ( -1,   1,   1) -2.5188   (-5.681,  3.280,  6.096)  8.955 
J_iso: -2.5188 
[Testing!] Jprime: -3.881,  B: 0.664
[Testing!] DMI: ( 0.0008 -0.0001  0.0020)
[Testing!]J_ani:
[[-0.013 -0.012  0.093]
 [-0.012 -0.055 -0.087]
 [ 0.093 -0.087  1.328]]
----------------------------------------------------------------------------------------
   Cr1   Cr1   (  1,  -1,  -1) -2.5188   ( 5.681, -3.280, -6.096)  8.955 
J_iso: -2.5188 
[Testing!] Jprime: -3.881,  B: 0.664
[Testing!] DMI: (-0.0008  0.0001 -0.0020)
[Testing!]J_ani:
[[-0.013 -0.012  0.093]
 [-0.012 -0.055 -0.087]
 [ 0.093 -0.087  1.328]]
----------------------------------------------------------------------------------------
   Cr1   Cr1   (  1,  -1,   1) -0.8116   ( 5.681, -3.280,  6.096)  8.955 
J_iso: -0.8116 
[Testing!] Jprime: -1.918,  B: 0.580
[Testing!] DMI: ( 0.0008 -0.0004  0.0015)
[Testing!]J_ani:
[[ 0.056 -0.004  0.042]
 [-0.004  0.053  0.034]
 [ 0.042  0.034  1.16 ]]
----------------------------------------------------------------------------------------
   Cr1   Cr1   (  2,   1,  -1) -0.8104   ( 5.681,  3.280, -6.096)  8.955 
J_iso: -0.8104 
[Testing!] Jprime: -1.917,  B: 0.580
[Testing!] DMI: ( 0.0005 -0.0002 -0.0021)
[Testing!]J_ani:
[[ 0.055 -0.004 -0.041]
 [-0.004  0.052 -0.032]
 [-0.041 -0.032  1.16 ]]
----------------------------------------------------------------------------------------
   Cr1   Cr1   (  2,   1,   1) -2.5142   ( 5.681,  3.280,  6.096)  8.955 
J_iso: -2.5142 
[Testing!] Jprime: -3.864,  B: 0.658
[Testing!] DMI: (-0.0009  0.0003  0.0036)
[Testing!]J_ani:
[[-0.012 -0.012 -0.093]
 [-0.012 -0.055  0.086]
 [-0.093  0.086  1.317]]
----------------------------------------------------------------------------------------
   Cr1   Cr1   ( -2,  -2,  -1)  0.0186   (-3.787, -6.559, -6.096)  9.722 
J_iso:  0.0186 
[Testing!] Jprime: 0.312,  B: -0.180
[Testing!] DMI: ( 0.0001  0.0002 -0.0012)
[Testing!]J_ani:
[[-0.048  0.058  0.038]
 [ 0.058 -0.086 -0.001]
 [ 0.038 -0.001 -0.361]]
----------------------------------------------------------------------------------------
   Cr1   Cr1   ( -2,  -2,   1) -0.3638   (-3.787, -6.559,  6.096)  9.722 
J_iso: -0.3638 
[Testing!] Jprime: -0.962,  B: 0.254
[Testing!] DMI: ( 0.0000  0.0003 -0.0012)
[Testing!]J_ani:
[[-0.145  0.012 -0.049]
 [ 0.012 -0.035 -0.084]
 [-0.049 -0.084  0.508]]
----------------------------------------------------------------------------------------
   Cr1   Cr1   ( -2,   0,  -1) -0.0715   (-7.574,  0.000, -6.096)  9.722 
J_iso: -0.0715 
[Testing!] Jprime: -0.125,  B: -0.031
[Testing!] DMI: (-0.0009 -0.0003 -0.0023)
[Testing!]J_ani:
[[-0.079 -0.042  0.066]
 [-0.042 -0.15   0.04 ]
 [ 0.066  0.04  -0.062]]
----------------------------------------------------------------------------------------
   Cr1   Cr1   ( -2,   0,   1) -0.0636   (-7.574,  0.000,  6.096)  9.722 
J_iso: -0.0636 
[Testing!] Jprime: -0.125,  B: -0.026
[Testing!] DMI: (-0.0001 -0.0006 -0.0003)
[Testing!]J_ani:
[[-0.078 -0.043 -0.065]
 [-0.043 -0.15  -0.041]
 [-0.065 -0.041 -0.053]]
----------------------------------------------------------------------------------------
   Cr1   Cr1   (  0,  -2,  -1)  0.0143   ( 3.787, -6.559, -6.096)  9.722 
J_iso:  0.0143 
[Testing!] Jprime: 0.292,  B: -0.172
[Testing!] DMI: (-0.0006 -0.0007 -0.0000)
[Testing!]J_ani:
[[-0.046  0.059 -0.038]
 [ 0.059 -0.084  0.002]
 [-0.038  0.002 -0.343]]
----------------------------------------------------------------------------------------
   Cr1   Cr1   (  0,  -2,   1) -0.3562   ( 3.787, -6.559,  6.096)  9.722 
J_iso: -0.3562 
[Testing!] Jprime: -0.988,  B: 0.271
[Testing!] DMI: ( 0.0003 -0.0005  0.0004)
[Testing!]J_ani:
[[-0.144  0.012  0.05 ]
 [ 0.012 -0.034  0.083]
 [ 0.05   0.083  0.542]]
----------------------------------------------------------------------------------------
   Cr1   Cr1   (  0,   2,  -1) -0.3562   (-3.787,  6.559, -6.096)  9.722 
J_iso: -0.3562 
[Testing!] Jprime: -0.988,  B: 0.271
[Testing!] DMI: (-0.0003  0.0005 -0.0004)
[Testing!]J_ani:
[[-0.144  0.012  0.05 ]
 [ 0.012 -0.034  0.083]
 [ 0.05   0.083  0.542]]
----------------------------------------------------------------------------------------
   Cr1   Cr1   (  0,   2,   1)  0.0143   (-3.787,  6.559,  6.096)  9.722 
J_iso:  0.0143 
[Testing!] Jprime: 0.292,  B: -0.172
[Testing!] DMI: ( 0.0006  0.0007  0.0000)
[Testing!]J_ani:
[[-0.046  0.059 -0.038]
 [ 0.059 -0.084  0.002]
 [-0.038  0.002 -0.343]]
----------------------------------------------------------------------------------------
   Cr1   Cr1   (  2,   0,  -1) -0.0636   ( 7.574,  0.000, -6.096)  9.722 
J_iso: -0.0636 
[Testing!] Jprime: -0.125,  B: -0.026
[Testing!] DMI: ( 0.0001  0.0006  0.0003)
[Testing!]J_ani:
[[-0.078 -0.043 -0.065]
 [-0.043 -0.15  -0.041]
 [-0.065 -0.041 -0.053]]
----------------------------------------------------------------------------------------
   Cr1   Cr1   (  2,   0,   1) -0.0715   ( 7.574,  0.000,  6.096)  9.722 
J_iso: -0.0715 
[Testing!] Jprime: -0.125,  B: -0.031
[Testing!] DMI: ( 0.0009  0.0003  0.0023)
[Testing!]J_ani:
[[-0.079 -0.042  0.066]
 [-0.042 -0.15   0.04 ]
 [ 0.066  0.04  -0.062]]
----------------------------------------------------------------------------------------
   Cr1   Cr1   (  2,   2,  -1) -0.3638   ( 3.787,  6.559, -6.096)  9.722 
J_iso: -0.3638 
[Testing!] Jprime: -0.962,  B: 0.254
[Testing!] DMI: (-0.0000 -0.0003  0.0012)
[Testing!]J_ani:
[[-0.145  0.012 -0.049]
 [ 0.012 -0.035 -0.084]
 [-0.049 -0.084  0.508]]
----------------------------------------------------------------------------------------
   Cr1   Cr1   (  2,   2,   1)  0.0186   ( 3.787,  6.559,  6.096)  9.722 
J_iso:  0.0186 
[Testing!] Jprime: 0.312,  B: -0.180
[Testing!] DMI: (-0.0001 -0.0002  0.0012)
[Testing!]J_ani:
[[-0.048  0.058  0.038]
 [ 0.058 -0.086 -0.001]
 [ 0.038 -0.001 -0.361]]
----------------------------------------------------------------------------------------
   Cr1   Cr1   ( -2,  -3,   0) -0.2804   (-1.894, -9.839,  0.000) 10.019 
J_iso: -0.2804 
[Testing!] Jprime: -1.027,  B: 0.376
[Testing!] DMI: (-0.0003 -0.0001  0.0028)
[Testing!]J_ani:
[[ 0.023  0.051 -0.037]
 [ 0.051 -0.014 -0.022]
 [-0.037 -0.022  0.751]]
----------------------------------------------------------------------------------------
   Cr1   Cr1   ( -2,   1,   0)  0.0091   (-9.468,  3.280,  0.000) 10.019 
J_iso:  0.0091 
[Testing!] Jprime: -0.886,  B: 0.408
[Testing!] DMI: (-0.0002  0.0002 -0.0004)
[Testing!]J_ani:
[[-0.062 -0.04   0.03 ]
 [-0.04  -0.095  0.141]
 [ 0.03   0.141  0.816]]
----------------------------------------------------------------------------------------
   Cr1   Cr1   ( -1,  -3,   0) -0.2839   ( 1.894, -9.839,  0.000) 10.019 
J_iso: -0.2839 
[Testing!] Jprime: -1.017,  B: 0.368
[Testing!] DMI: ( 0.0006 -0.0004  0.0018)
[Testing!]J_ani:
[[ 0.022  0.051  0.036]
 [ 0.051 -0.015  0.021]
 [ 0.036  0.021  0.737]]
----------------------------------------------------------------------------------------
   Cr1   Cr1   ( -1,   2,   0) -0.3146   (-7.574,  6.559,  0.000) 10.019 
J_iso: -0.3146 
[Testing!] Jprime: -0.886,  B: 0.283
[Testing!] DMI: ( 0.0003  0.0005  0.0011)
[Testing!]J_ani:
[[ 0.007 -0.013 -0.063]
 [-0.013 -0.015 -0.215]
 [-0.063 -0.215  0.567]]
----------------------------------------------------------------------------------------
   Cr1   Cr1   (  1,  -2,   0) -0.3146   ( 7.574, -6.559,  0.000) 10.019 
J_iso: -0.3146 
[Testing!] Jprime: -0.886,  B: 0.283
[Testing!] DMI: (-0.0003 -0.0005 -0.0011)
[Testing!]J_ani:
[[ 0.007 -0.013 -0.063]
 [-0.013 -0.015 -0.215]
 [-0.063 -0.215  0.567]]
----------------------------------------------------------------------------------------
   Cr1   Cr1   (  1,   3,   0) -0.2839   (-1.894,  9.839,  0.000) 10.019 
J_iso: -0.2839 
[Testing!] Jprime: -1.017,  B: 0.368
[Testing!] DMI: (-0.0006  0.0004 -0.0018)
[Testing!]J_ani:
[[ 0.022  0.051  0.036]
 [ 0.051 -0.015  0.021]
 [ 0.036  0.021  0.737]]
----------------------------------------------------------------------------------------
   Cr1   Cr1   (  2,  -1,   0)  0.0091   ( 9.468, -3.280,  0.000) 10.019 
J_iso:  0.0091 
[Testing!] Jprime: -0.886,  B: 0.408
[Testing!] DMI: ( 0.0002 -0.0002  0.0004)
[Testing!]J_ani:
[[-0.062 -0.04   0.03 ]
 [-0.04  -0.095  0.141]
 [ 0.03   0.141  0.816]]
----------------------------------------------------------------------------------------
   Cr1   Cr1   (  2,   3,   0) -0.2804   ( 1.894,  9.839,  0.000) 10.019 
J_iso: -0.2804 
[Testing!] Jprime: -1.027,  B: 0.376
[Testing!] DMI: ( 0.0003  0.0001 -0.0028)
[Testing!]J_ani:
[[ 0.023  0.051 -0.037]
 [ 0.051 -0.014 -0.022]
 [-0.037 -0.022  0.751]]
----------------------------------------------------------------------------------------
   Cr1   Cr1   ( -3,  -2,   0) -0.3192   (-7.574, -6.559,  0.000) 10.019 
J_iso: -0.3192 
[Testing!] Jprime: -0.881,  B: 0.278
[Testing!] DMI: ( 0.0006  0.0005 -0.0028)
[Testing!]J_ani:
[[ 0.004 -0.013  0.063]
 [-0.013 -0.017  0.216]
 [ 0.063  0.216  0.556]]
----------------------------------------------------------------------------------------
   Cr1   Cr1   ( -3,  -1,   0)  0.0064   (-9.468, -3.280,  0.000) 10.019 
J_iso:  0.0064 
[Testing!] Jprime: -0.869,  B: 0.398
[Testing!] DMI: ( 0.0005  0.0007  0.0022)
[Testing!]J_ani:
[[-0.064 -0.039 -0.025]
 [-0.039 -0.095 -0.14 ]
 [-0.025 -0.14   0.796]]
----------------------------------------------------------------------------------------
   Cr1   Cr1   (  3,   1,   0)  0.0064   ( 9.468,  3.280,  0.000) 10.019 
J_iso:  0.0064 
[Testing!] Jprime: -0.869,  B: 0.398
[Testing!] DMI: (-0.0005 -0.0007 -0.0022)
[Testing!]J_ani:
[[-0.064 -0.039 -0.025]
 [-0.039 -0.095 -0.14 ]
 [-0.025 -0.14   0.796]]
----------------------------------------------------------------------------------------
   Cr1   Cr1   (  3,   2,   0) -0.3192   ( 7.574,  6.559,  0.000) 10.019 
J_iso: -0.3192 
[Testing!] Jprime: -0.881,  B: 0.278
[Testing!] DMI: (-0.0006 -0.0005  0.0028)
[Testing!]J_ani:
[[ 0.004 -0.013  0.063]
 [-0.013 -0.017  0.216]
 [ 0.063  0.216  0.556]]
----------------------------------------------------------------------------------------
   Cr1   Cr1   ( -3,  -3,   0) -0.1248   (-5.681, -9.839,  0.000) 11.361 
J_iso: -0.1248 
[Testing!] Jprime: 0.101,  B: -0.109
[Testing!] DMI: ( 0.0002  0.0004 -0.0025)
[Testing!]J_ani:
[[ 0.032  0.003 -0.037]
 [ 0.003 -0.016  0.057]
 [-0.037  0.057 -0.218]]
----------------------------------------------------------------------------------------
   Cr1   Cr1   (  0,  -3,   0) -0.1280   ( 5.681, -9.839,  0.000) 11.361 
J_iso: -0.1280 
[Testing!] Jprime: 0.087,  B: -0.104
[Testing!] DMI: ( 0.0011 -0.0001 -0.0015)
[Testing!]J_ani:
[[ 0.032  0.003  0.039]
 [ 0.003 -0.017 -0.057]
 [ 0.039 -0.057 -0.207]]
----------------------------------------------------------------------------------------
   Cr1   Cr1   (  0,   3,   0) -0.1280   (-5.681,  9.839,  0.000) 11.361 
J_iso: -0.1280 
[Testing!] Jprime: 0.087,  B: -0.104
[Testing!] DMI: (-0.0011  0.0001  0.0015)
[Testing!]J_ani:
[[ 0.032  0.003  0.039]
 [ 0.003 -0.017 -0.057]
 [ 0.039 -0.057 -0.207]]
----------------------------------------------------------------------------------------
   Cr1   Cr1   (  3,   3,   0) -0.1248   ( 5.681,  9.839,  0.000) 11.361 
J_iso: -0.1248 
[Testing!] Jprime: 0.101,  B: -0.109
[Testing!] DMI: (-0.0002 -0.0004  0.0025)
[Testing!]J_ani:
[[ 0.032  0.003 -0.037]
 [ 0.003 -0.016  0.057]
 [-0.037  0.057 -0.218]]
----------------------------------------------------------------------------------------
   Cr1   Cr1   ( -3,   0,   0)  0.1504   (-11.361,  0.000,  0.000) 11.361 
J_iso:  0.1504 
[Testing!] Jprime: 1.248,  B: -0.552
[Testing!] DMI: (-0.0005 -0.0001 -0.0003)
[Testing!]J_ani:
[[ 0.002 -0.021  0.   ]
 [-0.021 -0.015 -0.001]
 [ 0.    -0.001 -1.105]]
----------------------------------------------------------------------------------------
   Cr1   Cr1   (  3,   0,   0)  0.1504   (11.361,  0.000,  0.000) 11.361 
J_iso:  0.1504 
[Testing!] Jprime: 1.248,  B: -0.552
[Testing!] DMI: ( 0.0005  0.0001  0.0003)
[Testing!]J_ani:
[[ 0.002 -0.021  0.   ]
 [-0.021 -0.015 -0.001]
 [ 0.    -0.001 -1.105]]
----------------------------------------------------------------------------------------
   Cr1   Cr1   ( -2,  -3,  -1)  0.1534   (-1.894, -9.839, -6.096) 11.728 
J_iso:  0.1534 
[Testing!] Jprime: 0.563,  B: -0.203
[Testing!] DMI: ( 0.0004 -0.0006  0.0034)
[Testing!]J_ani:
[[-0.036  0.008 -0.023]
 [ 0.008  0.043  0.041]
 [-0.023  0.041 -0.406]]
----------------------------------------------------------------------------------------
   Cr1   Cr1   ( -2,  -3,   1) -0.0304   (-1.894, -9.839,  6.096) 11.728 
J_iso: -0.0304 
[Testing!] Jprime: -0.118,  B: 0.028
[Testing!] DMI: (-0.0006 -0.0004  0.0013)
[Testing!]J_ani:
[[-0.023  0.003 -0.018]
 [ 0.003 -0.04   0.027]
 [-0.018  0.027  0.056]]
----------------------------------------------------------------------------------------
   Cr1   Cr1   ( -1,  -3,  -1)  0.1522   ( 1.894, -9.839, -6.096) 11.728 
J_iso:  0.1522 
[Testing!] Jprime: 0.572,  B: -0.209
[Testing!] DMI: (-0.0002 -0.0003  0.0016)
[Testing!]J_ani:
[[-0.038  0.008  0.023]
 [ 0.008  0.042 -0.041]
 [ 0.023 -0.041 -0.418]]
----------------------------------------------------------------------------------------
   Cr1   Cr1   ( -1,  -3,   1) -0.0341   ( 1.894, -9.839,  6.096) 11.728 
J_iso: -0.0341 
[Testing!] Jprime: -0.104,  B: 0.019
[Testing!] DMI: ( 0.0005  0.0006  0.0017)
[Testing!]J_ani:
[[-0.024  0.003  0.016]
 [ 0.003 -0.041 -0.027]
 [ 0.016 -0.027  0.038]]
----------------------------------------------------------------------------------------
   Cr1   Cr1   ( -1,   2,  -1) -0.1184   (-7.574,  6.559, -6.096) 11.728 
J_iso: -0.1184 
[Testing!] Jprime: -0.028,  B: -0.073
[Testing!] DMI: ( 0.0002  0.0004 -0.0019)
[Testing!]J_ani:
[[-0.039 -0.01  -0.033]
 [-0.01  -0.072  0.027]
 [-0.033  0.027 -0.146]]
----------------------------------------------------------------------------------------
   Cr1   Cr1   ( -1,   2,   1)  0.1095   (-7.574,  6.559,  6.096) 11.728 
J_iso:  0.1095 
[Testing!] Jprime: 0.223,  B: -0.071
[Testing!] DMI: ( 0.0001  0.0002  0.0011)
[Testing!]J_ani:
[[ 0.011  0.011 -0.038]
 [ 0.011 -0.07  -0.177]
 [-0.038 -0.177 -0.143]]
----------------------------------------------------------------------------------------
   Cr1   Cr1   (  1,  -2,  -1)  0.1095   ( 7.574, -6.559, -6.096) 11.728 
J_iso:  0.1095 
[Testing!] Jprime: 0.223,  B: -0.071
[Testing!] DMI: (-0.0001 -0.0002 -0.0011)
[Testing!]J_ani:
[[ 0.011  0.011 -0.038]
 [ 0.011 -0.07  -0.177]
 [-0.038 -0.177 -0.143]]
----------------------------------------------------------------------------------------
   Cr1   Cr1   (  1,  -2,   1) -0.1184   ( 7.574, -6.559,  6.096) 11.728 
J_iso: -0.1184 
[Testing!] Jprime: -0.028,  B: -0.073
[Testing!] DMI: (-0.0002 -0.0004  0.0019)
[Testing!]J_ani:
[[-0.039 -0.01  -0.033]
 [-0.01  -0.072  0.027]
 [-0.033  0.027 -0.146]]
----------------------------------------------------------------------------------------
   Cr1   Cr1   (  1,   3,  -1) -0.0341   (-1.894,  9.839, -6.096) 11.728 
J_iso: -0.0341 
[Testing!] Jprime: -0.104,  B: 0.019
[Testing!] DMI: (-0.0005 -0.0006 -0.0017)
[Testing!]J_ani:
[[-0.024  0.003  0.016]
 [ 0.003 -0.041 -0.027]
 [ 0.016 -0.027  0.038]]
----------------------------------------------------------------------------------------
   Cr1   Cr1   (  1,   3,   1)  0.1522   (-1.894,  9.839,  6.096) 11.728 
J_iso:  0.1522 
[Testing!] Jprime: 0.572,  B: -0.209
[Testing!] DMI: ( 0.0002  0.0003 -0.0016)
[Testing!]J_ani:
[[-0.038  0.008  0.023]
 [ 0.008  0.042 -0.041]
 [ 0.023 -0.041 -0.418]]
----------------------------------------------------------------------------------------
   Cr1   Cr1   (  2,   3,  -1) -0.0304   ( 1.894,  9.839, -6.096) 11.728 
J_iso: -0.0304 
[Testing!] Jprime: -0.118,  B: 0.028
[Testing!] DMI: ( 0.0006  0.0004 -0.0013)
[Testing!]J_ani:
[[-0.023  0.003 -0.018]
 [ 0.003 -0.04   0.027]
 [-0.018  0.027  0.056]]
----------------------------------------------------------------------------------------
   Cr1   Cr1   (  2,   3,   1)  0.1534   ( 1.894,  9.839,  6.096) 11.728 
J_iso:  0.1534 
[Testing!] Jprime: 0.563,  B: -0.203
[Testing!] DMI: (-0.0004  0.0006 -0.0034)
[Testing!]J_ani:
[[-0.036  0.008 -0.023]
 [ 0.008  0.043  0.041]
 [-0.023  0.041 -0.406]]
----------------------------------------------------------------------------------------
   Cr1   Cr1   ( -3,  -2,  -1)  0.1073   (-7.574, -6.559, -6.096) 11.728 
J_iso:  0.1073 
[Testing!] Jprime: 0.221,  B: -0.072
[Testing!] DMI: ( 0.0004  0.0006 -0.0012)
[Testing!]J_ani:
[[ 0.01   0.01   0.039]
 [ 0.01  -0.071  0.176]
 [ 0.039  0.176 -0.143]]
----------------------------------------------------------------------------------------
   Cr1   Cr1   ( -3,  -2,   1) -0.1242   (-7.574, -6.559,  6.096) 11.728 
J_iso: -0.1242 
[Testing!] Jprime: -0.023,  B: -0.078
[Testing!] DMI: ( 0.0008 -0.0001 -0.0006)
[Testing!]J_ani:
[[-0.039 -0.01   0.033]
 [-0.01  -0.072 -0.027]
 [ 0.033 -0.027 -0.157]]
----------------------------------------------------------------------------------------
   Cr1   Cr1   ( -3,  -1,  -1) -0.1817   (-9.468, -3.280, -6.096) 11.728 
J_iso: -0.1817 
[Testing!] Jprime: -0.158,  B: -0.012
[Testing!] DMI: ( 0.0007 -0.0007  0.0006)
[Testing!]J_ani:
[[ 0.021 -0.025  0.045]
 [-0.025 -0.024 -0.123]
 [ 0.045 -0.123 -0.025]]
----------------------------------------------------------------------------------------
   Cr1   Cr1   ( -3,  -1,   1)  0.1363   (-9.468, -3.280,  6.096) 11.728 
J_iso:  0.1363 
[Testing!] Jprime: 0.346,  B: -0.106
[Testing!] DMI: (-0.0004  0.0008 -0.0004)
[Testing!]J_ani:
[[-0.009 -0.016 -0.033]
 [-0.016  0.003 -0.017]
 [-0.033 -0.017 -0.213]]
----------------------------------------------------------------------------------------
   Cr1   Cr1   ( -2,   1,  -1)  0.1317   (-9.468,  3.280, -6.096) 11.728 
J_iso:  0.1317 
[Testing!] Jprime: 0.320,  B: -0.095
[Testing!] DMI: ( 0.0001  0.0004  0.0023)
[Testing!]J_ani:
[[-0.008 -0.016  0.034]
 [-0.016  0.004  0.016]
 [ 0.034  0.016 -0.19 ]]
----------------------------------------------------------------------------------------
   Cr1   Cr1   ( -2,   1,   1) -0.1819   (-9.468,  3.280,  6.096) 11.728 
J_iso: -0.1819 
[Testing!] Jprime: -0.173,  B: -0.005
[Testing!] DMI: ( 0.0010 -0.0006 -0.0026)
[Testing!]J_ani:
[[ 0.022 -0.025 -0.045]
 [-0.025 -0.023  0.125]
 [-0.045  0.125 -0.009]]
----------------------------------------------------------------------------------------
   Cr1   Cr1   (  2,  -1,  -1) -0.1819   ( 9.468, -3.280, -6.096) 11.728 
J_iso: -0.1819 
[Testing!] Jprime: -0.173,  B: -0.005
[Testing!] DMI: (-0.0010  0.0006  0.0026)
[Testing!]J_ani:
[[ 0.022 -0.025 -0.045]
 [-0.025 -0.023  0.125]
 [-0.045  0.125 -0.009]]
----------------------------------------------------------------------------------------
   Cr1   Cr1   (  2,  -1,   1)  0.1317   ( 9.468, -3.280,  6.096) 11.728 
J_iso:  0.1317 
[Testing!] Jprime: 0.320,  B: -0.095
[Testing!] DMI: (-0.0001 -0.0004 -0.0023)
[Testing!]J_ani:
[[-0.008 -0.016  0.034]
 [-0.016  0.004  0.016]
 [ 0.034  0.016 -0.19 ]]
----------------------------------------------------------------------------------------
   Cr1   Cr1   (  3,   1,  -1)  0.1363   ( 9.468,  3.280, -6.096) 11.728 
J_iso:  0.1363 
[Testing!] Jprime: 0.346,  B: -0.106
[Testing!] DMI: ( 0.0004 -0.0008  0.0004)
[Testing!]J_ani:
[[-0.009 -0.016 -0.033]
 [-0.016  0.003 -0.017]
 [-0.033 -0.017 -0.213]]
----------------------------------------------------------------------------------------
   Cr1   Cr1   (  3,   1,   1) -0.1817   ( 9.468,  3.280,  6.096) 11.728 
J_iso: -0.1817 
[Testing!] Jprime: -0.158,  B: -0.012
[Testing!] DMI: (-0.0007  0.0007 -0.0006)
[Testing!]J_ani:
[[ 0.021 -0.025  0.045]
 [-0.025 -0.024 -0.123]
 [ 0.045 -0.123 -0.025]]
----------------------------------------------------------------------------------------
   Cr1   Cr1   (  3,   2,  -1) -0.1242   ( 7.574,  6.559, -6.096) 11.728 
J_iso: -0.1242 
[Testing!] Jprime: -0.023,  B: -0.078
[Testing!] DMI: (-0.0008  0.0001  0.0006)
[Testing!]J_ani:
[[-0.039 -0.01   0.033]
 [-0.01  -0.072 -0.027]
 [ 0.033 -0.027 -0.157]]
----------------------------------------------------------------------------------------
   Cr1   Cr1   (  3,   2,   1)  0.1073   ( 7.574,  6.559,  6.096) 11.728 
J_iso:  0.1073 
[Testing!] Jprime: 0.221,  B: -0.072
[Testing!] DMI: (-0.0004 -0.0006  0.0012)
[Testing!]J_ani:
[[ 0.01   0.01   0.039]
 [ 0.01  -0.071  0.176]
 [ 0.039  0.176 -0.143]]
