

*******************************************************************************
Tue Jan 14 11:26:50 2025


FIT:    data read from "output" u 2:5
        format = x:z
        #datapoints = 15
        residuals are weighted equally (unit weight)

function used for fitting: m(x)
	m(x)=x<Tc? (1-(x/Tc))**beta:0.0
fitted parameters initialized with current variable values

iter      chisq       delta/lim  lambda   Tc            beta         
   0 1.2862617247e+01   0.00e+00  3.46e-03    7.000000e+01   4.000000e-01
BREAK: Singular matrix in Invert_RtR

*******************************************************************************
Tue Jan 14 11:29:09 2025


FIT:    data read from "output" u 2:5
        format = x:z
        #datapoints = 8
        residuals are weighted equally (unit weight)

function used for fitting: m(x)
	m(x)=x<Tc? (1-(x/Tc))**beta:0.0
fitted parameters initialized with current variable values

iter      chisq       delta/lim  lambda   Tc            beta         
   0 6.3636690005e+00   0.00e+00  3.78e-03    7.000000e+01   4.000000e-01
BREAK: Singular matrix in Invert_RtR

*******************************************************************************
Tue Jan 14 11:29:30 2025


FIT:    data read from "output" u 2:5
        format = x:z
        #datapoints = 8
        residuals are weighted equally (unit weight)

function used for fitting: m(x)
	m(x)=x<Tc? (1-(x/Tc))**beta:0.0
fitted parameters initialized with current variable values

iter      chisq       delta/lim  lambda   Tc            beta         
   0 6.3636690005e+00   0.00e+00  3.78e-03    7.000000e+01   4.000000e-01
BREAK: Singular matrix in Invert_RtR

*******************************************************************************
Tue Jan 14 11:31:48 2025


FIT:    data read from "output" u 2:5
        format = x:z
        #datapoints = 13
        residuals are weighted equally (unit weight)

function used for fitting: m(x)
	m(x)=x<Tc? (1-(x/Tc))**beta:0.0
fitted parameters initialized with current variable values

iter      chisq       delta/lim  lambda   Tc            beta         
   0 1.1085063867e+01   0.00e+00  3.52e-03    7.000000e+01   4.000000e-01
BREAK: Singular matrix in Invert_RtR

*******************************************************************************
Tue Jan 14 11:34:28 2025


FIT:    data read from "output" u 2:5
        format = x:z
        #datapoints = 7
        residuals are weighted equally (unit weight)

function used for fitting: m(x)
	m(x)=x<Tc? (1-(x/Tc))**beta:0.0
fitted parameters initialized with current variable values

iter      chisq       delta/lim  lambda   Tc            beta         
   0 5.4120862131e+00   0.00e+00  3.98e-03    7.000000e+01   4.000000e-01
BREAK: Singular matrix in Invert_RtR

*******************************************************************************
Tue Jan 14 11:35:45 2025


FIT:    data read from "output" u 2:5
        format = x:z
        #datapoints = 17
        residuals are weighted equally (unit weight)

function used for fitting: m(x)
	m(x)=x<Tc? (1-(x/Tc))**beta:0.0
fitted parameters initialized with current variable values

iter      chisq       delta/lim  lambda   Tc            beta         
   0 5.3738116375e+00   0.00e+00  1.67e-03    7.000000e+01   4.000000e-01
BREAK: Singular matrix in Invert_RtR

*******************************************************************************
Tue Jan 14 11:37:00 2025


FIT:    data read from "output" u 2:5
        format = x:z
        #datapoints = 17
        residuals are weighted equally (unit weight)

function used for fitting: m(x)
	m(x)=x<Tc? (0.9-(x/Tc))**beta:0.0
fitted parameters initialized with current variable values

iter      chisq       delta/lim  lambda   Tc            beta         
   0 4.6861240152e+00   0.00e+00  2.95e-02    7.000000e+01   4.000000e-01
   7 9.4605570377e-01  -3.79e-02  2.95e-09    3.918535e+06   6.795370e+00

After 7 iterations the fit converged.
final sum of squares of residuals : 0.946056
rel. change during last iteration : -3.78811e-07

degrees of freedom    (FIT_NDF)                        : 15
rms of residuals      (FIT_STDFIT) = sqrt(WSSR/ndf)    : 0.251138
variance of residuals (reduced chisquare) = WSSR/ndf   : 0.0630704

Final set of parameters            Asymptotic Standard Error
=======================            ==========================
Tc              = 3.91854e+06      +/- 1.261e+12    (3.218e+07%)
beta            = 6.79537          +/- 1.715        (25.23%)

correlation matrix of the fit parameters:
                Tc     beta   
Tc              1.000 
beta            0.724  1.000 


*******************************************************************************
Tue Jan 14 11:37:51 2025


FIT:    data read from "output" u 2:5
        format = x:z
        #datapoints = 17
        residuals are weighted equally (unit weight)

function used for fitting: m(x)
	m(x)=x<Tc? (0.9-(x/Tc))**beta:0.0
fitted parameters initialized with current variable values

iter      chisq       delta/lim  lambda   Tc            beta         
   0 4.6861240152e+00   0.00e+00  2.95e-02    7.000000e+01   4.000000e-01
   7 9.4605570377e-01  -3.79e-02  2.95e-09    3.918535e+06   6.795370e+00

After 7 iterations the fit converged.
final sum of squares of residuals : 0.946056
rel. change during last iteration : -3.78811e-07

degrees of freedom    (FIT_NDF)                        : 15
rms of residuals      (FIT_STDFIT) = sqrt(WSSR/ndf)    : 0.251138
variance of residuals (reduced chisquare) = WSSR/ndf   : 0.0630704

Final set of parameters            Asymptotic Standard Error
=======================            ==========================
Tc              = 3.91854e+06      +/- 1.261e+12    (3.218e+07%)
beta            = 6.79537          +/- 1.715        (25.23%)

correlation matrix of the fit parameters:
                Tc     beta   
Tc              1.000 
beta            0.724  1.000 


*******************************************************************************
Tue Jan 14 12:09:08 2025


FIT:    data read from "output" u 2:5
        format = x:z
        #datapoints = 17
        residuals are weighted equally (unit weight)

function used for fitting: m(x)
	m(x)=x<Tc? (0.9-(x/Tc))**beta:0.0
fitted parameters initialized with current variable values

iter      chisq       delta/lim  lambda   Tc            beta         
   0 5.0021472510e+00   0.00e+00  2.93e-02    7.000000e+01   4.000000e-01
   6 1.0369384439e+00  -3.88e-01  2.93e-08    4.133672e+05   7.070889e+00

After 6 iterations the fit converged.
final sum of squares of residuals : 1.03694
rel. change during last iteration : -3.87695e-06

degrees of freedom    (FIT_NDF)                        : 15
rms of residuals      (FIT_STDFIT) = sqrt(WSSR/ndf)    : 0.262924
variance of residuals (reduced chisquare) = WSSR/ndf   : 0.0691292

Final set of parameters            Asymptotic Standard Error
=======================            ==========================
Tc              = 413367           +/- 3.274e+10    (7.919e+06%)
beta            = 7.07089          +/- 2.822        (39.91%)

correlation matrix of the fit parameters:
                Tc     beta   
Tc              1.000 
beta            0.892  1.000 


*******************************************************************************
Tue Jan 14 14:06:05 2025


FIT:    data read from "output" u 2:5
        format = x:z
        #datapoints = 17
        residuals are weighted equally (unit weight)

function used for fitting: m(x)
	m(x)=x<Tc? (0.9-(x/Tc))**beta:0.0
fitted parameters initialized with current variable values

iter      chisq       delta/lim  lambda   Tc            beta         
   0 5.0021472510e+00   0.00e+00  2.93e-02    7.000000e+01   4.000000e-01
   6 1.0369384439e+00  -3.88e-01  2.93e-08    4.133672e+05   7.070889e+00

After 6 iterations the fit converged.
final sum of squares of residuals : 1.03694
rel. change during last iteration : -3.87695e-06

degrees of freedom    (FIT_NDF)                        : 15
rms of residuals      (FIT_STDFIT) = sqrt(WSSR/ndf)    : 0.262924
variance of residuals (reduced chisquare) = WSSR/ndf   : 0.0691292

Final set of parameters            Asymptotic Standard Error
=======================            ==========================
Tc              = 413367           +/- 3.274e+10    (7.919e+06%)
beta            = 7.07089          +/- 2.822        (39.91%)

correlation matrix of the fit parameters:
                Tc     beta   
Tc              1.000 
beta            0.892  1.000 


*******************************************************************************
Tue Jan 14 14:13:07 2025


FIT:    data read from "output" u 2:5
        format = x:z
        #datapoints = 17
        residuals are weighted equally (unit weight)

function used for fitting: m(x)
	m(x)=x<Tc? (0.9-(x/Tc))**beta:0.0
fitted parameters initialized with current variable values

iter      chisq       delta/lim  lambda   Tc            beta         
   0 4.9341588491e+00   0.00e+00  2.91e-02    7.000000e+01   4.000000e-01
   4 1.0057165120e+00  -2.32e-02  2.91e-06    1.061005e+02   6.942813e+00

After 4 iterations the fit converged.
final sum of squares of residuals : 1.00572
rel. change during last iteration : -2.3192e-07

degrees of freedom    (FIT_NDF)                        : 15
rms of residuals      (FIT_STDFIT) = sqrt(WSSR/ndf)    : 0.258936
variance of residuals (reduced chisquare) = WSSR/ndf   : 0.0670478

Final set of parameters            Asymptotic Standard Error
=======================            ==========================
Tc              = 106.1            +/- 817.4        (770.4%)
beta            = 6.94281          +/- 1.364        (19.65%)

correlation matrix of the fit parameters:
                Tc     beta   
Tc              1.000 
beta            0.424  1.000 


*******************************************************************************
Tue Jan 14 14:14:43 2025


FIT:    data read from "output" u 2:5
        format = x:z
        #datapoints = 11
        residuals are weighted equally (unit weight)

function used for fitting: m(x)
	m(x)=x<Tc? (0.9-(x/Tc))**beta:0.0
fitted parameters initialized with current variable values

iter      chisq       delta/lim  lambda   Tc            beta         
   0 8.4351985091e+00   0.00e+00  2.97e-02    7.000000e+01   4.000000e-01
   5 8.3376130390e-01  -6.28e-01  2.97e-07    7.162319e+01   1.901570e+01

After 5 iterations the fit converged.
final sum of squares of residuals : 0.833761
rel. change during last iteration : -6.28007e-06

degrees of freedom    (FIT_NDF)                        : 9
rms of residuals      (FIT_STDFIT) = sqrt(WSSR/ndf)    : 0.304368
variance of residuals (reduced chisquare) = WSSR/ndf   : 0.0926401

Final set of parameters            Asymptotic Standard Error
=======================            ==========================
Tc              = 71.6232          +/- 324.6        (453.3%)
beta            = 19.0157          +/- 6.845        (36%)

correlation matrix of the fit parameters:
                Tc     beta   
Tc              1.000 
beta            0.222  1.000 


*******************************************************************************
Tue Jan 14 14:15:13 2025


FIT:    data read from "output" u 2:5
        format = x:z
        #datapoints = 4
        residuals are weighted equally (unit weight)

function used for fitting: m(x)
	m(x)=x<Tc? (0.9-(x/Tc))**beta:0.0
fitted parameters initialized with current variable values

iter      chisq       delta/lim  lambda   Tc            beta         
   0 2.4875404300e+00   0.00e+00  2.86e-02    7.000000e+01   4.000000e-01
   6 6.7847126868e-01  -1.47e-01  2.86e-08    5.339907e+05   1.185816e+01

After 6 iterations the fit converged.
final sum of squares of residuals : 0.678471
rel. change during last iteration : -1.46755e-06

degrees of freedom    (FIT_NDF)                        : 2
rms of residuals      (FIT_STDFIT) = sqrt(WSSR/ndf)    : 0.582439
variance of residuals (reduced chisquare) = WSSR/ndf   : 0.339236

Final set of parameters            Asymptotic Standard Error
=======================            ==========================
Tc              = 533991           +/- 3.738e+10    (6.999e+06%)
beta            = 11.8582          +/- 9.671        (81.55%)

correlation matrix of the fit parameters:
                Tc     beta   
Tc              1.000 
beta           -0.069  1.000 


*******************************************************************************
Tue Jan 14 14:15:36 2025


FIT:    data read from "output" u 2:5
        format = x:z
        #datapoints = 6
        residuals are weighted equally (unit weight)

function used for fitting: m(x)
	m(x)=x<Tc? (0.9-(x/Tc))**beta:0.0
fitted parameters initialized with current variable values

iter      chisq       delta/lim  lambda   Tc            beta         
   0 5.1219931668e+00   0.00e+00  2.84e-02    7.000000e+01   4.000000e-01
   7 4.2712790529e-04  -5.64e-01  2.84e-09    9.660360e+01   3.243943e+01

After 7 iterations the fit converged.
final sum of squares of residuals : 0.000427128
rel. change during last iteration : -5.64121e-06

degrees of freedom    (FIT_NDF)                        : 4
rms of residuals      (FIT_STDFIT) = sqrt(WSSR/ndf)    : 0.0103335
variance of residuals (reduced chisquare) = WSSR/ndf   : 0.000106782

Final set of parameters            Asymptotic Standard Error
=======================            ==========================
Tc              = 96.6036          +/- 45.76        (47.36%)
beta            = 32.4394          +/- 1.364        (4.206%)

correlation matrix of the fit parameters:
                Tc     beta   
Tc              1.000 
beta           -0.540  1.000 


*******************************************************************************
Tue Jan 14 14:16:19 2025


FIT:    data read from "output" u 2:5
        format = x:z
        #datapoints = 3
        residuals are weighted equally (unit weight)

function used for fitting: m(x)
	m(x)=x<Tc? (0.9-(x/Tc))**beta:0.0
fitted parameters initialized with current variable values

iter      chisq       delta/lim  lambda   Tc            beta         
   0 1.7065085166e-01   0.00e+00  2.94e-02    7.000000e+01   4.000000e-01
   7 8.6345292827e-02  -1.56e-01  2.94e-09    2.601523e+06   2.202885e+00

After 7 iterations the fit converged.
final sum of squares of residuals : 0.0863453
rel. change during last iteration : -1.55949e-06

degrees of freedom    (FIT_NDF)                        : 1
rms of residuals      (FIT_STDFIT) = sqrt(WSSR/ndf)    : 0.293846
variance of residuals (reduced chisquare) = WSSR/ndf   : 0.0863453

Final set of parameters            Asymptotic Standard Error
=======================            ==========================
Tc              = 2.60152e+06      +/- 1.294e+12    (4.975e+07%)
beta            = 2.20289          +/- 2.177        (98.84%)

correlation matrix of the fit parameters:
                Tc     beta   
Tc              1.000 
beta            0.360  1.000 


*******************************************************************************
Tue Jan 14 14:16:46 2025


FIT:    data read from "output" u 2:5
        format = x:z
        #datapoints = 2
        residuals are weighted equally (unit weight)

function used for fitting: m(x)
	m(x)=x<Tc? (0.9-(x/Tc))**beta:0.0
fitted parameters initialized with current variable values

iter      chisq       delta/lim  lambda   Tc            beta         
   0 4.7171272910e-02   0.00e+00  2.79e-02    7.000000e+01   4.000000e-01
   8 0.0000000000e+00  -inf       2.79e-10    9.646535e+01   2.085456e+00

After 8 iterations the fit converged.
final sum of squares of residuals : 0
abs. change during last iteration : -4.93038e-32


Exactly as many data points as there are parameters.
In this degenerate case, all errors are zero by definition.

Final set of parameters 
======================= 

Tc              = 96.4653        
beta            = 2.08546        


*******************************************************************************
Tue Jan 14 14:33:45 2025


FIT:    data read from "output" u 2:5
        format = x:z
        #datapoints = 17
        residuals are weighted equally (unit weight)

function used for fitting: m(x)
	m(x)=x<Tc? (0.9-(x/Tc))**beta:0.0
fitted parameters initialized with current variable values

iter      chisq       delta/lim  lambda   Tc            beta         
   0 4.0362752697e+00   0.00e+00  2.97e-02    7.000000e+01   4.000000e-01
   7 8.4103249193e-01  -7.29e-02  2.97e-09    4.956013e+06   6.124674e+00

After 7 iterations the fit converged.
final sum of squares of residuals : 0.841032
rel. change during last iteration : -7.29027e-07

degrees of freedom    (FIT_NDF)                        : 15
rms of residuals      (FIT_STDFIT) = sqrt(WSSR/ndf)    : 0.236789
variance of residuals (reduced chisquare) = WSSR/ndf   : 0.0560688

Final set of parameters            Asymptotic Standard Error
=======================            ==========================
Tc              = 4.95601e+06      +/- 7.617e+11    (1.537e+07%)
beta            = 6.12467          +/- 1.143        (18.66%)

correlation matrix of the fit parameters:
                Tc     beta   
Tc              1.000 
beta            0.415  1.000 


*******************************************************************************
Tue Jan 14 15:09:41 2025


FIT:    data read from "output" u 2:5
        format = x:z
        #datapoints = 17
        residuals are weighted equally (unit weight)

function used for fitting: m(x)
	m(x)=x<Tc? (0.9-(x/Tc))**beta:0.0
fitted parameters initialized with current variable values

iter      chisq       delta/lim  lambda   Tc            beta         
   0 9.5482929014e+00   0.00e+00  2.94e-02    7.000000e+01   4.000000e-01
   6 2.6186325606e+00  -8.21e-02  2.94e-08    6.357715e+05   1.083632e+01

After 6 iterations the fit converged.
final sum of squares of residuals : 2.61863
rel. change during last iteration : -8.214e-07

degrees of freedom    (FIT_NDF)                        : 15
rms of residuals      (FIT_STDFIT) = sqrt(WSSR/ndf)    : 0.417822
variance of residuals (reduced chisquare) = WSSR/ndf   : 0.174576

Final set of parameters            Asymptotic Standard Error
=======================            ==========================
Tc              = 635772           +/- 2.554e+10    (4.017e+06%)
beta            = 10.8363          +/- 3.282        (30.29%)

correlation matrix of the fit parameters:
                Tc     beta   
Tc              1.000 
beta            0.395  1.000 


*******************************************************************************
Tue Jan 14 15:13:56 2025


FIT:    data read from "output" u 1:5
        format = x:z
        #datapoints = 17
        residuals are weighted equally (unit weight)

function used for fitting: m(x)
	m(x)=x<Tc? (1-(x/Tc))**beta:0.0
fitted parameters initialized with current variable values

iter      chisq       delta/lim  lambda   Tc            beta         
   0 1.7516171496e+00   0.00e+00  1.23e-01    7.000000e+01   4.000000e-01
   9 1.8553844684e-02  -3.10e-02  1.23e-10    1.487692e+02   2.607615e-01

After 9 iterations the fit converged.
final sum of squares of residuals : 0.0185538
rel. change during last iteration : -3.10454e-07

degrees of freedom    (FIT_NDF)                        : 15
rms of residuals      (FIT_STDFIT) = sqrt(WSSR/ndf)    : 0.0351699
variance of residuals (reduced chisquare) = WSSR/ndf   : 0.00123692

Final set of parameters            Asymptotic Standard Error
=======================            ==========================
Tc              = 148.769          +/- 20.08        (13.49%)
beta            = 0.260762         +/- 0.08296      (31.82%)

correlation matrix of the fit parameters:
                Tc     beta   
Tc              1.000 
beta            0.963  1.000 


*******************************************************************************
Tue Jan 14 15:43:18 2025


FIT:    data read from "output" u 1:5
        format = x:z
        #datapoints = 12
        residuals are weighted equally (unit weight)

function used for fitting: m(x)
	m(x)=x<Tc? (1-(x/Tc))**beta:0.0
fitted parameters initialized with current variable values

iter      chisq       delta/lim  lambda   Tc            beta         
   0 9.5305752304e-01   0.00e+00  1.46e-01    7.000000e+01   4.000000e-01
BREAK: Singular matrix in Invert_RtR

*******************************************************************************
Tue Jan 14 15:46:07 2025


FIT:    data read from "output" u 1:5
        format = x:z
        #datapoints = 17
        residuals are weighted equally (unit weight)

function used for fitting: m(x)
	m(x)=x<Tc? (1-(x/Tc))**beta:0.0
fitted parameters initialized with current variable values

iter      chisq       delta/lim  lambda   Tc            beta         
   0 9.5593921841e-01   0.00e+00  1.23e-01    7.000000e+01   4.000000e-01
  20 1.8965118378e-02  -5.30e-01  1.23e-15    2.670555e+13   3.213237e+12

After 20 iterations the fit converged.
final sum of squares of residuals : 0.0189651
rel. change during last iteration : -5.29867e-06

degrees of freedom    (FIT_NDF)                        : 15
rms of residuals      (FIT_STDFIT) = sqrt(WSSR/ndf)    : 0.0355576
variance of residuals (reduced chisquare) = WSSR/ndf   : 0.00126434

Final set of parameters            Asymptotic Standard Error
=======================            ==========================
Tc              = 2.67055e+13      +/- 1.04e+15     (3894%)
beta            = 3.21324e+12      +/- 1.191e+14    (3708%)

correlation matrix of the fit parameters:
                Tc     beta   
Tc              1.000 
beta            1.000  1.000 


*******************************************************************************
Tue Jan 14 16:19:13 2025


FIT:    data read from "output" u 1:5
        format = x:z
        #datapoints = 17
        residuals are weighted equally (unit weight)

function used for fitting: m(x)
	m(x)=x<Tc? (1-(x/Tc))**beta:0.0
fitted parameters initialized with current variable values

iter      chisq       delta/lim  lambda   Tc            beta         
   0 9.5593921841e-01   0.00e+00  1.23e-01    7.000000e+01   4.000000e-01
  20 1.8965118378e-02  -5.30e-01  1.23e-15    2.670555e+13   3.213237e+12

After 20 iterations the fit converged.
final sum of squares of residuals : 0.0189651
rel. change during last iteration : -5.29867e-06

degrees of freedom    (FIT_NDF)                        : 15
rms of residuals      (FIT_STDFIT) = sqrt(WSSR/ndf)    : 0.0355576
variance of residuals (reduced chisquare) = WSSR/ndf   : 0.00126434

Final set of parameters            Asymptotic Standard Error
=======================            ==========================
Tc              = 2.67055e+13      +/- 1.04e+15     (3894%)
beta            = 3.21324e+12      +/- 1.191e+14    (3708%)

correlation matrix of the fit parameters:
                Tc     beta   
Tc              1.000 
beta            1.000  1.000 


*******************************************************************************
Tue Jan 14 16:21:57 2025


FIT:    data read from "output" u 1:5
        format = x:z
        #datapoints = 17
        residuals are weighted equally (unit weight)

function used for fitting: m(x)
	m(x)=x<Tc? (1-(x/Tc))**beta:0.0
fitted parameters initialized with current variable values

iter      chisq       delta/lim  lambda   Tc            beta         
   0 9.5593921841e-01   0.00e+00  1.23e-01    7.000000e+01   4.000000e-01
  20 1.8965118378e-02  -5.30e-01  1.23e-15    2.670555e+13   3.213237e+12

After 20 iterations the fit converged.
final sum of squares of residuals : 0.0189651
rel. change during last iteration : -5.29867e-06

degrees of freedom    (FIT_NDF)                        : 15
rms of residuals      (FIT_STDFIT) = sqrt(WSSR/ndf)    : 0.0355576
variance of residuals (reduced chisquare) = WSSR/ndf   : 0.00126434

Final set of parameters            Asymptotic Standard Error
=======================            ==========================
Tc              = 2.67055e+13      +/- 1.04e+15     (3894%)
beta            = 3.21324e+12      +/- 1.191e+14    (3708%)

correlation matrix of the fit parameters:
                Tc     beta   
Tc              1.000 
beta            1.000  1.000 


*******************************************************************************
Tue Jan 14 16:22:02 2025


FIT:    data read from "output" u 1:5
        format = x:z
        #datapoints = 17
        residuals are weighted equally (unit weight)

function used for fitting: m(x)
	m(x)=x<Tc? (1-(x/Tc))**beta:0.0
fitted parameters initialized with current variable values

iter      chisq       delta/lim  lambda   Tc            beta         
   0 9.5593921841e-01   0.00e+00  1.23e-01    7.000000e+01   4.000000e-01
  20 1.8965118378e-02  -5.30e-01  1.23e-15    2.670555e+13   3.213237e+12

After 20 iterations the fit converged.
final sum of squares of residuals : 0.0189651
rel. change during last iteration : -5.29867e-06

degrees of freedom    (FIT_NDF)                        : 15
rms of residuals      (FIT_STDFIT) = sqrt(WSSR/ndf)    : 0.0355576
variance of residuals (reduced chisquare) = WSSR/ndf   : 0.00126434

Final set of parameters            Asymptotic Standard Error
=======================            ==========================
Tc              = 2.67055e+13      +/- 1.04e+15     (3894%)
beta            = 3.21324e+12      +/- 1.191e+14    (3708%)

correlation matrix of the fit parameters:
                Tc     beta   
Tc              1.000 
beta            1.000  1.000 


*******************************************************************************
Tue Jan 14 16:22:37 2025


FIT:    data read from "output" u 1:5
        format = x:z
        #datapoints = 17
        residuals are weighted equally (unit weight)

function used for fitting: m(x)
	m(x)=x<Tc? (1-(x/Tc))**beta:0.0
fitted parameters initialized with current variable values

iter      chisq       delta/lim  lambda   Tc            beta         
   0 9.5593921841e-01   0.00e+00  1.23e-01    7.000000e+01   4.000000e-01
  20 1.8965118378e-02  -5.30e-01  1.23e-15    2.670555e+13   3.213237e+12

After 20 iterations the fit converged.
final sum of squares of residuals : 0.0189651
rel. change during last iteration : -5.29867e-06

degrees of freedom    (FIT_NDF)                        : 15
rms of residuals      (FIT_STDFIT) = sqrt(WSSR/ndf)    : 0.0355576
variance of residuals (reduced chisquare) = WSSR/ndf   : 0.00126434

Final set of parameters            Asymptotic Standard Error
=======================            ==========================
Tc              = 2.67055e+13      +/- 1.04e+15     (3894%)
beta            = 3.21324e+12      +/- 1.191e+14    (3708%)

correlation matrix of the fit parameters:
                Tc     beta   
Tc              1.000 
beta            1.000  1.000 


*******************************************************************************
Tue Jan 14 16:24:10 2025


FIT:    data read from "output" u 1:5
        format = x:z
        #datapoints = 12
        residuals are weighted equally (unit weight)

function used for fitting: m(x)
	m(x)=x<Tc? (1-(x/Tc))**beta:0.0
fitted parameters initialized with current variable values

iter      chisq       delta/lim  lambda   Tc            beta         
   0 1.0383869228e+00   0.00e+00  1.46e-01    7.000000e+01   4.000000e-01
BREAK: Singular matrix in Invert_RtR

*******************************************************************************
Tue Jan 14 16:24:37 2025


FIT:    data read from "output" u 1:5
        format = x:z
        #datapoints = 9
        residuals are weighted equally (unit weight)

function used for fitting: m(x)
	m(x)=x<Tc? (1-(x/Tc))**beta:0.0
fitted parameters initialized with current variable values

iter      chisq       delta/lim  lambda   Tc            beta         
   0 4.8368319873e-01   0.00e+00  1.69e-01    7.000000e+01   4.000000e-01
BREAK: Singular matrix in Invert_RtR

*******************************************************************************
Tue Jan 14 16:25:55 2025


FIT:    data read from "output" u 1:5
        format = x:z
        #datapoints = 15
        residuals are weighted equally (unit weight)

function used for fitting: m(x)
	m(x)=x<Tc? (1-(x/Tc))**beta:0.0
fitted parameters initialized with current variable values

iter      chisq       delta/lim  lambda   Tc            beta         
   0 2.3079801369e+00   0.00e+00  1.31e-01    7.000000e+01   4.000000e-01
  12 1.1851404664e-02  -4.91e-04  1.31e-13    1.820780e+02   3.280664e-01

After 12 iterations the fit converged.
final sum of squares of residuals : 0.0118514
rel. change during last iteration : -4.91092e-09

degrees of freedom    (FIT_NDF)                        : 13
rms of residuals      (FIT_STDFIT) = sqrt(WSSR/ndf)    : 0.0301935
variance of residuals (reduced chisquare) = WSSR/ndf   : 0.000911647

Final set of parameters            Asymptotic Standard Error
=======================            ==========================
Tc              = 182.078          +/- 3.366        (1.849%)
beta            = 0.328066         +/- 0.02923      (8.911%)

correlation matrix of the fit parameters:
                Tc     beta   
Tc              1.000 
beta            0.835  1.000 


*******************************************************************************
Tue Jan 14 16:28:48 2025


FIT:    data read from "output" u 1:5
        format = x:z
        #datapoints = 17
        residuals are weighted equally (unit weight)

function used for fitting: m(x)
	m(x)=x<Tc? (1-(x/Tc))**beta:0.0
fitted parameters initialized with current variable values

iter      chisq       delta/lim  lambda   Tc            beta         
   0 1.0442724478e+00   0.00e+00  1.23e-01    7.000000e+01   4.000000e-01
  17 1.9585373495e-02  -2.35e-01  1.23e-16    4.309414e+12   7.564308e+11

After 17 iterations the fit converged.
final sum of squares of residuals : 0.0195854
rel. change during last iteration : -2.35019e-06

degrees of freedom    (FIT_NDF)                        : 15
rms of residuals      (FIT_STDFIT) = sqrt(WSSR/ndf)    : 0.0361344
variance of residuals (reduced chisquare) = WSSR/ndf   : 0.00130569

Final set of parameters            Asymptotic Standard Error
=======================            ==========================
Tc              = 4.30941e+12      +/- 2.632e+16    (6.109e+05%)
beta            = 7.56431e+11      +/- 4.618e+15    (6.106e+05%)

correlation matrix of the fit parameters:
                Tc     beta   
Tc              1.000 
beta            1.000  1.000 


*******************************************************************************
Tue Jan 14 16:29:36 2025


FIT:    data read from "output" u 1:5
        format = x:z
        #datapoints = 4
        residuals are weighted equally (unit weight)

function used for fitting: m(x)
	m(x)=x<Tc? (1-(x/Tc))**beta:0.0
fitted parameters initialized with current variable values

iter      chisq       delta/lim  lambda   Tc            beta         
   0 9.4204189191e-01   0.00e+00  2.54e-01    7.000000e+01   4.000000e-01
BREAK: Singular matrix in Invert_RtR

*******************************************************************************
Tue Jan 14 16:30:14 2025


FIT:    data read from "output" u 1:5
        format = x:z
        #datapoints = 4
        residuals are weighted equally (unit weight)

function used for fitting: m(x)
	m(x)=x<Tc? (1-(x/Tc))**beta:0.0
fitted parameters initialized with current variable values

iter      chisq       delta/lim  lambda   Tc            beta         
   0 9.4204189191e-01   0.00e+00  2.54e-01    7.000000e+01   4.000000e-01
BREAK: Singular matrix in Invert_RtR

*******************************************************************************
Tue Jan 14 16:30:27 2025


FIT:    data read from "output" u 1:5
        format = x:z
        #datapoints = 4
        residuals are weighted equally (unit weight)

function used for fitting: m(x)
	m(x)=x<Tc? (1-(x/Tc))**beta:0.0
fitted parameters initialized with current variable values

iter      chisq       delta/lim  lambda   Tc            beta         
   0 1.0279172435e+00   0.00e+00  2.54e-01    7.000000e+01   4.000000e-01
BREAK: Singular matrix in Invert_RtR

*******************************************************************************
Tue Jan 14 16:30:55 2025


FIT:    data read from "output" u 1:5
        format = x:z
        #datapoints = 9
        residuals are weighted equally (unit weight)

function used for fitting: m(x)
	m(x)=x<Tc? (1-(x/Tc))**beta:0.0
fitted parameters initialized with current variable values

iter      chisq       delta/lim  lambda   Tc            beta         
   0 1.0371226175e+00   0.00e+00  1.69e-01    7.000000e+01   4.000000e-01
BREAK: Singular matrix in Invert_RtR

*******************************************************************************
Tue Jan 14 16:31:08 2025


FIT:    data read from "output" u 1:5
        format = x:z
        #datapoints = 4
        residuals are weighted equally (unit weight)

function used for fitting: m(x)
	m(x)=x<Tc? (1-(x/Tc))**beta:0.0
fitted parameters initialized with current variable values

iter      chisq       delta/lim  lambda   Tc            beta         
   0 1.0279172435e+00   0.00e+00  2.54e-01    7.000000e+01   4.000000e-01
BREAK: Singular matrix in Invert_RtR

*******************************************************************************
Tue Jan 14 16:31:26 2025


FIT:    data read from "output" u 1:5
        format = x:z
        #datapoints = 7
        residuals are weighted equally (unit weight)

function used for fitting: m(x)
	m(x)=x<Tc? (1-(x/Tc))**beta:0.0
fitted parameters initialized with current variable values

iter      chisq       delta/lim  lambda   Tc            beta         
   0 1.0316299846e+00   0.00e+00  1.92e-01    7.000000e+01   4.000000e-01
BREAK: Singular matrix in Invert_RtR

*******************************************************************************
Tue Jan 14 16:31:43 2025


FIT:    data read from "output" u 1:5
        format = x:z
        #datapoints = 4
        residuals are weighted equally (unit weight)

function used for fitting: m(x)
	m(x)=x<Tc? (1-(x/Tc))**beta:0.0
fitted parameters initialized with current variable values

iter      chisq       delta/lim  lambda   Tc            beta         
   0 1.0279172435e+00   0.00e+00  2.54e-01    7.000000e+01   4.000000e-01
BREAK: Singular matrix in Invert_RtR

*******************************************************************************
Tue Jan 14 16:32:04 2025


FIT:    data read from "output" u 1:5
        format = x:z
        #datapoints = 4
        residuals are weighted equally (unit weight)

function used for fitting: m(x)
	m(x)=x<Tc? (1-(x/Tc))**beta:0.0
fitted parameters initialized with current variable values

iter      chisq       delta/lim  lambda   Tc            beta         
   0 1.0279172435e+00   0.00e+00  2.54e-01    7.000000e+01   4.000000e-01
BREAK: Singular matrix in Invert_RtR

*******************************************************************************
Tue Jan 14 16:32:31 2025


FIT:    data read from "output" u 1:5
        format = x:z
        #datapoints = 3
        residuals are weighted equally (unit weight)

function used for fitting: m(x)
	m(x)=x<Tc? (1-(x/Tc))**beta:0.0
fitted parameters initialized with current variable values

iter      chisq       delta/lim  lambda   Tc            beta         
   0 9.8744718442e-02   0.00e+00  2.93e-01    7.000000e+01   4.000000e-01
  10 0.0000000000e+00  -inf       2.93e-11    1.512552e+02   2.671211e-01

After 10 iterations the fit converged.
final sum of squares of residuals : 0
abs. change during last iteration : -6.16298e-32


Hmmmm.... Sum of squared residuals is zero. Can't compute errors.

Final set of parameters 
======================= 

Tc              = 151.255        
beta            = 0.267121       


*******************************************************************************
Tue Jan 14 16:32:59 2025


FIT:    data read from "output" u 1:5
        format = x:z
        #datapoints = 8
        residuals are weighted equally (unit weight)

function used for fitting: m(x)
	m(x)=x<Tc? (1-(x/Tc))**beta:0.0
fitted parameters initialized with current variable values

iter      chisq       delta/lim  lambda   Tc            beta         
   0 1.0335164709e+00   0.00e+00  1.79e-01    7.000000e+01   4.000000e-01
BREAK: Singular matrix in Invert_RtR

*******************************************************************************
Tue Jan 14 16:33:14 2025


FIT:    data read from "output" u 1:5
        format = x:z
        #datapoints = 6
        residuals are weighted equally (unit weight)

function used for fitting: m(x)
	m(x)=x<Tc? (1-(x/Tc))**beta:0.0
fitted parameters initialized with current variable values

iter      chisq       delta/lim  lambda   Tc            beta         
   0 4.8113014405e-01   0.00e+00  2.07e-01    7.000000e+01   4.000000e-01
BREAK: Singular matrix in Invert_RtR

*******************************************************************************
Tue Jan 14 16:33:47 2025


FIT:    data read from "output" u 1:5
        format = x:z
        #datapoints = 17
        residuals are weighted equally (unit weight)

function used for fitting: m(x)
	m(x)=x<Tc? (1-(x/Tc))**beta:0.0
fitted parameters initialized with current variable values

iter      chisq       delta/lim  lambda   Tc            beta         
   0 6.9818597903e-01   0.00e+00  1.23e-01    7.000000e+01   4.000000e-01
   6 7.7681285173e-03  -5.08e-01  1.23e-07    1.064004e+02   3.154088e-01

After 6 iterations the fit converged.
final sum of squares of residuals : 0.00776813
rel. change during last iteration : -5.07771e-06

degrees of freedom    (FIT_NDF)                        : 15
rms of residuals      (FIT_STDFIT) = sqrt(WSSR/ndf)    : 0.0227569
variance of residuals (reduced chisquare) = WSSR/ndf   : 0.000517875

Final set of parameters            Asymptotic Standard Error
=======================            ==========================
Tc              = 106.4            +/- 2.663        (2.503%)
beta            = 0.315409         +/- 0.03415      (10.83%)

correlation matrix of the fit parameters:
                Tc     beta   
Tc              1.000 
beta            0.901  1.000 


*******************************************************************************
Tue Jan 14 16:34:30 2025


FIT:    data read from "output" u 1:5
        format = x:z
        #datapoints = 3
        residuals are weighted equally (unit weight)

function used for fitting: m(x)
	m(x)=x<Tc? (1-(x/Tc))**beta:0.0
fitted parameters initialized with current variable values

iter      chisq       delta/lim  lambda   Tc            beta         
   0 6.5975730022e-01   0.00e+00  2.93e-01    7.000000e+01   4.000000e-01
BREAK: Singular matrix in Invert_RtR

*******************************************************************************
Tue Jan 14 16:38:22 2025


FIT:    data read from "output" u 1:5
        format = x:z
        #datapoints = 11
        residuals are weighted equally (unit weight)

function used for fitting: m(x)
	m(x)=x<Tc? (1-(x/Tc))**beta:0.0
fitted parameters initialized with current variable values

iter      chisq       delta/lim  lambda   Tc            beta         
   0 2.3107740560e+00   0.00e+00  1.53e-01    7.000000e+01   4.000000e-01
  12 1.0719869848e-02  -7.21e-05  1.53e-01    1.816800e+02   3.244667e-01

After 12 iterations the fit converged.
final sum of squares of residuals : 0.0107199
rel. change during last iteration : -7.20932e-10

degrees of freedom    (FIT_NDF)                        : 9
rms of residuals      (FIT_STDFIT) = sqrt(WSSR/ndf)    : 0.0345123
variance of residuals (reduced chisquare) = WSSR/ndf   : 0.0011911

Final set of parameters            Asymptotic Standard Error
=======================            ==========================
Tc              = 181.68           +/- 3.65         (2.009%)
beta            = 0.324467         +/- 0.03264      (10.06%)

correlation matrix of the fit parameters:
                Tc     beta   
Tc              1.000 
beta            0.829  1.000 


*******************************************************************************
Tue Jan 14 23:24:12 2025


FIT:    data read from "output" u 1:5
        format = x:z
        #datapoints = 21
        residuals are weighted equally (unit weight)

function used for fitting: m(x)
	m(x)=x<Tc? (1-(x/Tc))**beta:0.0
fitted parameters initialized with current variable values

iter      chisq       delta/lim  lambda   Tc            beta         
   0 3.6522426166e+00   0.00e+00  2.04e-01    7.000000e+01   4.000000e-01
  13 6.1752547608e-02  -3.89e-01  2.04e-14    1.788113e+02   3.170206e-01

After 13 iterations the fit converged.
final sum of squares of residuals : 0.0617525
rel. change during last iteration : -3.88843e-06

degrees of freedom    (FIT_NDF)                        : 19
rms of residuals      (FIT_STDFIT) = sqrt(WSSR/ndf)    : 0.0570099
variance of residuals (reduced chisquare) = WSSR/ndf   : 0.00325013

Final set of parameters            Asymptotic Standard Error
=======================            ==========================
Tc              = 178.811          +/- 11.72        (6.552%)
beta            = 0.317021         +/- 0.06237      (19.67%)

correlation matrix of the fit parameters:
                Tc     beta   
Tc              1.000 
beta            0.912  1.000 


*******************************************************************************
Tue Jan 14 23:48:37 2025


FIT:    data read from "output" u 1:5
        format = x:z
        #datapoints = 20
        residuals are weighted equally (unit weight)

function used for fitting: m(x)
	m(x)=x<Tc? (1-(x/Tc))**beta:0.0
fitted parameters initialized with current variable values

iter      chisq       delta/lim  lambda   Tc            beta         
   0 1.9370981084e+00   0.00e+00  2.09e-01    7.000000e+01   4.000000e-01
  20 1.4965744750e-02  -6.82e-01  2.09e-16    5.045271e+11   1.014816e+11

After 20 iterations the fit converged.
final sum of squares of residuals : 0.0149657
rel. change during last iteration : -6.81613e-06

degrees of freedom    (FIT_NDF)                        : 18
rms of residuals      (FIT_STDFIT) = sqrt(WSSR/ndf)    : 0.0288345
variance of residuals (reduced chisquare) = WSSR/ndf   : 0.00083143

Final set of parameters            Asymptotic Standard Error
=======================            ==========================
Tc              = 5.04527e+11      +/- 2.053e+14    (4.07e+04%)
beta            = 1.01482e+11      +/- 4.131e+13    (4.07e+04%)

correlation matrix of the fit parameters:
                Tc     beta   
Tc              1.000 
beta            1.000  1.000 


*******************************************************************************
Tue Jan 14 23:49:19 2025


FIT:    data read from "output" u 1:5
        format = x:z
        #datapoints = 11
        residuals are weighted equally (unit weight)

function used for fitting: m(x)
	m(x)=x<Tc? (1-(x/Tc))**beta:0.0
fitted parameters initialized with current variable values

iter      chisq       delta/lim  lambda   Tc            beta         
   0 1.9097892877e+00   0.00e+00  2.81e-01    7.000000e+01   4.000000e-01
  16 6.8458164171e-03  -4.52e-01  2.81e-15    1.274787e+12   2.424793e+11

After 16 iterations the fit converged.
final sum of squares of residuals : 0.00684582
rel. change during last iteration : -4.51514e-06

degrees of freedom    (FIT_NDF)                        : 9
rms of residuals      (FIT_STDFIT) = sqrt(WSSR/ndf)    : 0.0275798
variance of residuals (reduced chisquare) = WSSR/ndf   : 0.000760646

Final set of parameters            Asymptotic Standard Error
=======================            ==========================
Tc              = 1.27479e+12      +/- 6.508e+14    (5.105e+04%)
beta            = 2.42479e+11      +/- 1.242e+14    (5.12e+04%)

correlation matrix of the fit parameters:
                Tc     beta   
Tc              1.000 
beta            1.000  1.000 


*******************************************************************************
Tue Jan 14 23:50:27 2025


FIT:    data read from "output" u 1:5
        format = x:z
        #datapoints = 6
        residuals are weighted equally (unit weight)

function used for fitting: m(x)
	m(x)=x<Tc? (1-(x/Tc))**beta:0.0
fitted parameters initialized with current variable values

iter      chisq       delta/lim  lambda   Tc            beta         
   0 1.9063298989e+00   0.00e+00  3.81e-01    7.000000e+01   4.000000e-01
  21 3.3864299205e-03  -1.39e-01  3.81e-16    2.837760e+13   5.396293e+12

After 21 iterations the fit converged.
final sum of squares of residuals : 0.00338643
rel. change during last iteration : -1.39498e-06

degrees of freedom    (FIT_NDF)                        : 4
rms of residuals      (FIT_STDFIT) = sqrt(WSSR/ndf)    : 0.0290965
variance of residuals (reduced chisquare) = WSSR/ndf   : 0.000846607

Final set of parameters            Asymptotic Standard Error
=======================            ==========================
Tc              = 2.83776e+13      +/- 4.26e+14     (1501%)
beta            = 5.39629e+12      +/- 8.523e+13    (1579%)

correlation matrix of the fit parameters:
                Tc     beta   
Tc              1.000 
beta            1.000  1.000 


*******************************************************************************
Tue Jan 14 23:52:24 2025


FIT:    data read from "output" u 1:5
        format = x:z
        #datapoints = 21
        residuals are weighted equally (unit weight)

function used for fitting: m(x)
	m(x)=x<Tc? (1-(x/Tc))**beta:0.0
fitted parameters initialized with current variable values

iter      chisq       delta/lim  lambda   Tc            beta         
   0 3.7217339924e+00   0.00e+00  2.04e-01    7.000000e+01   4.000000e-01
  11 8.5474489483e-02  -2.26e-01  2.04e-12    1.747192e+02   2.926325e-01

After 11 iterations the fit converged.
final sum of squares of residuals : 0.0854745
rel. change during last iteration : -2.25729e-06

degrees of freedom    (FIT_NDF)                        : 19
rms of residuals      (FIT_STDFIT) = sqrt(WSSR/ndf)    : 0.067072
variance of residuals (reduced chisquare) = WSSR/ndf   : 0.00449866

Final set of parameters            Asymptotic Standard Error
=======================            ==========================
Tc              = 174.719          +/- 9.803        (5.611%)
beta            = 0.292632         +/- 0.05935      (20.28%)

correlation matrix of the fit parameters:
                Tc     beta   
Tc              1.000 
beta            0.880  1.000 


*******************************************************************************
Tue Jan 14 23:53:24 2025


FIT:    data read from "output" u 1:5
        format = x:z
        #datapoints = 11
        residuals are weighted equally (unit weight)

function used for fitting: m(x)
	m(x)=x<Tc? (1-(x/Tc))**beta:0.0
fitted parameters initialized with current variable values

iter      chisq       delta/lim  lambda   Tc            beta         
   0 1.9097892877e+00   0.00e+00  2.81e-01    7.000000e+01   4.000000e-01
  16 6.8458164171e-03  -4.52e-01  2.81e-15    1.274787e+12   2.424793e+11

After 16 iterations the fit converged.
final sum of squares of residuals : 0.00684582
rel. change during last iteration : -4.51514e-06

degrees of freedom    (FIT_NDF)                        : 9
rms of residuals      (FIT_STDFIT) = sqrt(WSSR/ndf)    : 0.0275798
variance of residuals (reduced chisquare) = WSSR/ndf   : 0.000760646

Final set of parameters            Asymptotic Standard Error
=======================            ==========================
Tc              = 1.27479e+12      +/- 6.508e+14    (5.105e+04%)
beta            = 2.42479e+11      +/- 1.242e+14    (5.12e+04%)

correlation matrix of the fit parameters:
                Tc     beta   
Tc              1.000 
beta            1.000  1.000 


*******************************************************************************
Wed Jan 15 00:01:50 2025


FIT:    data read from "output" u 1:5
        format = x:z
        #datapoints = 10
        residuals are weighted equally (unit weight)

function used for fitting: m(x)
	m(x)=x<Tc? (1-(x/Tc))**beta:0.0
fitted parameters initialized with current variable values

iter      chisq       delta/lim  lambda   Tc            beta         
   0 1.9094558857e+00   0.00e+00  2.95e-01    7.000000e+01   4.000000e-01
  17 6.5124220026e-03  -4.21e-01  2.95e-16    7.521949e+11   1.430000e+11

After 17 iterations the fit converged.
final sum of squares of residuals : 0.00651242
rel. change during last iteration : -4.20745e-06

degrees of freedom    (FIT_NDF)                        : 8
rms of residuals      (FIT_STDFIT) = sqrt(WSSR/ndf)    : 0.0285316
variance of residuals (reduced chisquare) = WSSR/ndf   : 0.000814053

Final set of parameters            Asymptotic Standard Error
=======================            ==========================
Tc              = 7.52195e+11      +/- 2.001e+14    (2.661e+04%)
beta            = 1.43e+11         +/- 3.803e+13    (2.659e+04%)

correlation matrix of the fit parameters:
                Tc     beta   
Tc              1.000 
beta            1.000  1.000 


*******************************************************************************
Wed Jan 15 00:03:29 2025


FIT:    data read from "output" u 1:5
        format = x:z
        #datapoints = 21
        residuals are weighted equally (unit weight)

function used for fitting: m(x)
	m(x)=x<Tc? (1-(x/Tc))**beta:0.0
fitted parameters initialized with current variable values

iter      chisq       delta/lim  lambda   Tc            beta         
   0 3.7217339924e+00   0.00e+00  2.04e-01    7.000000e+01   4.000000e-01
  11 8.5474489483e-02  -2.26e-01  2.04e-12    1.747192e+02   2.926325e-01

After 11 iterations the fit converged.
final sum of squares of residuals : 0.0854745
rel. change during last iteration : -2.25729e-06

degrees of freedom    (FIT_NDF)                        : 19
rms of residuals      (FIT_STDFIT) = sqrt(WSSR/ndf)    : 0.067072
variance of residuals (reduced chisquare) = WSSR/ndf   : 0.00449866

Final set of parameters            Asymptotic Standard Error
=======================            ==========================
Tc              = 174.719          +/- 9.803        (5.611%)
beta            = 0.292632         +/- 0.05935      (20.28%)

correlation matrix of the fit parameters:
                Tc     beta   
Tc              1.000 
beta            0.880  1.000 


*******************************************************************************
Wed Jan 15 00:04:29 2025


FIT:    data read from "output" u 1:5
        format = x:z
        #datapoints = 4
        residuals are weighted equally (unit weight)

function used for fitting: m(x)
	m(x)=x<Tc? (1-(x/Tc))**beta:0.0
fitted parameters initialized with current variable values

iter      chisq       delta/lim  lambda   Tc            beta         
   0 1.7164636061e+00   0.00e+00  2.26e-01    7.000000e+01   4.000000e-01
BREAK: Singular matrix in Invert_RtR

*******************************************************************************
Wed Jan 15 00:06:31 2025


FIT:    data read from "output" u 1:5
        format = x:z
        #datapoints = 4
        residuals are weighted equally (unit weight)

function used for fitting: m(x)
	m(x)=x<Tc? (1-(x/Tc))**beta:0.0
fitted parameters initialized with current variable values

iter      chisq       delta/lim  lambda   Tc            beta         
   0 1.7164636061e+00   0.00e+00  2.26e-01    7.000000e+01   4.000000e-01
BREAK: Singular matrix in Invert_RtR

*******************************************************************************
Wed Jan 15 00:09:57 2025


FIT:    data read from "output" u 1:5
        format = x:z
        #datapoints = 21
        residuals are weighted equally (unit weight)

function used for fitting: m(x)
	m(x)=x<Tc? (1-(x/Tc))**beta:0.0
fitted parameters initialized with current variable values

iter      chisq       delta/lim  lambda   Tc            beta         
   0 3.7217339924e+00   0.00e+00  2.04e-01    7.000000e+01   4.000000e-01
  11 8.5474489483e-02  -2.26e-01  2.04e-12    1.747192e+02   2.926325e-01

After 11 iterations the fit converged.
final sum of squares of residuals : 0.0854745
rel. change during last iteration : -2.25729e-06

degrees of freedom    (FIT_NDF)                        : 19
rms of residuals      (FIT_STDFIT) = sqrt(WSSR/ndf)    : 0.067072
variance of residuals (reduced chisquare) = WSSR/ndf   : 0.00449866

Final set of parameters            Asymptotic Standard Error
=======================            ==========================
Tc              = 174.719          +/- 9.803        (5.611%)
beta            = 0.292632         +/- 0.05935      (20.28%)

correlation matrix of the fit parameters:
                Tc     beta   
Tc              1.000 
beta            0.880  1.000 


*******************************************************************************
Wed Jan 15 00:10:33 2025


FIT:    data read from "output" u 1:5
        format = x:z
        #datapoints = 5
        residuals are weighted equally (unit weight)

function used for fitting: m(x)
	m(x)=x<Tc? (1-(x/Tc))**beta:0.0
fitted parameters initialized with current variable values

iter      chisq       delta/lim  lambda   Tc            beta         
   0 1.9059052545e+00   0.00e+00  4.18e-01    7.000000e+01   4.000000e-01
  18 2.9618236092e-03  -8.84e-01  4.18e-16    8.159335e+11   1.550663e+11

After 18 iterations the fit converged.
final sum of squares of residuals : 0.00296182
rel. change during last iteration : -8.84092e-06

degrees of freedom    (FIT_NDF)                        : 3
rms of residuals      (FIT_STDFIT) = sqrt(WSSR/ndf)    : 0.0314209
variance of residuals (reduced chisquare) = WSSR/ndf   : 0.000987275

Final set of parameters            Asymptotic Standard Error
=======================            ==========================
Tc              = 8.15933e+11      +/- 2.291e+14    (2.807e+04%)
beta            = 1.55066e+11      +/- 4.35e+13     (2.806e+04%)

correlation matrix of the fit parameters:
                Tc     beta   
Tc              1.000 
beta            1.000  1.000 


*******************************************************************************
Wed Jan 15 00:13:18 2025


FIT:    data read from "output" u 1:5
        format = x:z
        #datapoints = 12
        residuals are weighted equally (unit weight)

function used for fitting: m(x)
	m(x)=x<Tc? (1-(x/Tc))**beta:0.0
fitted parameters initialized with current variable values

iter      chisq       delta/lim  lambda   Tc            beta         
   0 3.3358040588e+00   0.00e+00  2.70e-01    7.000000e+01   4.000000e-01
  20 1.5443400711e-01  -7.61e-04  2.70e-12    1.060705e+14   3.861716e+11

After 20 iterations the fit converged.
final sum of squares of residuals : 0.154434
rel. change during last iteration : -7.61055e-09

degrees of freedom    (FIT_NDF)                        : 10
rms of residuals      (FIT_STDFIT) = sqrt(WSSR/ndf)    : 0.124271
variance of residuals (reduced chisquare) = WSSR/ndf   : 0.0154434

Final set of parameters            Asymptotic Standard Error
=======================            ==========================
Tc              = 1.0607e+14       +/- 3.266e+14    (307.9%)
beta            = 3.86172e+11      +/- 1.222e+12    (316.4%)

correlation matrix of the fit parameters:
                Tc     beta   
Tc              1.000 
beta            0.999  1.000 


*******************************************************************************
Wed Jan 15 00:13:35 2025


FIT:    data read from "output" u 1:5
        format = x:z
        #datapoints = 17
        residuals are weighted equally (unit weight)

function used for fitting: m(x)
	m(x)=x<Tc? (1-(x/Tc))**beta:0.0
fitted parameters initialized with current variable values

iter      chisq       delta/lim  lambda   Tc            beta         
   0 1.6654654673e+00   0.00e+00  2.26e-01    7.000000e+01   4.000000e-01
  20 1.8425150791e-02  -1.72e-05  2.26e-13    5.366291e+14   5.661902e+13

After 20 iterations the fit converged.
final sum of squares of residuals : 0.0184252
rel. change during last iteration : -1.71856e-10

degrees of freedom    (FIT_NDF)                        : 15
rms of residuals      (FIT_STDFIT) = sqrt(WSSR/ndf)    : 0.0350477
variance of residuals (reduced chisquare) = WSSR/ndf   : 0.00122834

Final set of parameters            Asymptotic Standard Error
=======================            ==========================
Tc              = 5.36629e+14      +/- 7.647e+13    (14.25%)
beta            = 5.6619e+13       +/- 6.062e+12    (10.71%)

correlation matrix of the fit parameters:
                Tc     beta   
Tc              1.000 
beta            0.378  1.000 


*******************************************************************************
Wed Jan 15 00:25:50 2025


FIT:    data read from "output" u 1:5
        format = x:z
        #datapoints = 2
        residuals are weighted equally (unit weight)

function used for fitting: m(x)
	m(x)=x<Tc? (1-(x/Tc))**beta:0.0
fitted parameters initialized with current variable values

iter      chisq       delta/lim  lambda   Tc            beta         
   0 3.9513997814e-03   0.00e+00  6.61e-02    7.000000e+01   4.000000e-01
BREAK: Singular matrix in Invert_RtR

*******************************************************************************
Wed Jan 15 00:26:18 2025


FIT:    data read from "output" u 1:5
        format = x:z
        #datapoints = 5
        residuals are weighted equally (unit weight)

function used for fitting: m(x)
	m(x)=x<Tc? (1-(x/Tc))**beta:0.0
fitted parameters initialized with current variable values

iter      chisq       delta/lim  lambda   Tc            beta         
   0 1.9059052545e+00   0.00e+00  4.18e-01    7.000000e+01   4.000000e-01
  18 2.9618236092e-03  -8.84e-01  4.18e-16    8.159335e+11   1.550663e+11

After 18 iterations the fit converged.
final sum of squares of residuals : 0.00296182
rel. change during last iteration : -8.84092e-06

degrees of freedom    (FIT_NDF)                        : 3
rms of residuals      (FIT_STDFIT) = sqrt(WSSR/ndf)    : 0.0314209
variance of residuals (reduced chisquare) = WSSR/ndf   : 0.000987275

Final set of parameters            Asymptotic Standard Error
=======================            ==========================
Tc              = 8.15933e+11      +/- 2.291e+14    (2.807e+04%)
beta            = 1.55066e+11      +/- 4.35e+13     (2.806e+04%)

correlation matrix of the fit parameters:
                Tc     beta   
Tc              1.000 
beta            1.000  1.000 


*******************************************************************************
Wed Jan 15 14:36:54 2025


FIT:    data read from "output" u 1:5
        format = x:z
        #datapoints = 3
        residuals are weighted equally (unit weight)

function used for fitting: m(x)
	m(x)=x<Tc? (1-(x/Tc))**beta:0.0
fitted parameters initialized with current variable values

iter      chisq       delta/lim  lambda   Tc            beta         
   0 1.4034289142e+00   0.00e+00  1.33e-01    7.000000e+01   4.000000e-01
BREAK: Singular matrix in Invert_RtR

*******************************************************************************
Wed Jan 15 14:37:49 2025


FIT:    data read from "output" u 1:5
        format = x:z
        #datapoints = 3
        residuals are weighted equally (unit weight)

function used for fitting: m(x)
	m(x)=x<Tc? (1-(x/Tc))**beta:0.0
fitted parameters initialized with current variable values

iter      chisq       delta/lim  lambda   Tc            beta         
   0 1.4034289142e+00   0.00e+00  1.33e-01    7.000000e+01   4.000000e-01
BREAK: Singular matrix in Invert_RtR

*******************************************************************************
Wed Jan 15 14:39:34 2025


FIT:    data read from "output" u 1:5
        format = x:z
        #datapoints = 3
        residuals are weighted equally (unit weight)

function used for fitting: m(x)
	m(x)=x<Tc? (1-(x/Tc))**beta:0.0
fitted parameters initialized with current variable values

iter      chisq       delta/lim  lambda   Tc            beta         
   0 1.4034289142e+00   0.00e+00  1.33e-01    7.000000e+01   4.000000e-01
BREAK: Singular matrix in Invert_RtR

*******************************************************************************
Wed Jan 15 14:55:47 2025


FIT:    data read from "output" u 1:5
        format = x:z
        #datapoints = 20
        residuals are weighted equally (unit weight)

function used for fitting: m(x)
	m(x)=x<Tc? (1-(x/Tc))**beta:0.0
fitted parameters initialized with current variable values

iter      chisq       delta/lim  lambda   Tc            beta         
   0 3.7212324832e+00   0.00e+00  2.09e-01    7.000000e+01   4.000000e-01
  11 8.4972984082e-02  -1.27e-01  2.09e-12    1.747275e+02   2.926814e-01

After 11 iterations the fit converged.
final sum of squares of residuals : 0.084973
rel. change during last iteration : -1.26919e-06

degrees of freedom    (FIT_NDF)                        : 18
rms of residuals      (FIT_STDFIT) = sqrt(WSSR/ndf)    : 0.0687075
variance of residuals (reduced chisquare) = WSSR/ndf   : 0.00472072

Final set of parameters            Asymptotic Standard Error
=======================            ==========================
Tc              = 174.728          +/- 10.05        (5.752%)
beta            = 0.292681         +/- 0.06083      (20.78%)

correlation matrix of the fit parameters:
                Tc     beta   
Tc              1.000 
beta            0.880  1.000 


*******************************************************************************
Wed Jan 15 15:17:35 2025


FIT:    data read from "output" u 1:5
        format = x:z
        #datapoints = 21
        residuals are weighted equally (unit weight)

function used for fitting: m(x)
	m(x)=x<Tc? (1-(x/Tc))**beta:0.0
fitted parameters initialized with current variable values

iter      chisq       delta/lim  lambda   Tc            beta         
   0 3.9886461676e+00   0.00e+00  2.04e-01    7.000000e+01   4.000000e-01
  12 9.8362616235e-02  -3.22e-01  2.04e-13    1.712024e+02   2.483876e-01

After 12 iterations the fit converged.
final sum of squares of residuals : 0.0983626
rel. change during last iteration : -3.22494e-06

degrees of freedom    (FIT_NDF)                        : 19
rms of residuals      (FIT_STDFIT) = sqrt(WSSR/ndf)    : 0.0719512
variance of residuals (reduced chisquare) = WSSR/ndf   : 0.00517698

Final set of parameters            Asymptotic Standard Error
=======================            ==========================
Tc              = 171.202          +/- 7.085        (4.138%)
beta            = 0.248388         +/- 0.04952      (19.93%)

correlation matrix of the fit parameters:
                Tc     beta   
Tc              1.000 
beta            0.837  1.000 


*******************************************************************************
Wed Jan 15 15:26:52 2025


FIT:    data read from "output" u 1:5
        format = x:z
        #datapoints = 49
        residuals are weighted equally (unit weight)

function used for fitting: m(x)
	m(x)=x<Tc? (1-(x/Tc))**beta:0.0
fitted parameters initialized with current variable values

iter      chisq       delta/lim  lambda   Tc            beta         
   0 1.2232858551e+01   0.00e+00  6.38e+00    7.000000e+01   4.000000e-01
  20 1.8702896547e-01  -1.66e-02  6.38e-20    1.796920e+02   2.745540e-01

After 20 iterations the fit converged.
final sum of squares of residuals : 0.187029
rel. change during last iteration : -1.66347e-07

degrees of freedom    (FIT_NDF)                        : 47
rms of residuals      (FIT_STDFIT) = sqrt(WSSR/ndf)    : 0.063082
variance of residuals (reduced chisquare) = WSSR/ndf   : 0.00397934

Final set of parameters            Asymptotic Standard Error
=======================            ==========================
Tc              = 179.692          +/- 3.798        (2.114%)
beta            = 0.274554         +/- 0.02519      (9.174%)

correlation matrix of the fit parameters:
                Tc     beta   
Tc              1.000 
beta            0.815  1.000 


*******************************************************************************
Wed Jan 15 15:35:05 2025


FIT:    data read from "output" u 1:5
        format = x:z
        #datapoints = 49
        residuals are weighted equally (unit weight)

function used for fitting: m(x)
	m(x)=x<Tc? (1-(x/Tc))**beta:0.0
fitted parameters initialized with current variable values

iter      chisq       delta/lim  lambda   Tc            beta         
   0 1.2157536676e+01   0.00e+00  6.38e+00    7.000000e+01   4.000000e-01
  30 8.7232133740e-02  -8.90e-01  6.38e-21    1.844037e+02   2.990801e-01

After 30 iterations the fit converged.
final sum of squares of residuals : 0.0872321
rel. change during last iteration : -8.90168e-06

degrees of freedom    (FIT_NDF)                        : 47
rms of residuals      (FIT_STDFIT) = sqrt(WSSR/ndf)    : 0.0430814
variance of residuals (reduced chisquare) = WSSR/ndf   : 0.001856

Final set of parameters            Asymptotic Standard Error
=======================            ==========================
Tc              = 184.404          +/- 2.427        (1.316%)
beta            = 0.29908          +/- 0.0172       (5.75%)

correlation matrix of the fit parameters:
                Tc     beta   
Tc              1.000 
beta            0.803  1.000 


*******************************************************************************
Wed Jan 15 15:39:48 2025


FIT:    data read from "output" u 1:5
        format = x:z
        #datapoints = 49
        residuals are weighted equally (unit weight)

function used for fitting: m(x)
	m(x)=x<Tc? (1-(x/Tc))**beta:0.0
fitted parameters initialized with current variable values

iter      chisq       delta/lim  lambda   Tc            beta         
   0 1.1927670440e+01   0.00e+00  6.38e+00    7.000000e+01   4.000000e-01
  25 9.6861660856e-02   0.00e+00  6.38e+04    1.824221e+02   2.998393e-01

After 25 iterations the fit converged.
final sum of squares of residuals : 0.0968617
rel. change during last iteration : 0

degrees of freedom    (FIT_NDF)                        : 47
rms of residuals      (FIT_STDFIT) = sqrt(WSSR/ndf)    : 0.045397
variance of residuals (reduced chisquare) = WSSR/ndf   : 0.00206089

Final set of parameters            Asymptotic Standard Error
=======================            ==========================
Tc              = 182.422          +/- 1.615        (0.8856%)
beta            = 0.299839         +/- 0.01528      (5.095%)

correlation matrix of the fit parameters:
                Tc     beta   
Tc              1.000 
beta            0.712  1.000 


*******************************************************************************
Mon Jan 27 19:50:37 2025


FIT:    data read from "output_MAE" using 1:5
        format = x:z
        #datapoints = 49
        residuals are weighted equally (unit weight)

function used for fitting: m1(x)
	m1(x) = x < Tc1 ? (1 - (x / Tc1))**beta1 : 0.0
fitted parameters initialized with current variable values

iter      chisq       delta/lim  lambda   Tc1           beta1        
   0 1.2286554039e+01   0.00e+00  6.38e+00    7.000000e+01   4.000000e-01
  25 1.1203539750e-01  -2.66e-02  6.38e-21    1.810034e+02   2.772719e-01

After 25 iterations the fit converged.
final sum of squares of residuals : 0.112035
rel. change during last iteration : -2.65519e-07

degrees of freedom    (FIT_NDF)                        : 47
rms of residuals      (FIT_STDFIT) = sqrt(WSSR/ndf)    : 0.0488235
variance of residuals (reduced chisquare) = WSSR/ndf   : 0.00238373

Final set of parameters            Asymptotic Standard Error
=======================            ==========================
Tc1             = 181.003          +/- 0.8949       (0.4944%)
beta1           = 0.277272         +/- 0.01336      (4.817%)

correlation matrix of the fit parameters:
                Tc1    beta1  
Tc1             1.000 
beta1           0.567  1.000 


*******************************************************************************
Mon Jan 27 19:50:37 2025


FIT:    data read from "output_no_MAE" using 1:5
        format = x:z
        #datapoints = 49
        residuals are weighted equally (unit weight)

function used for fitting: m2(x)
	m2(x) = x < Tc2 ? (1 - (x / Tc2))**beta2 : 0.0
fitted parameters initialized with current variable values

iter      chisq       delta/lim  lambda   Tc2           beta2        
   0 1.1927670440e+01   0.00e+00  6.38e+00    7.000000e+01   4.000000e-01
  25 9.6861660856e-02   0.00e+00  6.38e+04    1.824221e+02   2.998393e-01

After 25 iterations the fit converged.
final sum of squares of residuals : 0.0968617
rel. change during last iteration : 0

degrees of freedom    (FIT_NDF)                        : 47
rms of residuals      (FIT_STDFIT) = sqrt(WSSR/ndf)    : 0.045397
variance of residuals (reduced chisquare) = WSSR/ndf   : 0.00206089

Final set of parameters            Asymptotic Standard Error
=======================            ==========================
Tc2             = 182.422          +/- 1.615        (0.8856%)
beta2           = 0.299839         +/- 0.01528      (5.095%)

correlation matrix of the fit parameters:
                Tc2    beta2  
Tc2             1.000 
beta2           0.712  1.000 


*******************************************************************************
Tue Jan 28 23:11:47 2025


FIT:    data read from "output_MAE" using 1:5
        format = x:z
        #datapoints = 19
        residuals are weighted equally (unit weight)

function used for fitting: m1(x)
	m1(x) = x < Tc1 ? (1 - (x / Tc1))**beta1 : 0.0
fitted parameters initialized with current variable values

iter      chisq       delta/lim  lambda   Tc1           beta1        
   0 4.0301589742e+00   0.00e+00  2.14e-01    7.000000e+01   4.000000e-01
  13 5.6960867946e-03  -8.12e-01  2.14e-14    1.831001e+02   2.904801e-01

After 13 iterations the fit converged.
final sum of squares of residuals : 0.00569609
rel. change during last iteration : -8.11993e-06

degrees of freedom    (FIT_NDF)                        : 17
rms of residuals      (FIT_STDFIT) = sqrt(WSSR/ndf)    : 0.0183048
variance of residuals (reduced chisquare) = WSSR/ndf   : 0.000335064

Final set of parameters            Asymptotic Standard Error
=======================            ==========================
Tc1             = 183.1            +/- 0.9114       (0.4978%)
beta1           = 0.29048          +/- 0.01033      (3.556%)

correlation matrix of the fit parameters:
                Tc1    beta1  
Tc1             1.000 
beta1           0.726  1.000 


*******************************************************************************
Tue Jan 28 23:11:47 2025


FIT:    data read from "output_no_MAE" using 1:5
        format = x:z
        #datapoints = 19
        residuals are weighted equally (unit weight)

function used for fitting: m2(x)
	m2(x) = x < Tc2 ? (1 - (x / Tc2))**beta2 : 0.0
fitted parameters initialized with current variable values

iter      chisq       delta/lim  lambda   Tc2           beta2        
   0 3.9266256490e+00   0.00e+00  2.14e-01    7.000000e+01   4.000000e-01
  14 2.0611036600e-02  -1.82e-01  2.14e-15    1.823272e+02   3.004735e-01

After 14 iterations the fit converged.
final sum of squares of residuals : 0.020611
rel. change during last iteration : -1.82377e-06

degrees of freedom    (FIT_NDF)                        : 17
rms of residuals      (FIT_STDFIT) = sqrt(WSSR/ndf)    : 0.0348197
variance of residuals (reduced chisquare) = WSSR/ndf   : 0.00121241

Final set of parameters            Asymptotic Standard Error
=======================            ==========================
Tc2             = 182.327          +/- 1.365        (0.7485%)
beta2           = 0.300473         +/- 0.01888      (6.284%)

correlation matrix of the fit parameters:
                Tc2    beta2  
Tc2             1.000 
beta2           0.683  1.000 


*******************************************************************************
Tue Jan 28 23:13:36 2025


FIT:    data read from "output_MAE" using 1:5
        format = x:z
        #datapoints = 19
        residuals are weighted equally (unit weight)

function used for fitting: m1(x)
	m1(x) = x < Tc1 ? (1 - (x / Tc1))**beta1 : 0.0
fitted parameters initialized with current variable values

iter      chisq       delta/lim  lambda   Tc1           beta1        
   0 4.0301589742e+00   0.00e+00  2.14e-01    7.000000e+01   4.000000e-01
  13 5.6960867946e-03  -8.12e-01  2.14e-14    1.831001e+02   2.904801e-01

After 13 iterations the fit converged.
final sum of squares of residuals : 0.00569609
rel. change during last iteration : -8.11993e-06

degrees of freedom    (FIT_NDF)                        : 17
rms of residuals      (FIT_STDFIT) = sqrt(WSSR/ndf)    : 0.0183048
variance of residuals (reduced chisquare) = WSSR/ndf   : 0.000335064

Final set of parameters            Asymptotic Standard Error
=======================            ==========================
Tc1             = 183.1            +/- 0.9114       (0.4978%)
beta1           = 0.29048          +/- 0.01033      (3.556%)

correlation matrix of the fit parameters:
                Tc1    beta1  
Tc1             1.000 
beta1           0.726  1.000 


*******************************************************************************
Tue Jan 28 23:13:36 2025


FIT:    data read from "output_no_MAE" using 1:5
        format = x:z
        #datapoints = 19
        residuals are weighted equally (unit weight)

function used for fitting: m2(x)
	m2(x) = x < Tc2 ? (1 - (x / Tc2))**beta2 : 0.0
fitted parameters initialized with current variable values

iter      chisq       delta/lim  lambda   Tc2           beta2        
   0 3.9266256490e+00   0.00e+00  2.14e-01    7.000000e+01   4.000000e-01
  14 2.0611036600e-02  -1.82e-01  2.14e-15    1.823272e+02   3.004735e-01

After 14 iterations the fit converged.
final sum of squares of residuals : 0.020611
rel. change during last iteration : -1.82377e-06

degrees of freedom    (FIT_NDF)                        : 17
rms of residuals      (FIT_STDFIT) = sqrt(WSSR/ndf)    : 0.0348197
variance of residuals (reduced chisquare) = WSSR/ndf   : 0.00121241

Final set of parameters            Asymptotic Standard Error
=======================            ==========================
Tc2             = 182.327          +/- 1.365        (0.7485%)
beta2           = 0.300473         +/- 0.01888      (6.284%)

correlation matrix of the fit parameters:
                Tc2    beta2  
Tc2             1.000 
beta2           0.683  1.000 


*******************************************************************************
Tue Jan 28 23:14:50 2025


FIT:    data read from "output_MAE" using 1:5
        format = x:z
        #datapoints = 19
        residuals are weighted equally (unit weight)

function used for fitting: m1(x)
	m1(x) = x < Tc1 ? (1 - (x / Tc1))**beta1 : 0.0
fitted parameters initialized with current variable values

iter      chisq       delta/lim  lambda   Tc1           beta1        
   0 4.0301589742e+00   0.00e+00  2.14e-01    7.000000e+01   4.000000e-01
  13 5.6960867946e-03  -8.12e-01  2.14e-14    1.831001e+02   2.904801e-01

After 13 iterations the fit converged.
final sum of squares of residuals : 0.00569609
rel. change during last iteration : -8.11993e-06

degrees of freedom    (FIT_NDF)                        : 17
rms of residuals      (FIT_STDFIT) = sqrt(WSSR/ndf)    : 0.0183048
variance of residuals (reduced chisquare) = WSSR/ndf   : 0.000335064

Final set of parameters            Asymptotic Standard Error
=======================            ==========================
Tc1             = 183.1            +/- 0.9114       (0.4978%)
beta1           = 0.29048          +/- 0.01033      (3.556%)

correlation matrix of the fit parameters:
                Tc1    beta1  
Tc1             1.000 
beta1           0.726  1.000 


*******************************************************************************
Tue Jan 28 23:14:50 2025


FIT:    data read from "output_no_MAE" using 1:5
        format = x:z
        #datapoints = 19
        residuals are weighted equally (unit weight)

function used for fitting: m2(x)
	m2(x) = x < Tc2 ? (1 - (x / Tc2))**beta2 : 0.0
fitted parameters initialized with current variable values

iter      chisq       delta/lim  lambda   Tc2           beta2        
   0 3.9266256490e+00   0.00e+00  2.14e-01    7.000000e+01   4.000000e-01
  14 2.0611036600e-02  -1.82e-01  2.14e-15    1.823272e+02   3.004735e-01

After 14 iterations the fit converged.
final sum of squares of residuals : 0.020611
rel. change during last iteration : -1.82377e-06

degrees of freedom    (FIT_NDF)                        : 17
rms of residuals      (FIT_STDFIT) = sqrt(WSSR/ndf)    : 0.0348197
variance of residuals (reduced chisquare) = WSSR/ndf   : 0.00121241

Final set of parameters            Asymptotic Standard Error
=======================            ==========================
Tc2             = 182.327          +/- 1.365        (0.7485%)
beta2           = 0.300473         +/- 0.01888      (6.284%)

correlation matrix of the fit parameters:
                Tc2    beta2  
Tc2             1.000 
beta2           0.683  1.000 


*******************************************************************************
Tue Jan 28 23:15:02 2025


FIT:    data read from "output_MAE" using 1:5
        format = x:z
        #datapoints = 19
        residuals are weighted equally (unit weight)

function used for fitting: m1(x)
	m1(x) = x < Tc1 ? (1 - (x / Tc1))**beta1 : 0.0
fitted parameters initialized with current variable values

iter      chisq       delta/lim  lambda   Tc1           beta1        
   0 4.0301589742e+00   0.00e+00  2.14e-01    7.000000e+01   4.000000e-01
  13 5.6960867946e-03  -8.12e-01  2.14e-14    1.831001e+02   2.904801e-01

After 13 iterations the fit converged.
final sum of squares of residuals : 0.00569609
rel. change during last iteration : -8.11993e-06

degrees of freedom    (FIT_NDF)                        : 17
rms of residuals      (FIT_STDFIT) = sqrt(WSSR/ndf)    : 0.0183048
variance of residuals (reduced chisquare) = WSSR/ndf   : 0.000335064

Final set of parameters            Asymptotic Standard Error
=======================            ==========================
Tc1             = 183.1            +/- 0.9114       (0.4978%)
beta1           = 0.29048          +/- 0.01033      (3.556%)

correlation matrix of the fit parameters:
                Tc1    beta1  
Tc1             1.000 
beta1           0.726  1.000 


*******************************************************************************
Tue Jan 28 23:15:02 2025


FIT:    data read from "output_no_MAE" using 1:5
        format = x:z
        #datapoints = 19
        residuals are weighted equally (unit weight)

function used for fitting: m2(x)
	m2(x) = x < Tc2 ? (1 - (x / Tc2))**beta2 : 0.0
fitted parameters initialized with current variable values

iter      chisq       delta/lim  lambda   Tc2           beta2        
   0 3.9266256490e+00   0.00e+00  2.14e-01    7.000000e+01   4.000000e-01
  14 2.0611036600e-02  -1.82e-01  2.14e-15    1.823272e+02   3.004735e-01

After 14 iterations the fit converged.
final sum of squares of residuals : 0.020611
rel. change during last iteration : -1.82377e-06

degrees of freedom    (FIT_NDF)                        : 17
rms of residuals      (FIT_STDFIT) = sqrt(WSSR/ndf)    : 0.0348197
variance of residuals (reduced chisquare) = WSSR/ndf   : 0.00121241

Final set of parameters            Asymptotic Standard Error
=======================            ==========================
Tc2             = 182.327          +/- 1.365        (0.7485%)
beta2           = 0.300473         +/- 0.01888      (6.284%)

correlation matrix of the fit parameters:
                Tc2    beta2  
Tc2             1.000 
beta2           0.683  1.000 


*******************************************************************************
Tue Jan 28 23:16:54 2025


FIT:    data read from "output_MAE" using 1:5
        format = x:z
        #datapoints = 19
        residuals are weighted equally (unit weight)

function used for fitting: m1(x)
	m1(x) = x < Tc1 ? (1 - (x / Tc1))**beta1 : 0.0
fitted parameters initialized with current variable values

iter      chisq       delta/lim  lambda   Tc1           beta1        
   0 4.0301589742e+00   0.00e+00  2.14e-01    7.000000e+01   4.000000e-01
  13 5.6960867946e-03  -8.12e-01  2.14e-14    1.831001e+02   2.904801e-01

After 13 iterations the fit converged.
final sum of squares of residuals : 0.00569609
rel. change during last iteration : -8.11993e-06

degrees of freedom    (FIT_NDF)                        : 17
rms of residuals      (FIT_STDFIT) = sqrt(WSSR/ndf)    : 0.0183048
variance of residuals (reduced chisquare) = WSSR/ndf   : 0.000335064

Final set of parameters            Asymptotic Standard Error
=======================            ==========================
Tc1             = 183.1            +/- 0.9114       (0.4978%)
beta1           = 0.29048          +/- 0.01033      (3.556%)

correlation matrix of the fit parameters:
                Tc1    beta1  
Tc1             1.000 
beta1           0.726  1.000 


*******************************************************************************
Tue Jan 28 23:16:54 2025


FIT:    data read from "output_no_MAE" using 1:5
        format = x:z
        #datapoints = 19
        residuals are weighted equally (unit weight)

function used for fitting: m2(x)
	m2(x) = x < Tc2 ? (1 - (x / Tc2))**beta2 : 0.0
fitted parameters initialized with current variable values

iter      chisq       delta/lim  lambda   Tc2           beta2        
   0 3.9266256490e+00   0.00e+00  2.14e-01    7.000000e+01   4.000000e-01
  14 2.0611036600e-02  -1.82e-01  2.14e-15    1.823272e+02   3.004735e-01

After 14 iterations the fit converged.
final sum of squares of residuals : 0.020611
rel. change during last iteration : -1.82377e-06

degrees of freedom    (FIT_NDF)                        : 17
rms of residuals      (FIT_STDFIT) = sqrt(WSSR/ndf)    : 0.0348197
variance of residuals (reduced chisquare) = WSSR/ndf   : 0.00121241

Final set of parameters            Asymptotic Standard Error
=======================            ==========================
Tc2             = 182.327          +/- 1.365        (0.7485%)
beta2           = 0.300473         +/- 0.01888      (6.284%)

correlation matrix of the fit parameters:
                Tc2    beta2  
Tc2             1.000 
beta2           0.683  1.000 


*******************************************************************************
Wed Jan 29 00:49:19 2025


FIT:    data read from "output_MAE" using 1:5
        format = x:z
        #datapoints = 19
        residuals are weighted equally (unit weight)

function used for fitting: m1(x)
	m1(x) = x < Tc1 ? (1 - (x / Tc1))**beta1 : 0.0
fitted parameters initialized with current variable values

iter      chisq       delta/lim  lambda   Tc1           beta1        
   0 4.0301589742e+00   0.00e+00  2.14e-01    7.000000e+01   4.000000e-01
  13 5.6960867946e-03  -8.12e-01  2.14e-14    1.831001e+02   2.904801e-01

After 13 iterations the fit converged.
final sum of squares of residuals : 0.00569609
rel. change during last iteration : -8.11993e-06

degrees of freedom    (FIT_NDF)                        : 17
rms of residuals      (FIT_STDFIT) = sqrt(WSSR/ndf)    : 0.0183048
variance of residuals (reduced chisquare) = WSSR/ndf   : 0.000335064

Final set of parameters            Asymptotic Standard Error
=======================            ==========================
Tc1             = 183.1            +/- 0.9114       (0.4978%)
beta1           = 0.29048          +/- 0.01033      (3.556%)

correlation matrix of the fit parameters:
                Tc1    beta1  
Tc1             1.000 
beta1           0.726  1.000 


*******************************************************************************
Wed Jan 29 00:49:19 2025


FIT:    data read from "output_no_MAE" using 1:5
        format = x:z
        #datapoints = 19
        residuals are weighted equally (unit weight)

function used for fitting: m2(x)
	m2(x) = x < Tc2 ? (1 - (x / Tc2))**beta2 : 0.0
fitted parameters initialized with current variable values

iter      chisq       delta/lim  lambda   Tc2           beta2        
   0 3.8330595792e+00   0.00e+00  2.14e-01    7.000000e+01   4.000000e-01
  15 1.8156211829e-03  -1.81e-01  2.14e-16    1.809685e+02   3.010783e-01

After 15 iterations the fit converged.
final sum of squares of residuals : 0.00181562
rel. change during last iteration : -1.81104e-06

degrees of freedom    (FIT_NDF)                        : 17
rms of residuals      (FIT_STDFIT) = sqrt(WSSR/ndf)    : 0.0103345
variance of residuals (reduced chisquare) = WSSR/ndf   : 0.000106801

Final set of parameters            Asymptotic Standard Error
=======================            ==========================
Tc2             = 180.968          +/- 0.206        (0.1138%)
beta2           = 0.301078         +/- 0.005037     (1.673%)

correlation matrix of the fit parameters:
                Tc2    beta2  
Tc2             1.000 
beta2           0.571  1.000 


*******************************************************************************
Wed Jan 29 00:50:31 2025


FIT:    data read from "output_MAE" using 1:5
        format = x:z
        #datapoints = 19
        residuals are weighted equally (unit weight)

function used for fitting: m1(x)
	m1(x) = x < Tc1 ? (1 - (x / Tc1))**beta1 : 0.0
fitted parameters initialized with current variable values

iter      chisq       delta/lim  lambda   Tc1           beta1        
   0 4.0301589742e+00   0.00e+00  2.14e-01    7.000000e+01   4.000000e-01
  13 5.6960867946e-03  -8.12e-01  2.14e-14    1.831001e+02   2.904801e-01

After 13 iterations the fit converged.
final sum of squares of residuals : 0.00569609
rel. change during last iteration : -8.11993e-06

degrees of freedom    (FIT_NDF)                        : 17
rms of residuals      (FIT_STDFIT) = sqrt(WSSR/ndf)    : 0.0183048
variance of residuals (reduced chisquare) = WSSR/ndf   : 0.000335064

Final set of parameters            Asymptotic Standard Error
=======================            ==========================
Tc1             = 183.1            +/- 0.9114       (0.4978%)
beta1           = 0.29048          +/- 0.01033      (3.556%)

correlation matrix of the fit parameters:
                Tc1    beta1  
Tc1             1.000 
beta1           0.726  1.000 


*******************************************************************************
Wed Jan 29 00:50:31 2025


FIT:    data read from "output_no_MAE" using 1:5
        format = x:z
        #datapoints = 19
        residuals are weighted equally (unit weight)

function used for fitting: m2(x)
	m2(x) = x < Tc2 ? (1 - (x / Tc2))**beta2 : 0.0
fitted parameters initialized with current variable values

iter      chisq       delta/lim  lambda   Tc2           beta2        
   0 3.8330595792e+00   0.00e+00  2.14e-01    7.000000e+01   4.000000e-01
  15 1.8156211829e-03  -1.81e-01  2.14e-16    1.809685e+02   3.010783e-01

After 15 iterations the fit converged.
final sum of squares of residuals : 0.00181562
rel. change during last iteration : -1.81104e-06

degrees of freedom    (FIT_NDF)                        : 17
rms of residuals      (FIT_STDFIT) = sqrt(WSSR/ndf)    : 0.0103345
variance of residuals (reduced chisquare) = WSSR/ndf   : 0.000106801

Final set of parameters            Asymptotic Standard Error
=======================            ==========================
Tc2             = 180.968          +/- 0.206        (0.1138%)
beta2           = 0.301078         +/- 0.005037     (1.673%)

correlation matrix of the fit parameters:
                Tc2    beta2  
Tc2             1.000 
beta2           0.571  1.000 


*******************************************************************************
Wed Jan 29 01:06:51 2025


FIT:    data read from "output_MAE" using 1:5
        format = x:z
        #datapoints = 19
        residuals are weighted equally (unit weight)

function used for fitting: m1(x)
	m1(x) = x < Tc1 ? (1 - (x / Tc1))**beta1 : 0.0
fitted parameters initialized with current variable values

iter      chisq       delta/lim  lambda   Tc1           beta1        
   0 4.0301589742e+00   0.00e+00  2.14e-01    7.000000e+01   4.000000e-01
  13 5.6960867946e-03  -8.12e-01  2.14e-14    1.831001e+02   2.904801e-01

After 13 iterations the fit converged.
final sum of squares of residuals : 0.00569609
rel. change during last iteration : -8.11993e-06

degrees of freedom    (FIT_NDF)                        : 17
rms of residuals      (FIT_STDFIT) = sqrt(WSSR/ndf)    : 0.0183048
variance of residuals (reduced chisquare) = WSSR/ndf   : 0.000335064

Final set of parameters            Asymptotic Standard Error
=======================            ==========================
Tc1             = 183.1            +/- 0.9114       (0.4978%)
beta1           = 0.29048          +/- 0.01033      (3.556%)

correlation matrix of the fit parameters:
                Tc1    beta1  
Tc1             1.000 
beta1           0.726  1.000 


*******************************************************************************
Wed Jan 29 01:06:51 2025


FIT:    data read from "output_no_MAE" using 1:5
        format = x:z
        #datapoints = 19
        residuals are weighted equally (unit weight)

function used for fitting: m2(x)
	m2(x) = x < Tc2 ? (1 - (x / Tc2))**beta2 : 0.0
fitted parameters initialized with current variable values

iter      chisq       delta/lim  lambda   Tc2           beta2        
   0 3.8330595792e+00   0.00e+00  2.14e-01    7.000000e+01   4.000000e-01
  15 1.8156211829e-03  -1.81e-01  2.14e-16    1.809685e+02   3.010783e-01

After 15 iterations the fit converged.
final sum of squares of residuals : 0.00181562
rel. change during last iteration : -1.81104e-06

degrees of freedom    (FIT_NDF)                        : 17
rms of residuals      (FIT_STDFIT) = sqrt(WSSR/ndf)    : 0.0103345
variance of residuals (reduced chisquare) = WSSR/ndf   : 0.000106801

Final set of parameters            Asymptotic Standard Error
=======================            ==========================
Tc2             = 180.968          +/- 0.206        (0.1138%)
beta2           = 0.301078         +/- 0.005037     (1.673%)

correlation matrix of the fit parameters:
                Tc2    beta2  
Tc2             1.000 
beta2           0.571  1.000 
