==========================================================================================
Information: 
Exchange parameters generated by TB2J 0.4.4.1
Generation time: 24/11/01 05:03:52
 Input from non-collinear Wannier90 data.
 Tight binding data from ./. 
 Prefix of wannier function files:wannier90.
Warning: Please check if the noise level of Wannier function Hamiltonian to make sure it is much smaller than the exchange values.
 The DMI component parallel to the spin orientation, the Jani which has the component of that orientation should be disregarded
 e.g. if the spins are along z, the xz, yz, zz, zx, zy components and the z component of DMI.
 If you need these component, try to do three calculations with spin along x, y, z,  or use structure with z rotated to x, y and z. And then use TB2J_merge.py to get the full set of parameters.


==========================================================================================
Cell (Angstrom):
 3.787   0.000   0.000
-1.894   3.280   0.000
 0.000   0.000   6.096

==========================================================================================
Atoms:  
(Note: charge and magmoms only count the wannier functions.)
Atom_number      x         y         z     w_charge    M(x)      M(y)      M(z)   
Cr1             0.0000    0.0000    3.0480    4.8733    0.0003    0.0000    3.3667
Te1             0.0000    2.1864    1.4625    4.5475   -0.0002   -0.0001   -0.3258
Te2             1.8935    1.0932    4.6335    4.5475   -0.0003   -0.0001   -0.3257
Total                                        13.9684   -0.0003   -0.0002    2.7152

==========================================================================================
Exchange: 
    i      j          R        J_iso(meV)          vector          distance(A) 
----------------------------------------------------------------------------------------
   Cr1   Cr1   ( -1,  -1,   0)  4.5019   (-1.894, -3.280,  0.000)  3.787 
J_iso:  4.5019 
[Testing!] Jprime: 14.568,  B: -5.125
[Testing!] DMI: ( 0.0015  0.0029 -0.0068)
[Testing!]J_ani:
[[ -0.24    0.093  -0.197]
 [  0.093  -0.126   0.123]
 [ -0.197   0.123 -10.249]]
----------------------------------------------------------------------------------------
   Cr1   Cr1   ( -1,   0,   0)  4.4235   (-3.787,  0.000,  0.000)  3.787 
J_iso:  4.4235 
[Testing!] Jprime: 14.441,  B: -5.099
[Testing!] DMI: ( 0.0006  0.0082  0.0005)
[Testing!]J_ani:
[[ -0.074   0.004  -0.014]
 [  0.004  -0.288  -0.241]
 [ -0.014  -0.241 -10.199]]
----------------------------------------------------------------------------------------
   Cr1   Cr1   (  0,  -1,   0)  4.3942   ( 1.894, -3.280,  0.000)  3.787 
J_iso:  4.3942 
[Testing!] Jprime: 14.386,  B: -5.087
[Testing!] DMI: ( 0.0042  0.0098 -0.0143)
[Testing!]J_ani:
[[ -0.243  -0.1     0.171]
 [ -0.1    -0.121   0.126]
 [  0.171   0.126 -10.175]]
----------------------------------------------------------------------------------------
   Cr1   Cr1   (  0,   1,   0)  4.3942   (-1.894,  3.280,  0.000)  3.787 
J_iso:  4.3942 
[Testing!] Jprime: 14.386,  B: -5.087
[Testing!] DMI: (-0.0042 -0.0098  0.0143)
[Testing!]J_ani:
[[ -0.243  -0.1     0.171]
 [ -0.1    -0.121   0.126]
 [  0.171   0.126 -10.175]]
----------------------------------------------------------------------------------------
   Cr1   Cr1   (  1,   0,   0)  4.4235   ( 3.787,  0.000,  0.000)  3.787 
J_iso:  4.4235 
[Testing!] Jprime: 14.441,  B: -5.099
[Testing!] DMI: (-0.0006 -0.0082 -0.0005)
[Testing!]J_ani:
[[ -0.074   0.004  -0.014]
 [  0.004  -0.288  -0.241]
 [ -0.014  -0.241 -10.199]]
----------------------------------------------------------------------------------------
   Cr1   Cr1   (  1,   1,   0)  4.5019   ( 1.894,  3.280,  0.000)  3.787 
J_iso:  4.5019 
[Testing!] Jprime: 14.568,  B: -5.125
[Testing!] DMI: (-0.0015 -0.0029  0.0068)
[Testing!]J_ani:
[[ -0.24    0.093  -0.197]
 [  0.093  -0.126   0.123]
 [ -0.197   0.123 -10.249]]
----------------------------------------------------------------------------------------
   Cr1   Cr1   (  0,   0,  -1)  2.1164   ( 0.000,  0.000, -6.096)  6.096 
J_iso:  2.1164 
[Testing!] Jprime: 4.905,  B: -1.428
[Testing!] DMI: (-0.0179  0.0173 -0.0383)
[Testing!]J_ani:
[[-0.068 -0.007 -0.032]
 [-0.007 -0.069  0.009]
 [-0.032  0.009 -2.857]]
----------------------------------------------------------------------------------------
   Cr1   Cr1   (  0,   0,   1)  2.1164   ( 0.000,  0.000,  6.096)  6.096 
J_iso:  2.1164 
[Testing!] Jprime: 4.905,  B: -1.428
[Testing!] DMI: ( 0.0179 -0.0173  0.0383)
[Testing!]J_ani:
[[-0.068 -0.007 -0.032]
 [-0.007 -0.069  0.009]
 [-0.032  0.009 -2.857]]
----------------------------------------------------------------------------------------
   Cr1   Cr1   ( -1,  -2,   0)  1.9669   ( 0.000, -6.559,  0.000)  6.559 
J_iso:  1.9669 
[Testing!] Jprime: 3.576,  B: -0.733
[Testing!] DMI: (-0.0048  0.0013  0.0108)
[Testing!]J_ani:
[[-0.023  0.002  0.005]
 [ 0.002  0.311 -0.238]
 [ 0.005 -0.238 -1.466]]
----------------------------------------------------------------------------------------
   Cr1   Cr1   (  1,   2,   0)  1.9669   ( 0.000,  6.559,  0.000)  6.559 
J_iso:  1.9669 
[Testing!] Jprime: 3.576,  B: -0.733
[Testing!] DMI: ( 0.0048 -0.0013 -0.0108)
[Testing!]J_ani:
[[-0.023  0.002  0.005]
 [ 0.002  0.311 -0.238]
 [ 0.005 -0.238 -1.466]]
----------------------------------------------------------------------------------------
   Cr1   Cr1   ( -2,  -1,   0)  1.9704   (-5.681, -3.280,  0.000)  6.559 
J_iso:  1.9704 
[Testing!] Jprime: 3.558,  B: -0.715
[Testing!] DMI: ( 0.0033 -0.0016 -0.0182)
[Testing!]J_ani:
[[ 0.243  0.156  0.194]
 [ 0.156  0.072  0.105]
 [ 0.194  0.105 -1.43 ]]
----------------------------------------------------------------------------------------
   Cr1   Cr1   ( -1,   1,   0)  1.9529   (-5.681,  3.280,  0.000)  6.559 
J_iso:  1.9529 
[Testing!] Jprime: 3.469,  B: -0.687
[Testing!] DMI: (-0.0039  0.0096 -0.0551)
[Testing!]J_ani:
[[ 0.235 -0.158 -0.179]
 [-0.158  0.051  0.119]
 [-0.179  0.119 -1.374]]
----------------------------------------------------------------------------------------
   Cr1   Cr1   (  1,  -1,   0)  1.9529   ( 5.681, -3.280,  0.000)  6.559 
J_iso:  1.9529 
[Testing!] Jprime: 3.469,  B: -0.687
[Testing!] DMI: ( 0.0039 -0.0096  0.0551)
[Testing!]J_ani:
[[ 0.235 -0.158 -0.179]
 [-0.158  0.051  0.119]
 [-0.179  0.119 -1.374]]
----------------------------------------------------------------------------------------
   Cr1   Cr1   (  2,   1,   0)  1.9704   ( 5.681,  3.280,  0.000)  6.559 
J_iso:  1.9704 
[Testing!] Jprime: 3.558,  B: -0.715
[Testing!] DMI: (-0.0033  0.0016  0.0182)
[Testing!]J_ani:
[[ 0.243  0.156  0.194]
 [ 0.156  0.072  0.105]
 [ 0.194  0.105 -1.43 ]]
----------------------------------------------------------------------------------------
   Cr1   Cr1   ( -1,  -1,  -1)  0.4021   (-1.894, -3.280, -6.096)  7.177 
J_iso:  0.4021 
[Testing!] Jprime: 1.622,  B: -0.605
[Testing!] DMI: ( 0.0003 -0.0016  0.0016)
[Testing!]J_ani:
[[-0.054 -0.007  0.059]
 [-0.007  0.075 -0.139]
 [ 0.059 -0.139 -1.21 ]]
----------------------------------------------------------------------------------------
   Cr1   Cr1   ( -1,  -1,   1)  0.4001   (-1.894, -3.280,  6.096)  7.177 
J_iso:  0.4001 
[Testing!] Jprime: 1.599,  B: -0.596
[Testing!] DMI: ( 0.0016  0.0002  0.0014)
[Testing!]J_ani:
[[ 0.054  0.053  0.16 ]
 [ 0.053 -0.038 -0.002]
 [ 0.16  -0.002 -1.191]]
----------------------------------------------------------------------------------------
   Cr1   Cr1   ( -1,   0,  -1)  0.4109   (-3.787,  0.000, -6.096)  7.177 
J_iso:  0.4109 
[Testing!] Jprime: 1.671,  B: -0.628
[Testing!] DMI: (-0.0013  0.0008  0.0000)
[Testing!]J_ani:
[[ 0.034 -0.052 -0.075]
 [-0.052 -0.023  0.098]
 [-0.075  0.098 -1.255]]
----------------------------------------------------------------------------------------
   Cr1   Cr1   ( -1,   0,   1)  0.3757   (-3.787,  0.000,  6.096)  7.177 
J_iso:  0.3757 
[Testing!] Jprime: 1.606,  B: -0.610
[Testing!] DMI: ( 0.0021  0.0035  0.0114)
[Testing!]J_ani:
[[ 0.035  0.056  0.056]
 [ 0.056 -0.016  0.144]
 [ 0.056  0.144 -1.221]]
----------------------------------------------------------------------------------------
   Cr1   Cr1   (  0,  -1,  -1)  0.3429   ( 1.894, -3.280, -6.096)  7.177 
J_iso:  0.3429 
[Testing!] Jprime: 1.510,  B: -0.580
[Testing!] DMI: ( 0.0017  0.0051 -0.0182)
[Testing!]J_ani:
[[-0.054  0.002 -0.075]
 [ 0.002  0.07  -0.134]
 [-0.075 -0.134 -1.159]]
----------------------------------------------------------------------------------------
   Cr1   Cr1   (  0,  -1,   1)  0.4058   ( 1.894, -3.280,  6.096)  7.177 
J_iso:  0.4058 
[Testing!] Jprime: 1.634,  B: -0.615
[Testing!] DMI: ( 0.0013  0.0018  0.0001)
[Testing!]J_ani:
[[ 0.033 -0.057 -0.143]
 [-0.057 -0.035  0.021]
 [-0.143  0.021 -1.229]]
----------------------------------------------------------------------------------------
   Cr1   Cr1   (  0,   1,  -1)  0.4058   (-1.894,  3.280, -6.096)  7.177 
J_iso:  0.4058 
[Testing!] Jprime: 1.634,  B: -0.615
[Testing!] DMI: (-0.0013 -0.0018 -0.0001)
[Testing!]J_ani:
[[ 0.033 -0.057 -0.143]
 [-0.057 -0.035  0.021]
 [-0.143  0.021 -1.229]]
----------------------------------------------------------------------------------------
   Cr1   Cr1   (  0,   1,   1)  0.3429   (-1.894,  3.280,  6.096)  7.177 
J_iso:  0.3429 
[Testing!] Jprime: 1.510,  B: -0.580
[Testing!] DMI: (-0.0017 -0.0051  0.0182)
[Testing!]J_ani:
[[-0.054  0.002 -0.075]
 [ 0.002  0.07  -0.134]
 [-0.075 -0.134 -1.159]]
----------------------------------------------------------------------------------------
   Cr1   Cr1   (  1,   0,  -1)  0.3757   ( 3.787,  0.000, -6.096)  7.177 
J_iso:  0.3757 
[Testing!] Jprime: 1.606,  B: -0.610
[Testing!] DMI: (-0.0021 -0.0035 -0.0114)
[Testing!]J_ani:
[[ 0.035  0.056  0.056]
 [ 0.056 -0.016  0.144]
 [ 0.056  0.144 -1.221]]
----------------------------------------------------------------------------------------
   Cr1   Cr1   (  1,   0,   1)  0.4109   ( 3.787,  0.000,  6.096)  7.177 
J_iso:  0.4109 
[Testing!] Jprime: 1.671,  B: -0.628
[Testing!] DMI: ( 0.0013 -0.0008 -0.0000)
[Testing!]J_ani:
[[ 0.034 -0.052 -0.075]
 [-0.052 -0.023  0.098]
 [-0.075  0.098 -1.255]]
----------------------------------------------------------------------------------------
   Cr1   Cr1   (  1,   1,  -1)  0.4001   ( 1.894,  3.280, -6.096)  7.177 
J_iso:  0.4001 
[Testing!] Jprime: 1.599,  B: -0.596
[Testing!] DMI: (-0.0016 -0.0002 -0.0014)
[Testing!]J_ani:
[[ 0.054  0.053  0.16 ]
 [ 0.053 -0.038 -0.002]
 [ 0.16  -0.002 -1.191]]
----------------------------------------------------------------------------------------
   Cr1   Cr1   (  1,   1,   1)  0.4021   ( 1.894,  3.280,  6.096)  7.177 
J_iso:  0.4021 
[Testing!] Jprime: 1.622,  B: -0.605
[Testing!] DMI: (-0.0003  0.0016 -0.0016)
[Testing!]J_ani:
[[-0.054 -0.007  0.059]
 [-0.007  0.075 -0.139]
 [ 0.059 -0.139 -1.21 ]]
----------------------------------------------------------------------------------------
   Cr1   Cr1   ( -2,  -2,   0)  0.0576   (-3.787, -6.559,  0.000)  7.574 
J_iso:  0.0576 
[Testing!] Jprime: -0.450,  B: 0.312
[Testing!] DMI: (-0.0064 -0.0169  0.0132)
[Testing!]J_ani:
[[ 0.084  0.048 -0.291]
 [ 0.048  0.151  0.166]
 [-0.291  0.166  0.625]]
----------------------------------------------------------------------------------------
   Cr1   Cr1   ( -2,   0,   0)  0.1013   (-7.574,  0.000,  0.000)  7.574 
J_iso:  0.1013 
[Testing!] Jprime: -0.305,  B: 0.258
[Testing!] DMI: ( 0.0021  0.0082 -0.0258)
[Testing!]J_ani:
[[ 0.165 -0.006 -0.003]
 [-0.006  0.057 -0.335]
 [-0.003 -0.335  0.517]]
----------------------------------------------------------------------------------------
   Cr1   Cr1   (  0,  -2,   0)  0.1019   ( 3.787, -6.559,  0.000)  7.574 
J_iso:  0.1019 
[Testing!] Jprime: -0.358,  B: 0.292
[Testing!] DMI: (-0.0024  0.0050  0.0162)
[Testing!]J_ani:
[[ 0.102 -0.045  0.307]
 [-0.045  0.145  0.177]
 [ 0.307  0.177  0.583]]
----------------------------------------------------------------------------------------
   Cr1   Cr1   (  0,   2,   0)  0.1019   (-3.787,  6.559,  0.000)  7.574 
J_iso:  0.1019 
[Testing!] Jprime: -0.358,  B: 0.292
[Testing!] DMI: ( 0.0024 -0.0050 -0.0162)
[Testing!]J_ani:
[[ 0.102 -0.045  0.307]
 [-0.045  0.145  0.177]
 [ 0.307  0.177  0.583]]
----------------------------------------------------------------------------------------
   Cr1   Cr1   (  2,   0,   0)  0.1013   ( 7.574,  0.000,  0.000)  7.574 
J_iso:  0.1013 
[Testing!] Jprime: -0.305,  B: 0.258
[Testing!] DMI: (-0.0021 -0.0082  0.0258)
[Testing!]J_ani:
[[ 0.165 -0.006 -0.003]
 [-0.006  0.057 -0.335]
 [-0.003 -0.335  0.517]]
----------------------------------------------------------------------------------------
   Cr1   Cr1   (  2,   2,   0)  0.0576   ( 3.787,  6.559,  0.000)  7.574 
J_iso:  0.0576 
[Testing!] Jprime: -0.450,  B: 0.312
[Testing!] DMI: ( 0.0064  0.0169 -0.0132)
[Testing!]J_ani:
[[ 0.084  0.048 -0.291]
 [ 0.048  0.151  0.166]
 [-0.291  0.166  0.625]]
----------------------------------------------------------------------------------------
   Cr1   Cr1   ( -1,  -2,  -1) -1.0475   ( 0.000, -6.559, -6.096)  8.955 
J_iso: -1.0475 
[Testing!] Jprime: -1.152,  B: 0.105
[Testing!] DMI: ( 0.0038  0.0013  0.0146)
[Testing!]J_ani:
[[0.135 0.008 0.019]
 [0.008 0.077 0.222]
 [0.019 0.222 0.21 ]]
----------------------------------------------------------------------------------------
   Cr1   Cr1   ( -1,  -2,   1) -2.0168   ( 0.000, -6.559,  6.096)  8.955 
J_iso: -2.0168 
[Testing!] Jprime: -2.860,  B: 0.388
[Testing!] DMI: (-0.0061 -0.0030  0.0004)
[Testing!]J_ani:
[[-0.097  0.001 -0.012]
 [ 0.001 -0.04   0.071]
 [-0.012  0.071  0.775]]
----------------------------------------------------------------------------------------
   Cr1   Cr1   (  1,   2,  -1) -2.0168   ( 0.000,  6.559, -6.096)  8.955 
J_iso: -2.0168 
[Testing!] Jprime: -2.860,  B: 0.388
[Testing!] DMI: ( 0.0061  0.0030 -0.0004)
[Testing!]J_ani:
[[-0.097  0.001 -0.012]
 [ 0.001 -0.04   0.071]
 [-0.012  0.071  0.775]]
----------------------------------------------------------------------------------------
   Cr1   Cr1   (  1,   2,   1) -1.0475   ( 0.000,  6.559,  6.096)  8.955 
J_iso: -1.0475 
[Testing!] Jprime: -1.152,  B: 0.105
[Testing!] DMI: (-0.0038 -0.0013 -0.0146)
[Testing!]J_ani:
[[0.135 0.008 0.019]
 [0.008 0.077 0.222]
 [0.019 0.222 0.21 ]]
----------------------------------------------------------------------------------------
   Cr1   Cr1   ( -2,  -1,  -1) -2.1245   (-5.681, -3.280, -6.096)  8.955 
J_iso: -2.1245 
[Testing!] Jprime: -3.073,  B: 0.439
[Testing!] DMI: (-0.0011 -0.0135  0.0082)
[Testing!]J_ani:
[[-0.055  0.026 -0.062]
 [ 0.026 -0.084 -0.04 ]
 [-0.062 -0.04   0.879]]
----------------------------------------------------------------------------------------
   Cr1   Cr1   ( -2,  -1,   1) -1.1386   (-5.681, -3.280,  6.096)  8.955 
J_iso: -1.1386 
[Testing!] Jprime: -1.356,  B: 0.169
[Testing!] DMI: ( 0.0017  0.0134 -0.0283)
[Testing!]J_ani:
[[ 0.1   -0.02  -0.177]
 [-0.02   0.14  -0.122]
 [-0.177 -0.122  0.337]]
----------------------------------------------------------------------------------------
   Cr1   Cr1   ( -1,   1,  -1) -1.2012   (-5.681,  3.280, -6.096)  8.955 
J_iso: -1.2012 
[Testing!] Jprime: -1.513,  B: 0.208
[Testing!] DMI: (-0.0061  0.0133 -0.0537)
[Testing!]J_ani:
[[ 0.093  0.021  0.203]
 [ 0.021  0.117 -0.115]
 [ 0.203 -0.115  0.417]]
----------------------------------------------------------------------------------------
   Cr1   Cr1   ( -1,   1,   1) -2.0189   (-5.681,  3.280,  6.096)  8.955 
J_iso: -2.0189 
[Testing!] Jprime: -2.946,  B: 0.435
[Testing!] DMI: ( 0.0028 -0.0021  0.0017)
[Testing!]J_ani:
[[-0.03  -0.033  0.058]
 [-0.033 -0.084 -0.037]
 [ 0.058 -0.037  0.87 ]]
----------------------------------------------------------------------------------------
   Cr1   Cr1   (  1,  -1,  -1) -2.0189   ( 5.681, -3.280, -6.096)  8.955 
J_iso: -2.0189 
[Testing!] Jprime: -2.946,  B: 0.435
[Testing!] DMI: (-0.0028  0.0021 -0.0017)
[Testing!]J_ani:
[[-0.03  -0.033  0.058]
 [-0.033 -0.084 -0.037]
 [ 0.058 -0.037  0.87 ]]
----------------------------------------------------------------------------------------
   Cr1   Cr1   (  1,  -1,   1) -1.2012   ( 5.681, -3.280,  6.096)  8.955 
J_iso: -1.2012 
[Testing!] Jprime: -1.513,  B: 0.208
[Testing!] DMI: ( 0.0061 -0.0133  0.0537)
[Testing!]J_ani:
[[ 0.093  0.021  0.203]
 [ 0.021  0.117 -0.115]
 [ 0.203 -0.115  0.417]]
----------------------------------------------------------------------------------------
   Cr1   Cr1   (  2,   1,  -1) -1.1386   ( 5.681,  3.280, -6.096)  8.955 
J_iso: -1.1386 
[Testing!] Jprime: -1.356,  B: 0.169
[Testing!] DMI: (-0.0017 -0.0134  0.0283)
[Testing!]J_ani:
[[ 0.1   -0.02  -0.177]
 [-0.02   0.14  -0.122]
 [-0.177 -0.122  0.337]]
----------------------------------------------------------------------------------------
   Cr1   Cr1   (  2,   1,   1) -2.1245   ( 5.681,  3.280,  6.096)  8.955 
J_iso: -2.1245 
[Testing!] Jprime: -3.073,  B: 0.439
[Testing!] DMI: ( 0.0011  0.0135 -0.0082)
[Testing!]J_ani:
[[-0.055  0.026 -0.062]
 [ 0.026 -0.084 -0.04 ]
 [-0.062 -0.04   0.879]]
----------------------------------------------------------------------------------------
   Cr1   Cr1   ( -2,  -2,  -1) -0.0705   (-3.787, -6.559, -6.096)  9.722 
J_iso: -0.0705 
[Testing!] Jprime: -0.102,  B: 0.013
[Testing!] DMI: (-0.0016 -0.0111  0.0138)
[Testing!]J_ani:
[[ 0.014  0.061  0.056]
 [ 0.061 -0.024  0.264]
 [ 0.056  0.264  0.026]]
----------------------------------------------------------------------------------------
   Cr1   Cr1   ( -2,  -2,   1) -0.0871   (-3.787, -6.559,  6.096)  9.722 
J_iso: -0.0871 
[Testing!] Jprime: -0.154,  B: 0.032
[Testing!] DMI: (-0.0045 -0.0075 -0.0001)
[Testing!]J_ani:
[[-0.066  0.015 -0.198]
 [ 0.015  0.059 -0.183]
 [-0.198 -0.183  0.063]]
----------------------------------------------------------------------------------------
   Cr1   Cr1   ( -2,   0,  -1) -0.1493   (-7.574,  0.000, -6.096)  9.722 
J_iso: -0.1493 
[Testing!] Jprime: -0.263,  B: 0.053
[Testing!] DMI: (-0.0012  0.0014 -0.0126)
[Testing!]J_ani:
[[ 0.043  0.049  0.251]
 [ 0.049 -0.056 -0.068]
 [ 0.251 -0.068  0.107]]
----------------------------------------------------------------------------------------
   Cr1   Cr1   ( -2,   0,   1) -0.0324   (-7.574,  0.000,  6.096)  9.722 
J_iso: -0.0324 
[Testing!] Jprime: -0.066,  B: 0.016
[Testing!] DMI: ( 0.0028  0.0087 -0.0159)
[Testing!]J_ani:
[[ 0.039 -0.051 -0.247]
 [-0.051 -0.043 -0.087]
 [-0.247 -0.087  0.031]]
----------------------------------------------------------------------------------------
   Cr1   Cr1   (  0,  -2,  -1) -0.0832   ( 3.787, -6.559, -6.096)  9.722 
J_iso: -0.0832 
[Testing!] Jprime: -0.129,  B: 0.022
[Testing!] DMI: ( 0.0005  0.0079 -0.0012)
[Testing!]J_ani:
[[ 0.021 -0.061 -0.031]
 [-0.061 -0.027  0.238]
 [-0.031  0.238  0.043]]
----------------------------------------------------------------------------------------
   Cr1   Cr1   (  0,  -2,   1) -0.1346   ( 3.787, -6.559,  6.096)  9.722 
J_iso: -0.1346 
[Testing!] Jprime: -0.264,  B: 0.065
[Testing!] DMI: (-0.0029 -0.0005  0.0100)
[Testing!]J_ani:
[[-0.065 -0.02   0.171]
 [-0.02   0.064 -0.167]
 [ 0.171 -0.167  0.129]]
----------------------------------------------------------------------------------------
   Cr1   Cr1   (  0,   2,  -1) -0.1346   (-3.787,  6.559, -6.096)  9.722 
J_iso: -0.1346 
[Testing!] Jprime: -0.264,  B: 0.065
[Testing!] DMI: ( 0.0029  0.0005 -0.0100)
[Testing!]J_ani:
[[-0.065 -0.02   0.171]
 [-0.02   0.064 -0.167]
 [ 0.171 -0.167  0.129]]
----------------------------------------------------------------------------------------
   Cr1   Cr1   (  0,   2,   1) -0.0832   (-3.787,  6.559,  6.096)  9.722 
J_iso: -0.0832 
[Testing!] Jprime: -0.129,  B: 0.022
[Testing!] DMI: (-0.0005 -0.0079  0.0012)
[Testing!]J_ani:
[[ 0.021 -0.061 -0.031]
 [-0.061 -0.027  0.238]
 [-0.031  0.238  0.043]]
----------------------------------------------------------------------------------------
   Cr1   Cr1   (  2,   0,  -1) -0.0324   ( 7.574,  0.000, -6.096)  9.722 
J_iso: -0.0324 
[Testing!] Jprime: -0.066,  B: 0.016
[Testing!] DMI: (-0.0028 -0.0087  0.0159)
[Testing!]J_ani:
[[ 0.039 -0.051 -0.247]
 [-0.051 -0.043 -0.087]
 [-0.247 -0.087  0.031]]
----------------------------------------------------------------------------------------
   Cr1   Cr1   (  2,   0,   1) -0.1493   ( 7.574,  0.000,  6.096)  9.722 
J_iso: -0.1493 
[Testing!] Jprime: -0.263,  B: 0.053
[Testing!] DMI: ( 0.0012 -0.0014  0.0126)
[Testing!]J_ani:
[[ 0.043  0.049  0.251]
 [ 0.049 -0.056 -0.068]
 [ 0.251 -0.068  0.107]]
----------------------------------------------------------------------------------------
   Cr1   Cr1   (  2,   2,  -1) -0.0871   ( 3.787,  6.559, -6.096)  9.722 
J_iso: -0.0871 
[Testing!] Jprime: -0.154,  B: 0.032
[Testing!] DMI: ( 0.0045  0.0075  0.0001)
[Testing!]J_ani:
[[-0.066  0.015 -0.198]
 [ 0.015  0.059 -0.183]
 [-0.198 -0.183  0.063]]
----------------------------------------------------------------------------------------
   Cr1   Cr1   (  2,   2,   1) -0.0705   ( 3.787,  6.559,  6.096)  9.722 
J_iso: -0.0705 
[Testing!] Jprime: -0.102,  B: 0.013
[Testing!] DMI: ( 0.0016  0.0111 -0.0138)
[Testing!]J_ani:
[[ 0.014  0.061  0.056]
 [ 0.061 -0.024  0.264]
 [ 0.056  0.264  0.026]]
----------------------------------------------------------------------------------------
   Cr1   Cr1   ( -2,  -3,   0) -0.2211   (-1.894, -9.839,  0.000) 10.019 
J_iso: -0.2211 
[Testing!] Jprime: -1.362,  B: 0.593
[Testing!] DMI: (-0.0001  0.0009  0.0092)
[Testing!]J_ani:
[[ 0.048 -0.011 -0.089]
 [-0.011  0.041 -0.169]
 [-0.089 -0.169  1.185]]
----------------------------------------------------------------------------------------
   Cr1   Cr1   ( -2,   1,   0) -0.1731   (-9.468,  3.280,  0.000) 10.019 
J_iso: -0.1731 
[Testing!] Jprime: -1.221,  B: 0.546
[Testing!] DMI: ( 0.0024  0.0006 -0.0047)
[Testing!]J_ani:
[[ 0.029  0.012 -0.181]
 [ 0.012  0.059  0.022]
 [-0.181  0.022  1.092]]
----------------------------------------------------------------------------------------
   Cr1   Cr1   ( -1,  -3,   0) -0.2165   ( 1.894, -9.839,  0.000) 10.019 
J_iso: -0.2165 
[Testing!] Jprime: -1.326,  B: 0.579
[Testing!] DMI: (-0.0019 -0.0040 -0.0027)
[Testing!]J_ani:
[[ 0.059 -0.002  0.085]
 [-0.002  0.037 -0.178]
 [ 0.085 -0.178  1.157]]
----------------------------------------------------------------------------------------
   Cr1   Cr1   ( -1,   2,   0) -0.1577   (-7.574,  6.559,  0.000) 10.019 
J_iso: -0.1577 
[Testing!] Jprime: -1.172,  B: 0.528
[Testing!] DMI: ( 0.0007 -0.0024 -0.0036)
[Testing!]J_ani:
[[ 0.037  0.014 -0.104]
 [ 0.014  0.048  0.155]
 [-0.104  0.155  1.057]]
----------------------------------------------------------------------------------------
   Cr1   Cr1   (  1,  -2,   0) -0.1577   ( 7.574, -6.559,  0.000) 10.019 
J_iso: -0.1577 
[Testing!] Jprime: -1.172,  B: 0.528
[Testing!] DMI: (-0.0007  0.0024  0.0036)
[Testing!]J_ani:
[[ 0.037  0.014 -0.104]
 [ 0.014  0.048  0.155]
 [-0.104  0.155  1.057]]
----------------------------------------------------------------------------------------
   Cr1   Cr1   (  1,   3,   0) -0.2165   (-1.894,  9.839,  0.000) 10.019 
J_iso: -0.2165 
[Testing!] Jprime: -1.326,  B: 0.579
[Testing!] DMI: ( 0.0019  0.0040  0.0027)
[Testing!]J_ani:
[[ 0.059 -0.002  0.085]
 [-0.002  0.037 -0.178]
 [ 0.085 -0.178  1.157]]
----------------------------------------------------------------------------------------
   Cr1   Cr1   (  2,  -1,   0) -0.1731   ( 9.468, -3.280,  0.000) 10.019 
J_iso: -0.1731 
[Testing!] Jprime: -1.221,  B: 0.546
[Testing!] DMI: (-0.0024 -0.0006  0.0047)
[Testing!]J_ani:
[[ 0.029  0.012 -0.181]
 [ 0.012  0.059  0.022]
 [-0.181  0.022  1.092]]
----------------------------------------------------------------------------------------
   Cr1   Cr1   (  2,   3,   0) -0.2211   ( 1.894,  9.839,  0.000) 10.019 
J_iso: -0.2211 
[Testing!] Jprime: -1.362,  B: 0.593
[Testing!] DMI: ( 0.0001 -0.0009 -0.0092)
[Testing!]J_ani:
[[ 0.048 -0.011 -0.089]
 [-0.011  0.041 -0.169]
 [-0.089 -0.169  1.185]]
----------------------------------------------------------------------------------------
   Cr1   Cr1   ( -3,  -2,   0) -0.2171   (-7.574, -6.559,  0.000) 10.019 
J_iso: -0.2171 
[Testing!] Jprime: -1.302,  B: 0.565
[Testing!] DMI: (-0.0001 -0.0018 -0.0062)
[Testing!]J_ani:
[[ 0.046 -0.002  0.107]
 [-0.002  0.045  0.177]
 [ 0.107  0.177  1.131]]
----------------------------------------------------------------------------------------
   Cr1   Cr1   ( -3,  -1,   0) -0.2111   (-9.468, -3.280,  0.000) 10.019 
J_iso: -0.2111 
[Testing!] Jprime: -1.299,  B: 0.565
[Testing!] DMI: (-0.0020 -0.0088  0.0160)
[Testing!]J_ani:
[[ 0.043 -0.01   0.198]
 [-0.01   0.043  0.032]
 [ 0.198  0.032  1.131]]
----------------------------------------------------------------------------------------
   Cr1   Cr1   (  3,   1,   0) -0.2111   ( 9.468,  3.280,  0.000) 10.019 
J_iso: -0.2111 
[Testing!] Jprime: -1.299,  B: 0.565
[Testing!] DMI: ( 0.0020  0.0088 -0.0160)
[Testing!]J_ani:
[[ 0.043 -0.01   0.198]
 [-0.01   0.043  0.032]
 [ 0.198  0.032  1.131]]
----------------------------------------------------------------------------------------
   Cr1   Cr1   (  3,   2,   0) -0.2171   ( 7.574,  6.559,  0.000) 10.019 
J_iso: -0.2171 
[Testing!] Jprime: -1.302,  B: 0.565
[Testing!] DMI: ( 0.0001  0.0018  0.0062)
[Testing!]J_ani:
[[ 0.046 -0.002  0.107]
 [-0.002  0.045  0.177]
 [ 0.107  0.177  1.131]]
----------------------------------------------------------------------------------------
   Cr1   Cr1   ( -3,  -3,   0) -0.1295   (-5.681, -9.839,  0.000) 11.361 
J_iso: -0.1295 
[Testing!] Jprime: -0.465,  B: 0.164
[Testing!] DMI: (-0.0015 -0.0011 -0.0042)
[Testing!]J_ani:
[[ 0.015 -0.038 -0.   ]
 [-0.038 -0.028  0.003]
 [-0.     0.003  0.328]]
----------------------------------------------------------------------------------------
   Cr1   Cr1   (  0,  -3,   0) -0.1926   ( 5.681, -9.839,  0.000) 11.361 
J_iso: -0.1926 
[Testing!] Jprime: -0.602,  B: 0.207
[Testing!] DMI: (-0.0022 -0.0008  0.0046)
[Testing!]J_ani:
[[ 0.025  0.041  0.026]
 [ 0.041 -0.015  0.013]
 [ 0.026  0.013  0.414]]
----------------------------------------------------------------------------------------
   Cr1   Cr1   (  0,   3,   0) -0.1926   (-5.681,  9.839,  0.000) 11.361 
J_iso: -0.1926 
[Testing!] Jprime: -0.602,  B: 0.207
[Testing!] DMI: ( 0.0022  0.0008 -0.0046)
[Testing!]J_ani:
[[ 0.025  0.041  0.026]
 [ 0.041 -0.015  0.013]
 [ 0.026  0.013  0.414]]
----------------------------------------------------------------------------------------
   Cr1   Cr1   (  3,   3,   0) -0.1295   ( 5.681,  9.839,  0.000) 11.361 
J_iso: -0.1295 
[Testing!] Jprime: -0.465,  B: 0.164
[Testing!] DMI: ( 0.0015  0.0011  0.0042)
[Testing!]J_ani:
[[ 0.015 -0.038 -0.   ]
 [-0.038 -0.028  0.003]
 [-0.     0.003  0.328]]
----------------------------------------------------------------------------------------
   Cr1   Cr1   ( -3,   0,   0) -0.1808   (-11.361,  0.000,  0.000) 11.361 
J_iso: -0.1808 
[Testing!] Jprime: -0.629,  B: 0.224
[Testing!] DMI: ( 0.0009 -0.0096  0.0065)
[Testing!]J_ani:
[[-0.049  0.002  0.01 ]
 [ 0.002  0.051 -0.03 ]
 [ 0.01  -0.03   0.449]]
----------------------------------------------------------------------------------------
   Cr1   Cr1   (  3,   0,   0) -0.1808   (11.361,  0.000,  0.000) 11.361 
J_iso: -0.1808 
[Testing!] Jprime: -0.629,  B: 0.224
[Testing!] DMI: (-0.0009  0.0096 -0.0065)
[Testing!]J_ani:
[[-0.049  0.002  0.01 ]
 [ 0.002  0.051 -0.03 ]
 [ 0.01  -0.03   0.449]]
----------------------------------------------------------------------------------------
   Cr1   Cr1   ( -2,  -3,  -1)  0.0545   (-1.894, -9.839, -6.096) 11.728 
J_iso:  0.0545 
[Testing!] Jprime: 0.381,  B: -0.132
[Testing!] DMI: (-0.0012  0.0005 -0.0016)
[Testing!]J_ani:
[[ 0.025 -0.035  0.04 ]
 [-0.035  0.1   -0.028]
 [ 0.04  -0.028 -0.264]]
----------------------------------------------------------------------------------------
   Cr1   Cr1   ( -2,  -3,   1) -0.0088   (-1.894, -9.839,  6.096) 11.728 
J_iso: -0.0088 
[Testing!] Jprime: 0.065,  B: -0.046
[Testing!] DMI: ( 0.0037  0.0009 -0.0012)
[Testing!]J_ani:
[[-0.024  0.003 -0.04 ]
 [ 0.003 -0.013 -0.086]
 [-0.04  -0.086 -0.092]]
----------------------------------------------------------------------------------------
   Cr1   Cr1   ( -1,  -3,  -1)  0.0466   ( 1.894, -9.839, -6.096) 11.728 
J_iso:  0.0466 
[Testing!] Jprime: 0.335,  B: -0.115
[Testing!] DMI: (-0.0027 -0.0072  0.0024)
[Testing!]J_ani:
[[ 0.021  0.032 -0.035]
 [ 0.032  0.096 -0.012]
 [-0.035 -0.012 -0.23 ]]
----------------------------------------------------------------------------------------
   Cr1   Cr1   ( -1,  -3,   1)  0.0549   ( 1.894, -9.839,  6.096) 11.728 
J_iso:  0.0549 
[Testing!] Jprime: 0.144,  B: -0.052
[Testing!] DMI: ( 0.0040  0.0039 -0.0137)
[Testing!]J_ani:
[[-0.011 -0.009  0.012]
 [-0.009 -0.02  -0.074]
 [ 0.012 -0.074 -0.105]]
----------------------------------------------------------------------------------------
   Cr1   Cr1   ( -1,   2,  -1)  0.0721   (-7.574,  6.559, -6.096) 11.728 
J_iso:  0.0721 
[Testing!] Jprime: 0.363,  B: -0.117
[Testing!] DMI: (-0.0005  0.0016 -0.0126)
[Testing!]J_ani:
[[ 0.106 -0.014 -0.039]
 [-0.014  0.008 -0.015]
 [-0.039 -0.015 -0.234]]
----------------------------------------------------------------------------------------
   Cr1   Cr1   ( -1,   2,   1)  0.0876   (-7.574,  6.559,  6.096) 11.728 
J_iso:  0.0876 
[Testing!] Jprime: 0.232,  B: -0.082
[Testing!] DMI: ( 0.0004 -0.0031  0.0184)
[Testing!]J_ani:
[[-0.026 -0.001 -0.063]
 [-0.001 -0.013  0.036]
 [-0.063  0.036 -0.164]]
----------------------------------------------------------------------------------------
   Cr1   Cr1   (  1,  -2,  -1)  0.0876   ( 7.574, -6.559, -6.096) 11.728 
J_iso:  0.0876 
[Testing!] Jprime: 0.232,  B: -0.082
[Testing!] DMI: (-0.0004  0.0031 -0.0184)
[Testing!]J_ani:
[[-0.026 -0.001 -0.063]
 [-0.001 -0.013  0.036]
 [-0.063  0.036 -0.164]]
----------------------------------------------------------------------------------------
   Cr1   Cr1   (  1,  -2,   1)  0.0721   ( 7.574, -6.559,  6.096) 11.728 
J_iso:  0.0721 
[Testing!] Jprime: 0.363,  B: -0.117
[Testing!] DMI: ( 0.0005 -0.0016  0.0126)
[Testing!]J_ani:
[[ 0.106 -0.014 -0.039]
 [-0.014  0.008 -0.015]
 [-0.039 -0.015 -0.234]]
----------------------------------------------------------------------------------------
   Cr1   Cr1   (  1,   3,  -1)  0.0549   (-1.894,  9.839, -6.096) 11.728 
J_iso:  0.0549 
[Testing!] Jprime: 0.144,  B: -0.052
[Testing!] DMI: (-0.0040 -0.0039  0.0137)
[Testing!]J_ani:
[[-0.011 -0.009  0.012]
 [-0.009 -0.02  -0.074]
 [ 0.012 -0.074 -0.105]]
----------------------------------------------------------------------------------------
   Cr1   Cr1   (  1,   3,   1)  0.0466   (-1.894,  9.839,  6.096) 11.728 
J_iso:  0.0466 
[Testing!] Jprime: 0.335,  B: -0.115
[Testing!] DMI: ( 0.0027  0.0072 -0.0024)
[Testing!]J_ani:
[[ 0.021  0.032 -0.035]
 [ 0.032  0.096 -0.012]
 [-0.035 -0.012 -0.23 ]]
----------------------------------------------------------------------------------------
   Cr1   Cr1   (  2,   3,  -1) -0.0088   ( 1.894,  9.839, -6.096) 11.728 
J_iso: -0.0088 
[Testing!] Jprime: 0.065,  B: -0.046
[Testing!] DMI: (-0.0037 -0.0009  0.0012)
[Testing!]J_ani:
[[-0.024  0.003 -0.04 ]
 [ 0.003 -0.013 -0.086]
 [-0.04  -0.086 -0.092]]
----------------------------------------------------------------------------------------
   Cr1   Cr1   (  2,   3,   1)  0.0545   ( 1.894,  9.839,  6.096) 11.728 
J_iso:  0.0545 
[Testing!] Jprime: 0.381,  B: -0.132
[Testing!] DMI: ( 0.0012 -0.0005  0.0016)
[Testing!]J_ani:
[[ 0.025 -0.035  0.04 ]
 [-0.035  0.1   -0.028]
 [ 0.04  -0.028 -0.264]]
----------------------------------------------------------------------------------------
   Cr1   Cr1   ( -3,  -2,  -1)  0.0018   (-7.574, -6.559, -6.096) 11.728 
J_iso:  0.0018 
[Testing!] Jprime: 0.065,  B: -0.041
[Testing!] DMI: (-0.0029  0.0030 -0.0024)
[Testing!]J_ani:
[[-0.023  0.007  0.054]
 [ 0.007 -0.012  0.062]
 [ 0.054  0.062 -0.081]]
----------------------------------------------------------------------------------------
   Cr1   Cr1   ( -3,  -2,   1)  0.0615   (-7.574, -6.559,  6.096) 11.728 
J_iso:  0.0615 
[Testing!] Jprime: 0.366,  B: -0.119
[Testing!] DMI: (-0.0005 -0.0021 -0.0059)
[Testing!]J_ani:
[[ 0.113  0.012  0.035]
 [ 0.012  0.02  -0.021]
 [ 0.035 -0.021 -0.238]]
----------------------------------------------------------------------------------------
   Cr1   Cr1   ( -3,  -1,  -1)  0.0706   (-9.468, -3.280, -6.096) 11.728 
J_iso:  0.0706 
[Testing!] Jprime: 0.151,  B: -0.049
[Testing!] DMI: (-0.0013  0.0049  0.0028)
[Testing!]J_ani:
[[-0.008 -0.008  0.08 ]
 [-0.008 -0.028  0.031]
 [ 0.08   0.031 -0.099]]
----------------------------------------------------------------------------------------
   Cr1   Cr1   ( -3,  -1,   1)  0.0376   (-9.468, -3.280,  6.096) 11.728 
J_iso:  0.0376 
[Testing!] Jprime: 0.340,  B: -0.119
[Testing!] DMI: (-0.0030 -0.0089  0.0137)
[Testing!]J_ani:
[[ 0.05   0.048 -0.005]
 [ 0.048  0.079  0.035]
 [-0.005  0.035 -0.238]]
----------------------------------------------------------------------------------------
   Cr1   Cr1   ( -2,   1,  -1)  0.0591   (-9.468,  3.280, -6.096) 11.728 
J_iso:  0.0591 
[Testing!] Jprime: 0.350,  B: -0.114
[Testing!] DMI: ( 0.0000 -0.0010 -0.0034)
[Testing!]J_ani:
[[ 0.05  -0.048 -0.009]
 [-0.048  0.077  0.047]
 [-0.009  0.047 -0.227]]
----------------------------------------------------------------------------------------
   Cr1   Cr1   ( -2,   1,   1)  0.0756   (-9.468,  3.280,  6.096) 11.728 
J_iso:  0.0756 
[Testing!] Jprime: 0.181,  B: -0.062
[Testing!] DMI: ( 0.0016  0.0004  0.0143)
[Testing!]J_ani:
[[-0.014 -0.    -0.076]
 [-0.    -0.025  0.032]
 [-0.076  0.032 -0.125]]
----------------------------------------------------------------------------------------
   Cr1   Cr1   (  2,  -1,  -1)  0.0756   ( 9.468, -3.280, -6.096) 11.728 
J_iso:  0.0756 
[Testing!] Jprime: 0.181,  B: -0.062
[Testing!] DMI: (-0.0016 -0.0004 -0.0143)
[Testing!]J_ani:
[[-0.014 -0.    -0.076]
 [-0.    -0.025  0.032]
 [-0.076  0.032 -0.125]]
----------------------------------------------------------------------------------------
   Cr1   Cr1   (  2,  -1,   1)  0.0591   ( 9.468, -3.280,  6.096) 11.728 
J_iso:  0.0591 
[Testing!] Jprime: 0.350,  B: -0.114
[Testing!] DMI: (-0.0000  0.0010  0.0034)
[Testing!]J_ani:
[[ 0.05  -0.048 -0.009]
 [-0.048  0.077  0.047]
 [-0.009  0.047 -0.227]]
----------------------------------------------------------------------------------------
   Cr1   Cr1   (  3,   1,  -1)  0.0376   ( 9.468,  3.280, -6.096) 11.728 
J_iso:  0.0376 
[Testing!] Jprime: 0.340,  B: -0.119
[Testing!] DMI: ( 0.0030  0.0089 -0.0137)
[Testing!]J_ani:
[[ 0.05   0.048 -0.005]
 [ 0.048  0.079  0.035]
 [-0.005  0.035 -0.238]]
----------------------------------------------------------------------------------------
   Cr1   Cr1   (  3,   1,   1)  0.0706   ( 9.468,  3.280,  6.096) 11.728 
J_iso:  0.0706 
[Testing!] Jprime: 0.151,  B: -0.049
[Testing!] DMI: ( 0.0013 -0.0049 -0.0028)
[Testing!]J_ani:
[[-0.008 -0.008  0.08 ]
 [-0.008 -0.028  0.031]
 [ 0.08   0.031 -0.099]]
----------------------------------------------------------------------------------------
   Cr1   Cr1   (  3,   2,  -1)  0.0615   ( 7.574,  6.559, -6.096) 11.728 
J_iso:  0.0615 
[Testing!] Jprime: 0.366,  B: -0.119
[Testing!] DMI: ( 0.0005  0.0021  0.0059)
[Testing!]J_ani:
[[ 0.113  0.012  0.035]
 [ 0.012  0.02  -0.021]
 [ 0.035 -0.021 -0.238]]
----------------------------------------------------------------------------------------
   Cr1   Cr1   (  3,   2,   1)  0.0018   ( 7.574,  6.559,  6.096) 11.728 
J_iso:  0.0018 
[Testing!] Jprime: 0.065,  B: -0.041
[Testing!] DMI: ( 0.0029 -0.0030  0.0024)
[Testing!]J_ani:
[[-0.023  0.007  0.054]
 [ 0.007 -0.012  0.062]
 [ 0.054  0.062 -0.081]]
